2017-12-26 11:45:48 trace :
------------
String:
<xml><ToUserName><![CDATA[gh_aa3717ac21d2]]></ToUserName>
<FromUserName><![CDATA[o1Iz5v3dJZ3TZfWIaM7M3dzd3ROk]]></FromUserName>
<CreateTime>1514259947</CreateTime>
<MsgType><![CDATA[text]]></MsgType>
<Content><![CDATA[商城]]></Content>
<MsgId>6503696950438617570</MsgId>
</xml>

2017-12-26 11:45:48 params :
------------
String:
array (
  'message' => 
  array (
    'tousername' => 'gh_aa3717ac21d2',
    'fromusername' => 'o1Iz5v3dJZ3TZfWIaM7M3dzd3ROk',
    'createtime' => '1514259947',
    'msgtype' => 'text',
    'content' => '商城',
    'msgid' => '6503696950438617570',
    'from' => 'o1Iz5v3dJZ3TZfWIaM7M3dzd3ROk',
    'to' => 'gh_aa3717ac21d2',
    'time' => '1514259947',
    'type' => 'text',
    'event' => NULL,
    'redirection' => false,
    'source' => NULL,
  ),
  'module' => 'cover',
  'rule' => '121',
  'priority' => '0',
  'keyword' => 
  array (
    'id' => '35',
    'rid' => '121',
    'uniacid' => '4',
    'module' => 'cover',
    'content' => '商城',
    'type' => '1',
    'displayorder' => '0',
    'status' => '1',
    'reply_type' => 
    array (
    ),
  ),
  'reply_type' => 
  array (
  ),
)

2017-12-26 11:45:48 response :
------------
Array:
FromUserName : gh_aa3717ac21d2 ;
ToUserName : o1Iz5v3dJZ3TZfWIaM7M3dzd3ROk ;
MsgType : news ;
ArticleCount : 1 ;
Articles : Array ;

2017-12-26 12:10:44 trace :
------------
String:
<xml><ToUserName><![CDATA[gh_aa3717ac21d2]]></ToUserName>
<FromUserName><![CDATA[o1Iz5v3dJZ3TZfWIaM7M3dzd3ROk]]></FromUserName>
<CreateTime>1514261443</CreateTime>
<MsgType><![CDATA[text]]></MsgType>
<Content><![CDATA[会员]]></Content>
<MsgId>6503703375709692856</MsgId>
</xml>

2017-12-26 12:10:44 params :
------------
String:
array (
  'message' => 
  array (
    'tousername' => 'gh_aa3717ac21d2',
    'fromusername' => 'o1Iz5v3dJZ3TZfWIaM7M3dzd3ROk',
    'createtime' => '1514261443',
    'msgtype' => 'text',
    'content' => '会员',
    'msgid' => '6503703375709692856',
    'from' => 'o1Iz5v3dJZ3TZfWIaM7M3dzd3ROk',
    'to' => 'gh_aa3717ac21d2',
    'time' => '1514261443',
    'type' => 'text',
    'event' => NULL,
    'redirection' => false,
    'source' => NULL,
  ),
  'module' => 'cover',
  'rule' => '107',
  'priority' => '0',
  'keyword' => 
  array (
    'id' => '21',
    'rid' => '107',
    'uniacid' => '4',
    'module' => 'cover',
    'content' => '会员',
    'type' => '1',
    'displayorder' => '0',
    'status' => '1',
    'reply_type' => 
    array (
    ),
  ),
  'reply_type' => 
  array (
  ),
)

2017-12-26 12:10:44 response :
------------
Array:
FromUserName : gh_aa3717ac21d2 ;
ToUserName : o1Iz5v3dJZ3TZfWIaM7M3dzd3ROk ;
MsgType : news ;
ArticleCount : 1 ;
Articles : Array ;

2017-12-26 12:18:02 trace :
------------
String:
<xml><ToUserName><![CDATA[gh_aa3717ac21d2]]></ToUserName>
<FromUserName><![CDATA[o1Iz5v3dJZ3TZfWIaM7M3dzd3ROk]]></FromUserName>
<CreateTime>1514261881</CreateTime>
<MsgType><![CDATA[text]]></MsgType>
<Content><![CDATA[会员]]></Content>
<MsgId>6503705256905368630</MsgId>
</xml>

2017-12-26 12:18:02 params :
------------
String:
array (
  'message' => 
  array (
    'tousername' => 'gh_aa3717ac21d2',
    'fromusername' => 'o1Iz5v3dJZ3TZfWIaM7M3dzd3ROk',
    'createtime' => '1514261881',
    'msgtype' => 'text',
    'content' => '会员',
    'msgid' => '6503705256905368630',
    'from' => 'o1Iz5v3dJZ3TZfWIaM7M3dzd3ROk',
    'to' => 'gh_aa3717ac21d2',
    'time' => '1514261881',
    'type' => 'text',
    'event' => NULL,
    'redirection' => false,
    'source' => NULL,
  ),
  'module' => 'cover',
  'rule' => '107',
  'priority' => '0',
  'keyword' => 
  array (
    'id' => '21',
    'rid' => '107',
    'uniacid' => '4',
    'module' => 'cover',
    'content' => '会员',
    'type' => '1',
    'displayorder' => '0',
    'status' => '1',
    'reply_type' => 
    array (
    ),
  ),
  'reply_type' => 
  array (
  ),
)

2017-12-26 12:18:02 response :
------------
Array:
FromUserName : gh_aa3717ac21d2 ;
ToUserName : o1Iz5v3dJZ3TZfWIaM7M3dzd3ROk ;
MsgType : news ;
ArticleCount : 1 ;
Articles : Array ;

2017-12-26 13:54:47 trace :
------------
String:
<xml><ToUserName><![CDATA[gh_aa3717ac21d2]]></ToUserName>
<FromUserName><![CDATA[o1Iz5v3dJZ3TZfWIaM7M3dzd3ROk]]></FromUserName>
<CreateTime>1514267686</CreateTime>
<MsgType><![CDATA[text]]></MsgType>
<Content><![CDATA[分销]]></Content>
<MsgId>6503730189190523408</MsgId>
</xml>

2017-12-26 13:54:47 params :
------------
String:
array (
  'message' => 
  array (
    'tousername' => 'gh_aa3717ac21d2',
    'fromusername' => 'o1Iz5v3dJZ3TZfWIaM7M3dzd3ROk',
    'createtime' => '1514267686',
    'msgtype' => 'text',
    'content' => '分销',
    'msgid' => '6503730189190523408',
    'from' => 'o1Iz5v3dJZ3TZfWIaM7M3dzd3ROk',
    'to' => 'gh_aa3717ac21d2',
    'time' => '1514267686',
    'type' => 'text',
    'event' => NULL,
    'redirection' => false,
    'source' => NULL,
  ),
  'module' => 'cover',
  'rule' => '109',
  'priority' => '0',
  'keyword' => 
  array (
    'id' => '23',
    'rid' => '109',
    'uniacid' => '4',
    'module' => 'cover',
    'content' => '分销',
    'type' => '1',
    'displayorder' => '0',
    'status' => '1',
    'reply_type' => 
    array (
    ),
  ),
  'reply_type' => 
  array (
  ),
)

2017-12-26 13:54:47 response :
------------
Array:
FromUserName : gh_aa3717ac21d2 ;
ToUserName : o1Iz5v3dJZ3TZfWIaM7M3dzd3ROk ;
MsgType : news ;
ArticleCount : 1 ;
Articles : Array ;

2017-12-26 13:55:02 trace :
------------
String:
<xml><ToUserName><![CDATA[gh_aa3717ac21d2]]></ToUserName>
<FromUserName><![CDATA[o1Iz5v3dJZ3TZfWIaM7M3dzd3ROk]]></FromUserName>
<CreateTime>1514267701</CreateTime>
<MsgType><![CDATA[text]]></MsgType>
<Content><![CDATA[加盟]]></Content>
<MsgId>6503730253615032855</MsgId>
</xml>

2017-12-26 13:55:02 params :
------------
String:
array (
  'rule' => -2,
  'module' => '',
  'message' => 
  array (
    'tousername' => 'gh_aa3717ac21d2',
    'fromusername' => 'o1Iz5v3dJZ3TZfWIaM7M3dzd3ROk',
    'createtime' => '1514267701',
    'msgtype' => 'text',
    'content' => '加盟',
    'msgid' => '6503730253615032855',
    'from' => 'o1Iz5v3dJZ3TZfWIaM7M3dzd3ROk',
    'to' => 'gh_aa3717ac21d2',
    'time' => '1514267701',
    'type' => 'text',
    'event' => NULL,
    'redirection' => false,
    'source' => NULL,
  ),
)

2017-12-26 13:55:02 response :
------------

2017-12-26 13:55:24 trace :
------------
String:
<xml><ToUserName><![CDATA[gh_aa3717ac21d2]]></ToUserName>
<FromUserName><![CDATA[o1Iz5v3dJZ3TZfWIaM7M3dzd3ROk]]></FromUserName>
<CreateTime>1514267723</CreateTime>
<MsgType><![CDATA[text]]></MsgType>
<Content><![CDATA[加盟]]></Content>
<MsgId>6503730348104313381</MsgId>
</xml>

2017-12-26 13:55:24 params :
------------
String:
array (
  'rule' => -2,
  'module' => '',
  'message' => 
  array (
    'tousername' => 'gh_aa3717ac21d2',
    'fromusername' => 'o1Iz5v3dJZ3TZfWIaM7M3dzd3ROk',
    'createtime' => '1514267723',
    'msgtype' => 'text',
    'content' => '加盟',
    'msgid' => '6503730348104313381',
    'from' => 'o1Iz5v3dJZ3TZfWIaM7M3dzd3ROk',
    'to' => 'gh_aa3717ac21d2',
    'time' => '1514267723',
    'type' => 'text',
    'event' => NULL,
    'redirection' => false,
    'source' => NULL,
  ),
)

2017-12-26 13:55:24 response :
------------

2017-12-26 14:00:44 trace :
------------
String:
<xml><ToUserName><![CDATA[gh_aa3717ac21d2]]></ToUserName>
<FromUserName><![CDATA[o1Iz5v3dJZ3TZfWIaM7M3dzd3ROk]]></FromUserName>
<CreateTime>1514268043</CreateTime>
<MsgType><![CDATA[text]]></MsgType>
<Content><![CDATA[海报]]></Content>
<MsgId>6503731722493848181</MsgId>
</xml>

2017-12-26 14:01:04 trace :
------------
String:
<xml><ToUserName><![CDATA[gh_aa3717ac21d2]]></ToUserName>
<FromUserName><![CDATA[o1Iz5v3dJZ3TZfWIaM7M3dzd3ROk]]></FromUserName>
<CreateTime>1514268063</CreateTime>
<MsgType><![CDATA[event]]></MsgType>
<Event><![CDATA[SCAN]]></Event>
<EventKey><![CDATA[1405943808]]></EventKey>
<Ticket><![CDATA[gQFw8DwAAAAAAAAAAS5odHRwOi8vd2VpeGluLnFxLmNvbS9xLzAyMUE2VUpva2NiVl8xckU3QnhxMXcAAgT3_j1aAwTxjCcA]]></Ticket>
</xml>

2017-12-26 14:01:05 params :
------------
String:
array (
  'rule' => -2,
  'module' => '',
  'message' => 
  array (
    'tousername' => 'gh_aa3717ac21d2',
    'fromusername' => 'o1Iz5v3dJZ3TZfWIaM7M3dzd3ROk',
    'createtime' => '1514268063',
    'msgtype' => 'event',
    'event' => 'SCAN',
    'eventkey' => '1405943808',
    'ticket' => 'gQFw8DwAAAAAAAAAAS5odHRwOi8vd2VpeGluLnFxLmNvbS9xLzAyMUE2VUpva2NiVl8xckU3QnhxMXcAAgT3_j1aAwTxjCcA',
    'from' => 'o1Iz5v3dJZ3TZfWIaM7M3dzd3ROk',
    'to' => 'gh_aa3717ac21d2',
    'time' => '1514268063',
    'type' => 'text',
    'scene' => '1405943808',
    'redirection' => true,
    'source' => 'qr',
    'content' => '海报',
  ),
)

2017-12-26 14:01:05 response :
------------

2017-12-26 14:01:43 trace :
------------
String:
<xml><ToUserName><![CDATA[gh_aa3717ac21d2]]></ToUserName>
<FromUserName><![CDATA[o1Iz5v-GWo3hAPIZmDgTGLxhq63I]]></FromUserName>
<CreateTime>1514268102</CreateTime>
<MsgType><![CDATA[event]]></MsgType>
<Event><![CDATA[SCAN]]></Event>
<EventKey><![CDATA[1405943808]]></EventKey>
<Ticket><![CDATA[gQFw8DwAAAAAAAAAAS5odHRwOi8vd2VpeGluLnFxLmNvbS9xLzAyMUE2VUpva2NiVl8xckU3QnhxMXcAAgT3_j1aAwTxjCcA]]></Ticket>
</xml>

2017-12-26 14:01:44 params :
------------
String:
array (
  'message' => 
  array (
    'tousername' => 'gh_aa3717ac21d2',
    'fromusername' => 'o1Iz5v-GWo3hAPIZmDgTGLxhq63I',
    'createtime' => '1514268102',
    'msgtype' => 'event',
    'event' => 'SCAN',
    'eventkey' => '1405943808',
    'ticket' => 'gQFw8DwAAAAAAAAAAS5odHRwOi8vd2VpeGluLnFxLmNvbS9xLzAyMUE2VUpva2NiVl8xckU3QnhxMXcAAgT3_j1aAwTxjCcA',
    'from' => 'o1Iz5v-GWo3hAPIZmDgTGLxhq63I',
    'to' => 'gh_aa3717ac21d2',
    'time' => '1514268102',
    'type' => 'text',
    'scene' => '1405943808',
    'redirection' => true,
    'source' => 'qr',
    'content' => '海报',
  ),
  'module' => 'ewei_shopv2',
  'rule' => '128',
  'priority' => '0',
  'keyword' => 
  array (
    'id' => '42',
    'rid' => '128',
    'uniacid' => '4',
    'module' => 'ewei_shopv2',
    'content' => '海报',
    'type' => '1',
    'displayorder' => '0',
    'status' => '1',
    'reply_type' => 
    array (
    ),
  ),
  'reply_type' => 
  array (
  ),
)

2017-12-26 14:01:44 response :
------------
Array:
FromUserName : gh_aa3717ac21d2 ;
ToUserName : o1Iz5v-GWo3hAPIZmDgTGLxhq63I ;
MsgType : news ;
ArticleCount : 1 ;
Articles : Array ;

2017-12-26 14:03:36 trace :
------------
String:
<xml><ToUserName><![CDATA[gh_aa3717ac21d2]]></ToUserName>
<FromUserName><![CDATA[o1Iz5v-GWo3hAPIZmDgTGLxhq63I]]></FromUserName>
<CreateTime>1514268215</CreateTime>
<MsgType><![CDATA[text]]></MsgType>
<Content><![CDATA[任务名称]]></Content>
<MsgId>6503732461228223166</MsgId>
</xml>

2017-12-26 14:03:36 params :
------------
String:
array (
  'rule' => -2,
  'module' => '',
  'message' => 
  array (
    'tousername' => 'gh_aa3717ac21d2',
    'fromusername' => 'o1Iz5v-GWo3hAPIZmDgTGLxhq63I',
    'createtime' => '1514268215',
    'msgtype' => 'text',
    'content' => '任务名称',
    'msgid' => '6503732461228223166',
    'from' => 'o1Iz5v-GWo3hAPIZmDgTGLxhq63I',
    'to' => 'gh_aa3717ac21d2',
    'time' => '1514268215',
    'type' => 'text',
    'event' => NULL,
    'redirection' => false,
    'source' => NULL,
  ),
)

2017-12-26 14:03:36 response :
------------

2017-12-26 14:05:36 trace :
------------
String:
<xml><ToUserName><![CDATA[gh_aa3717ac21d2]]></ToUserName>
<FromUserName><![CDATA[o1Iz5v-GWo3hAPIZmDgTGLxhq63I]]></FromUserName>
<CreateTime>1514268335</CreateTime>
<MsgType><![CDATA[event]]></MsgType>
<Event><![CDATA[VIEW]]></Event>
<EventKey><![CDATA[http://mp.sdyky.com/app/index.php?i=4&c=entry&m=ewei_shopv2&do=mobile&r=sign]]></EventKey>
<MenuId>430845608</MenuId>
</xml>

2017-12-26 14:05:36 params :
------------
String:
array (
  'rule' => -2,
  'module' => '',
  'message' => 
  array (
    'tousername' => 'gh_aa3717ac21d2',
    'fromusername' => 'o1Iz5v-GWo3hAPIZmDgTGLxhq63I',
    'createtime' => '1514268335',
    'msgtype' => 'event',
    'event' => 'VIEW',
    'eventkey' => 'http://mp.sdyky.com/app/index.php?i=4&c=entry&m=ewei_shopv2&do=mobile&r=sign',
    'menuid' => '430845608',
    'from' => 'o1Iz5v-GWo3hAPIZmDgTGLxhq63I',
    'to' => 'gh_aa3717ac21d2',
    'time' => '1514268335',
    'type' => 'text',
    'content' => 'http://mp.sdyky.com/app/index.php?i=4&c=entry&m=ewei_shopv2&do=mobile&r=sign',
    'redirection' => true,
    'source' => 'VIEW',
  ),
)

2017-12-26 14:05:36 response :
------------

2017-12-26 14:05:45 trace :
------------
String:
<xml><ToUserName><![CDATA[gh_aa3717ac21d2]]></ToUserName>
<FromUserName><![CDATA[o1Iz5v-GWo3hAPIZmDgTGLxhq63I]]></FromUserName>
<CreateTime>1514268344</CreateTime>
<MsgType><![CDATA[event]]></MsgType>
<Event><![CDATA[VIEW]]></Event>
<EventKey><![CDATA[http://mp.sdyky.com/app/index.php?i=4&c=entry&m=ewei_shopv2&do=mobile&r=sign]]></EventKey>
<MenuId>430845608</MenuId>
</xml>

2017-12-26 14:05:45 params :
------------
String:
array (
  'rule' => -2,
  'module' => '',
  'message' => 
  array (
    'tousername' => 'gh_aa3717ac21d2',
    'fromusername' => 'o1Iz5v-GWo3hAPIZmDgTGLxhq63I',
    'createtime' => '1514268344',
    'msgtype' => 'event',
    'event' => 'VIEW',
    'eventkey' => 'http://mp.sdyky.com/app/index.php?i=4&c=entry&m=ewei_shopv2&do=mobile&r=sign',
    'menuid' => '430845608',
    'from' => 'o1Iz5v-GWo3hAPIZmDgTGLxhq63I',
    'to' => 'gh_aa3717ac21d2',
    'time' => '1514268344',
    'type' => 'text',
    'content' => 'http://mp.sdyky.com/app/index.php?i=4&c=entry&m=ewei_shopv2&do=mobile&r=sign',
    'redirection' => true,
    'source' => 'VIEW',
  ),
)

2017-12-26 14:05:45 response :
------------

2017-12-26 14:05:51 trace :
------------
String:
<xml><ToUserName><![CDATA[gh_aa3717ac21d2]]></ToUserName>
<FromUserName><![CDATA[o1Iz5v-GWo3hAPIZmDgTGLxhq63I]]></FromUserName>
<CreateTime>1514268350</CreateTime>
<MsgType><![CDATA[event]]></MsgType>
<Event><![CDATA[VIEW]]></Event>
<EventKey><![CDATA[http://mp.sdyky.com/app/index.php?i=4&c=entry&m=ewei_shopv2&do=mobile&r=sale.coupon]]></EventKey>
<MenuId>430845608</MenuId>
</xml>

2017-12-26 14:05:51 params :
------------
String:
array (
  'rule' => -2,
  'module' => '',
  'message' => 
  array (
    'tousername' => 'gh_aa3717ac21d2',
    'fromusername' => 'o1Iz5v-GWo3hAPIZmDgTGLxhq63I',
    'createtime' => '1514268350',
    'msgtype' => 'event',
    'event' => 'VIEW',
    'eventkey' => 'http://mp.sdyky.com/app/index.php?i=4&c=entry&m=ewei_shopv2&do=mobile&r=sale.coupon',
    'menuid' => '430845608',
    'from' => 'o1Iz5v-GWo3hAPIZmDgTGLxhq63I',
    'to' => 'gh_aa3717ac21d2',
    'time' => '1514268350',
    'type' => 'text',
    'content' => 'http://mp.sdyky.com/app/index.php?i=4&c=entry&m=ewei_shopv2&do=mobile&r=sale.coupon',
    'redirection' => true,
    'source' => 'VIEW',
  ),
)

2017-12-26 14:05:51 response :
------------

2017-12-26 14:06:03 trace :
------------
String:
<xml><ToUserName><![CDATA[gh_aa3717ac21d2]]></ToUserName>
<FromUserName><![CDATA[o1Iz5v-GWo3hAPIZmDgTGLxhq63I]]></FromUserName>
<CreateTime>1514268362</CreateTime>
<MsgType><![CDATA[event]]></MsgType>
<Event><![CDATA[VIEW]]></Event>
<EventKey><![CDATA[http://mp.sdyky.com/app/index.php?i=4&c=entry&m=ewei_shopv2&do=mobile&r=sale.coupon]]></EventKey>
<MenuId>430845608</MenuId>
</xml>

2017-12-26 14:06:03 params :
------------
String:
array (
  'rule' => -2,
  'module' => '',
  'message' => 
  array (
    'tousername' => 'gh_aa3717ac21d2',
    'fromusername' => 'o1Iz5v-GWo3hAPIZmDgTGLxhq63I',
    'createtime' => '1514268362',
    'msgtype' => 'event',
    'event' => 'VIEW',
    'eventkey' => 'http://mp.sdyky.com/app/index.php?i=4&c=entry&m=ewei_shopv2&do=mobile&r=sale.coupon',
    'menuid' => '430845608',
    'from' => 'o1Iz5v-GWo3hAPIZmDgTGLxhq63I',
    'to' => 'gh_aa3717ac21d2',
    'time' => '1514268362',
    'type' => 'text',
    'content' => 'http://mp.sdyky.com/app/index.php?i=4&c=entry&m=ewei_shopv2&do=mobile&r=sale.coupon',
    'redirection' => true,
    'source' => 'VIEW',
  ),
)

2017-12-26 14:06:03 response :
------------

2017-12-26 14:14:33 trace :
------------
String:
<xml><ToUserName><![CDATA[gh_aa3717ac21d2]]></ToUserName>
<FromUserName><![CDATA[o1Iz5v-GWo3hAPIZmDgTGLxhq63I]]></FromUserName>
<CreateTime>1514268872</CreateTime>
<MsgType><![CDATA[event]]></MsgType>
<Event><![CDATA[VIEW]]></Event>
<EventKey><![CDATA[http://mp.sdyky.com/app/index.php?i=4&c=entry&m=ewei_shopv2&do=mobile&r=sale.coupon]]></EventKey>
<MenuId>430845608</MenuId>
</xml>

2017-12-26 14:14:33 params :
------------
String:
array (
  'rule' => -2,
  'module' => '',
  'message' => 
  array (
    'tousername' => 'gh_aa3717ac21d2',
    'fromusername' => 'o1Iz5v-GWo3hAPIZmDgTGLxhq63I',
    'createtime' => '1514268872',
    'msgtype' => 'event',
    'event' => 'VIEW',
    'eventkey' => 'http://mp.sdyky.com/app/index.php?i=4&c=entry&m=ewei_shopv2&do=mobile&r=sale.coupon',
    'menuid' => '430845608',
    'from' => 'o1Iz5v-GWo3hAPIZmDgTGLxhq63I',
    'to' => 'gh_aa3717ac21d2',
    'time' => '1514268872',
    'type' => 'text',
    'content' => 'http://mp.sdyky.com/app/index.php?i=4&c=entry&m=ewei_shopv2&do=mobile&r=sale.coupon',
    'redirection' => true,
    'source' => 'VIEW',
  ),
)

2017-12-26 14:14:33 response :
------------

2017-12-26 14:18:35 trace :
------------
String:
<xml><ToUserName><![CDATA[gh_aa3717ac21d2]]></ToUserName>
<FromUserName><![CDATA[o1Iz5v-GWo3hAPIZmDgTGLxhq63I]]></FromUserName>
<CreateTime>1514269115</CreateTime>
<MsgType><![CDATA[event]]></MsgType>
<Event><![CDATA[VIEW]]></Event>
<EventKey><![CDATA[http://mp.sdyky.com/app/index.php?i=4&c=entry&m=ewei_shopv2&do=mobile&r=sale.coupon]]></EventKey>
<MenuId>430845608</MenuId>
</xml>

2017-12-26 14:18:35 params :
------------
String:
array (
  'rule' => -2,
  'module' => '',
  'message' => 
  array (
    'tousername' => 'gh_aa3717ac21d2',
    'fromusername' => 'o1Iz5v-GWo3hAPIZmDgTGLxhq63I',
    'createtime' => '1514269115',
    'msgtype' => 'event',
    'event' => 'VIEW',
    'eventkey' => 'http://mp.sdyky.com/app/index.php?i=4&c=entry&m=ewei_shopv2&do=mobile&r=sale.coupon',
    'menuid' => '430845608',
    'from' => 'o1Iz5v-GWo3hAPIZmDgTGLxhq63I',
    'to' => 'gh_aa3717ac21d2',
    'time' => '1514269115',
    'type' => 'text',
    'content' => 'http://mp.sdyky.com/app/index.php?i=4&c=entry&m=ewei_shopv2&do=mobile&r=sale.coupon',
    'redirection' => true,
    'source' => 'VIEW',
  ),
)

2017-12-26 14:18:35 response :
------------

2017-12-26 14:19:14 trace :
------------
String:
<xml><ToUserName><![CDATA[gh_aa3717ac21d2]]></ToUserName>
<FromUserName><![CDATA[o1Iz5v-GWo3hAPIZmDgTGLxhq63I]]></FromUserName>
<CreateTime>1514269153</CreateTime>
<MsgType><![CDATA[event]]></MsgType>
<Event><![CDATA[VIEW]]></Event>
<EventKey><![CDATA[http://mp.sdyky.com/app/index.php?i=4&c=entry&m=ewei_shopv2&do=mobile&r=sale.coupon]]></EventKey>
<MenuId>430845608</MenuId>
</xml>

2017-12-26 14:19:14 params :
------------
String:
array (
  'rule' => -2,
  'module' => '',
  'message' => 
  array (
    'tousername' => 'gh_aa3717ac21d2',
    'fromusername' => 'o1Iz5v-GWo3hAPIZmDgTGLxhq63I',
    'createtime' => '1514269153',
    'msgtype' => 'event',
    'event' => 'VIEW',
    'eventkey' => 'http://mp.sdyky.com/app/index.php?i=4&c=entry&m=ewei_shopv2&do=mobile&r=sale.coupon',
    'menuid' => '430845608',
    'from' => 'o1Iz5v-GWo3hAPIZmDgTGLxhq63I',
    'to' => 'gh_aa3717ac21d2',
    'time' => '1514269153',
    'type' => 'text',
    'content' => 'http://mp.sdyky.com/app/index.php?i=4&c=entry&m=ewei_shopv2&do=mobile&r=sale.coupon',
    'redirection' => true,
    'source' => 'VIEW',
  ),
)

2017-12-26 14:19:14 response :
------------

2017-12-26 14:34:07 trace :
------------
String:
<xml><ToUserName><![CDATA[gh_aa3717ac21d2]]></ToUserName>
<FromUserName><![CDATA[o1Iz5v3dJZ3TZfWIaM7M3dzd3ROk]]></FromUserName>
<CreateTime>1514270046</CreateTime>
<MsgType><![CDATA[event]]></MsgType>
<Event><![CDATA[VIEW]]></Event>
<EventKey><![CDATA[http://mp.sdyky.com/app/index.php?i=4&c=entry&m=ewei_shopv2&do=mobile&r=sale.coupon]]></EventKey>
<MenuId>430845608</MenuId>
</xml>

2017-12-26 14:34:07 params :
------------
String:
array (
  'rule' => -2,
  'module' => '',
  'message' => 
  array (
    'tousername' => 'gh_aa3717ac21d2',
    'fromusername' => 'o1Iz5v3dJZ3TZfWIaM7M3dzd3ROk',
    'createtime' => '1514270046',
    'msgtype' => 'event',
    'event' => 'VIEW',
    'eventkey' => 'http://mp.sdyky.com/app/index.php?i=4&c=entry&m=ewei_shopv2&do=mobile&r=sale.coupon',
    'menuid' => '430845608',
    'from' => 'o1Iz5v3dJZ3TZfWIaM7M3dzd3ROk',
    'to' => 'gh_aa3717ac21d2',
    'time' => '1514270046',
    'type' => 'text',
    'content' => 'http://mp.sdyky.com/app/index.php?i=4&c=entry&m=ewei_shopv2&do=mobile&r=sale.coupon',
    'redirection' => true,
    'source' => 'VIEW',
  ),
)

2017-12-26 14:34:07 response :
------------

2017-12-26 14:34:22 trace :
------------
String:
<xml><ToUserName><![CDATA[gh_aa3717ac21d2]]></ToUserName>
<FromUserName><![CDATA[o1Iz5v3dJZ3TZfWIaM7M3dzd3ROk]]></FromUserName>
<CreateTime>1514270062</CreateTime>
<MsgType><![CDATA[event]]></MsgType>
<Event><![CDATA[VIEW]]></Event>
<EventKey><![CDATA[http://#]]></EventKey>
<MenuId>430845608</MenuId>
</xml>

2017-12-26 14:34:23 params :
------------
String:
array (
  'rule' => -2,
  'module' => '',
  'message' => 
  array (
    'tousername' => 'gh_aa3717ac21d2',
    'fromusername' => 'o1Iz5v3dJZ3TZfWIaM7M3dzd3ROk',
    'createtime' => '1514270062',
    'msgtype' => 'event',
    'event' => 'VIEW',
    'eventkey' => 'http://#',
    'menuid' => '430845608',
    'from' => 'o1Iz5v3dJZ3TZfWIaM7M3dzd3ROk',
    'to' => 'gh_aa3717ac21d2',
    'time' => '1514270062',
    'type' => 'text',
    'content' => 'http://#',
    'redirection' => true,
    'source' => 'VIEW',
  ),
)

2017-12-26 14:34:23 response :
------------

2017-12-26 14:40:10 trace :
------------
String:
<xml><ToUserName><![CDATA[gh_aa3717ac21d2]]></ToUserName>
<FromUserName><![CDATA[o1Iz5v3dJZ3TZfWIaM7M3dzd3ROk]]></FromUserName>
<CreateTime>1514270410</CreateTime>
<MsgType><![CDATA[event]]></MsgType>
<Event><![CDATA[VIEW]]></Event>
<EventKey><![CDATA[http://mp.sdyky.com/app/index.php?i=4&c=entry&m=ewei_shopv2&do=mobile&r=order]]></EventKey>
<MenuId>430845608</MenuId>
</xml>

2017-12-26 14:40:10 params :
------------
String:
array (
  'rule' => -2,
  'module' => '',
  'message' => 
  array (
    'tousername' => 'gh_aa3717ac21d2',
    'fromusername' => 'o1Iz5v3dJZ3TZfWIaM7M3dzd3ROk',
    'createtime' => '1514270410',
    'msgtype' => 'event',
    'event' => 'VIEW',
    'eventkey' => 'http://mp.sdyky.com/app/index.php?i=4&c=entry&m=ewei_shopv2&do=mobile&r=order',
    'menuid' => '430845608',
    'from' => 'o1Iz5v3dJZ3TZfWIaM7M3dzd3ROk',
    'to' => 'gh_aa3717ac21d2',
    'time' => '1514270410',
    'type' => 'text',
    'content' => 'http://mp.sdyky.com/app/index.php?i=4&c=entry&m=ewei_shopv2&do=mobile&r=order',
    'redirection' => true,
    'source' => 'VIEW',
  ),
)

2017-12-26 14:40:10 response :
------------

2017-12-26 14:45:52 trace :
------------
String:
<xml><ToUserName><![CDATA[gh_aa3717ac21d2]]></ToUserName>
<FromUserName><![CDATA[o1Iz5v3dJZ3TZfWIaM7M3dzd3ROk]]></FromUserName>
<CreateTime>1514270751</CreateTime>
<MsgType><![CDATA[text]]></MsgType>
<Content><![CDATA[帮助]]></Content>
<MsgId>6503743353265286552</MsgId>
</xml>

2017-12-26 14:45:52 params :
------------
String:
array (
  'message' => 
  array (
    'tousername' => 'gh_aa3717ac21d2',
    'fromusername' => 'o1Iz5v3dJZ3TZfWIaM7M3dzd3ROk',
    'createtime' => '1514270751',
    'msgtype' => 'text',
    'content' => '帮助',
    'msgid' => '6503743353265286552',
    'from' => 'o1Iz5v3dJZ3TZfWIaM7M3dzd3ROk',
    'to' => 'gh_aa3717ac21d2',
    'time' => '1514270751',
    'type' => 'text',
    'event' => NULL,
    'redirection' => false,
    'source' => NULL,
  ),
  'module' => 'cover',
  'rule' => '130',
  'priority' => '0',
  'keyword' => 
  array (
    'id' => '44',
    'rid' => '130',
    'uniacid' => '4',
    'module' => 'cover',
    'content' => '帮助',
    'type' => '1',
    'displayorder' => '0',
    'status' => '1',
    'reply_type' => 
    array (
    ),
  ),
  'reply_type' => 
  array (
  ),
)

2017-12-26 14:45:52 response :
------------
Array:
FromUserName : gh_aa3717ac21d2 ;
ToUserName : o1Iz5v3dJZ3TZfWIaM7M3dzd3ROk ;
MsgType : news ;
ArticleCount : 1 ;
Articles : Array ;

2017-12-26 15:05:05 trace :
------------
String:
<xml><ToUserName><![CDATA[gh_aa3717ac21d2]]></ToUserName>
<FromUserName><![CDATA[o1Iz5v3dJZ3TZfWIaM7M3dzd3ROk]]></FromUserName>
<CreateTime>1514271904</CreateTime>
<MsgType><![CDATA[text]]></MsgType>
<Content><![CDATA[帮助]]></Content>
<MsgId>6503748305362579213</MsgId>
</xml>

2017-12-26 15:05:05 params :
------------
String:
array (
  'message' => 
  array (
    'tousername' => 'gh_aa3717ac21d2',
    'fromusername' => 'o1Iz5v3dJZ3TZfWIaM7M3dzd3ROk',
    'createtime' => '1514271904',
    'msgtype' => 'text',
    'content' => '帮助',
    'msgid' => '6503748305362579213',
    'from' => 'o1Iz5v3dJZ3TZfWIaM7M3dzd3ROk',
    'to' => 'gh_aa3717ac21d2',
    'time' => '1514271904',
    'type' => 'text',
    'event' => NULL,
    'redirection' => false,
    'source' => NULL,
  ),
  'module' => 'cover',
  'rule' => '130',
  'priority' => '0',
  'keyword' => 
  array (
    'id' => '44',
    'rid' => '130',
    'uniacid' => '4',
    'module' => 'cover',
    'content' => '帮助',
    'type' => '1',
    'displayorder' => '0',
    'status' => '1',
    'reply_type' => 
    array (
    ),
  ),
  'reply_type' => 
  array (
  ),
)

2017-12-26 15:05:05 response :
------------
Array:
FromUserName : gh_aa3717ac21d2 ;
ToUserName : o1Iz5v3dJZ3TZfWIaM7M3dzd3ROk ;
MsgType : news ;
ArticleCount : 1 ;
Articles : Array ;

2017-12-26 15:08:06 trace :
------------
String:
<xml><ToUserName><![CDATA[gh_aa3717ac21d2]]></ToUserName>
<FromUserName><![CDATA[o1Iz5v3dJZ3TZfWIaM7M3dzd3ROk]]></FromUserName>
<CreateTime>1514272085</CreateTime>
<MsgType><![CDATA[text]]></MsgType>
<Content><![CDATA[帮助]]></Content>
<MsgId>6503749082751659905</MsgId>
</xml>

2017-12-26 15:08:06 params :
------------
String:
array (
  'message' => 
  array (
    'tousername' => 'gh_aa3717ac21d2',
    'fromusername' => 'o1Iz5v3dJZ3TZfWIaM7M3dzd3ROk',
    'createtime' => '1514272085',
    'msgtype' => 'text',
    'content' => '帮助',
    'msgid' => '6503749082751659905',
    'from' => 'o1Iz5v3dJZ3TZfWIaM7M3dzd3ROk',
    'to' => 'gh_aa3717ac21d2',
    'time' => '1514272085',
    'type' => 'text',
    'event' => NULL,
    'redirection' => false,
    'source' => NULL,
  ),
  'module' => 'cover',
  'rule' => '130',
  'priority' => '0',
  'keyword' => 
  array (
    'id' => '44',
    'rid' => '130',
    'uniacid' => '4',
    'module' => 'cover',
    'content' => '帮助',
    'type' => '1',
    'displayorder' => '0',
    'status' => '1',
    'reply_type' => 
    array (
    ),
  ),
  'reply_type' => 
  array (
  ),
)

2017-12-26 15:08:06 response :
------------
Array:
FromUserName : gh_aa3717ac21d2 ;
ToUserName : o1Iz5v3dJZ3TZfWIaM7M3dzd3ROk ;
MsgType : news ;
ArticleCount : 1 ;
Articles : Array ;

2017-12-26 15:32:21 trace :
------------
String:
<xml><ToUserName><![CDATA[gh_aa3717ac21d2]]></ToUserName>
<FromUserName><![CDATA[o1Iz5v3dJZ3TZfWIaM7M3dzd3ROk]]></FromUserName>
<CreateTime>1514273539</CreateTime>
<MsgType><![CDATA[text]]></MsgType>
<Content><![CDATA[帮助]]></Content>
<MsgId>6503755327634109054</MsgId>
</xml>

2017-12-26 15:32:21 params :
------------
String:
array (
  'message' => 
  array (
    'tousername' => 'gh_aa3717ac21d2',
    'fromusername' => 'o1Iz5v3dJZ3TZfWIaM7M3dzd3ROk',
    'createtime' => '1514273539',
    'msgtype' => 'text',
    'content' => '帮助',
    'msgid' => '6503755327634109054',
    'from' => 'o1Iz5v3dJZ3TZfWIaM7M3dzd3ROk',
    'to' => 'gh_aa3717ac21d2',
    'time' => '1514273539',
    'type' => 'text',
    'event' => NULL,
    'redirection' => false,
    'source' => NULL,
  ),
  'module' => 'cover',
  'rule' => '130',
  'priority' => '0',
  'keyword' => 
  array (
    'id' => '44',
    'rid' => '130',
    'uniacid' => '4',
    'module' => 'cover',
    'content' => '帮助',
    'type' => '1',
    'displayorder' => '0',
    'status' => '1',
    'reply_type' => 
    array (
    ),
  ),
  'reply_type' => 
  array (
  ),
)

2017-12-26 15:32:21 response :
------------
Array:
FromUserName : gh_aa3717ac21d2 ;
ToUserName : o1Iz5v3dJZ3TZfWIaM7M3dzd3ROk ;
MsgType : news ;
ArticleCount : 1 ;
Articles : Array ;

2017-12-26 15:32:26 trace :
------------
String:
<xml><ToUserName><![CDATA[gh_aa3717ac21d2]]></ToUserName>
<FromUserName><![CDATA[o1Iz5v3dJZ3TZfWIaM7M3dzd3ROk]]></FromUserName>
<CreateTime>1514273539</CreateTime>
<MsgType><![CDATA[text]]></MsgType>
<Content><![CDATA[帮助]]></Content>
<MsgId>6503755327634109054</MsgId>
</xml>

2017-12-26 15:32:26 params :
------------
String:
array (
  'message' => 
  array (
    'tousername' => 'gh_aa3717ac21d2',
    'fromusername' => 'o1Iz5v3dJZ3TZfWIaM7M3dzd3ROk',
    'createtime' => '1514273539',
    'msgtype' => 'text',
    'content' => '帮助',
    'msgid' => '6503755327634109054',
    'from' => 'o1Iz5v3dJZ3TZfWIaM7M3dzd3ROk',
    'to' => 'gh_aa3717ac21d2',
    'time' => '1514273539',
    'type' => 'text',
    'event' => NULL,
    'redirection' => false,
    'source' => NULL,
  ),
  'module' => 'cover',
  'rule' => '130',
  'priority' => '0',
  'keyword' => 
  array (
    'id' => '44',
    'rid' => '130',
    'uniacid' => '4',
    'module' => 'cover',
    'content' => '帮助',
    'type' => '1',
    'displayorder' => '0',
    'status' => '1',
    'reply_type' => 
    array (
    ),
  ),
  'reply_type' => 
  array (
  ),
)

2017-12-26 15:32:26 response :
------------
Array:
FromUserName : gh_aa3717ac21d2 ;
ToUserName : o1Iz5v3dJZ3TZfWIaM7M3dzd3ROk ;
MsgType : news ;
ArticleCount : 1 ;
Articles : Array ;

2017-12-26 15:33:10 trace :
------------
String:
<xml><ToUserName><![CDATA[gh_aa3717ac21d2]]></ToUserName>
<FromUserName><![CDATA[o1Iz5v3dJZ3TZfWIaM7M3dzd3ROk]]></FromUserName>
<CreateTime>1514273584</CreateTime>
<MsgType><![CDATA[text]]></MsgType>
<Content><![CDATA[签到]]></Content>
<MsgId>6503755520907637413</MsgId>
</xml>

2017-12-26 15:33:10 params :
------------
String:
array (
  'message' => 
  array (
    'tousername' => 'gh_aa3717ac21d2',
    'fromusername' => 'o1Iz5v3dJZ3TZfWIaM7M3dzd3ROk',
    'createtime' => '1514273584',
    'msgtype' => 'text',
    'content' => '签到',
    'msgid' => '6503755520907637413',
    'from' => 'o1Iz5v3dJZ3TZfWIaM7M3dzd3ROk',
    'to' => 'gh_aa3717ac21d2',
    'time' => '1514273584',
    'type' => 'text',
    'event' => NULL,
    'redirection' => false,
    'source' => NULL,
  ),
  'module' => 'cover',
  'rule' => '118',
  'priority' => '0',
  'keyword' => 
  array (
    'id' => '32',
    'rid' => '118',
    'uniacid' => '4',
    'module' => 'cover',
    'content' => '签到',
    'type' => '1',
    'displayorder' => '0',
    'status' => '1',
    'reply_type' => 
    array (
    ),
  ),
  'reply_type' => 
  array (
  ),
)

2017-12-26 15:33:10 response :
------------
Array:
FromUserName : gh_aa3717ac21d2 ;
ToUserName : o1Iz5v3dJZ3TZfWIaM7M3dzd3ROk ;
MsgType : news ;
ArticleCount : 1 ;
Articles : Array ;

2017-12-26 15:34:58 trace :
------------
String:
<xml><ToUserName><![CDATA[gh_aa3717ac21d2]]></ToUserName>
<FromUserName><![CDATA[o1Iz5v8Rwxwt7KycJPryU4lMUGSQ]]></FromUserName>
<CreateTime>1514273695</CreateTime>
<MsgType><![CDATA[event]]></MsgType>
<Event><![CDATA[VIEW]]></Event>
<EventKey><![CDATA[http://mp.sdyky.com/app/index.php?i=4&c=entry&m=ewei_shopv2&do=mobile&r=order]]></EventKey>
<MenuId>430845608</MenuId>
</xml>

2017-12-26 15:34:58 params :
------------
String:
array (
  'rule' => -2,
  'module' => '',
  'message' => 
  array (
    'tousername' => 'gh_aa3717ac21d2',
    'fromusername' => 'o1Iz5v8Rwxwt7KycJPryU4lMUGSQ',
    'createtime' => '1514273695',
    'msgtype' => 'event',
    'event' => 'VIEW',
    'eventkey' => 'http://mp.sdyky.com/app/index.php?i=4&c=entry&m=ewei_shopv2&do=mobile&r=order',
    'menuid' => '430845608',
    'from' => 'o1Iz5v8Rwxwt7KycJPryU4lMUGSQ',
    'to' => 'gh_aa3717ac21d2',
    'time' => '1514273695',
    'type' => 'text',
    'content' => 'http://mp.sdyky.com/app/index.php?i=4&c=entry&m=ewei_shopv2&do=mobile&r=order',
    'redirection' => true,
    'source' => 'VIEW',
  ),
)

2017-12-26 15:34:58 response :
------------

2017-12-26 16:07:55 trace :
------------
String:
<xml><ToUserName><![CDATA[gh_aa3717ac21d2]]></ToUserName>
<FromUserName><![CDATA[o1Iz5v3dJZ3TZfWIaM7M3dzd3ROk]]></FromUserName>
<CreateTime>1514275675</CreateTime>
<MsgType><![CDATA[event]]></MsgType>
<Event><![CDATA[VIEW]]></Event>
<EventKey><![CDATA[http://mp.sdyky.com/app/index.php?i=4&c=entry&m=ewei_shopv2&do=mobile&r=sale.coupon]]></EventKey>
<MenuId>430845608</MenuId>
</xml>

2017-12-26 16:07:56 params :
------------
String:
array (
  'rule' => -2,
  'module' => '',
  'message' => 
  array (
    'tousername' => 'gh_aa3717ac21d2',
    'fromusername' => 'o1Iz5v3dJZ3TZfWIaM7M3dzd3ROk',
    'createtime' => '1514275675',
    'msgtype' => 'event',
    'event' => 'VIEW',
    'eventkey' => 'http://mp.sdyky.com/app/index.php?i=4&c=entry&m=ewei_shopv2&do=mobile&r=sale.coupon',
    'menuid' => '430845608',
    'from' => 'o1Iz5v3dJZ3TZfWIaM7M3dzd3ROk',
    'to' => 'gh_aa3717ac21d2',
    'time' => '1514275675',
    'type' => 'text',
    'content' => 'http://mp.sdyky.com/app/index.php?i=4&c=entry&m=ewei_shopv2&do=mobile&r=sale.coupon',
    'redirection' => true,
    'source' => 'VIEW',
  ),
)

2017-12-26 16:07:56 response :
------------

2017-12-26 16:09:42 trace :
------------
String:
<xml><ToUserName><![CDATA[gh_aa3717ac21d2]]></ToUserName>
<FromUserName><![CDATA[o1Iz5vwjx_518N3pxvSNlPm99P-E]]></FromUserName>
<CreateTime>1514275781</CreateTime>
<MsgType><![CDATA[event]]></MsgType>
<Event><![CDATA[LOCATION]]></Event>
<Latitude>37.438049</Latitude>
<Longitude>116.377861</Longitude>
<Precision>65.000000</Precision>
</xml>

2017-12-26 16:09:42 params :
------------
String:
array (
  'message' => 
  array (
    'tousername' => 'gh_aa3717ac21d2',
    'fromusername' => 'o1Iz5vwjx_518N3pxvSNlPm99P-E',
    'createtime' => '1514275781',
    'msgtype' => 'event',
    'event' => 'LOCATION',
    'latitude' => '37.438049',
    'longitude' => '116.377861',
    'precision' => '65.000000',
    'from' => 'o1Iz5vwjx_518N3pxvSNlPm99P-E',
    'to' => 'gh_aa3717ac21d2',
    'time' => '1514275781',
    'type' => 'trace',
    'location_x' => '37.438049',
    'location_y' => '116.377861',
  ),
  'module' => 'default',
  'rule' => '-1',
)

2017-12-26 16:09:42 response :
------------
Array:
errno : -1 ;
message : Invaild value ;

2017-12-26 16:09:44 trace :
------------
String:
<xml><ToUserName><![CDATA[gh_aa3717ac21d2]]></ToUserName>
<FromUserName><![CDATA[o1Iz5vwjx_518N3pxvSNlPm99P-E]]></FromUserName>
<CreateTime>1514275783</CreateTime>
<MsgType><![CDATA[event]]></MsgType>
<Event><![CDATA[VIEW]]></Event>
<EventKey><![CDATA[http://#]]></EventKey>
<MenuId>430845608</MenuId>
</xml>

2017-12-26 16:09:44 params :
------------
String:
array (
  'rule' => -2,
  'module' => '',
  'message' => 
  array (
    'tousername' => 'gh_aa3717ac21d2',
    'fromusername' => 'o1Iz5vwjx_518N3pxvSNlPm99P-E',
    'createtime' => '1514275783',
    'msgtype' => 'event',
    'event' => 'VIEW',
    'eventkey' => 'http://#',
    'menuid' => '430845608',
    'from' => 'o1Iz5vwjx_518N3pxvSNlPm99P-E',
    'to' => 'gh_aa3717ac21d2',
    'time' => '1514275783',
    'type' => 'text',
    'content' => 'http://#',
    'redirection' => true,
    'source' => 'VIEW',
  ),
)

2017-12-26 16:09:44 response :
------------

2017-12-26 16:09:50 trace :
------------
String:
<xml><ToUserName><![CDATA[gh_aa3717ac21d2]]></ToUserName>
<FromUserName><![CDATA[o1Iz5vwjx_518N3pxvSNlPm99P-E]]></FromUserName>
<CreateTime>1514275789</CreateTime>
<MsgType><![CDATA[event]]></MsgType>
<Event><![CDATA[VIEW]]></Event>
<EventKey><![CDATA[http://mp.sdyky.com/app/index.php?i=4&c=entry&m=ewei_shopv2&do=mobile&r=order]]></EventKey>
<MenuId>430845608</MenuId>
</xml>

2017-12-26 16:09:50 params :
------------
String:
array (
  'rule' => -2,
  'module' => '',
  'message' => 
  array (
    'tousername' => 'gh_aa3717ac21d2',
    'fromusername' => 'o1Iz5vwjx_518N3pxvSNlPm99P-E',
    'createtime' => '1514275789',
    'msgtype' => 'event',
    'event' => 'VIEW',
    'eventkey' => 'http://mp.sdyky.com/app/index.php?i=4&c=entry&m=ewei_shopv2&do=mobile&r=order',
    'menuid' => '430845608',
    'from' => 'o1Iz5vwjx_518N3pxvSNlPm99P-E',
    'to' => 'gh_aa3717ac21d2',
    'time' => '1514275789',
    'type' => 'text',
    'content' => 'http://mp.sdyky.com/app/index.php?i=4&c=entry&m=ewei_shopv2&do=mobile&r=order',
    'redirection' => true,
    'source' => 'VIEW',
  ),
)

2017-12-26 16:09:50 response :
------------

2017-12-26 16:10:27 trace :
------------
String:
<xml><ToUserName><![CDATA[gh_aa3717ac21d2]]></ToUserName>
<FromUserName><![CDATA[o1Iz5v3dJZ3TZfWIaM7M3dzd3ROk]]></FromUserName>
<CreateTime>1514275826</CreateTime>
<MsgType><![CDATA[event]]></MsgType>
<Event><![CDATA[VIEW]]></Event>
<EventKey><![CDATA[http://mp.sdyky.com/app/index.php?i=4&c=entry&m=ewei_shopv2&do=mobile&r=sale.coupon]]></EventKey>
<MenuId>430845608</MenuId>
</xml>

2017-12-26 16:10:27 params :
------------
String:
array (
  'rule' => -2,
  'module' => '',
  'message' => 
  array (
    'tousername' => 'gh_aa3717ac21d2',
    'fromusername' => 'o1Iz5v3dJZ3TZfWIaM7M3dzd3ROk',
    'createtime' => '1514275826',
    'msgtype' => 'event',
    'event' => 'VIEW',
    'eventkey' => 'http://mp.sdyky.com/app/index.php?i=4&c=entry&m=ewei_shopv2&do=mobile&r=sale.coupon',
    'menuid' => '430845608',
    'from' => 'o1Iz5v3dJZ3TZfWIaM7M3dzd3ROk',
    'to' => 'gh_aa3717ac21d2',
    'time' => '1514275826',
    'type' => 'text',
    'content' => 'http://mp.sdyky.com/app/index.php?i=4&c=entry&m=ewei_shopv2&do=mobile&r=sale.coupon',
    'redirection' => true,
    'source' => 'VIEW',
  ),
)

2017-12-26 16:10:27 response :
------------

2017-12-26 16:10:41 trace :
------------
String:
<xml><ToUserName><![CDATA[gh_aa3717ac21d2]]></ToUserName>
<FromUserName><![CDATA[o1Iz5vwjx_518N3pxvSNlPm99P-E]]></FromUserName>
<CreateTime>1514275840</CreateTime>
<MsgType><![CDATA[event]]></MsgType>
<Event><![CDATA[VIEW]]></Event>
<EventKey><![CDATA[http://mp.sdyky.com/app/index.php?i=4&c=entry&m=ewei_shopv2&do=mobile&r=sale.coupon]]></EventKey>
<MenuId>430845608</MenuId>
</xml>

2017-12-26 16:10:41 params :
------------
String:
array (
  'rule' => -2,
  'module' => '',
  'message' => 
  array (
    'tousername' => 'gh_aa3717ac21d2',
    'fromusername' => 'o1Iz5vwjx_518N3pxvSNlPm99P-E',
    'createtime' => '1514275840',
    'msgtype' => 'event',
    'event' => 'VIEW',
    'eventkey' => 'http://mp.sdyky.com/app/index.php?i=4&c=entry&m=ewei_shopv2&do=mobile&r=sale.coupon',
    'menuid' => '430845608',
    'from' => 'o1Iz5vwjx_518N3pxvSNlPm99P-E',
    'to' => 'gh_aa3717ac21d2',
    'time' => '1514275840',
    'type' => 'text',
    'content' => 'http://mp.sdyky.com/app/index.php?i=4&c=entry&m=ewei_shopv2&do=mobile&r=sale.coupon',
    'redirection' => true,
    'source' => 'VIEW',
  ),
)

2017-12-26 16:10:41 response :
------------

2017-12-26 16:47:47 trace :
------------
String:
<xml><ToUserName><![CDATA[gh_aa3717ac21d2]]></ToUserName>
<FromUserName><![CDATA[o1Iz5v3dJZ3TZfWIaM7M3dzd3ROk]]></FromUserName>
<CreateTime>1514278066</CreateTime>
<MsgType><![CDATA[event]]></MsgType>
<Event><![CDATA[VIEW]]></Event>
<EventKey><![CDATA[http://mp.sdyky.com/app/index.php?i=4&c=entry&m=ewei_shopv2&do=mobile&r=order]]></EventKey>
<MenuId>430845608</MenuId>
</xml>

2017-12-26 16:47:47 params :
------------
String:
array (
  'rule' => -2,
  'module' => '',
  'message' => 
  array (
    'tousername' => 'gh_aa3717ac21d2',
    'fromusername' => 'o1Iz5v3dJZ3TZfWIaM7M3dzd3ROk',
    'createtime' => '1514278066',
    'msgtype' => 'event',
    'event' => 'VIEW',
    'eventkey' => 'http://mp.sdyky.com/app/index.php?i=4&c=entry&m=ewei_shopv2&do=mobile&r=order',
    'menuid' => '430845608',
    'from' => 'o1Iz5v3dJZ3TZfWIaM7M3dzd3ROk',
    'to' => 'gh_aa3717ac21d2',
    'time' => '1514278066',
    'type' => 'text',
    'content' => 'http://mp.sdyky.com/app/index.php?i=4&c=entry&m=ewei_shopv2&do=mobile&r=order',
    'redirection' => true,
    'source' => 'VIEW',
  ),
)

2017-12-26 16:47:47 response :
------------

2017-12-26 17:26:04 trace :
------------
String:
<xml><ToUserName><![CDATA[gh_aa3717ac21d2]]></ToUserName>
<FromUserName><![CDATA[o1Iz5v3dJZ3TZfWIaM7M3dzd3ROk]]></FromUserName>
<CreateTime>1514280364</CreateTime>
<MsgType><![CDATA[text]]></MsgType>
<Content><![CDATA[刮刮卡]]></Content>
<MsgId>6503784640785907381</MsgId>
</xml>

2017-12-26 17:26:05 params :
------------
String:
array (
  'message' => 
  array (
    'tousername' => 'gh_aa3717ac21d2',
    'fromusername' => 'o1Iz5v3dJZ3TZfWIaM7M3dzd3ROk',
    'createtime' => '1514280364',
    'msgtype' => 'text',
    'content' => '刮刮卡',
    'msgid' => '6503784640785907381',
    'from' => 'o1Iz5v3dJZ3TZfWIaM7M3dzd3ROk',
    'to' => 'gh_aa3717ac21d2',
    'time' => '1514280364',
    'type' => 'text',
    'event' => NULL,
    'redirection' => false,
    'source' => NULL,
  ),
  'module' => 'cover',
  'rule' => '132',
  'priority' => '0',
  'keyword' => 
  array (
    'id' => '46',
    'rid' => '132',
    'uniacid' => '4',
    'module' => 'cover',
    'content' => '刮刮卡',
    'type' => '1',
    'displayorder' => '0',
    'status' => '1',
    'reply_type' => 
    array (
    ),
  ),
  'reply_type' => 
  array (
  ),
)

2017-12-26 17:26:05 response :
------------
Array:
FromUserName : gh_aa3717ac21d2 ;
ToUserName : o1Iz5v3dJZ3TZfWIaM7M3dzd3ROk ;
MsgType : news ;
ArticleCount : 1 ;
Articles : Array ;

2017-12-26 17:26:20 trace :
------------
String:
<xml><ToUserName><![CDATA[gh_aa3717ac21d2]]></ToUserName>
<FromUserName><![CDATA[o1Iz5v3dJZ3TZfWIaM7M3dzd3ROk]]></FromUserName>
<CreateTime>1514280379</CreateTime>
<MsgType><![CDATA[event]]></MsgType>
<Event><![CDATA[VIEW]]></Event>
<EventKey><![CDATA[http://mp.sdyky.com/app/index.php?i=4&c=entry&m=ewei_shopv2&do=mobile&r=sign]]></EventKey>
<MenuId>430845608</MenuId>
</xml>

2017-12-26 17:26:20 params :
------------
String:
array (
  'rule' => -2,
  'module' => '',
  'message' => 
  array (
    'tousername' => 'gh_aa3717ac21d2',
    'fromusername' => 'o1Iz5v3dJZ3TZfWIaM7M3dzd3ROk',
    'createtime' => '1514280379',
    'msgtype' => 'event',
    'event' => 'VIEW',
    'eventkey' => 'http://mp.sdyky.com/app/index.php?i=4&c=entry&m=ewei_shopv2&do=mobile&r=sign',
    'menuid' => '430845608',
    'from' => 'o1Iz5v3dJZ3TZfWIaM7M3dzd3ROk',
    'to' => 'gh_aa3717ac21d2',
    'time' => '1514280379',
    'type' => 'text',
    'content' => 'http://mp.sdyky.com/app/index.php?i=4&c=entry&m=ewei_shopv2&do=mobile&r=sign',
    'redirection' => true,
    'source' => 'VIEW',
  ),
)

2017-12-26 17:26:20 response :
------------

2017-12-26 17:26:40 trace :
------------
String:
<xml><ToUserName><![CDATA[gh_aa3717ac21d2]]></ToUserName>
<FromUserName><![CDATA[o1Iz5v-GWo3hAPIZmDgTGLxhq63I]]></FromUserName>
<CreateTime>1514280400</CreateTime>
<MsgType><![CDATA[event]]></MsgType>
<Event><![CDATA[VIEW]]></Event>
<EventKey><![CDATA[http://mp.sdyky.com/app/index.php?i=4&c=entry&m=ewei_shopv2&do=mobile&r=sign]]></EventKey>
<MenuId>430845608</MenuId>
</xml>

2017-12-26 17:26:40 params :
------------
String:
array (
  'rule' => -2,
  'module' => '',
  'message' => 
  array (
    'tousername' => 'gh_aa3717ac21d2',
    'fromusername' => 'o1Iz5v-GWo3hAPIZmDgTGLxhq63I',
    'createtime' => '1514280400',
    'msgtype' => 'event',
    'event' => 'VIEW',
    'eventkey' => 'http://mp.sdyky.com/app/index.php?i=4&c=entry&m=ewei_shopv2&do=mobile&r=sign',
    'menuid' => '430845608',
    'from' => 'o1Iz5v-GWo3hAPIZmDgTGLxhq63I',
    'to' => 'gh_aa3717ac21d2',
    'time' => '1514280400',
    'type' => 'text',
    'content' => 'http://mp.sdyky.com/app/index.php?i=4&c=entry&m=ewei_shopv2&do=mobile&r=sign',
    'redirection' => true,
    'source' => 'VIEW',
  ),
)

2017-12-26 17:26:40 response :
------------

2017-12-26 17:27:27 trace :
------------
String:
<xml><ToUserName><![CDATA[gh_aa3717ac21d2]]></ToUserName>
<FromUserName><![CDATA[o1Iz5v-GWo3hAPIZmDgTGLxhq63I]]></FromUserName>
<CreateTime>1514280446</CreateTime>
<MsgType><![CDATA[text]]></MsgType>
<Content><![CDATA[刮刮卡]]></Content>
<MsgId>6503784992973225682</MsgId>
</xml>

2017-12-26 17:27:27 params :
------------
String:
array (
  'message' => 
  array (
    'tousername' => 'gh_aa3717ac21d2',
    'fromusername' => 'o1Iz5v-GWo3hAPIZmDgTGLxhq63I',
    'createtime' => '1514280446',
    'msgtype' => 'text',
    'content' => '刮刮卡',
    'msgid' => '6503784992973225682',
    'from' => 'o1Iz5v-GWo3hAPIZmDgTGLxhq63I',
    'to' => 'gh_aa3717ac21d2',
    'time' => '1514280446',
    'type' => 'text',
    'event' => NULL,
    'redirection' => false,
    'source' => NULL,
  ),
  'module' => 'cover',
  'rule' => '132',
  'priority' => '0',
  'keyword' => 
  array (
    'id' => '46',
    'rid' => '132',
    'uniacid' => '4',
    'module' => 'cover',
    'content' => '刮刮卡',
    'type' => '1',
    'displayorder' => '0',
    'status' => '1',
    'reply_type' => 
    array (
    ),
  ),
  'reply_type' => 
  array (
  ),
)

2017-12-26 17:27:27 response :
------------
Array:
FromUserName : gh_aa3717ac21d2 ;
ToUserName : o1Iz5v-GWo3hAPIZmDgTGLxhq63I ;
MsgType : news ;
ArticleCount : 1 ;
Articles : Array ;

2017-12-26 17:39:40 trace :
------------
String:
<xml><ToUserName><![CDATA[gh_aa3717ac21d2]]></ToUserName>
<FromUserName><![CDATA[o1Iz5v3dJZ3TZfWIaM7M3dzd3ROk]]></FromUserName>
<CreateTime>1514281180</CreateTime>
<MsgType><![CDATA[event]]></MsgType>
<Event><![CDATA[VIEW]]></Event>
<EventKey><![CDATA[http://mp.sdyky.com/app/index.php?i=4&c=entry&m=ewei_shopv2&do=mobile&r=order]]></EventKey>
<MenuId>430845608</MenuId>
</xml>

2017-12-26 17:39:40 params :
------------
String:
array (
  'rule' => -2,
  'module' => '',
  'message' => 
  array (
    'tousername' => 'gh_aa3717ac21d2',
    'fromusername' => 'o1Iz5v3dJZ3TZfWIaM7M3dzd3ROk',
    'createtime' => '1514281180',
    'msgtype' => 'event',
    'event' => 'VIEW',
    'eventkey' => 'http://mp.sdyky.com/app/index.php?i=4&c=entry&m=ewei_shopv2&do=mobile&r=order',
    'menuid' => '430845608',
    'from' => 'o1Iz5v3dJZ3TZfWIaM7M3dzd3ROk',
    'to' => 'gh_aa3717ac21d2',
    'time' => '1514281180',
    'type' => 'text',
    'content' => 'http://mp.sdyky.com/app/index.php?i=4&c=entry&m=ewei_shopv2&do=mobile&r=order',
    'redirection' => true,
    'source' => 'VIEW',
  ),
)

2017-12-26 17:39:40 response :
------------

2017-12-26 17:59:30 trace :
------------
String:
<xml><ToUserName><![CDATA[gh_aa3717ac21d2]]></ToUserName>
<FromUserName><![CDATA[o1Iz5v3dJZ3TZfWIaM7M3dzd3ROk]]></FromUserName>
<CreateTime>1514282370</CreateTime>
<MsgType><![CDATA[event]]></MsgType>
<Event><![CDATA[VIEW]]></Event>
<EventKey><![CDATA[http://mp.sdyky.com/app/index.php?i=4&c=entry&m=ewei_shopv2&do=mobile&r=order]]></EventKey>
<MenuId>430845608</MenuId>
</xml>

2017-12-26 17:59:30 params :
------------
String:
array (
  'rule' => -2,
  'module' => '',
  'message' => 
  array (
    'tousername' => 'gh_aa3717ac21d2',
    'fromusername' => 'o1Iz5v3dJZ3TZfWIaM7M3dzd3ROk',
    'createtime' => '1514282370',
    'msgtype' => 'event',
    'event' => 'VIEW',
    'eventkey' => 'http://mp.sdyky.com/app/index.php?i=4&c=entry&m=ewei_shopv2&do=mobile&r=order',
    'menuid' => '430845608',
    'from' => 'o1Iz5v3dJZ3TZfWIaM7M3dzd3ROk',
    'to' => 'gh_aa3717ac21d2',
    'time' => '1514282370',
    'type' => 'text',
    'content' => 'http://mp.sdyky.com/app/index.php?i=4&c=entry&m=ewei_shopv2&do=mobile&r=order',
    'redirection' => true,
    'source' => 'VIEW',
  ),
)

2017-12-26 17:59:30 response :
------------

2017-12-26 18:13:04 trace :
------------
String:
<xml><ToUserName><![CDATA[gh_aa3717ac21d2]]></ToUserName>
<FromUserName><![CDATA[o1Iz5v99QuvBExxp67UoM40OpPoU]]></FromUserName>
<CreateTime>1514283183</CreateTime>
<MsgType><![CDATA[event]]></MsgType>
<Event><![CDATA[VIEW]]></Event>
<EventKey><![CDATA[http://mp.sdyky.com/app/index.php?i=4&c=entry&m=ewei_shopv2&do=mobile&r=order]]></EventKey>
<MenuId>430845608</MenuId>
</xml>

2017-12-26 18:13:04 trace :
------------
String:
<xml><ToUserName><![CDATA[gh_aa3717ac21d2]]></ToUserName>
<FromUserName><![CDATA[o1Iz5v99QuvBExxp67UoM40OpPoU]]></FromUserName>
<CreateTime>1514283183</CreateTime>
<MsgType><![CDATA[event]]></MsgType>
<Event><![CDATA[LOCATION]]></Event>
<Latitude>37.438030</Latitude>
<Longitude>116.377853</Longitude>
<Precision>30.000000</Precision>
</xml>

2017-12-26 18:13:04 params :
------------
String:
array (
  'rule' => -2,
  'module' => '',
  'message' => 
  array (
    'tousername' => 'gh_aa3717ac21d2',
    'fromusername' => 'o1Iz5v99QuvBExxp67UoM40OpPoU',
    'createtime' => '1514283183',
    'msgtype' => 'event',
    'event' => 'VIEW',
    'eventkey' => 'http://mp.sdyky.com/app/index.php?i=4&c=entry&m=ewei_shopv2&do=mobile&r=order',
    'menuid' => '430845608',
    'from' => 'o1Iz5v99QuvBExxp67UoM40OpPoU',
    'to' => 'gh_aa3717ac21d2',
    'time' => '1514283183',
    'type' => 'text',
    'content' => 'http://mp.sdyky.com/app/index.php?i=4&c=entry&m=ewei_shopv2&do=mobile&r=order',
    'redirection' => true,
    'source' => 'VIEW',
  ),
)

2017-12-26 18:13:04 response :
------------

2017-12-26 18:13:04 params :
------------
String:
array (
  'message' => 
  array (
    'tousername' => 'gh_aa3717ac21d2',
    'fromusername' => 'o1Iz5v99QuvBExxp67UoM40OpPoU',
    'createtime' => '1514283183',
    'msgtype' => 'event',
    'event' => 'LOCATION',
    'latitude' => '37.438030',
    'longitude' => '116.377853',
    'precision' => '30.000000',
    'from' => 'o1Iz5v99QuvBExxp67UoM40OpPoU',
    'to' => 'gh_aa3717ac21d2',
    'time' => '1514283183',
    'type' => 'trace',
    'location_x' => '37.438030',
    'location_y' => '116.377853',
  ),
  'module' => 'default',
  'rule' => '-1',
)

2017-12-26 18:13:04 response :
------------
Array:
errno : -1 ;
message : Invaild value ;

2017-12-26 18:17:40 trace :
------------
String:
<xml><ToUserName><![CDATA[gh_aa3717ac21d2]]></ToUserName>
<FromUserName><![CDATA[o1Iz5v99QuvBExxp67UoM40OpPoU]]></FromUserName>
<CreateTime>1514283458</CreateTime>
<MsgType><![CDATA[event]]></MsgType>
<Event><![CDATA[LOCATION]]></Event>
<Latitude>37.437489</Latitude>
<Longitude>116.377785</Longitude>
<Precision>90.000000</Precision>
</xml>

2017-12-26 18:17:40 params :
------------
String:
array (
  'message' => 
  array (
    'tousername' => 'gh_aa3717ac21d2',
    'fromusername' => 'o1Iz5v99QuvBExxp67UoM40OpPoU',
    'createtime' => '1514283458',
    'msgtype' => 'event',
    'event' => 'LOCATION',
    'latitude' => '37.437489',
    'longitude' => '116.377785',
    'precision' => '90.000000',
    'from' => 'o1Iz5v99QuvBExxp67UoM40OpPoU',
    'to' => 'gh_aa3717ac21d2',
    'time' => '1514283458',
    'type' => 'trace',
    'location_x' => '37.437489',
    'location_y' => '116.377785',
  ),
  'module' => 'default',
  'rule' => '-1',
)

2017-12-26 18:17:40 response :
------------
Array:
errno : -1 ;
message : Invaild value ;

2017-12-26 19:54:23 trace :
------------
String:
<xml><ToUserName><![CDATA[gh_aa3717ac21d2]]></ToUserName>
<FromUserName><![CDATA[o1Iz5v650XqNP1RdeA6IsVqix-SA]]></FromUserName>
<CreateTime>1514289262</CreateTime>
<MsgType><![CDATA[event]]></MsgType>
<Event><![CDATA[unsubscribe]]></Event>
<EventKey><![CDATA[]]></EventKey>
</xml>

2017-12-26 21:11:06 trace :
------------
String:
<xml><ToUserName><![CDATA[gh_aa3717ac21d2]]></ToUserName>
<FromUserName><![CDATA[o1Iz5v8Homi7U8B7Oz40MuXI1feU]]></FromUserName>
<CreateTime>1514293866</CreateTime>
<MsgType><![CDATA[event]]></MsgType>
<Event><![CDATA[VIEW]]></Event>
<EventKey><![CDATA[http://#]]></EventKey>
<MenuId>430845608</MenuId>
</xml>

2017-12-26 21:11:06 params :
------------
String:
array (
  'rule' => -2,
  'module' => '',
  'message' => 
  array (
    'tousername' => 'gh_aa3717ac21d2',
    'fromusername' => 'o1Iz5v8Homi7U8B7Oz40MuXI1feU',
    'createtime' => '1514293866',
    'msgtype' => 'event',
    'event' => 'VIEW',
    'eventkey' => 'http://#',
    'menuid' => '430845608',
    'from' => 'o1Iz5v8Homi7U8B7Oz40MuXI1feU',
    'to' => 'gh_aa3717ac21d2',
    'time' => '1514293866',
    'type' => 'text',
    'content' => 'http://#',
    'redirection' => true,
    'source' => 'VIEW',
  ),
)

2017-12-26 21:11:06 response :
------------

2017-12-26 21:11:18 trace :
------------
String:
<xml><ToUserName><![CDATA[gh_aa3717ac21d2]]></ToUserName>
<FromUserName><![CDATA[o1Iz5v8Homi7U8B7Oz40MuXI1feU]]></FromUserName>
<CreateTime>1514293877</CreateTime>
<MsgType><![CDATA[event]]></MsgType>
<Event><![CDATA[VIEW]]></Event>
<EventKey><![CDATA[http://mp.sdyky.com/app/index.php?i=4&c=entry&m=ewei_shopv2&do=mobile&r=order]]></EventKey>
<MenuId>430845608</MenuId>
</xml>

2017-12-26 21:11:18 params :
------------
String:
array (
  'rule' => -2,
  'module' => '',
  'message' => 
  array (
    'tousername' => 'gh_aa3717ac21d2',
    'fromusername' => 'o1Iz5v8Homi7U8B7Oz40MuXI1feU',
    'createtime' => '1514293877',
    'msgtype' => 'event',
    'event' => 'VIEW',
    'eventkey' => 'http://mp.sdyky.com/app/index.php?i=4&c=entry&m=ewei_shopv2&do=mobile&r=order',
    'menuid' => '430845608',
    'from' => 'o1Iz5v8Homi7U8B7Oz40MuXI1feU',
    'to' => 'gh_aa3717ac21d2',
    'time' => '1514293877',
    'type' => 'text',
    'content' => 'http://mp.sdyky.com/app/index.php?i=4&c=entry&m=ewei_shopv2&do=mobile&r=order',
    'redirection' => true,
    'source' => 'VIEW',
  ),
)

2017-12-26 21:11:18 response :
------------

2017-12-26 21:12:51 trace :
------------
String:
<xml><ToUserName><![CDATA[gh_aa3717ac21d2]]></ToUserName>
<FromUserName><![CDATA[o1Iz5v3dJZ3TZfWIaM7M3dzd3ROk]]></FromUserName>
<CreateTime>1514293970</CreateTime>
<MsgType><![CDATA[event]]></MsgType>
<Event><![CDATA[VIEW]]></Event>
<EventKey><![CDATA[http://mp.sdyky.com/app/index.php?i=4&c=entry&m=ewei_shopv2&do=mobile&r=order]]></EventKey>
<MenuId>430845608</MenuId>
</xml>

2017-12-26 21:12:51 params :
------------
String:
array (
  'rule' => -2,
  'module' => '',
  'message' => 
  array (
    'tousername' => 'gh_aa3717ac21d2',
    'fromusername' => 'o1Iz5v3dJZ3TZfWIaM7M3dzd3ROk',
    'createtime' => '1514293970',
    'msgtype' => 'event',
    'event' => 'VIEW',
    'eventkey' => 'http://mp.sdyky.com/app/index.php?i=4&c=entry&m=ewei_shopv2&do=mobile&r=order',
    'menuid' => '430845608',
    'from' => 'o1Iz5v3dJZ3TZfWIaM7M3dzd3ROk',
    'to' => 'gh_aa3717ac21d2',
    'time' => '1514293970',
    'type' => 'text',
    'content' => 'http://mp.sdyky.com/app/index.php?i=4&c=entry&m=ewei_shopv2&do=mobile&r=order',
    'redirection' => true,
    'source' => 'VIEW',
  ),
)

2017-12-26 21:12:51 response :
------------

2017-12-26 21:29:27 trace :
------------
String:
<xml><ToUserName><![CDATA[gh_aa3717ac21d2]]></ToUserName>
<FromUserName><![CDATA[o1Iz5vwf6eoE4qpluO69AjZx6pXg]]></FromUserName>
<CreateTime>1514294966</CreateTime>
<MsgType><![CDATA[event]]></MsgType>
<Event><![CDATA[LOCATION]]></Event>
<Latitude>39.021954</Latitude>
<Longitude>117.220207</Longitude>
<Precision>40.000000</Precision>
</xml>

2017-12-26 21:29:27 params :
------------
String:
array (
  'message' => 
  array (
    'tousername' => 'gh_aa3717ac21d2',
    'fromusername' => 'o1Iz5vwf6eoE4qpluO69AjZx6pXg',
    'createtime' => '1514294966',
    'msgtype' => 'event',
    'event' => 'LOCATION',
    'latitude' => '39.021954',
    'longitude' => '117.220207',
    'precision' => '40.000000',
    'from' => 'o1Iz5vwf6eoE4qpluO69AjZx6pXg',
    'to' => 'gh_aa3717ac21d2',
    'time' => '1514294966',
    'type' => 'trace',
    'location_x' => '39.021954',
    'location_y' => '117.220207',
  ),
  'module' => 'default',
  'rule' => '-1',
)

2017-12-26 21:29:27 response :
------------
Array:
errno : -1 ;
message : Invaild value ;

2017-12-26 21:29:29 trace :
------------
String:
<xml><ToUserName><![CDATA[gh_aa3717ac21d2]]></ToUserName>
<FromUserName><![CDATA[o1Iz5vwf6eoE4qpluO69AjZx6pXg]]></FromUserName>
<CreateTime>1514294968</CreateTime>
<MsgType><![CDATA[event]]></MsgType>
<Event><![CDATA[VIEW]]></Event>
<EventKey><![CDATA[http://mp.sdyky.com/app/index.php?i=4&c=entry&m=ewei_shopv2&do=mobile&r=order]]></EventKey>
<MenuId>430845608</MenuId>
</xml>

2017-12-26 21:29:29 params :
------------
String:
array (
  'rule' => -2,
  'module' => '',
  'message' => 
  array (
    'tousername' => 'gh_aa3717ac21d2',
    'fromusername' => 'o1Iz5vwf6eoE4qpluO69AjZx6pXg',
    'createtime' => '1514294968',
    'msgtype' => 'event',
    'event' => 'VIEW',
    'eventkey' => 'http://mp.sdyky.com/app/index.php?i=4&c=entry&m=ewei_shopv2&do=mobile&r=order',
    'menuid' => '430845608',
    'from' => 'o1Iz5vwf6eoE4qpluO69AjZx6pXg',
    'to' => 'gh_aa3717ac21d2',
    'time' => '1514294968',
    'type' => 'text',
    'content' => 'http://mp.sdyky.com/app/index.php?i=4&c=entry&m=ewei_shopv2&do=mobile&r=order',
    'redirection' => true,
    'source' => 'VIEW',
  ),
)

2017-12-26 21:29:29 response :
------------

2017-12-26 21:31:34 trace :
------------
String:
<xml><ToUserName><![CDATA[gh_aa3717ac21d2]]></ToUserName>
<FromUserName><![CDATA[o1Iz5vwf6eoE4qpluO69AjZx6pXg]]></FromUserName>
<CreateTime>1514295092</CreateTime>
<MsgType><![CDATA[event]]></MsgType>
<Event><![CDATA[LOCATION]]></Event>
<Latitude>39.021954</Latitude>
<Longitude>117.220207</Longitude>
<Precision>40.000000</Precision>
</xml>

2017-12-26 21:31:34 params :
------------
String:
array (
  'message' => 
  array (
    'tousername' => 'gh_aa3717ac21d2',
    'fromusername' => 'o1Iz5vwf6eoE4qpluO69AjZx6pXg',
    'createtime' => '1514295092',
    'msgtype' => 'event',
    'event' => 'LOCATION',
    'latitude' => '39.021954',
    'longitude' => '117.220207',
    'precision' => '40.000000',
    'from' => 'o1Iz5vwf6eoE4qpluO69AjZx6pXg',
    'to' => 'gh_aa3717ac21d2',
    'time' => '1514295092',
    'type' => 'trace',
    'location_x' => '39.021954',
    'location_y' => '117.220207',
  ),
  'module' => 'default',
  'rule' => '-1',
)

2017-12-26 21:31:34 response :
------------
Array:
errno : -1 ;
message : Invaild value ;

2017-12-26 23:25:29 trace :
------------
String:
<xml><ToUserName><![CDATA[gh_aa3717ac21d2]]></ToUserName>
<FromUserName><![CDATA[o1Iz5v1EvyFJ9CH3CJSrXnTdtWrM]]></FromUserName>
<CreateTime>1514301928</CreateTime>
<MsgType><![CDATA[event]]></MsgType>
<Event><![CDATA[LOCATION]]></Event>
<Latitude>37.449036</Latitude>
<Longitude>116.342239</Longitude>
<Precision>30.000000</Precision>
</xml>

2017-12-26 23:25:29 params :
------------
String:
array (
  'message' => 
  array (
    'tousername' => 'gh_aa3717ac21d2',
    'fromusername' => 'o1Iz5v1EvyFJ9CH3CJSrXnTdtWrM',
    'createtime' => '1514301928',
    'msgtype' => 'event',
    'event' => 'LOCATION',
    'latitude' => '37.449036',
    'longitude' => '116.342239',
    'precision' => '30.000000',
    'from' => 'o1Iz5v1EvyFJ9CH3CJSrXnTdtWrM',
    'to' => 'gh_aa3717ac21d2',
    'time' => '1514301928',
    'type' => 'trace',
    'location_x' => '37.449036',
    'location_y' => '116.342239',
  ),
  'module' => 'default',
  'rule' => '-1',
)

2017-12-26 23:25:29 response :
------------
Array:
errno : -1 ;
message : Invaild value ;

2017-12-26 23:25:35 trace :
------------
String:
<xml><ToUserName><![CDATA[gh_aa3717ac21d2]]></ToUserName>
<FromUserName><![CDATA[o1Iz5v1EvyFJ9CH3CJSrXnTdtWrM]]></FromUserName>
<CreateTime>1514301934</CreateTime>
<MsgType><![CDATA[event]]></MsgType>
<Event><![CDATA[VIEW]]></Event>
<EventKey><![CDATA[http://#]]></EventKey>
<MenuId>430845608</MenuId>
</xml>

2017-12-26 23:25:35 params :
------------
String:
array (
  'rule' => -2,
  'module' => '',
  'message' => 
  array (
    'tousername' => 'gh_aa3717ac21d2',
    'fromusername' => 'o1Iz5v1EvyFJ9CH3CJSrXnTdtWrM',
    'createtime' => '1514301934',
    'msgtype' => 'event',
    'event' => 'VIEW',
    'eventkey' => 'http://#',
    'menuid' => '430845608',
    'from' => 'o1Iz5v1EvyFJ9CH3CJSrXnTdtWrM',
    'to' => 'gh_aa3717ac21d2',
    'time' => '1514301934',
    'type' => 'text',
    'content' => 'http://#',
    'redirection' => true,
    'source' => 'VIEW',
  ),
)

2017-12-26 23:25:35 response :
------------

2017-12-26 23:25:48 trace :
------------
String:
<xml><ToUserName><![CDATA[gh_aa3717ac21d2]]></ToUserName>
<FromUserName><![CDATA[o1Iz5v1EvyFJ9CH3CJSrXnTdtWrM]]></FromUserName>
<CreateTime>1514301947</CreateTime>
<MsgType><![CDATA[event]]></MsgType>
<Event><![CDATA[LOCATION]]></Event>
<Latitude>37.449036</Latitude>
<Longitude>116.342239</Longitude>
<Precision>30.000000</Precision>
</xml>

2017-12-26 23:25:48 params :
------------
String:
array (
  'message' => 
  array (
    'tousername' => 'gh_aa3717ac21d2',
    'fromusername' => 'o1Iz5v1EvyFJ9CH3CJSrXnTdtWrM',
    'createtime' => '1514301947',
    'msgtype' => 'event',
    'event' => 'LOCATION',
    'latitude' => '37.449036',
    'longitude' => '116.342239',
    'precision' => '30.000000',
    'from' => 'o1Iz5v1EvyFJ9CH3CJSrXnTdtWrM',
    'to' => 'gh_aa3717ac21d2',
    'time' => '1514301947',
    'type' => 'trace',
    'location_x' => '37.449036',
    'location_y' => '116.342239',
  ),
  'module' => 'default',
  'rule' => '-1',
)

2017-12-26 23:25:48 response :
------------
Array:
errno : -1 ;
message : Invaild value ;

