2017-12-06 09:31:31 trace :
------------
String:
<xml><ToUserName><![CDATA[gh_b38195d9a8e5]]></ToUserName>
<FromUserName><![CDATA[oRRBhwKnQZavQkGEAoGOddJEOh5Y]]></FromUserName>
<CreateTime>1512523888</CreateTime>
<MsgType><![CDATA[text]]></MsgType>
<Content><![CDATA[查询]]></Content>
<MsgId>6496240633841733222</MsgId>
</xml>

2017-12-06 09:31:31 params :
------------
String:
array (
  'rule' => -2,
  'module' => '',
  'message' => 
  array (
    'tousername' => 'gh_b38195d9a8e5',
    'fromusername' => 'oRRBhwKnQZavQkGEAoGOddJEOh5Y',
    'createtime' => '1512523888',
    'msgtype' => 'text',
    'content' => '查询',
    'msgid' => '6496240633841733222',
    'from' => 'oRRBhwKnQZavQkGEAoGOddJEOh5Y',
    'to' => 'gh_b38195d9a8e5',
    'time' => '1512523888',
    'type' => 'text',
    'event' => NULL,
    'redirection' => false,
    'source' => NULL,
  ),
)

2017-12-06 09:31:31 response :
------------

2017-12-06 09:48:04 trace :
------------
String:
<xml><ToUserName><![CDATA[gh_b38195d9a8e5]]></ToUserName>
<FromUserName><![CDATA[oRRBhwH1n_nbz5O4gqweYXjRkVLU]]></FromUserName>
<CreateTime>1512524880</CreateTime>
<MsgType><![CDATA[event]]></MsgType>
<Event><![CDATA[subscribe]]></Event>
<EventKey><![CDATA[]]></EventKey>
</xml>

2017-12-06 09:48:04 params :
------------
String:
array (
  'rule' => -2,
  'module' => '',
  'message' => 
  array (
    'tousername' => 'gh_b38195d9a8e5',
    'fromusername' => 'oRRBhwH1n_nbz5O4gqweYXjRkVLU',
    'createtime' => '1512524880',
    'msgtype' => 'event',
    'event' => 'subscribe',
    'eventkey' => '',
    'from' => 'oRRBhwH1n_nbz5O4gqweYXjRkVLU',
    'to' => 'gh_b38195d9a8e5',
    'time' => '1512524880',
    'type' => 'text',
    'redirection' => true,
    'source' => 'subscribe',
  ),
)

2017-12-06 09:48:04 response :
------------

2017-12-06 09:48:20 trace :
------------
String:
<xml><ToUserName><![CDATA[gh_b38195d9a8e5]]></ToUserName>
<FromUserName><![CDATA[oRRBhwH1n_nbz5O4gqweYXjRkVLU]]></FromUserName>
<CreateTime>1512524896</CreateTime>
<MsgType><![CDATA[text]]></MsgType>
<Content><![CDATA[商城]]></Content>
<MsgId>6496244963168767897</MsgId>
</xml>

2017-12-06 09:48:20 params :
------------
String:
array (
  'message' => 
  array (
    'tousername' => 'gh_b38195d9a8e5',
    'fromusername' => 'oRRBhwH1n_nbz5O4gqweYXjRkVLU',
    'createtime' => '1512524896',
    'msgtype' => 'text',
    'content' => '商城',
    'msgid' => '6496244963168767897',
    'from' => 'oRRBhwH1n_nbz5O4gqweYXjRkVLU',
    'to' => 'gh_b38195d9a8e5',
    'time' => '1512524896',
    'type' => 'text',
    'event' => NULL,
    'redirection' => false,
    'source' => NULL,
  ),
  'module' => 'cover',
  'rule' => '108',
  'priority' => '0',
  'keyword' => 
  array (
    'id' => '22',
    'rid' => '108',
    'uniacid' => '4',
    'module' => 'cover',
    'content' => '商城',
    'type' => '1',
    'displayorder' => '0',
    'status' => '1',
    'reply_type' => 
    array (
    ),
  ),
  'reply_type' => 
  array (
  ),
)

2017-12-06 09:48:20 response :
------------
Array:
FromUserName : gh_b38195d9a8e5 ;
ToUserName : oRRBhwH1n_nbz5O4gqweYXjRkVLU ;
MsgType : news ;
ArticleCount : 1 ;
Articles : Array ;

2017-12-06 09:53:38 trace :
------------
String:
<xml><ToUserName><![CDATA[gh_b38195d9a8e5]]></ToUserName>
<FromUserName><![CDATA[oRRBhwK3YmqB6k9mbP3L9WhEXaFo]]></FromUserName>
<CreateTime>1512525215</CreateTime>
<MsgType><![CDATA[event]]></MsgType>
<Event><![CDATA[subscribe]]></Event>
<EventKey><![CDATA[]]></EventKey>
</xml>

2017-12-06 09:53:38 params :
------------
String:
array (
  'rule' => -2,
  'module' => '',
  'message' => 
  array (
    'tousername' => 'gh_b38195d9a8e5',
    'fromusername' => 'oRRBhwK3YmqB6k9mbP3L9WhEXaFo',
    'createtime' => '1512525215',
    'msgtype' => 'event',
    'event' => 'subscribe',
    'eventkey' => '',
    'from' => 'oRRBhwK3YmqB6k9mbP3L9WhEXaFo',
    'to' => 'gh_b38195d9a8e5',
    'time' => '1512525215',
    'type' => 'text',
    'redirection' => true,
    'source' => 'subscribe',
  ),
)

2017-12-06 09:53:38 response :
------------

2017-12-06 09:55:36 trace :
------------
String:
<xml><ToUserName><![CDATA[gh_b38195d9a8e5]]></ToUserName>
<FromUserName><![CDATA[oRRBhwK3YmqB6k9mbP3L9WhEXaFo]]></FromUserName>
<CreateTime>1512525332</CreateTime>
<MsgType><![CDATA[text]]></MsgType>
<Content><![CDATA[商城]]></Content>
<MsgId>6496246835774509034</MsgId>
</xml>

2017-12-06 09:55:36 params :
------------
String:
array (
  'message' => 
  array (
    'tousername' => 'gh_b38195d9a8e5',
    'fromusername' => 'oRRBhwK3YmqB6k9mbP3L9WhEXaFo',
    'createtime' => '1512525332',
    'msgtype' => 'text',
    'content' => '商城',
    'msgid' => '6496246835774509034',
    'from' => 'oRRBhwK3YmqB6k9mbP3L9WhEXaFo',
    'to' => 'gh_b38195d9a8e5',
    'time' => '1512525332',
    'type' => 'text',
    'event' => NULL,
    'redirection' => false,
    'source' => NULL,
  ),
  'module' => 'cover',
  'rule' => '108',
  'priority' => '0',
  'keyword' => 
  array (
    'id' => '22',
    'rid' => '108',
    'uniacid' => '4',
    'module' => 'cover',
    'content' => '商城',
    'type' => '1',
    'displayorder' => '0',
    'status' => '1',
    'reply_type' => 
    array (
    ),
  ),
  'reply_type' => 
  array (
  ),
)

2017-12-06 09:55:36 response :
------------
Array:
FromUserName : gh_b38195d9a8e5 ;
ToUserName : oRRBhwK3YmqB6k9mbP3L9WhEXaFo ;
MsgType : news ;
ArticleCount : 1 ;
Articles : Array ;

2017-12-06 10:09:44 trace :
------------
String:
<xml><ToUserName><![CDATA[gh_b38195d9a8e5]]></ToUserName>
<FromUserName><![CDATA[oRRBhwH1n_nbz5O4gqweYXjRkVLU]]></FromUserName>
<CreateTime>1512526180</CreateTime>
<MsgType><![CDATA[text]]></MsgType>
<Content><![CDATA[商城]]></Content>
<MsgId>6496250477906776313</MsgId>
</xml>

2017-12-06 10:09:44 params :
------------
String:
array (
  'message' => 
  array (
    'tousername' => 'gh_b38195d9a8e5',
    'fromusername' => 'oRRBhwH1n_nbz5O4gqweYXjRkVLU',
    'createtime' => '1512526180',
    'msgtype' => 'text',
    'content' => '商城',
    'msgid' => '6496250477906776313',
    'from' => 'oRRBhwH1n_nbz5O4gqweYXjRkVLU',
    'to' => 'gh_b38195d9a8e5',
    'time' => '1512526180',
    'type' => 'text',
    'event' => NULL,
    'redirection' => false,
    'source' => NULL,
  ),
  'module' => 'cover',
  'rule' => '108',
  'priority' => '0',
  'keyword' => 
  array (
    'id' => '22',
    'rid' => '108',
    'uniacid' => '4',
    'module' => 'cover',
    'content' => '商城',
    'type' => '1',
    'displayorder' => '0',
    'status' => '1',
    'reply_type' => 
    array (
    ),
  ),
  'reply_type' => 
  array (
  ),
)

2017-12-06 10:09:44 response :
------------
Array:
FromUserName : gh_b38195d9a8e5 ;
ToUserName : oRRBhwH1n_nbz5O4gqweYXjRkVLU ;
MsgType : news ;
ArticleCount : 1 ;
Articles : Array ;

2017-12-06 11:59:48 trace :
------------
String:
<xml><ToUserName><![CDATA[gh_b38195d9a8e5]]></ToUserName>
<FromUserName><![CDATA[oRRBhwKnQZavQkGEAoGOddJEOh5Y]]></FromUserName>
<CreateTime>1512532784</CreateTime>
<MsgType><![CDATA[event]]></MsgType>
<Event><![CDATA[VIEW]]></Event>
<EventKey><![CDATA[http://mp.0-22.net/app/index.php?i=4&c=entry&m=ewei_shopv2&do=mobile&r=goods.detail&id=6]]></EventKey>
<MenuId>462967928</MenuId>
</xml>

2017-12-06 11:59:48 params :
------------
String:
array (
  'rule' => -2,
  'module' => '',
  'message' => 
  array (
    'tousername' => 'gh_b38195d9a8e5',
    'fromusername' => 'oRRBhwKnQZavQkGEAoGOddJEOh5Y',
    'createtime' => '1512532784',
    'msgtype' => 'event',
    'event' => 'VIEW',
    'eventkey' => 'http://mp.0-22.net/app/index.php?i=4&c=entry&m=ewei_shopv2&do=mobile&r=goods.detail&id=6',
    'menuid' => '462967928',
    'from' => 'oRRBhwKnQZavQkGEAoGOddJEOh5Y',
    'to' => 'gh_b38195d9a8e5',
    'time' => '1512532784',
    'type' => 'text',
    'content' => 'http://mp.0-22.net/app/index.php?i=4&c=entry&m=ewei_shopv2&do=mobile&r=goods.detail&id=6',
    'redirection' => true,
    'source' => 'VIEW',
  ),
)

2017-12-06 11:59:48 response :
------------

2017-12-06 17:03:43 trace :
------------
String:
<xml><ToUserName><![CDATA[gh_b38195d9a8e5]]></ToUserName>
<FromUserName><![CDATA[oRRBhwKnQZavQkGEAoGOddJEOh5Y]]></FromUserName>
<CreateTime>1512551020</CreateTime>
<MsgType><![CDATA[event]]></MsgType>
<Event><![CDATA[VIEW]]></Event>
<EventKey><![CDATA[http://mp.0-22.net/app/index.php?i=4&c=entry&m=ewei_shopv2&do=mobile&r=goods.detail&id=6]]></EventKey>
<MenuId>462967928</MenuId>
</xml>

2017-12-06 17:03:43 params :
------------
String:
array (
  'rule' => -2,
  'module' => '',
  'message' => 
  array (
    'tousername' => 'gh_b38195d9a8e5',
    'fromusername' => 'oRRBhwKnQZavQkGEAoGOddJEOh5Y',
    'createtime' => '1512551020',
    'msgtype' => 'event',
    'event' => 'VIEW',
    'eventkey' => 'http://mp.0-22.net/app/index.php?i=4&c=entry&m=ewei_shopv2&do=mobile&r=goods.detail&id=6',
    'menuid' => '462967928',
    'from' => 'oRRBhwKnQZavQkGEAoGOddJEOh5Y',
    'to' => 'gh_b38195d9a8e5',
    'time' => '1512551020',
    'type' => 'text',
    'content' => 'http://mp.0-22.net/app/index.php?i=4&c=entry&m=ewei_shopv2&do=mobile&r=goods.detail&id=6',
    'redirection' => true,
    'source' => 'VIEW',
  ),
)

2017-12-06 17:03:43 response :
------------

2017-12-06 17:04:57 trace :
------------
String:
<xml><ToUserName><![CDATA[gh_b38195d9a8e5]]></ToUserName>
<FromUserName><![CDATA[oRRBhwKnQZavQkGEAoGOddJEOh5Y]]></FromUserName>
<CreateTime>1512551094</CreateTime>
<MsgType><![CDATA[event]]></MsgType>
<Event><![CDATA[VIEW]]></Event>
<EventKey><![CDATA[http://mp.0-22.net/app/index.php?i=4&c=entry&m=ewei_shopv2&do=mobile&r=goods.detail&id=6]]></EventKey>
<MenuId>462967928</MenuId>
</xml>

2017-12-06 17:04:57 params :
------------
String:
array (
  'rule' => -2,
  'module' => '',
  'message' => 
  array (
    'tousername' => 'gh_b38195d9a8e5',
    'fromusername' => 'oRRBhwKnQZavQkGEAoGOddJEOh5Y',
    'createtime' => '1512551094',
    'msgtype' => 'event',
    'event' => 'VIEW',
    'eventkey' => 'http://mp.0-22.net/app/index.php?i=4&c=entry&m=ewei_shopv2&do=mobile&r=goods.detail&id=6',
    'menuid' => '462967928',
    'from' => 'oRRBhwKnQZavQkGEAoGOddJEOh5Y',
    'to' => 'gh_b38195d9a8e5',
    'time' => '1512551094',
    'type' => 'text',
    'content' => 'http://mp.0-22.net/app/index.php?i=4&c=entry&m=ewei_shopv2&do=mobile&r=goods.detail&id=6',
    'redirection' => true,
    'source' => 'VIEW',
  ),
)

2017-12-06 17:04:57 response :
------------

2017-12-06 17:21:18 trace :
------------
String:
<xml><ToUserName><![CDATA[gh_b38195d9a8e5]]></ToUserName>
<FromUserName><![CDATA[oRRBhwKnQZavQkGEAoGOddJEOh5Y]]></FromUserName>
<CreateTime>1512552074</CreateTime>
<MsgType><![CDATA[event]]></MsgType>
<Event><![CDATA[VIEW]]></Event>
<EventKey><![CDATA[http://mp.0-22.net/app/index.php?i=4&c=entry&m=ewei_shopv2&do=mobile&r=goods.detail&id=6]]></EventKey>
<MenuId>462967928</MenuId>
</xml>

2017-12-06 17:21:18 params :
------------
String:
array (
  'rule' => -2,
  'module' => '',
  'message' => 
  array (
    'tousername' => 'gh_b38195d9a8e5',
    'fromusername' => 'oRRBhwKnQZavQkGEAoGOddJEOh5Y',
    'createtime' => '1512552074',
    'msgtype' => 'event',
    'event' => 'VIEW',
    'eventkey' => 'http://mp.0-22.net/app/index.php?i=4&c=entry&m=ewei_shopv2&do=mobile&r=goods.detail&id=6',
    'menuid' => '462967928',
    'from' => 'oRRBhwKnQZavQkGEAoGOddJEOh5Y',
    'to' => 'gh_b38195d9a8e5',
    'time' => '1512552074',
    'type' => 'text',
    'content' => 'http://mp.0-22.net/app/index.php?i=4&c=entry&m=ewei_shopv2&do=mobile&r=goods.detail&id=6',
    'redirection' => true,
    'source' => 'VIEW',
  ),
)

2017-12-06 17:21:18 response :
------------

2017-12-06 17:26:29 trace :
------------
String:
<xml><ToUserName><![CDATA[gh_b38195d9a8e5]]></ToUserName>
<FromUserName><![CDATA[oRRBhwKnQZavQkGEAoGOddJEOh5Y]]></FromUserName>
<CreateTime>1512552386</CreateTime>
<MsgType><![CDATA[event]]></MsgType>
<Event><![CDATA[VIEW]]></Event>
<EventKey><![CDATA[http://mp.0-22.net/app/index.php?i=4&c=entry&m=ewei_shopv2&do=mobile&r=commission]]></EventKey>
<MenuId>462967928</MenuId>
</xml>

2017-12-06 17:26:29 params :
------------
String:
array (
  'rule' => -2,
  'module' => '',
  'message' => 
  array (
    'tousername' => 'gh_b38195d9a8e5',
    'fromusername' => 'oRRBhwKnQZavQkGEAoGOddJEOh5Y',
    'createtime' => '1512552386',
    'msgtype' => 'event',
    'event' => 'VIEW',
    'eventkey' => 'http://mp.0-22.net/app/index.php?i=4&c=entry&m=ewei_shopv2&do=mobile&r=commission',
    'menuid' => '462967928',
    'from' => 'oRRBhwKnQZavQkGEAoGOddJEOh5Y',
    'to' => 'gh_b38195d9a8e5',
    'time' => '1512552386',
    'type' => 'text',
    'content' => 'http://mp.0-22.net/app/index.php?i=4&c=entry&m=ewei_shopv2&do=mobile&r=commission',
    'redirection' => true,
    'source' => 'VIEW',
  ),
)

2017-12-06 17:26:29 response :
------------

