2017-12-10 15:51:40 trace :
------------
String:
<xml><ToUserName><![CDATA[gh_b38195d9a8e5]]></ToUserName>
<FromUserName><![CDATA[oRRBhwKnQZavQkGEAoGOddJEOh5Y]]></FromUserName>
<CreateTime>1512892296</CreateTime>
<MsgType><![CDATA[text]]></MsgType>
<Content><![CDATA[社区]]></Content>
<MsgId>6497822934153408961</MsgId>
</xml>

2017-12-10 15:51:40 params :
------------
String:
array (
  'message' => 
  array (
    'tousername' => 'gh_b38195d9a8e5',
    'fromusername' => 'oRRBhwKnQZavQkGEAoGOddJEOh5Y',
    'createtime' => '1512892296',
    'msgtype' => 'text',
    'content' => '社区',
    'msgid' => '6497822934153408961',
    'from' => 'oRRBhwKnQZavQkGEAoGOddJEOh5Y',
    'to' => 'gh_b38195d9a8e5',
    'time' => '1512892296',
    'type' => 'text',
    'event' => NULL,
    'redirection' => false,
    'source' => NULL,
  ),
  'module' => 'cover',
  'rule' => '119',
  'priority' => '0',
  'keyword' => 
  array (
    'id' => '33',
    'rid' => '119',
    'uniacid' => '4',
    'module' => 'cover',
    'content' => '社区',
    'type' => '1',
    'displayorder' => '0',
    'status' => '1',
    'reply_type' => 
    array (
    ),
  ),
  'reply_type' => 
  array (
  ),
)

2017-12-10 15:51:40 response :
------------
Array:
FromUserName : gh_b38195d9a8e5 ;
ToUserName : oRRBhwKnQZavQkGEAoGOddJEOh5Y ;
MsgType : news ;
ArticleCount : 1 ;
Articles : Array ;

