2017-12-13 13:58:06 trace :
------------
String:
<xml><ToUserName><![CDATA[gh_b38195d9a8e5]]></ToUserName>
<FromUserName><![CDATA[oRRBhwKnQZavQkGEAoGOddJEOh5Y]]></FromUserName>
<CreateTime>1513144682</CreateTime>
<MsgType><![CDATA[event]]></MsgType>
<Event><![CDATA[VIEW]]></Event>
<EventKey><![CDATA[http://mp.0-22.net/app/index.php?i=4&c=entry&m=ewei_shopv2&do=mobile&r=goods.detail&id=6]]></EventKey>
<MenuId>462967928</MenuId>
</xml>

2017-12-13 13:58:06 params :
------------
String:
array (
  'rule' => -2,
  'module' => '',
  'message' => 
  array (
    'tousername' => 'gh_b38195d9a8e5',
    'fromusername' => 'oRRBhwKnQZavQkGEAoGOddJEOh5Y',
    'createtime' => '1513144682',
    'msgtype' => 'event',
    'event' => 'VIEW',
    'eventkey' => 'http://mp.0-22.net/app/index.php?i=4&c=entry&m=ewei_shopv2&do=mobile&r=goods.detail&id=6',
    'menuid' => '462967928',
    'from' => 'oRRBhwKnQZavQkGEAoGOddJEOh5Y',
    'to' => 'gh_b38195d9a8e5',
    'time' => '1513144682',
    'type' => 'text',
    'content' => 'http://mp.0-22.net/app/index.php?i=4&c=entry&m=ewei_shopv2&do=mobile&r=goods.detail&id=6',
    'redirection' => true,
    'source' => 'VIEW',
  ),
)

2017-12-13 13:58:06 response :
------------

