2017-12-02 15:33:30 trace :
------------
String:
<xml><ToUserName><![CDATA[gh_b38195d9a8e5]]></ToUserName>
<FromUserName><![CDATA[oRRBhwKnQZavQkGEAoGOddJEOh5Y]]></FromUserName>
<CreateTime>1512200008</CreateTime>
<MsgType><![CDATA[event]]></MsgType>
<Event><![CDATA[VIEW]]></Event>
<EventKey><![CDATA[http://mp.0-22.net/app/index.php?i=4&c=entry&eid=2464]]></EventKey>
<MenuId>460800121</MenuId>
</xml>

2017-12-02 15:33:30 params :
------------
String:
array (
  'rule' => -2,
  'module' => '',
  'message' => 
  array (
    'tousername' => 'gh_b38195d9a8e5',
    'fromusername' => 'oRRBhwKnQZavQkGEAoGOddJEOh5Y',
    'createtime' => '1512200008',
    'msgtype' => 'event',
    'event' => 'VIEW',
    'eventkey' => 'http://mp.0-22.net/app/index.php?i=4&c=entry&eid=2464',
    'menuid' => '460800121',
    'from' => 'oRRBhwKnQZavQkGEAoGOddJEOh5Y',
    'to' => 'gh_b38195d9a8e5',
    'time' => '1512200008',
    'type' => 'text',
    'content' => 'http://mp.0-22.net/app/index.php?i=4&c=entry&eid=2464',
    'redirection' => true,
    'source' => 'VIEW',
  ),
)

2017-12-02 15:33:30 response :
------------

2017-12-02 15:33:42 trace :
------------
String:
<xml><ToUserName><![CDATA[gh_b38195d9a8e5]]></ToUserName>
<FromUserName><![CDATA[oRRBhwKnQZavQkGEAoGOddJEOh5Y]]></FromUserName>
<CreateTime>1512200020</CreateTime>
<MsgType><![CDATA[text]]></MsgType>
<Content><![CDATA[商城]]></Content>
<MsgId>6494849631373476415</MsgId>
</xml>

2017-12-02 15:33:42 params :
------------
String:
array (
  'rule' => -2,
  'module' => '',
  'message' => 
  array (
    'tousername' => 'gh_b38195d9a8e5',
    'fromusername' => 'oRRBhwKnQZavQkGEAoGOddJEOh5Y',
    'createtime' => '1512200020',
    'msgtype' => 'text',
    'content' => '商城',
    'msgid' => '6494849631373476415',
    'from' => 'oRRBhwKnQZavQkGEAoGOddJEOh5Y',
    'to' => 'gh_b38195d9a8e5',
    'time' => '1512200020',
    'type' => 'text',
    'event' => NULL,
    'redirection' => false,
    'source' => NULL,
  ),
)

2017-12-02 15:33:42 response :
------------

2017-12-02 15:47:17 trace :
------------
String:
<xml><ToUserName><![CDATA[gh_b38195d9a8e5]]></ToUserName>
<FromUserName><![CDATA[oRRBhwKnQZavQkGEAoGOddJEOh5Y]]></FromUserName>
<CreateTime>1512200835</CreateTime>
<MsgType><![CDATA[text]]></MsgType>
<Content><![CDATA[会员]]></Content>
<MsgId>6494853131771822792</MsgId>
</xml>

2017-12-02 15:47:17 params :
------------
String:
array (
  'message' => 
  array (
    'tousername' => 'gh_b38195d9a8e5',
    'fromusername' => 'oRRBhwKnQZavQkGEAoGOddJEOh5Y',
    'createtime' => '1512200835',
    'msgtype' => 'text',
    'content' => '会员',
    'msgid' => '6494853131771822792',
    'from' => 'oRRBhwKnQZavQkGEAoGOddJEOh5Y',
    'to' => 'gh_b38195d9a8e5',
    'time' => '1512200835',
    'type' => 'text',
    'event' => NULL,
    'redirection' => false,
    'source' => NULL,
  ),
  'module' => 'cover',
  'rule' => '106',
  'priority' => '0',
  'keyword' => 
  array (
    'id' => '20',
    'rid' => '106',
    'uniacid' => '4',
    'module' => 'cover',
    'content' => '会员',
    'type' => '1',
    'displayorder' => '0',
    'status' => '1',
    'reply_type' => 
    array (
    ),
  ),
  'reply_type' => 
  array (
  ),
)

2017-12-02 15:47:17 response :
------------
Array:
FromUserName : gh_b38195d9a8e5 ;
ToUserName : oRRBhwKnQZavQkGEAoGOddJEOh5Y ;
MsgType : news ;
ArticleCount : 1 ;
Articles : Array ;

2017-12-02 17:11:10 trace :
------------
String:
<xml><ToUserName><![CDATA[gh_b38195d9a8e5]]></ToUserName>
<FromUserName><![CDATA[oRRBhwKnQZavQkGEAoGOddJEOh5Y]]></FromUserName>
<CreateTime>1512205868</CreateTime>
<MsgType><![CDATA[text]]></MsgType>
<Content><![CDATA[商家入口]]></Content>
<MsgId>6494874748342224435</MsgId>
</xml>

2017-12-02 17:11:10 params :
------------
String:
array (
  'message' => 
  array (
    'tousername' => 'gh_b38195d9a8e5',
    'fromusername' => 'oRRBhwKnQZavQkGEAoGOddJEOh5Y',
    'createtime' => '1512205868',
    'msgtype' => 'text',
    'content' => '商家入口',
    'msgid' => '6494874748342224435',
    'from' => 'oRRBhwKnQZavQkGEAoGOddJEOh5Y',
    'to' => 'gh_b38195d9a8e5',
    'time' => '1512205868',
    'type' => 'text',
    'event' => NULL,
    'redirection' => false,
    'source' => NULL,
  ),
  'module' => 'ewei_shopv2',
  'rule' => '110',
  'priority' => '0',
  'keyword' => 
  array (
    'id' => '24',
    'rid' => '110',
    'uniacid' => '4',
    'module' => 'ewei_shopv2',
    'content' => '商家入口',
    'type' => '1',
    'displayorder' => '0',
    'status' => '1',
    'reply_type' => 
    array (
    ),
  ),
  'reply_type' => 
  array (
  ),
)

2017-12-02 17:11:10 response :
------------
Array:
FromUserName : gh_b38195d9a8e5 ;
ToUserName : oRRBhwKnQZavQkGEAoGOddJEOh5Y ;
MsgType : news ;
ArticleCount : 4 ;
Articles : Array ;

2017-12-02 17:27:31 trace :
------------
String:
<xml><ToUserName><![CDATA[gh_b38195d9a8e5]]></ToUserName>
<FromUserName><![CDATA[oRRBhwKnQZavQkGEAoGOddJEOh5Y]]></FromUserName>
<CreateTime>1512206849</CreateTime>
<MsgType><![CDATA[text]]></MsgType>
<Content><![CDATA[商城]]></Content>
<MsgId>6494878961705142009</MsgId>
</xml>

2017-12-02 17:27:31 params :
------------
String:
array (
  'message' => 
  array (
    'tousername' => 'gh_b38195d9a8e5',
    'fromusername' => 'oRRBhwKnQZavQkGEAoGOddJEOh5Y',
    'createtime' => '1512206849',
    'msgtype' => 'text',
    'content' => '商城',
    'msgid' => '6494878961705142009',
    'from' => 'oRRBhwKnQZavQkGEAoGOddJEOh5Y',
    'to' => 'gh_b38195d9a8e5',
    'time' => '1512206849',
    'type' => 'text',
    'event' => NULL,
    'redirection' => false,
    'source' => NULL,
  ),
  'module' => 'cover',
  'rule' => '108',
  'priority' => '0',
  'keyword' => 
  array (
    'id' => '22',
    'rid' => '108',
    'uniacid' => '4',
    'module' => 'cover',
    'content' => '商城',
    'type' => '1',
    'displayorder' => '0',
    'status' => '1',
    'reply_type' => 
    array (
    ),
  ),
  'reply_type' => 
  array (
  ),
)

2017-12-02 17:27:31 response :
------------
Array:
FromUserName : gh_b38195d9a8e5 ;
ToUserName : oRRBhwKnQZavQkGEAoGOddJEOh5Y ;
MsgType : news ;
ArticleCount : 1 ;
Articles : Array ;

2017-12-02 20:43:44 trace :
------------
String:
<xml><ToUserName><![CDATA[gh_b38195d9a8e5]]></ToUserName>
<FromUserName><![CDATA[oRRBhwKnQZavQkGEAoGOddJEOh5Y]]></FromUserName>
<CreateTime>1512218622</CreateTime>
<MsgType><![CDATA[text]]></MsgType>
<Content><![CDATA[直播]]></Content>
<MsgId>6494929526355119292</MsgId>
</xml>

2017-12-02 20:43:44 params :
------------
String:
array (
  'message' => 
  array (
    'tousername' => 'gh_b38195d9a8e5',
    'fromusername' => 'oRRBhwKnQZavQkGEAoGOddJEOh5Y',
    'createtime' => '1512218622',
    'msgtype' => 'text',
    'content' => '直播',
    'msgid' => '6494929526355119292',
    'from' => 'oRRBhwKnQZavQkGEAoGOddJEOh5Y',
    'to' => 'gh_b38195d9a8e5',
    'time' => '1512218622',
    'type' => 'text',
    'event' => NULL,
    'redirection' => false,
    'source' => NULL,
  ),
  'module' => 'cover',
  'rule' => '113',
  'priority' => '0',
  'keyword' => 
  array (
    'id' => '27',
    'rid' => '113',
    'uniacid' => '4',
    'module' => 'cover',
    'content' => '直播',
    'type' => '1',
    'displayorder' => '0',
    'status' => '1',
    'reply_type' => 
    array (
    ),
  ),
  'reply_type' => 
  array (
  ),
)

2017-12-02 20:43:44 response :
------------
Array:
FromUserName : gh_b38195d9a8e5 ;
ToUserName : oRRBhwKnQZavQkGEAoGOddJEOh5Y ;
MsgType : news ;
ArticleCount : 1 ;
Articles : Array ;

