2018-03-25 08:00:36 trace :
------------
String:
<xml><ToUserName><![CDATA[gh_b38195d9a8e5]]></ToUserName>
<FromUserName><![CDATA[oRRBhwKnQZavQkGEAoGOddJEOh5Y]]></FromUserName>
<CreateTime>1521936035</CreateTime>
<MsgType><![CDATA[event]]></MsgType>
<Event><![CDATA[VIEW]]></Event>
<EventKey><![CDATA[http://tb.0-22.net/index.php?r=index/r]]></EventKey>
<MenuId>464313590</MenuId>
</xml>

2018-03-25 08:00:37 params :
------------
String:
array (
  'rule' => -2,
  'module' => '',
  'message' => 
  array (
    'tousername' => 'gh_b38195d9a8e5',
    'fromusername' => 'oRRBhwKnQZavQkGEAoGOddJEOh5Y',
    'createtime' => '1521936035',
    'msgtype' => 'event',
    'event' => 'VIEW',
    'eventkey' => 'http://tb.0-22.net/index.php?r=index/r',
    'menuid' => '464313590',
    'from' => 'oRRBhwKnQZavQkGEAoGOddJEOh5Y',
    'to' => 'gh_b38195d9a8e5',
    'time' => '1521936035',
    'type' => 'text',
    'content' => 'http://tb.0-22.net/index.php?r=index/r',
    'redirection' => true,
    'source' => 'VIEW',
  ),
)

2018-03-25 08:00:37 response :
------------

2018-03-25 08:01:11 trace :
------------
String:
<xml><ToUserName><![CDATA[gh_b38195d9a8e5]]></ToUserName>
<FromUserName><![CDATA[oRRBhwKnQZavQkGEAoGOddJEOh5Y]]></FromUserName>
<CreateTime>1521936070</CreateTime>
<MsgType><![CDATA[event]]></MsgType>
<Event><![CDATA[VIEW]]></Event>
<EventKey><![CDATA[http://tb.0-22.net/index.php?r=p/wap]]></EventKey>
<MenuId>464313590</MenuId>
</xml>

2018-03-25 08:01:11 params :
------------
String:
array (
  'rule' => -2,
  'module' => '',
  'message' => 
  array (
    'tousername' => 'gh_b38195d9a8e5',
    'fromusername' => 'oRRBhwKnQZavQkGEAoGOddJEOh5Y',
    'createtime' => '1521936070',
    'msgtype' => 'event',
    'event' => 'VIEW',
    'eventkey' => 'http://tb.0-22.net/index.php?r=p/wap',
    'menuid' => '464313590',
    'from' => 'oRRBhwKnQZavQkGEAoGOddJEOh5Y',
    'to' => 'gh_b38195d9a8e5',
    'time' => '1521936070',
    'type' => 'text',
    'content' => 'http://tb.0-22.net/index.php?r=p/wap',
    'redirection' => true,
    'source' => 'VIEW',
  ),
)

2018-03-25 08:01:11 response :
------------

2018-03-25 10:39:02 trace :
------------
String:
<xml><ToUserName><![CDATA[gh_7844c882daf6]]></ToUserName>
<FromUserName><![CDATA[o62GS1Q3-wrpKDuNI42iJSDTdcXI]]></FromUserName>
<CreateTime>1521945541</CreateTime>
<MsgType><![CDATA[event]]></MsgType>
<Event><![CDATA[unsubscribe]]></Event>
<EventKey><![CDATA[]]></EventKey>
</xml>

2018-03-25 11:57:51 trace :
------------
String:
<xml><ToUserName><![CDATA[gh_7844c882daf6]]></ToUserName>
<FromUserName><![CDATA[o62GS1SkkbFE7L6FAAEbL3ybRHeY]]></FromUserName>
<CreateTime>1521950270</CreateTime>
<MsgType><![CDATA[event]]></MsgType>
<Event><![CDATA[unsubscribe]]></Event>
<EventKey><![CDATA[]]></EventKey>
</xml>

2018-03-25 13:13:47 trace :
------------
String:
<xml><ToUserName><![CDATA[gh_b38195d9a8e5]]></ToUserName>
<FromUserName><![CDATA[oRRBhwKnQZavQkGEAoGOddJEOh5Y]]></FromUserName>
<CreateTime>1521954826</CreateTime>
<MsgType><![CDATA[event]]></MsgType>
<Event><![CDATA[VIEW]]></Event>
<EventKey><![CDATA[http://tb.0-22.net/index.php?r=index/9]]></EventKey>
<MenuId>464313590</MenuId>
</xml>

2018-03-25 13:13:47 params :
------------
String:
array (
  'rule' => -2,
  'module' => '',
  'message' => 
  array (
    'tousername' => 'gh_b38195d9a8e5',
    'fromusername' => 'oRRBhwKnQZavQkGEAoGOddJEOh5Y',
    'createtime' => '1521954826',
    'msgtype' => 'event',
    'event' => 'VIEW',
    'eventkey' => 'http://tb.0-22.net/index.php?r=index/9',
    'menuid' => '464313590',
    'from' => 'oRRBhwKnQZavQkGEAoGOddJEOh5Y',
    'to' => 'gh_b38195d9a8e5',
    'time' => '1521954826',
    'type' => 'text',
    'content' => 'http://tb.0-22.net/index.php?r=index/9',
    'redirection' => true,
    'source' => 'VIEW',
  ),
)

2018-03-25 13:13:47 response :
------------

2018-03-25 14:06:52 trace :
------------
String:
<xml><ToUserName><![CDATA[gh_7844c882daf6]]></ToUserName>
<FromUserName><![CDATA[o62GS1cWQqFt2lrSm7A8lgptpqi4]]></FromUserName>
<CreateTime>1521958011</CreateTime>
<MsgType><![CDATA[event]]></MsgType>
<Event><![CDATA[unsubscribe]]></Event>
<EventKey><![CDATA[]]></EventKey>
</xml>

2018-03-25 20:14:10 trace :
------------
String:
<xml><ToUserName><![CDATA[gh_7844c882daf6]]></ToUserName>
<FromUserName><![CDATA[o62GS1a-mRhupA-lOSFmEvXnR3x8]]></FromUserName>
<CreateTime>1521980049</CreateTime>
<MsgType><![CDATA[event]]></MsgType>
<Event><![CDATA[unsubscribe]]></Event>
<EventKey><![CDATA[]]></EventKey>
</xml>

