2018-03-09 08:53:25 trace :
------------
String:
<xml><ToUserName><![CDATA[gh_7844c882daf6]]></ToUserName>
<FromUserName><![CDATA[o62GS1Q0kb0hdZ5ieZW0bzTny6qg]]></FromUserName>
<CreateTime>1520556804</CreateTime>
<MsgType><![CDATA[event]]></MsgType>
<Event><![CDATA[subscribe]]></Event>
<EventKey><![CDATA[]]></EventKey>
</xml>

2018-03-09 08:53:25 params :
------------
String:
array (
  'rule' => -2,
  'module' => '',
  'message' => 
  array (
    'tousername' => 'gh_7844c882daf6',
    'fromusername' => 'o62GS1Q0kb0hdZ5ieZW0bzTny6qg',
    'createtime' => '1520556804',
    'msgtype' => 'event',
    'event' => 'subscribe',
    'eventkey' => '',
    'from' => 'o62GS1Q0kb0hdZ5ieZW0bzTny6qg',
    'to' => 'gh_7844c882daf6',
    'time' => '1520556804',
    'type' => 'text',
    'redirection' => true,
    'source' => 'subscribe',
  ),
)

2018-03-09 08:53:25 response :
------------

2018-03-09 17:00:10 trace :
------------
Array:
errno : -1 ;
message : 微信公众平台返回接口错误. 
错误代码为: 40002 
,错误描述为: xml解析失败 ;

2018-03-09 17:00:11 trace :
------------
Array:
errno : -1 ;
message : 微信公众平台返回接口错误. 
错误代码为: 40002 
,错误描述为: xml解析失败 ;

2018-03-09 17:00:13 trace :
------------
Array:
errno : -1 ;
message : 微信公众平台返回接口错误. 
错误代码为: 40002 
,错误描述为: xml解析失败 ;

2018-03-09 22:11:12 trace :
------------
String:
<xml><ToUserName><![CDATA[gh_7844c882daf6]]></ToUserName>
<FromUserName><![CDATA[o62GS1fHFzMpvivLslLVp4_WOztA]]></FromUserName>
<CreateTime>1520604671</CreateTime>
<MsgType><![CDATA[event]]></MsgType>
<Event><![CDATA[unsubscribe]]></Event>
<EventKey><![CDATA[]]></EventKey>
</xml>

