2018-02-15 17:12:00 trace :
------------
String:
<xml><ToUserName><![CDATA[gh_7844c882daf6]]></ToUserName>
<FromUserName><![CDATA[o62GS1TIz1NcAeCch8CUXnIxW8yA]]></FromUserName>
<CreateTime>1518685919</CreateTime>
<MsgType><![CDATA[event]]></MsgType>
<Event><![CDATA[subscribe]]></Event>
<EventKey><![CDATA[]]></EventKey>
</xml>

2018-02-15 17:12:00 params :
------------
String:
array (
  'rule' => -2,
  'module' => '',
  'message' => 
  array (
    'tousername' => 'gh_7844c882daf6',
    'fromusername' => 'o62GS1TIz1NcAeCch8CUXnIxW8yA',
    'createtime' => '1518685919',
    'msgtype' => 'event',
    'event' => 'subscribe',
    'eventkey' => '',
    'from' => 'o62GS1TIz1NcAeCch8CUXnIxW8yA',
    'to' => 'gh_7844c882daf6',
    'time' => '1518685919',
    'type' => 'text',
    'redirection' => true,
    'source' => 'subscribe',
  ),
)

2018-02-15 17:12:00 response :
------------

