2018-04-13 08:13:41 trace :
------------
String:
<xml><ToUserName><![CDATA[gh_7844c882daf6]]></ToUserName>
<FromUserName><![CDATA[o62GS1XDyS77xm45I8x5pN7aSEPM]]></FromUserName>
<CreateTime>1523578420</CreateTime>
<MsgType><![CDATA[event]]></MsgType>
<Event><![CDATA[unsubscribe]]></Event>
<EventKey><![CDATA[]]></EventKey>
</xml>

2018-04-13 09:43:35 trace :
------------
String:
<xml><ToUserName><![CDATA[gh_7281c5520903]]></ToUserName>
<FromUserName><![CDATA[oGSJ8w24g5URMTBEVoKvltBbhzSs]]></FromUserName>
<CreateTime>1523583814</CreateTime>
<MsgType><![CDATA[event]]></MsgType>
<Event><![CDATA[VIEW]]></Event>
<EventKey><![CDATA[https://mp.0-22.net/app/index.php?i=15&c=entry&m=ewei_shopv2&do=mobile&r=member]]></EventKey>
<MenuId>477705747</MenuId>
</xml>

2018-04-13 09:43:35 params :
------------
String:
array (
  'rule' => -2,
  'module' => '',
  'message' => 
  array (
    'tousername' => 'gh_7281c5520903',
    'fromusername' => 'oGSJ8w24g5URMTBEVoKvltBbhzSs',
    'createtime' => '1523583814',
    'msgtype' => 'event',
    'event' => 'VIEW',
    'eventkey' => 'https://mp.0-22.net/app/index.php?i=15&c=entry&m=ewei_shopv2&do=mobile&r=member',
    'menuid' => '477705747',
    'from' => 'oGSJ8w24g5URMTBEVoKvltBbhzSs',
    'to' => 'gh_7281c5520903',
    'time' => '1523583814',
    'type' => 'text',
    'content' => 'https://mp.0-22.net/app/index.php?i=15&c=entry&m=ewei_shopv2&do=mobile&r=member',
    'redirection' => true,
    'source' => 'VIEW',
  ),
)

2018-04-13 09:43:35 response :
------------

2018-04-13 11:31:56 trace :
------------
String:
<xml><ToUserName><![CDATA[gh_7844c882daf6]]></ToUserName>
<FromUserName><![CDATA[o62GS1c6LH6c-QMHrYQe7bTMTMio]]></FromUserName>
<CreateTime>1523590315</CreateTime>
<MsgType><![CDATA[event]]></MsgType>
<Event><![CDATA[unsubscribe]]></Event>
<EventKey><![CDATA[]]></EventKey>
</xml>

2018-04-13 15:33:57 trace :
------------
String:
<xml><ToUserName><![CDATA[gh_b38195d9a8e5]]></ToUserName>
<FromUserName><![CDATA[oRRBhwKnQZavQkGEAoGOddJEOh5Y]]></FromUserName>
<CreateTime>1523604836</CreateTime>
<MsgType><![CDATA[event]]></MsgType>
<Event><![CDATA[VIEW]]></Event>
<EventKey><![CDATA[http://mp.0-22.net/app/index.php?i=4&c=entry&eid=2370]]></EventKey>
<MenuId>464313590</MenuId>
</xml>

2018-04-13 15:33:57 params :
------------
String:
array (
  'rule' => -2,
  'module' => '',
  'message' => 
  array (
    'tousername' => 'gh_b38195d9a8e5',
    'fromusername' => 'oRRBhwKnQZavQkGEAoGOddJEOh5Y',
    'createtime' => '1523604836',
    'msgtype' => 'event',
    'event' => 'VIEW',
    'eventkey' => 'http://mp.0-22.net/app/index.php?i=4&c=entry&eid=2370',
    'menuid' => '464313590',
    'from' => 'oRRBhwKnQZavQkGEAoGOddJEOh5Y',
    'to' => 'gh_b38195d9a8e5',
    'time' => '1523604836',
    'type' => 'text',
    'content' => 'http://mp.0-22.net/app/index.php?i=4&c=entry&eid=2370',
    'redirection' => true,
    'source' => 'VIEW',
  ),
)

2018-04-13 15:33:57 response :
------------

