2018-03-22 08:06:46 trace :
------------
String:
<xml><ToUserName><![CDATA[gh_b38195d9a8e5]]></ToUserName>
<FromUserName><![CDATA[oRRBhwKnQZavQkGEAoGOddJEOh5Y]]></FromUserName>
<CreateTime>1521677205</CreateTime>
<MsgType><![CDATA[event]]></MsgType>
<Event><![CDATA[VIEW]]></Event>
<EventKey><![CDATA[http://tb.0-22.net/index.php?r=index/9]]></EventKey>
<MenuId>464313590</MenuId>
</xml>

2018-03-22 08:06:47 params :
------------
String:
array (
  'rule' => -2,
  'module' => '',
  'message' => 
  array (
    'tousername' => 'gh_b38195d9a8e5',
    'fromusername' => 'oRRBhwKnQZavQkGEAoGOddJEOh5Y',
    'createtime' => '1521677205',
    'msgtype' => 'event',
    'event' => 'VIEW',
    'eventkey' => 'http://tb.0-22.net/index.php?r=index/9',
    'menuid' => '464313590',
    'from' => 'oRRBhwKnQZavQkGEAoGOddJEOh5Y',
    'to' => 'gh_b38195d9a8e5',
    'time' => '1521677205',
    'type' => 'text',
    'content' => 'http://tb.0-22.net/index.php?r=index/9',
    'redirection' => true,
    'source' => 'VIEW',
  ),
)

2018-03-22 08:06:47 response :
------------

2018-03-22 08:06:52 trace :
------------
String:
<xml><ToUserName><![CDATA[gh_b38195d9a8e5]]></ToUserName>
<FromUserName><![CDATA[oRRBhwKnQZavQkGEAoGOddJEOh5Y]]></FromUserName>
<CreateTime>1521677211</CreateTime>
<MsgType><![CDATA[event]]></MsgType>
<Event><![CDATA[VIEW]]></Event>
<EventKey><![CDATA[http://tb.0-22.net/index.php?r=ddq/wap]]></EventKey>
<MenuId>464313590</MenuId>
</xml>

2018-03-22 08:06:53 params :
------------
String:
array (
  'rule' => -2,
  'module' => '',
  'message' => 
  array (
    'tousername' => 'gh_b38195d9a8e5',
    'fromusername' => 'oRRBhwKnQZavQkGEAoGOddJEOh5Y',
    'createtime' => '1521677211',
    'msgtype' => 'event',
    'event' => 'VIEW',
    'eventkey' => 'http://tb.0-22.net/index.php?r=ddq/wap',
    'menuid' => '464313590',
    'from' => 'oRRBhwKnQZavQkGEAoGOddJEOh5Y',
    'to' => 'gh_b38195d9a8e5',
    'time' => '1521677211',
    'type' => 'text',
    'content' => 'http://tb.0-22.net/index.php?r=ddq/wap',
    'redirection' => true,
    'source' => 'VIEW',
  ),
)

2018-03-22 08:06:53 response :
------------

2018-03-22 08:07:02 trace :
------------
String:
<xml><ToUserName><![CDATA[gh_b38195d9a8e5]]></ToUserName>
<FromUserName><![CDATA[oRRBhwKnQZavQkGEAoGOddJEOh5Y]]></FromUserName>
<CreateTime>1521677221</CreateTime>
<MsgType><![CDATA[event]]></MsgType>
<Event><![CDATA[VIEW]]></Event>
<EventKey><![CDATA[http://tb.0-22.net/index.php?r=p/wap]]></EventKey>
<MenuId>464313590</MenuId>
</xml>

2018-03-22 08:07:03 params :
------------
String:
array (
  'rule' => -2,
  'module' => '',
  'message' => 
  array (
    'tousername' => 'gh_b38195d9a8e5',
    'fromusername' => 'oRRBhwKnQZavQkGEAoGOddJEOh5Y',
    'createtime' => '1521677221',
    'msgtype' => 'event',
    'event' => 'VIEW',
    'eventkey' => 'http://tb.0-22.net/index.php?r=p/wap',
    'menuid' => '464313590',
    'from' => 'oRRBhwKnQZavQkGEAoGOddJEOh5Y',
    'to' => 'gh_b38195d9a8e5',
    'time' => '1521677221',
    'type' => 'text',
    'content' => 'http://tb.0-22.net/index.php?r=p/wap',
    'redirection' => true,
    'source' => 'VIEW',
  ),
)

2018-03-22 08:07:03 response :
------------

2018-03-22 08:07:07 trace :
------------
String:
<xml><ToUserName><![CDATA[gh_b38195d9a8e5]]></ToUserName>
<FromUserName><![CDATA[oRRBhwKnQZavQkGEAoGOddJEOh5Y]]></FromUserName>
<CreateTime>1521677226</CreateTime>
<MsgType><![CDATA[event]]></MsgType>
<Event><![CDATA[VIEW]]></Event>
<EventKey><![CDATA[http://tb.0-22.net/index.php?r=index/r]]></EventKey>
<MenuId>464313590</MenuId>
</xml>

2018-03-22 08:07:07 params :
------------
String:
array (
  'rule' => -2,
  'module' => '',
  'message' => 
  array (
    'tousername' => 'gh_b38195d9a8e5',
    'fromusername' => 'oRRBhwKnQZavQkGEAoGOddJEOh5Y',
    'createtime' => '1521677226',
    'msgtype' => 'event',
    'event' => 'VIEW',
    'eventkey' => 'http://tb.0-22.net/index.php?r=index/r',
    'menuid' => '464313590',
    'from' => 'oRRBhwKnQZavQkGEAoGOddJEOh5Y',
    'to' => 'gh_b38195d9a8e5',
    'time' => '1521677226',
    'type' => 'text',
    'content' => 'http://tb.0-22.net/index.php?r=index/r',
    'redirection' => true,
    'source' => 'VIEW',
  ),
)

2018-03-22 08:07:07 response :
------------

2018-03-22 08:07:12 trace :
------------
String:
<xml><ToUserName><![CDATA[gh_b38195d9a8e5]]></ToUserName>
<FromUserName><![CDATA[oRRBhwKnQZavQkGEAoGOddJEOh5Y]]></FromUserName>
<CreateTime>1521677231</CreateTime>
<MsgType><![CDATA[event]]></MsgType>
<Event><![CDATA[VIEW]]></Event>
<EventKey><![CDATA[http://mp.0-22.net/app/index.php?i=4&c=entry&eid=2370]]></EventKey>
<MenuId>464313590</MenuId>
</xml>

2018-03-22 08:07:12 params :
------------
String:
array (
  'rule' => -2,
  'module' => '',
  'message' => 
  array (
    'tousername' => 'gh_b38195d9a8e5',
    'fromusername' => 'oRRBhwKnQZavQkGEAoGOddJEOh5Y',
    'createtime' => '1521677231',
    'msgtype' => 'event',
    'event' => 'VIEW',
    'eventkey' => 'http://mp.0-22.net/app/index.php?i=4&c=entry&eid=2370',
    'menuid' => '464313590',
    'from' => 'oRRBhwKnQZavQkGEAoGOddJEOh5Y',
    'to' => 'gh_b38195d9a8e5',
    'time' => '1521677231',
    'type' => 'text',
    'content' => 'http://mp.0-22.net/app/index.php?i=4&c=entry&eid=2370',
    'redirection' => true,
    'source' => 'VIEW',
  ),
)

2018-03-22 08:07:12 response :
------------

2018-03-22 09:58:36 trace :
------------
String:
<xml><ToUserName><![CDATA[gh_b38195d9a8e5]]></ToUserName>
<FromUserName><![CDATA[oRRBhwKnQZavQkGEAoGOddJEOh5Y]]></FromUserName>
<CreateTime>1521683915</CreateTime>
<MsgType><![CDATA[event]]></MsgType>
<Event><![CDATA[unsubscribe]]></Event>
<EventKey><![CDATA[]]></EventKey>
</xml>

2018-03-22 09:59:09 trace :
------------
String:
<xml><ToUserName><![CDATA[gh_b38195d9a8e5]]></ToUserName>
<FromUserName><![CDATA[oRRBhwKnQZavQkGEAoGOddJEOh5Y]]></FromUserName>
<CreateTime>1521683948</CreateTime>
<MsgType><![CDATA[event]]></MsgType>
<Event><![CDATA[subscribe]]></Event>
<EventKey><![CDATA[]]></EventKey>
</xml>

2018-03-22 09:59:09 params :
------------
String:
array (
  'rule' => -2,
  'module' => '',
  'message' => 
  array (
    'tousername' => 'gh_b38195d9a8e5',
    'fromusername' => 'oRRBhwKnQZavQkGEAoGOddJEOh5Y',
    'createtime' => '1521683948',
    'msgtype' => 'event',
    'event' => 'subscribe',
    'eventkey' => '',
    'from' => 'oRRBhwKnQZavQkGEAoGOddJEOh5Y',
    'to' => 'gh_b38195d9a8e5',
    'time' => '1521683948',
    'type' => 'text',
    'redirection' => true,
    'source' => 'subscribe',
    'content' => '关注',
  ),
)

2018-03-22 09:59:09 response :
------------

2018-03-22 10:00:29 trace :
------------
String:
<xml><ToUserName><![CDATA[gh_b38195d9a8e5]]></ToUserName>
<FromUserName><![CDATA[oRRBhwKnQZavQkGEAoGOddJEOh5Y]]></FromUserName>
<CreateTime>1521684028</CreateTime>
<MsgType><![CDATA[event]]></MsgType>
<Event><![CDATA[VIEW]]></Event>
<EventKey><![CDATA[http://tb.0-22.net/index.php?r=index/9]]></EventKey>
<MenuId>464313590</MenuId>
</xml>

2018-03-22 10:00:29 params :
------------
String:
array (
  'rule' => -2,
  'module' => '',
  'message' => 
  array (
    'tousername' => 'gh_b38195d9a8e5',
    'fromusername' => 'oRRBhwKnQZavQkGEAoGOddJEOh5Y',
    'createtime' => '1521684028',
    'msgtype' => 'event',
    'event' => 'VIEW',
    'eventkey' => 'http://tb.0-22.net/index.php?r=index/9',
    'menuid' => '464313590',
    'from' => 'oRRBhwKnQZavQkGEAoGOddJEOh5Y',
    'to' => 'gh_b38195d9a8e5',
    'time' => '1521684028',
    'type' => 'text',
    'content' => 'http://tb.0-22.net/index.php?r=index/9',
    'redirection' => true,
    'source' => 'VIEW',
  ),
)

2018-03-22 10:00:29 response :
------------

2018-03-22 10:11:38 trace :
------------
String:
<xml><ToUserName><![CDATA[gh_b38195d9a8e5]]></ToUserName>
<FromUserName><![CDATA[oRRBhwKnQZavQkGEAoGOddJEOh5Y]]></FromUserName>
<CreateTime>1521684698</CreateTime>
<MsgType><![CDATA[event]]></MsgType>
<Event><![CDATA[VIEW]]></Event>
<EventKey><![CDATA[http://tb.0-22.net/index.php?r=index/9]]></EventKey>
<MenuId>464313590</MenuId>
</xml>

2018-03-22 10:11:39 params :
------------
String:
array (
  'rule' => -2,
  'module' => '',
  'message' => 
  array (
    'tousername' => 'gh_b38195d9a8e5',
    'fromusername' => 'oRRBhwKnQZavQkGEAoGOddJEOh5Y',
    'createtime' => '1521684698',
    'msgtype' => 'event',
    'event' => 'VIEW',
    'eventkey' => 'http://tb.0-22.net/index.php?r=index/9',
    'menuid' => '464313590',
    'from' => 'oRRBhwKnQZavQkGEAoGOddJEOh5Y',
    'to' => 'gh_b38195d9a8e5',
    'time' => '1521684698',
    'type' => 'text',
    'content' => 'http://tb.0-22.net/index.php?r=index/9',
    'redirection' => true,
    'source' => 'VIEW',
  ),
)

2018-03-22 10:11:39 response :
------------

2018-03-22 10:11:58 trace :
------------
String:
<xml><ToUserName><![CDATA[gh_b38195d9a8e5]]></ToUserName>
<FromUserName><![CDATA[oRRBhwKnQZavQkGEAoGOddJEOh5Y]]></FromUserName>
<CreateTime>1521684717</CreateTime>
<MsgType><![CDATA[event]]></MsgType>
<Event><![CDATA[VIEW]]></Event>
<EventKey><![CDATA[http://tb.0-22.net/index.php?r=index/r]]></EventKey>
<MenuId>464313590</MenuId>
</xml>

2018-03-22 10:11:58 params :
------------
String:
array (
  'rule' => -2,
  'module' => '',
  'message' => 
  array (
    'tousername' => 'gh_b38195d9a8e5',
    'fromusername' => 'oRRBhwKnQZavQkGEAoGOddJEOh5Y',
    'createtime' => '1521684717',
    'msgtype' => 'event',
    'event' => 'VIEW',
    'eventkey' => 'http://tb.0-22.net/index.php?r=index/r',
    'menuid' => '464313590',
    'from' => 'oRRBhwKnQZavQkGEAoGOddJEOh5Y',
    'to' => 'gh_b38195d9a8e5',
    'time' => '1521684717',
    'type' => 'text',
    'content' => 'http://tb.0-22.net/index.php?r=index/r',
    'redirection' => true,
    'source' => 'VIEW',
  ),
)

2018-03-22 10:11:58 response :
------------

2018-03-22 10:12:14 trace :
------------
String:
<xml><ToUserName><![CDATA[gh_b38195d9a8e5]]></ToUserName>
<FromUserName><![CDATA[oRRBhwKnQZavQkGEAoGOddJEOh5Y]]></FromUserName>
<CreateTime>1521684733</CreateTime>
<MsgType><![CDATA[event]]></MsgType>
<Event><![CDATA[VIEW]]></Event>
<EventKey><![CDATA[http://tb.0-22.net/index.php?r=p/wap]]></EventKey>
<MenuId>464313590</MenuId>
</xml>

2018-03-22 10:12:14 params :
------------
String:
array (
  'rule' => -2,
  'module' => '',
  'message' => 
  array (
    'tousername' => 'gh_b38195d9a8e5',
    'fromusername' => 'oRRBhwKnQZavQkGEAoGOddJEOh5Y',
    'createtime' => '1521684733',
    'msgtype' => 'event',
    'event' => 'VIEW',
    'eventkey' => 'http://tb.0-22.net/index.php?r=p/wap',
    'menuid' => '464313590',
    'from' => 'oRRBhwKnQZavQkGEAoGOddJEOh5Y',
    'to' => 'gh_b38195d9a8e5',
    'time' => '1521684733',
    'type' => 'text',
    'content' => 'http://tb.0-22.net/index.php?r=p/wap',
    'redirection' => true,
    'source' => 'VIEW',
  ),
)

2018-03-22 10:12:14 response :
------------

2018-03-22 10:13:04 trace :
------------
String:
<xml><ToUserName><![CDATA[gh_b38195d9a8e5]]></ToUserName>
<FromUserName><![CDATA[oRRBhwKnQZavQkGEAoGOddJEOh5Y]]></FromUserName>
<CreateTime>1521684783</CreateTime>
<MsgType><![CDATA[event]]></MsgType>
<Event><![CDATA[VIEW]]></Event>
<EventKey><![CDATA[http://tb.0-22.net/index.php?r=ddq/wap]]></EventKey>
<MenuId>464313590</MenuId>
</xml>

2018-03-22 10:13:04 params :
------------
String:
array (
  'rule' => -2,
  'module' => '',
  'message' => 
  array (
    'tousername' => 'gh_b38195d9a8e5',
    'fromusername' => 'oRRBhwKnQZavQkGEAoGOddJEOh5Y',
    'createtime' => '1521684783',
    'msgtype' => 'event',
    'event' => 'VIEW',
    'eventkey' => 'http://tb.0-22.net/index.php?r=ddq/wap',
    'menuid' => '464313590',
    'from' => 'oRRBhwKnQZavQkGEAoGOddJEOh5Y',
    'to' => 'gh_b38195d9a8e5',
    'time' => '1521684783',
    'type' => 'text',
    'content' => 'http://tb.0-22.net/index.php?r=ddq/wap',
    'redirection' => true,
    'source' => 'VIEW',
  ),
)

2018-03-22 10:13:04 response :
------------

2018-03-22 10:13:12 trace :
------------
String:
<xml><ToUserName><![CDATA[gh_b38195d9a8e5]]></ToUserName>
<FromUserName><![CDATA[oRRBhwKnQZavQkGEAoGOddJEOh5Y]]></FromUserName>
<CreateTime>1521684791</CreateTime>
<MsgType><![CDATA[event]]></MsgType>
<Event><![CDATA[VIEW]]></Event>
<EventKey><![CDATA[http://tb.0-22.net/index.php?r=index/9]]></EventKey>
<MenuId>464313590</MenuId>
</xml>

2018-03-22 10:13:12 params :
------------
String:
array (
  'rule' => -2,
  'module' => '',
  'message' => 
  array (
    'tousername' => 'gh_b38195d9a8e5',
    'fromusername' => 'oRRBhwKnQZavQkGEAoGOddJEOh5Y',
    'createtime' => '1521684791',
    'msgtype' => 'event',
    'event' => 'VIEW',
    'eventkey' => 'http://tb.0-22.net/index.php?r=index/9',
    'menuid' => '464313590',
    'from' => 'oRRBhwKnQZavQkGEAoGOddJEOh5Y',
    'to' => 'gh_b38195d9a8e5',
    'time' => '1521684791',
    'type' => 'text',
    'content' => 'http://tb.0-22.net/index.php?r=index/9',
    'redirection' => true,
    'source' => 'VIEW',
  ),
)

2018-03-22 10:13:12 response :
------------

2018-03-22 10:16:12 trace :
------------
String:
<xml><ToUserName><![CDATA[gh_b38195d9a8e5]]></ToUserName>
<FromUserName><![CDATA[oRRBhwKnQZavQkGEAoGOddJEOh5Y]]></FromUserName>
<CreateTime>1521684971</CreateTime>
<MsgType><![CDATA[event]]></MsgType>
<Event><![CDATA[VIEW]]></Event>
<EventKey><![CDATA[http://tb.0-22.net/index.php?r=index/r]]></EventKey>
<MenuId>464313590</MenuId>
</xml>

2018-03-22 10:16:12 params :
------------
String:
array (
  'rule' => -2,
  'module' => '',
  'message' => 
  array (
    'tousername' => 'gh_b38195d9a8e5',
    'fromusername' => 'oRRBhwKnQZavQkGEAoGOddJEOh5Y',
    'createtime' => '1521684971',
    'msgtype' => 'event',
    'event' => 'VIEW',
    'eventkey' => 'http://tb.0-22.net/index.php?r=index/r',
    'menuid' => '464313590',
    'from' => 'oRRBhwKnQZavQkGEAoGOddJEOh5Y',
    'to' => 'gh_b38195d9a8e5',
    'time' => '1521684971',
    'type' => 'text',
    'content' => 'http://tb.0-22.net/index.php?r=index/r',
    'redirection' => true,
    'source' => 'VIEW',
  ),
)

2018-03-22 10:16:12 response :
------------

2018-03-22 10:16:27 trace :
------------
String:
<xml><ToUserName><![CDATA[gh_b38195d9a8e5]]></ToUserName>
<FromUserName><![CDATA[oRRBhwKnQZavQkGEAoGOddJEOh5Y]]></FromUserName>
<CreateTime>1521684986</CreateTime>
<MsgType><![CDATA[event]]></MsgType>
<Event><![CDATA[VIEW]]></Event>
<EventKey><![CDATA[http://tb.0-22.net/index.php?r=index/r]]></EventKey>
<MenuId>464313590</MenuId>
</xml>

2018-03-22 10:16:27 params :
------------
String:
array (
  'rule' => -2,
  'module' => '',
  'message' => 
  array (
    'tousername' => 'gh_b38195d9a8e5',
    'fromusername' => 'oRRBhwKnQZavQkGEAoGOddJEOh5Y',
    'createtime' => '1521684986',
    'msgtype' => 'event',
    'event' => 'VIEW',
    'eventkey' => 'http://tb.0-22.net/index.php?r=index/r',
    'menuid' => '464313590',
    'from' => 'oRRBhwKnQZavQkGEAoGOddJEOh5Y',
    'to' => 'gh_b38195d9a8e5',
    'time' => '1521684986',
    'type' => 'text',
    'content' => 'http://tb.0-22.net/index.php?r=index/r',
    'redirection' => true,
    'source' => 'VIEW',
  ),
)

2018-03-22 10:16:27 response :
------------

2018-03-22 10:17:02 trace :
------------
String:
<xml><ToUserName><![CDATA[gh_b38195d9a8e5]]></ToUserName>
<FromUserName><![CDATA[oRRBhwKnQZavQkGEAoGOddJEOh5Y]]></FromUserName>
<CreateTime>1521685021</CreateTime>
<MsgType><![CDATA[event]]></MsgType>
<Event><![CDATA[VIEW]]></Event>
<EventKey><![CDATA[http://tb.0-22.net/index.php?r=index/9]]></EventKey>
<MenuId>464313590</MenuId>
</xml>

2018-03-22 10:17:02 params :
------------
String:
array (
  'rule' => -2,
  'module' => '',
  'message' => 
  array (
    'tousername' => 'gh_b38195d9a8e5',
    'fromusername' => 'oRRBhwKnQZavQkGEAoGOddJEOh5Y',
    'createtime' => '1521685021',
    'msgtype' => 'event',
    'event' => 'VIEW',
    'eventkey' => 'http://tb.0-22.net/index.php?r=index/9',
    'menuid' => '464313590',
    'from' => 'oRRBhwKnQZavQkGEAoGOddJEOh5Y',
    'to' => 'gh_b38195d9a8e5',
    'time' => '1521685021',
    'type' => 'text',
    'content' => 'http://tb.0-22.net/index.php?r=index/9',
    'redirection' => true,
    'source' => 'VIEW',
  ),
)

2018-03-22 10:17:02 response :
------------

2018-03-22 10:20:12 trace :
------------
String:
<xml><ToUserName><![CDATA[gh_b38195d9a8e5]]></ToUserName>
<FromUserName><![CDATA[oRRBhwKnQZavQkGEAoGOddJEOh5Y]]></FromUserName>
<CreateTime>1521685211</CreateTime>
<MsgType><![CDATA[event]]></MsgType>
<Event><![CDATA[VIEW]]></Event>
<EventKey><![CDATA[http://tb.0-22.net/index.php?r=index/9]]></EventKey>
<MenuId>464313590</MenuId>
</xml>

2018-03-22 10:20:12 params :
------------
String:
array (
  'rule' => -2,
  'module' => '',
  'message' => 
  array (
    'tousername' => 'gh_b38195d9a8e5',
    'fromusername' => 'oRRBhwKnQZavQkGEAoGOddJEOh5Y',
    'createtime' => '1521685211',
    'msgtype' => 'event',
    'event' => 'VIEW',
    'eventkey' => 'http://tb.0-22.net/index.php?r=index/9',
    'menuid' => '464313590',
    'from' => 'oRRBhwKnQZavQkGEAoGOddJEOh5Y',
    'to' => 'gh_b38195d9a8e5',
    'time' => '1521685211',
    'type' => 'text',
    'content' => 'http://tb.0-22.net/index.php?r=index/9',
    'redirection' => true,
    'source' => 'VIEW',
  ),
)

2018-03-22 10:20:12 response :
------------

2018-03-22 17:02:04 trace :
------------
String:
<xml><ToUserName><![CDATA[gh_b38195d9a8e5]]></ToUserName>
<FromUserName><![CDATA[oRRBhwKnQZavQkGEAoGOddJEOh5Y]]></FromUserName>
<CreateTime>1521709323</CreateTime>
<MsgType><![CDATA[event]]></MsgType>
<Event><![CDATA[VIEW]]></Event>
<EventKey><![CDATA[http://tb.0-22.net/index.php?r=p/wap]]></EventKey>
<MenuId>464313590</MenuId>
</xml>

2018-03-22 17:02:04 params :
------------
String:
array (
  'rule' => -2,
  'module' => '',
  'message' => 
  array (
    'tousername' => 'gh_b38195d9a8e5',
    'fromusername' => 'oRRBhwKnQZavQkGEAoGOddJEOh5Y',
    'createtime' => '1521709323',
    'msgtype' => 'event',
    'event' => 'VIEW',
    'eventkey' => 'http://tb.0-22.net/index.php?r=p/wap',
    'menuid' => '464313590',
    'from' => 'oRRBhwKnQZavQkGEAoGOddJEOh5Y',
    'to' => 'gh_b38195d9a8e5',
    'time' => '1521709323',
    'type' => 'text',
    'content' => 'http://tb.0-22.net/index.php?r=p/wap',
    'redirection' => true,
    'source' => 'VIEW',
  ),
)

2018-03-22 17:02:04 response :
------------

2018-03-22 17:05:06 trace :
------------
String:
<xml><ToUserName><![CDATA[gh_b38195d9a8e5]]></ToUserName>
<FromUserName><![CDATA[oRRBhwKnQZavQkGEAoGOddJEOh5Y]]></FromUserName>
<CreateTime>1521709505</CreateTime>
<MsgType><![CDATA[event]]></MsgType>
<Event><![CDATA[VIEW]]></Event>
<EventKey><![CDATA[http://tb.0-22.net/index.php?r=index/9]]></EventKey>
<MenuId>464313590</MenuId>
</xml>

2018-03-22 17:05:06 params :
------------
String:
array (
  'rule' => -2,
  'module' => '',
  'message' => 
  array (
    'tousername' => 'gh_b38195d9a8e5',
    'fromusername' => 'oRRBhwKnQZavQkGEAoGOddJEOh5Y',
    'createtime' => '1521709505',
    'msgtype' => 'event',
    'event' => 'VIEW',
    'eventkey' => 'http://tb.0-22.net/index.php?r=index/9',
    'menuid' => '464313590',
    'from' => 'oRRBhwKnQZavQkGEAoGOddJEOh5Y',
    'to' => 'gh_b38195d9a8e5',
    'time' => '1521709505',
    'type' => 'text',
    'content' => 'http://tb.0-22.net/index.php?r=index/9',
    'redirection' => true,
    'source' => 'VIEW',
  ),
)

2018-03-22 17:05:06 response :
------------

2018-03-22 17:05:17 trace :
------------
String:
<xml><ToUserName><![CDATA[gh_b38195d9a8e5]]></ToUserName>
<FromUserName><![CDATA[oRRBhwKnQZavQkGEAoGOddJEOh5Y]]></FromUserName>
<CreateTime>1521709516</CreateTime>
<MsgType><![CDATA[event]]></MsgType>
<Event><![CDATA[VIEW]]></Event>
<EventKey><![CDATA[http://tb.0-22.net/index.php?r=p/wap]]></EventKey>
<MenuId>464313590</MenuId>
</xml>

2018-03-22 17:05:17 params :
------------
String:
array (
  'rule' => -2,
  'module' => '',
  'message' => 
  array (
    'tousername' => 'gh_b38195d9a8e5',
    'fromusername' => 'oRRBhwKnQZavQkGEAoGOddJEOh5Y',
    'createtime' => '1521709516',
    'msgtype' => 'event',
    'event' => 'VIEW',
    'eventkey' => 'http://tb.0-22.net/index.php?r=p/wap',
    'menuid' => '464313590',
    'from' => 'oRRBhwKnQZavQkGEAoGOddJEOh5Y',
    'to' => 'gh_b38195d9a8e5',
    'time' => '1521709516',
    'type' => 'text',
    'content' => 'http://tb.0-22.net/index.php?r=p/wap',
    'redirection' => true,
    'source' => 'VIEW',
  ),
)

2018-03-22 17:05:17 response :
------------

2018-03-22 22:23:10 trace :
------------
String:
<xml><ToUserName><![CDATA[gh_7844c882daf6]]></ToUserName>
<FromUserName><![CDATA[o62GS1TRDLkDCa18nc3mwp6FhbPU]]></FromUserName>
<CreateTime>1521728589</CreateTime>
<MsgType><![CDATA[event]]></MsgType>
<Event><![CDATA[unsubscribe]]></Event>
<EventKey><![CDATA[]]></EventKey>
</xml>

