2018-02-25 09:50:10 trace :
------------
String:
<xml><ToUserName><![CDATA[gh_7844c882daf6]]></ToUserName>
<FromUserName><![CDATA[o62GS1TIz1NcAeCch8CUXnIxW8yA]]></FromUserName>
<CreateTime>1519523409</CreateTime>
<MsgType><![CDATA[event]]></MsgType>
<Event><![CDATA[unsubscribe]]></Event>
<EventKey><![CDATA[]]></EventKey>
</xml>

2018-02-25 11:16:10 trace :
------------
String:
<xml><ToUserName><![CDATA[gh_b38195d9a8e5]]></ToUserName>
<FromUserName><![CDATA[oRRBhwKnQZavQkGEAoGOddJEOh5Y]]></FromUserName>
<CreateTime>1519528569</CreateTime>
<MsgType><![CDATA[text]]></MsgType>
<Content><![CDATA[签到]]></Content>
<MsgId>6526325509656615603</MsgId>
</xml>

2018-02-25 11:16:10 params :
------------
String:
array (
  'message' => 
  array (
    'tousername' => 'gh_b38195d9a8e5',
    'fromusername' => 'oRRBhwKnQZavQkGEAoGOddJEOh5Y',
    'createtime' => '1519528569',
    'msgtype' => 'text',
    'content' => '签到',
    'msgid' => '6526325509656615603',
    'from' => 'oRRBhwKnQZavQkGEAoGOddJEOh5Y',
    'to' => 'gh_b38195d9a8e5',
    'time' => '1519528569',
    'type' => 'text',
    'event' => NULL,
    'redirection' => false,
    'source' => NULL,
  ),
  'module' => 'cover',
  'rule' => '118',
  'priority' => '0',
  'keyword' => 
  array (
    'id' => '32',
    'rid' => '118',
    'uniacid' => '4',
    'module' => 'cover',
    'content' => '签到',
    'type' => '1',
    'displayorder' => '0',
    'status' => '1',
    'reply_type' => 
    array (
    ),
  ),
  'reply_type' => 
  array (
  ),
)

2018-02-25 11:16:10 response :
------------
Array:
FromUserName : gh_b38195d9a8e5 ;
ToUserName : oRRBhwKnQZavQkGEAoGOddJEOh5Y ;
MsgType : news ;
ArticleCount : 1 ;
Articles : Array ;

2018-02-25 11:17:36 trace :
------------
String:
<xml><ToUserName><![CDATA[gh_b38195d9a8e5]]></ToUserName>
<FromUserName><![CDATA[oRRBhwKnQZavQkGEAoGOddJEOh5Y]]></FromUserName>
<CreateTime>1519528654</CreateTime>
<MsgType><![CDATA[text]]></MsgType>
<Content><![CDATA[刮刮卡]]></Content>
<MsgId>6526325874728835799</MsgId>
</xml>

2018-02-25 11:17:36 params :
------------
String:
array (
  'message' => 
  array (
    'tousername' => 'gh_b38195d9a8e5',
    'fromusername' => 'oRRBhwKnQZavQkGEAoGOddJEOh5Y',
    'createtime' => '1519528654',
    'msgtype' => 'text',
    'content' => '刮刮卡',
    'msgid' => '6526325874728835799',
    'from' => 'oRRBhwKnQZavQkGEAoGOddJEOh5Y',
    'to' => 'gh_b38195d9a8e5',
    'time' => '1519528654',
    'type' => 'text',
    'event' => NULL,
    'redirection' => false,
    'source' => NULL,
  ),
  'module' => 'cover',
  'rule' => '132',
  'priority' => '0',
  'keyword' => 
  array (
    'id' => '46',
    'rid' => '132',
    'uniacid' => '4',
    'module' => 'cover',
    'content' => '刮刮卡',
    'type' => '1',
    'displayorder' => '0',
    'status' => '1',
    'reply_type' => 
    array (
    ),
  ),
  'reply_type' => 
  array (
  ),
)

2018-02-25 11:17:36 response :
------------
Array:
FromUserName : gh_b38195d9a8e5 ;
ToUserName : oRRBhwKnQZavQkGEAoGOddJEOh5Y ;
MsgType : news ;
ArticleCount : 1 ;
Articles : Array ;

