2018-03-03 14:48:37 trace :
------------
Array:
errno : -1 ;
message : 微信公众平台返回接口错误. 
错误代码为: 40002 
,错误描述为: xml解析失败 ;

2018-03-03 14:48:38 trace :
------------
Array:
errno : -1 ;
message : 微信公众平台返回接口错误. 
错误代码为: 40002 
,错误描述为: xml解析失败 ;

2018-03-03 14:48:40 trace :
------------
Array:
errno : -1 ;
message : 微信公众平台返回接口错误. 
错误代码为: 40002 
,错误描述为: xml解析失败 ;

2018-03-03 14:48:44 trace :
------------
Array:
errno : -1 ;
message : 微信公众平台返回接口错误. 
错误代码为: 40002 
,错误描述为: xml解析失败 ;

2018-03-03 14:48:45 trace :
------------
Array:
errno : -1 ;
message : 微信公众平台返回接口错误. 
错误代码为: 40002 
,错误描述为: xml解析失败 ;

2018-03-03 14:48:47 trace :
------------
Array:
errno : -1 ;
message : 微信公众平台返回接口错误. 
错误代码为: 40002 
,错误描述为: xml解析失败 ;

2018-03-03 15:18:50 trace :
------------
Array:
errno : -1 ;
message : 微信公众平台返回接口错误. 
错误代码为: 40002 
,错误描述为: xml解析失败 ;

2018-03-03 15:18:51 trace :
------------
Array:
errno : -1 ;
message : 微信公众平台返回接口错误. 
错误代码为: 40002 
,错误描述为: xml解析失败 ;

2018-03-03 15:18:53 trace :
------------
Array:
errno : -1 ;
message : 微信公众平台返回接口错误. 
错误代码为: 40002 
,错误描述为: xml解析失败 ;

2018-03-03 15:19:04 trace :
------------
Array:
errno : -1 ;
message : 微信公众平台返回接口错误. 
错误代码为: 40002 
,错误描述为: xml解析失败 ;

