2018-02-23 16:54:54 trace :
------------
String:
<xml><ToUserName><![CDATA[gh_7844c882daf6]]></ToUserName>
<FromUserName><![CDATA[o62GS1f5U0OSjIZsgZJynBK04fRM]]></FromUserName>
<CreateTime>1519376093</CreateTime>
<MsgType><![CDATA[event]]></MsgType>
<Event><![CDATA[subscribe]]></Event>
<EventKey><![CDATA[]]></EventKey>
</xml>

2018-02-23 16:54:54 params :
------------
String:
array (
  'rule' => -2,
  'module' => '',
  'message' => 
  array (
    'tousername' => 'gh_7844c882daf6',
    'fromusername' => 'o62GS1f5U0OSjIZsgZJynBK04fRM',
    'createtime' => '1519376093',
    'msgtype' => 'event',
    'event' => 'subscribe',
    'eventkey' => '',
    'from' => 'o62GS1f5U0OSjIZsgZJynBK04fRM',
    'to' => 'gh_7844c882daf6',
    'time' => '1519376093',
    'type' => 'text',
    'redirection' => true,
    'source' => 'subscribe',
  ),
)

2018-02-23 16:54:54 response :
------------

2018-02-23 16:55:06 trace :
------------
String:
<xml><ToUserName><![CDATA[gh_7844c882daf6]]></ToUserName>
<FromUserName><![CDATA[o62GS1f5U0OSjIZsgZJynBK04fRM]]></FromUserName>
<CreateTime>1519376105</CreateTime>
<MsgType><![CDATA[event]]></MsgType>
<Event><![CDATA[unsubscribe]]></Event>
<EventKey><![CDATA[]]></EventKey>
</xml>

2018-02-23 19:38:40 trace :
------------
String:
<xml><ToUserName><![CDATA[gh_7844c882daf6]]></ToUserName>
<FromUserName><![CDATA[o62GS1RSd4T3fJedlnZDHNUQvlJI]]></FromUserName>
<CreateTime>1519385919</CreateTime>
<MsgType><![CDATA[event]]></MsgType>
<Event><![CDATA[unsubscribe]]></Event>
<EventKey><![CDATA[]]></EventKey>
</xml>

