2018-04-22 04:25:27 trace :
------------
String:
<xml><ToUserName><![CDATA[gh_7844c882daf6]]></ToUserName>
<FromUserName><![CDATA[o62GS1aAyUc7Nb5YrVGVYTQjTXBA]]></FromUserName>
<CreateTime>1524342326</CreateTime>
<MsgType><![CDATA[event]]></MsgType>
<Event><![CDATA[subscribe]]></Event>
<EventKey><![CDATA[]]></EventKey>
</xml>

2018-04-22 04:25:27 params :
------------
String:
array (
  'rule' => -2,
  'module' => '',
  'message' => 
  array (
    'tousername' => 'gh_7844c882daf6',
    'fromusername' => 'o62GS1aAyUc7Nb5YrVGVYTQjTXBA',
    'createtime' => '1524342326',
    'msgtype' => 'event',
    'event' => 'subscribe',
    'eventkey' => '',
    'from' => 'o62GS1aAyUc7Nb5YrVGVYTQjTXBA',
    'to' => 'gh_7844c882daf6',
    'time' => '1524342326',
    'type' => 'text',
    'redirection' => true,
    'source' => 'subscribe',
  ),
)

2018-04-22 04:25:27 response :
------------

2018-04-22 04:25:28 SQL Error :
------------
String:
SQL: <br/>INSERT INTO `ims_gs_pinshop_openid2` SET <hr/>Params: <br/>array (
)<hr/>SQL Error: <br/>You have an error in your SQL syntax; check the manual that corresponds to your MySQL server version for the right syntax to use near '' at line 1<hr/>Traces: <br/>file: /framework/class/db.class.php; line: 407; <br />file: /framework/class/db.class.php; line: 90; <br />file: /framework/class/db.class.php; line: 253; <br />file: /framework/function/pdo.func.php; line: 71; <br />file: /addons/gs_pinshop/receiver.php; line: 2; <br />file: /web/source/utility/subscribe.ctrl.php; line: 36; <br />file: /web/index.php; line: 268; <br />

2018-04-22 04:25:28 SQL Error :
------------
String:
SQL: <br/>SELECT eid FROM `ims_modules_bindings` where module='gs_pinshop' and entry='cover' ORDER BY eid desc<hr/>Params: <br/>array (
)<hr/>SQL Error: <br/>You have an error in your SQL syntax; check the manual that corresponds to your MySQL server version for the right syntax to use near '' at line 1<hr/>Traces: <br/>file: /framework/class/db.class.php; line: 407; <br />file: /framework/class/db.class.php; line: 73; <br />file: /framework/class/db.class.php; line: 136; <br />file: /framework/function/pdo.func.php; line: 40; <br />file: /addons/gs_pinshop/receiver.php; line: 2; <br />file: /web/source/utility/subscribe.ctrl.php; line: 36; <br />file: /web/index.php; line: 268; <br />

2018-04-22 04:25:28 SQL Error :
------------
String:
SQL: <br/>SELECT eid FROM `ims_modules_bindings` where module='gs_pinshop' and entry='cover' ORDER BY eid desc<hr/>Params: <br/>array (
)<hr/>SQL Error: <br/>You have an error in your SQL syntax; check the manual that corresponds to your MySQL server version for the right syntax to use near '' at line 1<hr/>Traces: <br/>file: /framework/class/db.class.php; line: 407; <br />file: /framework/class/db.class.php; line: 139; <br />file: /framework/function/pdo.func.php; line: 40; <br />file: /addons/gs_pinshop/receiver.php; line: 2; <br />file: /web/source/utility/subscribe.ctrl.php; line: 36; <br />file: /web/index.php; line: 268; <br />

2018-04-22 06:02:42 trace :
------------
String:
<xml><ToUserName><![CDATA[gh_7844c882daf6]]></ToUserName>
<FromUserName><![CDATA[o62GS1SwzIpYVEjnl8AlPc_uEivE]]></FromUserName>
<CreateTime>1524348161</CreateTime>
<MsgType><![CDATA[event]]></MsgType>
<Event><![CDATA[subscribe]]></Event>
<EventKey><![CDATA[]]></EventKey>
</xml>

2018-04-22 06:02:42 params :
------------
String:
array (
  'rule' => -2,
  'module' => '',
  'message' => 
  array (
    'tousername' => 'gh_7844c882daf6',
    'fromusername' => 'o62GS1SwzIpYVEjnl8AlPc_uEivE',
    'createtime' => '1524348161',
    'msgtype' => 'event',
    'event' => 'subscribe',
    'eventkey' => '',
    'from' => 'o62GS1SwzIpYVEjnl8AlPc_uEivE',
    'to' => 'gh_7844c882daf6',
    'time' => '1524348161',
    'type' => 'text',
    'redirection' => true,
    'source' => 'subscribe',
  ),
)

2018-04-22 06:02:42 response :
------------

2018-04-22 06:02:42 SQL Error :
------------
String:
SQL: <br/>INSERT INTO `ims_gs_pinshop_openid2` SET <hr/>Params: <br/>array (
)<hr/>SQL Error: <br/>You have an error in your SQL syntax; check the manual that corresponds to your MySQL server version for the right syntax to use near '' at line 1<hr/>Traces: <br/>file: /framework/class/db.class.php; line: 407; <br />file: /framework/class/db.class.php; line: 90; <br />file: /framework/class/db.class.php; line: 253; <br />file: /framework/function/pdo.func.php; line: 71; <br />file: /addons/gs_pinshop/receiver.php; line: 2; <br />file: /web/source/utility/subscribe.ctrl.php; line: 36; <br />file: /web/index.php; line: 268; <br />

2018-04-22 06:02:42 SQL Error :
------------
String:
SQL: <br/>SELECT eid FROM `ims_modules_bindings` where module='gs_pinshop' and entry='cover' ORDER BY eid desc<hr/>Params: <br/>array (
)<hr/>SQL Error: <br/>You have an error in your SQL syntax; check the manual that corresponds to your MySQL server version for the right syntax to use near '' at line 1<hr/>Traces: <br/>file: /framework/class/db.class.php; line: 407; <br />file: /framework/class/db.class.php; line: 73; <br />file: /framework/class/db.class.php; line: 136; <br />file: /framework/function/pdo.func.php; line: 40; <br />file: /addons/gs_pinshop/receiver.php; line: 2; <br />file: /web/source/utility/subscribe.ctrl.php; line: 36; <br />file: /web/index.php; line: 268; <br />

2018-04-22 06:02:42 SQL Error :
------------
String:
SQL: <br/>SELECT eid FROM `ims_modules_bindings` where module='gs_pinshop' and entry='cover' ORDER BY eid desc<hr/>Params: <br/>array (
)<hr/>SQL Error: <br/>You have an error in your SQL syntax; check the manual that corresponds to your MySQL server version for the right syntax to use near '' at line 1<hr/>Traces: <br/>file: /framework/class/db.class.php; line: 407; <br />file: /framework/class/db.class.php; line: 139; <br />file: /framework/function/pdo.func.php; line: 40; <br />file: /addons/gs_pinshop/receiver.php; line: 2; <br />file: /web/source/utility/subscribe.ctrl.php; line: 36; <br />file: /web/index.php; line: 268; <br />

2018-04-22 08:13:04 trace :
------------
String:
<xml><ToUserName><![CDATA[gh_7844c882daf6]]></ToUserName>
<FromUserName><![CDATA[o62GS1VIef6_UcWTqqNUnoTYUVa0]]></FromUserName>
<CreateTime>1524355984</CreateTime>
<MsgType><![CDATA[event]]></MsgType>
<Event><![CDATA[unsubscribe]]></Event>
<EventKey><![CDATA[]]></EventKey>
</xml>

2018-04-22 11:17:05 trace :
------------
String:
<xml><ToUserName><![CDATA[gh_7281c5520903]]></ToUserName>
<FromUserName><![CDATA[oGSJ8w6g3Nf-38flEkxYE9v1jV64]]></FromUserName>
<CreateTime>1524367024</CreateTime>
<MsgType><![CDATA[event]]></MsgType>
<Event><![CDATA[VIEW]]></Event>
<EventKey><![CDATA[https://mp.0-22.net/app/index.php?i=15&c=entry&m=ewei_shopv2&do=mobile&r=member]]></EventKey>
<MenuId>477705747</MenuId>
</xml>

2018-04-22 11:17:05 params :
------------
String:
array (
  'rule' => -2,
  'module' => '',
  'message' => 
  array (
    'tousername' => 'gh_7281c5520903',
    'fromusername' => 'oGSJ8w6g3Nf-38flEkxYE9v1jV64',
    'createtime' => '1524367024',
    'msgtype' => 'event',
    'event' => 'VIEW',
    'eventkey' => 'https://mp.0-22.net/app/index.php?i=15&c=entry&m=ewei_shopv2&do=mobile&r=member',
    'menuid' => '477705747',
    'from' => 'oGSJ8w6g3Nf-38flEkxYE9v1jV64',
    'to' => 'gh_7281c5520903',
    'time' => '1524367024',
    'type' => 'text',
    'content' => 'https://mp.0-22.net/app/index.php?i=15&c=entry&m=ewei_shopv2&do=mobile&r=member',
    'redirection' => true,
    'source' => 'VIEW',
  ),
)

2018-04-22 11:17:05 response :
------------

2018-04-22 11:19:16 trace :
------------
String:
<xml><ToUserName><![CDATA[gh_7281c5520903]]></ToUserName>
<FromUserName><![CDATA[oGSJ8w6g3Nf-38flEkxYE9v1jV64]]></FromUserName>
<CreateTime>1524367149</CreateTime>
<MsgType><![CDATA[event]]></MsgType>
<Event><![CDATA[VIEW]]></Event>
<EventKey><![CDATA[https://mp.0-22.net/app/index.php?i=15&c=entry&m=ewei_shopv2&do=mobile&r=member]]></EventKey>
<MenuId>477705747</MenuId>
</xml>

2018-04-22 11:19:16 params :
------------
String:
array (
  'rule' => -2,
  'module' => '',
  'message' => 
  array (
    'tousername' => 'gh_7281c5520903',
    'fromusername' => 'oGSJ8w6g3Nf-38flEkxYE9v1jV64',
    'createtime' => '1524367149',
    'msgtype' => 'event',
    'event' => 'VIEW',
    'eventkey' => 'https://mp.0-22.net/app/index.php?i=15&c=entry&m=ewei_shopv2&do=mobile&r=member',
    'menuid' => '477705747',
    'from' => 'oGSJ8w6g3Nf-38flEkxYE9v1jV64',
    'to' => 'gh_7281c5520903',
    'time' => '1524367149',
    'type' => 'text',
    'content' => 'https://mp.0-22.net/app/index.php?i=15&c=entry&m=ewei_shopv2&do=mobile&r=member',
    'redirection' => true,
    'source' => 'VIEW',
  ),
)

2018-04-22 11:19:16 response :
------------

2018-04-22 12:25:06 trace :
------------
String:
<xml><ToUserName><![CDATA[gh_7281c5520903]]></ToUserName>
<FromUserName><![CDATA[oGSJ8w6g3Nf-38flEkxYE9v1jV64]]></FromUserName>
<CreateTime>1524371105</CreateTime>
<MsgType><![CDATA[event]]></MsgType>
<Event><![CDATA[VIEW]]></Event>
<EventKey><![CDATA[https://mp.0-22.net/app/index.php?i=15&c=entry&m=ewei_shopv2&do=mobile&r=member]]></EventKey>
<MenuId>477705747</MenuId>
</xml>

2018-04-22 12:25:06 params :
------------
String:
array (
  'rule' => -2,
  'module' => '',
  'message' => 
  array (
    'tousername' => 'gh_7281c5520903',
    'fromusername' => 'oGSJ8w6g3Nf-38flEkxYE9v1jV64',
    'createtime' => '1524371105',
    'msgtype' => 'event',
    'event' => 'VIEW',
    'eventkey' => 'https://mp.0-22.net/app/index.php?i=15&c=entry&m=ewei_shopv2&do=mobile&r=member',
    'menuid' => '477705747',
    'from' => 'oGSJ8w6g3Nf-38flEkxYE9v1jV64',
    'to' => 'gh_7281c5520903',
    'time' => '1524371105',
    'type' => 'text',
    'content' => 'https://mp.0-22.net/app/index.php?i=15&c=entry&m=ewei_shopv2&do=mobile&r=member',
    'redirection' => true,
    'source' => 'VIEW',
  ),
)

2018-04-22 12:25:06 response :
------------

2018-04-22 12:34:43 trace :
------------
String:
<xml><ToUserName><![CDATA[gh_7281c5520903]]></ToUserName>
<FromUserName><![CDATA[oGSJ8w6g3Nf-38flEkxYE9v1jV64]]></FromUserName>
<CreateTime>1524371682</CreateTime>
<MsgType><![CDATA[event]]></MsgType>
<Event><![CDATA[VIEW]]></Event>
<EventKey><![CDATA[https://mp.0-22.net/app/index.php?i=15&c=entry&m=ewei_shopv2&do=mobile&r=member]]></EventKey>
<MenuId>477705747</MenuId>
</xml>

2018-04-22 12:34:43 params :
------------
String:
array (
  'rule' => -2,
  'module' => '',
  'message' => 
  array (
    'tousername' => 'gh_7281c5520903',
    'fromusername' => 'oGSJ8w6g3Nf-38flEkxYE9v1jV64',
    'createtime' => '1524371682',
    'msgtype' => 'event',
    'event' => 'VIEW',
    'eventkey' => 'https://mp.0-22.net/app/index.php?i=15&c=entry&m=ewei_shopv2&do=mobile&r=member',
    'menuid' => '477705747',
    'from' => 'oGSJ8w6g3Nf-38flEkxYE9v1jV64',
    'to' => 'gh_7281c5520903',
    'time' => '1524371682',
    'type' => 'text',
    'content' => 'https://mp.0-22.net/app/index.php?i=15&c=entry&m=ewei_shopv2&do=mobile&r=member',
    'redirection' => true,
    'source' => 'VIEW',
  ),
)

2018-04-22 12:34:43 response :
------------

2018-04-22 12:34:58 trace :
------------
String:
<xml><ToUserName><![CDATA[gh_7281c5520903]]></ToUserName>
<FromUserName><![CDATA[oGSJ8w6g3Nf-38flEkxYE9v1jV64]]></FromUserName>
<CreateTime>1524371697</CreateTime>
<MsgType><![CDATA[event]]></MsgType>
<Event><![CDATA[VIEW]]></Event>
<EventKey><![CDATA[https://mp.0-22.net/app/index.php?i=15&c=entry&m=ewei_shopv2&do=mobile&r=member]]></EventKey>
<MenuId>477705747</MenuId>
</xml>

2018-04-22 12:34:58 params :
------------
String:
array (
  'rule' => -2,
  'module' => '',
  'message' => 
  array (
    'tousername' => 'gh_7281c5520903',
    'fromusername' => 'oGSJ8w6g3Nf-38flEkxYE9v1jV64',
    'createtime' => '1524371697',
    'msgtype' => 'event',
    'event' => 'VIEW',
    'eventkey' => 'https://mp.0-22.net/app/index.php?i=15&c=entry&m=ewei_shopv2&do=mobile&r=member',
    'menuid' => '477705747',
    'from' => 'oGSJ8w6g3Nf-38flEkxYE9v1jV64',
    'to' => 'gh_7281c5520903',
    'time' => '1524371697',
    'type' => 'text',
    'content' => 'https://mp.0-22.net/app/index.php?i=15&c=entry&m=ewei_shopv2&do=mobile&r=member',
    'redirection' => true,
    'source' => 'VIEW',
  ),
)

2018-04-22 12:34:58 response :
------------

2018-04-22 12:35:09 trace :
------------
String:
<xml><ToUserName><![CDATA[gh_7281c5520903]]></ToUserName>
<FromUserName><![CDATA[oGSJ8w6g3Nf-38flEkxYE9v1jV64]]></FromUserName>
<CreateTime>1524371708</CreateTime>
<MsgType><![CDATA[event]]></MsgType>
<Event><![CDATA[VIEW]]></Event>
<EventKey><![CDATA[https://mp.0-22.net/app/index.php?i=15&c=entry&m=ewei_shopv2&do=mobile&r=member]]></EventKey>
<MenuId>477705747</MenuId>
</xml>

2018-04-22 12:35:09 params :
------------
String:
array (
  'rule' => -2,
  'module' => '',
  'message' => 
  array (
    'tousername' => 'gh_7281c5520903',
    'fromusername' => 'oGSJ8w6g3Nf-38flEkxYE9v1jV64',
    'createtime' => '1524371708',
    'msgtype' => 'event',
    'event' => 'VIEW',
    'eventkey' => 'https://mp.0-22.net/app/index.php?i=15&c=entry&m=ewei_shopv2&do=mobile&r=member',
    'menuid' => '477705747',
    'from' => 'oGSJ8w6g3Nf-38flEkxYE9v1jV64',
    'to' => 'gh_7281c5520903',
    'time' => '1524371708',
    'type' => 'text',
    'content' => 'https://mp.0-22.net/app/index.php?i=15&c=entry&m=ewei_shopv2&do=mobile&r=member',
    'redirection' => true,
    'source' => 'VIEW',
  ),
)

2018-04-22 12:35:09 response :
------------

2018-04-22 12:38:13 trace :
------------
String:
<xml><ToUserName><![CDATA[gh_7281c5520903]]></ToUserName>
<FromUserName><![CDATA[oGSJ8wylrEBE_uiJnMwG9miAQSIk]]></FromUserName>
<CreateTime>1524371892</CreateTime>
<MsgType><![CDATA[event]]></MsgType>
<Event><![CDATA[subscribe]]></Event>
<EventKey><![CDATA[]]></EventKey>
</xml>

2018-04-22 12:38:13 params :
------------
String:
array (
  'rule' => -2,
  'module' => '',
  'message' => 
  array (
    'tousername' => 'gh_7281c5520903',
    'fromusername' => 'oGSJ8wylrEBE_uiJnMwG9miAQSIk',
    'createtime' => '1524371892',
    'msgtype' => 'event',
    'event' => 'subscribe',
    'eventkey' => '',
    'from' => 'oGSJ8wylrEBE_uiJnMwG9miAQSIk',
    'to' => 'gh_7281c5520903',
    'time' => '1524371892',
    'type' => 'text',
    'redirection' => true,
    'source' => 'subscribe',
  ),
)

2018-04-22 12:38:13 response :
------------

2018-04-22 12:38:36 trace :
------------
String:
<xml><ToUserName><![CDATA[gh_7281c5520903]]></ToUserName>
<FromUserName><![CDATA[oGSJ8wylrEBE_uiJnMwG9miAQSIk]]></FromUserName>
<CreateTime>1524371915</CreateTime>
<MsgType><![CDATA[event]]></MsgType>
<Event><![CDATA[VIEW]]></Event>
<EventKey><![CDATA[https://mp.0-22.net/app/index.php?i=15&c=entry&m=ewei_shopv2&do=mobile&r=member]]></EventKey>
<MenuId>477705747</MenuId>
</xml>

2018-04-22 12:38:36 params :
------------
String:
array (
  'rule' => -2,
  'module' => '',
  'message' => 
  array (
    'tousername' => 'gh_7281c5520903',
    'fromusername' => 'oGSJ8wylrEBE_uiJnMwG9miAQSIk',
    'createtime' => '1524371915',
    'msgtype' => 'event',
    'event' => 'VIEW',
    'eventkey' => 'https://mp.0-22.net/app/index.php?i=15&c=entry&m=ewei_shopv2&do=mobile&r=member',
    'menuid' => '477705747',
    'from' => 'oGSJ8wylrEBE_uiJnMwG9miAQSIk',
    'to' => 'gh_7281c5520903',
    'time' => '1524371915',
    'type' => 'text',
    'content' => 'https://mp.0-22.net/app/index.php?i=15&c=entry&m=ewei_shopv2&do=mobile&r=member',
    'redirection' => true,
    'source' => 'VIEW',
  ),
)

2018-04-22 12:38:36 response :
------------

2018-04-22 12:39:02 trace :
------------
String:
<xml><ToUserName><![CDATA[gh_7281c5520903]]></ToUserName>
<FromUserName><![CDATA[oGSJ8wylrEBE_uiJnMwG9miAQSIk]]></FromUserName>
<CreateTime>1524371936</CreateTime>
<MsgType><![CDATA[event]]></MsgType>
<Event><![CDATA[VIEW]]></Event>
<EventKey><![CDATA[http://mp.0-22.net/app/index.php?i=15&c=entry&eid=2370]]></EventKey>
<MenuId>477705747</MenuId>
</xml>

2018-04-22 12:39:02 params :
------------
String:
array (
  'rule' => -2,
  'module' => '',
  'message' => 
  array (
    'tousername' => 'gh_7281c5520903',
    'fromusername' => 'oGSJ8wylrEBE_uiJnMwG9miAQSIk',
    'createtime' => '1524371936',
    'msgtype' => 'event',
    'event' => 'VIEW',
    'eventkey' => 'http://mp.0-22.net/app/index.php?i=15&c=entry&eid=2370',
    'menuid' => '477705747',
    'from' => 'oGSJ8wylrEBE_uiJnMwG9miAQSIk',
    'to' => 'gh_7281c5520903',
    'time' => '1524371936',
    'type' => 'text',
    'content' => 'http://mp.0-22.net/app/index.php?i=15&c=entry&eid=2370',
    'redirection' => true,
    'source' => 'VIEW',
  ),
)

2018-04-22 12:39:02 response :
------------

2018-04-22 12:39:28 trace :
------------
String:
<xml><ToUserName><![CDATA[gh_7281c5520903]]></ToUserName>
<FromUserName><![CDATA[oGSJ8w6g3Nf-38flEkxYE9v1jV64]]></FromUserName>
<CreateTime>1524371967</CreateTime>
<MsgType><![CDATA[event]]></MsgType>
<Event><![CDATA[VIEW]]></Event>
<EventKey><![CDATA[https://mp.0-22.net/app/index.php?i=15&c=entry&m=ewei_shopv2&do=mobile&r=member]]></EventKey>
<MenuId>477705747</MenuId>
</xml>

2018-04-22 12:39:28 params :
------------
String:
array (
  'rule' => -2,
  'module' => '',
  'message' => 
  array (
    'tousername' => 'gh_7281c5520903',
    'fromusername' => 'oGSJ8w6g3Nf-38flEkxYE9v1jV64',
    'createtime' => '1524371967',
    'msgtype' => 'event',
    'event' => 'VIEW',
    'eventkey' => 'https://mp.0-22.net/app/index.php?i=15&c=entry&m=ewei_shopv2&do=mobile&r=member',
    'menuid' => '477705747',
    'from' => 'oGSJ8w6g3Nf-38flEkxYE9v1jV64',
    'to' => 'gh_7281c5520903',
    'time' => '1524371967',
    'type' => 'text',
    'content' => 'https://mp.0-22.net/app/index.php?i=15&c=entry&m=ewei_shopv2&do=mobile&r=member',
    'redirection' => true,
    'source' => 'VIEW',
  ),
)

2018-04-22 12:39:28 response :
------------

2018-04-22 13:57:04 trace :
------------
String:
<xml><ToUserName><![CDATA[gh_7281c5520903]]></ToUserName>
<FromUserName><![CDATA[oGSJ8w24g5URMTBEVoKvltBbhzSs]]></FromUserName>
<CreateTime>1524376623</CreateTime>
<MsgType><![CDATA[event]]></MsgType>
<Event><![CDATA[VIEW]]></Event>
<EventKey><![CDATA[https://mp.0-22.net/app/index.php?i=15&c=entry&m=ewei_shopv2&do=mobile&r=member]]></EventKey>
<MenuId>477705747</MenuId>
</xml>

2018-04-22 13:57:04 params :
------------
String:
array (
  'rule' => -2,
  'module' => '',
  'message' => 
  array (
    'tousername' => 'gh_7281c5520903',
    'fromusername' => 'oGSJ8w24g5URMTBEVoKvltBbhzSs',
    'createtime' => '1524376623',
    'msgtype' => 'event',
    'event' => 'VIEW',
    'eventkey' => 'https://mp.0-22.net/app/index.php?i=15&c=entry&m=ewei_shopv2&do=mobile&r=member',
    'menuid' => '477705747',
    'from' => 'oGSJ8w24g5URMTBEVoKvltBbhzSs',
    'to' => 'gh_7281c5520903',
    'time' => '1524376623',
    'type' => 'text',
    'content' => 'https://mp.0-22.net/app/index.php?i=15&c=entry&m=ewei_shopv2&do=mobile&r=member',
    'redirection' => true,
    'source' => 'VIEW',
  ),
)

2018-04-22 13:57:04 response :
------------

2018-04-22 14:29:16 trace :
------------
String:
<xml><ToUserName><![CDATA[gh_7281c5520903]]></ToUserName>
<FromUserName><![CDATA[oGSJ8wylrEBE_uiJnMwG9miAQSIk]]></FromUserName>
<CreateTime>1524378555</CreateTime>
<MsgType><![CDATA[event]]></MsgType>
<Event><![CDATA[VIEW]]></Event>
<EventKey><![CDATA[https://mp.0-22.net/app/index.php?i=15&c=entry&m=ewei_shopv2&do=mobile&r=member]]></EventKey>
<MenuId>477705747</MenuId>
</xml>

2018-04-22 14:29:16 params :
------------
String:
array (
  'rule' => -2,
  'module' => '',
  'message' => 
  array (
    'tousername' => 'gh_7281c5520903',
    'fromusername' => 'oGSJ8wylrEBE_uiJnMwG9miAQSIk',
    'createtime' => '1524378555',
    'msgtype' => 'event',
    'event' => 'VIEW',
    'eventkey' => 'https://mp.0-22.net/app/index.php?i=15&c=entry&m=ewei_shopv2&do=mobile&r=member',
    'menuid' => '477705747',
    'from' => 'oGSJ8wylrEBE_uiJnMwG9miAQSIk',
    'to' => 'gh_7281c5520903',
    'time' => '1524378555',
    'type' => 'text',
    'content' => 'https://mp.0-22.net/app/index.php?i=15&c=entry&m=ewei_shopv2&do=mobile&r=member',
    'redirection' => true,
    'source' => 'VIEW',
  ),
)

2018-04-22 14:29:16 response :
------------

2018-04-22 14:58:05 trace :
------------
String:
<xml><ToUserName><![CDATA[gh_7281c5520903]]></ToUserName>
<FromUserName><![CDATA[oGSJ8w6g3Nf-38flEkxYE9v1jV64]]></FromUserName>
<CreateTime>1524380284</CreateTime>
<MsgType><![CDATA[event]]></MsgType>
<Event><![CDATA[VIEW]]></Event>
<EventKey><![CDATA[https://mp.0-22.net/app/index.php?i=15&c=entry&m=ewei_shopv2&do=mobile&r=member]]></EventKey>
<MenuId>477705747</MenuId>
</xml>

2018-04-22 14:58:05 params :
------------
String:
array (
  'rule' => -2,
  'module' => '',
  'message' => 
  array (
    'tousername' => 'gh_7281c5520903',
    'fromusername' => 'oGSJ8w6g3Nf-38flEkxYE9v1jV64',
    'createtime' => '1524380284',
    'msgtype' => 'event',
    'event' => 'VIEW',
    'eventkey' => 'https://mp.0-22.net/app/index.php?i=15&c=entry&m=ewei_shopv2&do=mobile&r=member',
    'menuid' => '477705747',
    'from' => 'oGSJ8w6g3Nf-38flEkxYE9v1jV64',
    'to' => 'gh_7281c5520903',
    'time' => '1524380284',
    'type' => 'text',
    'content' => 'https://mp.0-22.net/app/index.php?i=15&c=entry&m=ewei_shopv2&do=mobile&r=member',
    'redirection' => true,
    'source' => 'VIEW',
  ),
)

2018-04-22 14:58:05 response :
------------

2018-04-22 14:58:19 trace :
------------
String:
<xml><ToUserName><![CDATA[gh_7281c5520903]]></ToUserName>
<FromUserName><![CDATA[oGSJ8w6g3Nf-38flEkxYE9v1jV64]]></FromUserName>
<CreateTime>1524380299</CreateTime>
<MsgType><![CDATA[event]]></MsgType>
<Event><![CDATA[VIEW]]></Event>
<EventKey><![CDATA[https://mp.0-22.net/app/index.php?i=15&c=entry&m=ewei_shopv2&do=mobile&r=member]]></EventKey>
<MenuId>477705747</MenuId>
</xml>

2018-04-22 14:58:20 params :
------------
String:
array (
  'rule' => -2,
  'module' => '',
  'message' => 
  array (
    'tousername' => 'gh_7281c5520903',
    'fromusername' => 'oGSJ8w6g3Nf-38flEkxYE9v1jV64',
    'createtime' => '1524380299',
    'msgtype' => 'event',
    'event' => 'VIEW',
    'eventkey' => 'https://mp.0-22.net/app/index.php?i=15&c=entry&m=ewei_shopv2&do=mobile&r=member',
    'menuid' => '477705747',
    'from' => 'oGSJ8w6g3Nf-38flEkxYE9v1jV64',
    'to' => 'gh_7281c5520903',
    'time' => '1524380299',
    'type' => 'text',
    'content' => 'https://mp.0-22.net/app/index.php?i=15&c=entry&m=ewei_shopv2&do=mobile&r=member',
    'redirection' => true,
    'source' => 'VIEW',
  ),
)

2018-04-22 14:58:20 response :
------------

2018-04-22 15:00:07 trace :
------------
String:
<xml><ToUserName><![CDATA[gh_7281c5520903]]></ToUserName>
<FromUserName><![CDATA[oGSJ8w6g3Nf-38flEkxYE9v1jV64]]></FromUserName>
<CreateTime>1524380406</CreateTime>
<MsgType><![CDATA[event]]></MsgType>
<Event><![CDATA[VIEW]]></Event>
<EventKey><![CDATA[https://mp.0-22.net/app/index.php?i=15&c=entry&m=ewei_shopv2&do=mobile&r=member]]></EventKey>
<MenuId>477705747</MenuId>
</xml>

2018-04-22 15:00:07 params :
------------
String:
array (
  'rule' => -2,
  'module' => '',
  'message' => 
  array (
    'tousername' => 'gh_7281c5520903',
    'fromusername' => 'oGSJ8w6g3Nf-38flEkxYE9v1jV64',
    'createtime' => '1524380406',
    'msgtype' => 'event',
    'event' => 'VIEW',
    'eventkey' => 'https://mp.0-22.net/app/index.php?i=15&c=entry&m=ewei_shopv2&do=mobile&r=member',
    'menuid' => '477705747',
    'from' => 'oGSJ8w6g3Nf-38flEkxYE9v1jV64',
    'to' => 'gh_7281c5520903',
    'time' => '1524380406',
    'type' => 'text',
    'content' => 'https://mp.0-22.net/app/index.php?i=15&c=entry&m=ewei_shopv2&do=mobile&r=member',
    'redirection' => true,
    'source' => 'VIEW',
  ),
)

2018-04-22 15:00:07 response :
------------

2018-04-22 18:49:00 trace :
------------
String:
<xml><ToUserName><![CDATA[gh_7281c5520903]]></ToUserName>
<FromUserName><![CDATA[oGSJ8w24g5URMTBEVoKvltBbhzSs]]></FromUserName>
<CreateTime>1524394139</CreateTime>
<MsgType><![CDATA[event]]></MsgType>
<Event><![CDATA[VIEW]]></Event>
<EventKey><![CDATA[http://mp.0-22.net/app/index.php?i=15&c=entry&eid=2370]]></EventKey>
<MenuId>477705747</MenuId>
</xml>

2018-04-22 18:49:00 params :
------------
String:
array (
  'rule' => -2,
  'module' => '',
  'message' => 
  array (
    'tousername' => 'gh_7281c5520903',
    'fromusername' => 'oGSJ8w24g5URMTBEVoKvltBbhzSs',
    'createtime' => '1524394139',
    'msgtype' => 'event',
    'event' => 'VIEW',
    'eventkey' => 'http://mp.0-22.net/app/index.php?i=15&c=entry&eid=2370',
    'menuid' => '477705747',
    'from' => 'oGSJ8w24g5URMTBEVoKvltBbhzSs',
    'to' => 'gh_7281c5520903',
    'time' => '1524394139',
    'type' => 'text',
    'content' => 'http://mp.0-22.net/app/index.php?i=15&c=entry&eid=2370',
    'redirection' => true,
    'source' => 'VIEW',
  ),
)

2018-04-22 18:49:00 response :
------------

2018-04-22 19:13:45 trace :
------------
String:
<xml><ToUserName><![CDATA[gh_7281c5520903]]></ToUserName>
<FromUserName><![CDATA[oGSJ8w24g5URMTBEVoKvltBbhzSs]]></FromUserName>
<CreateTime>1524395625</CreateTime>
<MsgType><![CDATA[event]]></MsgType>
<Event><![CDATA[VIEW]]></Event>
<EventKey><![CDATA[http://mp.0-22.net/app/index.php?i=15&c=entry&eid=2370]]></EventKey>
<MenuId>477705747</MenuId>
</xml>

2018-04-22 19:13:46 params :
------------
String:
array (
  'rule' => -2,
  'module' => '',
  'message' => 
  array (
    'tousername' => 'gh_7281c5520903',
    'fromusername' => 'oGSJ8w24g5URMTBEVoKvltBbhzSs',
    'createtime' => '1524395625',
    'msgtype' => 'event',
    'event' => 'VIEW',
    'eventkey' => 'http://mp.0-22.net/app/index.php?i=15&c=entry&eid=2370',
    'menuid' => '477705747',
    'from' => 'oGSJ8w24g5URMTBEVoKvltBbhzSs',
    'to' => 'gh_7281c5520903',
    'time' => '1524395625',
    'type' => 'text',
    'content' => 'http://mp.0-22.net/app/index.php?i=15&c=entry&eid=2370',
    'redirection' => true,
    'source' => 'VIEW',
  ),
)

2018-04-22 19:13:46 response :
------------

2018-04-22 23:14:19 trace :
------------
String:
<xml><ToUserName><![CDATA[gh_7281c5520903]]></ToUserName>
<FromUserName><![CDATA[oGSJ8w24g5URMTBEVoKvltBbhzSs]]></FromUserName>
<CreateTime>1524410058</CreateTime>
<MsgType><![CDATA[event]]></MsgType>
<Event><![CDATA[VIEW]]></Event>
<EventKey><![CDATA[http://mp.0-22.net/app/index.php?i=15&c=entry&eid=2370]]></EventKey>
<MenuId>477705747</MenuId>
</xml>

2018-04-22 23:14:19 params :
------------
String:
array (
  'rule' => -2,
  'module' => '',
  'message' => 
  array (
    'tousername' => 'gh_7281c5520903',
    'fromusername' => 'oGSJ8w24g5URMTBEVoKvltBbhzSs',
    'createtime' => '1524410058',
    'msgtype' => 'event',
    'event' => 'VIEW',
    'eventkey' => 'http://mp.0-22.net/app/index.php?i=15&c=entry&eid=2370',
    'menuid' => '477705747',
    'from' => 'oGSJ8w24g5URMTBEVoKvltBbhzSs',
    'to' => 'gh_7281c5520903',
    'time' => '1524410058',
    'type' => 'text',
    'content' => 'http://mp.0-22.net/app/index.php?i=15&c=entry&eid=2370',
    'redirection' => true,
    'source' => 'VIEW',
  ),
)

2018-04-22 23:14:19 response :
------------

