2018-03-28 14:59:35 trace :
------------
String:
<xml><ToUserName><![CDATA[gh_7844c882daf6]]></ToUserName>
<FromUserName><![CDATA[o62GS1eIprx90NkzGa2X2sxYU-28]]></FromUserName>
<CreateTime>1522220374</CreateTime>
<MsgType><![CDATA[event]]></MsgType>
<Event><![CDATA[unsubscribe]]></Event>
<EventKey><![CDATA[]]></EventKey>
</xml>

2018-03-28 16:07:09 trace :
------------
String:
<xml><ToUserName><![CDATA[gh_7844c882daf6]]></ToUserName>
<FromUserName><![CDATA[o62GS1eftNXjusKP0QGx_srDDvJk]]></FromUserName>
<CreateTime>1522224428</CreateTime>
<MsgType><![CDATA[event]]></MsgType>
<Event><![CDATA[unsubscribe]]></Event>
<EventKey><![CDATA[]]></EventKey>
</xml>

2018-03-28 23:32:15 trace :
------------
String:
<xml><ToUserName><![CDATA[gh_7844c882daf6]]></ToUserName>
<FromUserName><![CDATA[o62GS1ZQ29s7CEAhZUCnC8QYhfwU]]></FromUserName>
<CreateTime>1522251133</CreateTime>
<MsgType><![CDATA[event]]></MsgType>
<Event><![CDATA[unsubscribe]]></Event>
<EventKey><![CDATA[]]></EventKey>
</xml>

