2018-05-14 05:54:55 trace :
------------
String:
<xml><ToUserName><![CDATA[gh_7281c5520903]]></ToUserName>
<FromUserName><![CDATA[oGSJ8w6g3Nf-38flEkxYE9v1jV64]]></FromUserName>
<CreateTime>1526248494</CreateTime>
<MsgType><![CDATA[event]]></MsgType>
<Event><![CDATA[VIEW]]></Event>
<EventKey><![CDATA[http://tj.122.gov.cn/views/inquiry.html]]></EventKey>
<MenuId>477705747</MenuId>
</xml>

2018-05-14 05:54:55 params :
------------
String:
array (
  'rule' => -2,
  'module' => '',
  'message' => 
  array (
    'tousername' => 'gh_7281c5520903',
    'fromusername' => 'oGSJ8w6g3Nf-38flEkxYE9v1jV64',
    'createtime' => '1526248494',
    'msgtype' => 'event',
    'event' => 'VIEW',
    'eventkey' => 'http://tj.122.gov.cn/views/inquiry.html',
    'menuid' => '477705747',
    'from' => 'oGSJ8w6g3Nf-38flEkxYE9v1jV64',
    'to' => 'gh_7281c5520903',
    'time' => '1526248494',
    'type' => 'text',
    'content' => 'http://tj.122.gov.cn/views/inquiry.html',
    'redirection' => true,
    'source' => 'VIEW',
  ),
)

2018-05-14 05:54:55 response :
------------

2018-05-14 08:10:10 trace :
------------
String:
<xml><ToUserName><![CDATA[gh_7281c5520903]]></ToUserName>
<FromUserName><![CDATA[oGSJ8w-Xi86wQ7XvYWmb7vBGt49Q]]></FromUserName>
<CreateTime>1526256609</CreateTime>
<MsgType><![CDATA[event]]></MsgType>
<Event><![CDATA[subscribe]]></Event>
<EventKey><![CDATA[]]></EventKey>
</xml>

2018-05-14 08:10:10 params :
------------
String:
array (
  'rule' => -2,
  'module' => '',
  'message' => 
  array (
    'tousername' => 'gh_7281c5520903',
    'fromusername' => 'oGSJ8w-Xi86wQ7XvYWmb7vBGt49Q',
    'createtime' => '1526256609',
    'msgtype' => 'event',
    'event' => 'subscribe',
    'eventkey' => '',
    'from' => 'oGSJ8w-Xi86wQ7XvYWmb7vBGt49Q',
    'to' => 'gh_7281c5520903',
    'time' => '1526256609',
    'type' => 'text',
    'redirection' => true,
    'source' => 'subscribe',
  ),
)

2018-05-14 08:10:10 response :
------------

2018-05-14 08:10:22 trace :
------------
String:
<xml><ToUserName><![CDATA[gh_7281c5520903]]></ToUserName>
<FromUserName><![CDATA[oGSJ8w-Xi86wQ7XvYWmb7vBGt49Q]]></FromUserName>
<CreateTime>1526256621</CreateTime>
<MsgType><![CDATA[event]]></MsgType>
<Event><![CDATA[VIEW]]></Event>
<EventKey><![CDATA[https://mp.0-22.net/app/index.php?i=15&c=entry&m=ewei_shopv2&do=mobile&r=member]]></EventKey>
<MenuId>477705747</MenuId>
</xml>

2018-05-14 08:10:22 params :
------------
String:
array (
  'rule' => -2,
  'module' => '',
  'message' => 
  array (
    'tousername' => 'gh_7281c5520903',
    'fromusername' => 'oGSJ8w-Xi86wQ7XvYWmb7vBGt49Q',
    'createtime' => '1526256621',
    'msgtype' => 'event',
    'event' => 'VIEW',
    'eventkey' => 'https://mp.0-22.net/app/index.php?i=15&c=entry&m=ewei_shopv2&do=mobile&r=member',
    'menuid' => '477705747',
    'from' => 'oGSJ8w-Xi86wQ7XvYWmb7vBGt49Q',
    'to' => 'gh_7281c5520903',
    'time' => '1526256621',
    'type' => 'text',
    'content' => 'https://mp.0-22.net/app/index.php?i=15&c=entry&m=ewei_shopv2&do=mobile&r=member',
    'redirection' => true,
    'source' => 'VIEW',
  ),
)

2018-05-14 08:10:22 response :
------------

2018-05-14 08:10:28 trace :
------------
String:
<xml><ToUserName><![CDATA[gh_7281c5520903]]></ToUserName>
<FromUserName><![CDATA[oGSJ8w-Xi86wQ7XvYWmb7vBGt49Q]]></FromUserName>
<CreateTime>1526256627</CreateTime>
<MsgType><![CDATA[event]]></MsgType>
<Event><![CDATA[VIEW]]></Event>
<EventKey><![CDATA[http://mp.0-22.net/app/index.php?i=15&c=entry&eid=2370]]></EventKey>
<MenuId>477705747</MenuId>
</xml>

2018-05-14 08:10:28 params :
------------
String:
array (
  'rule' => -2,
  'module' => '',
  'message' => 
  array (
    'tousername' => 'gh_7281c5520903',
    'fromusername' => 'oGSJ8w-Xi86wQ7XvYWmb7vBGt49Q',
    'createtime' => '1526256627',
    'msgtype' => 'event',
    'event' => 'VIEW',
    'eventkey' => 'http://mp.0-22.net/app/index.php?i=15&c=entry&eid=2370',
    'menuid' => '477705747',
    'from' => 'oGSJ8w-Xi86wQ7XvYWmb7vBGt49Q',
    'to' => 'gh_7281c5520903',
    'time' => '1526256627',
    'type' => 'text',
    'content' => 'http://mp.0-22.net/app/index.php?i=15&c=entry&eid=2370',
    'redirection' => true,
    'source' => 'VIEW',
  ),
)

2018-05-14 08:10:28 response :
------------

2018-05-14 08:27:35 trace :
------------
String:
<xml><ToUserName><![CDATA[gh_7281c5520903]]></ToUserName>
<FromUserName><![CDATA[oGSJ8w9nAFRgF7DojpuB1pb4Hr8Q]]></FromUserName>
<CreateTime>1526257654</CreateTime>
<MsgType><![CDATA[event]]></MsgType>
<Event><![CDATA[subscribe]]></Event>
<EventKey><![CDATA[]]></EventKey>
</xml>

2018-05-14 08:27:35 params :
------------
String:
array (
  'rule' => -2,
  'module' => '',
  'message' => 
  array (
    'tousername' => 'gh_7281c5520903',
    'fromusername' => 'oGSJ8w9nAFRgF7DojpuB1pb4Hr8Q',
    'createtime' => '1526257654',
    'msgtype' => 'event',
    'event' => 'subscribe',
    'eventkey' => '',
    'from' => 'oGSJ8w9nAFRgF7DojpuB1pb4Hr8Q',
    'to' => 'gh_7281c5520903',
    'time' => '1526257654',
    'type' => 'text',
    'redirection' => true,
    'source' => 'subscribe',
  ),
)

2018-05-14 08:27:35 response :
------------

2018-05-14 16:14:26 trace :
------------
String:
<xml><ToUserName><![CDATA[gh_7844c882daf6]]></ToUserName>
<FromUserName><![CDATA[o62GS1QJ90pIEVoGo-SEhZa2JRy8]]></FromUserName>
<CreateTime>1526285665</CreateTime>
<MsgType><![CDATA[event]]></MsgType>
<Event><![CDATA[unsubscribe]]></Event>
<EventKey><![CDATA[]]></EventKey>
</xml>

