2018-05-23 16:48:27 trace :
------------
String:
<xml><ToUserName><![CDATA[gh_7281c5520903]]></ToUserName>
<FromUserName><![CDATA[oGSJ8w_LDZ381WcJzRAQYuhLFAko]]></FromUserName>
<CreateTime>1527065306</CreateTime>
<MsgType><![CDATA[event]]></MsgType>
<Event><![CDATA[VIEW]]></Event>
<EventKey><![CDATA[http://mp.0-22.net/app/index.php?i=15&c=entry&eid=2370]]></EventKey>
<MenuId>477705747</MenuId>
</xml>

2018-05-23 16:48:27 params :
------------
String:
array (
  'rule' => -2,
  'module' => '',
  'message' => 
  array (
    'tousername' => 'gh_7281c5520903',
    'fromusername' => 'oGSJ8w_LDZ381WcJzRAQYuhLFAko',
    'createtime' => '1527065306',
    'msgtype' => 'event',
    'event' => 'VIEW',
    'eventkey' => 'http://mp.0-22.net/app/index.php?i=15&c=entry&eid=2370',
    'menuid' => '477705747',
    'from' => 'oGSJ8w_LDZ381WcJzRAQYuhLFAko',
    'to' => 'gh_7281c5520903',
    'time' => '1527065306',
    'type' => 'text',
    'content' => 'http://mp.0-22.net/app/index.php?i=15&c=entry&eid=2370',
    'redirection' => true,
    'source' => 'VIEW',
  ),
)

2018-05-23 16:48:27 response :
------------

2018-05-23 19:32:00 trace :
------------
String:
<xml><ToUserName><![CDATA[gh_7281c5520903]]></ToUserName>
<FromUserName><![CDATA[oGSJ8w8WxNZjkzyC__0kAzPzZQ98]]></FromUserName>
<CreateTime>1527075119</CreateTime>
<MsgType><![CDATA[event]]></MsgType>
<Event><![CDATA[MASSSENDJOBFINISH]]></Event>
<MsgID>1000000008</MsgID>
<Status><![CDATA[send success]]></Status>
<TotalCount>27</TotalCount>
<FilterCount>27</FilterCount>
<SentCount>27</SentCount>
<ErrorCount>0</ErrorCount>
<CopyrightCheckResult><Count>0</Count>
<ResultList></ResultList>
<CheckState>0</CheckState>
</CopyrightCheckResult>
</xml>

2018-05-23 19:32:00 params :
------------
String:
array (
  'rule' => -2,
  'module' => '',
  'message' => 
  array (
    'tousername' => 'gh_7281c5520903',
    'fromusername' => 'oGSJ8w8WxNZjkzyC__0kAzPzZQ98',
    'createtime' => '1527075119',
    'msgtype' => 'event',
    'event' => 'MASSSENDJOBFINISH',
    'msgid' => '1000000008',
    'status' => 'send success',
    'totalcount' => '27',
    'filtercount' => '27',
    'sentcount' => '27',
    'errorcount' => '0',
    'copyrightcheckresult' => 
    array (
      'count' => '0',
      'resultlist' => '',
      'checkstate' => '0',
    ),
    'from' => 'oGSJ8w8WxNZjkzyC__0kAzPzZQ98',
    'to' => 'gh_7281c5520903',
    'time' => '1527075119',
    'type' => 'event',
  ),
)

2018-05-23 19:32:00 response :
------------

2018-05-23 19:38:39 trace :
------------
String:
<xml><ToUserName><![CDATA[gh_7281c5520903]]></ToUserName>
<FromUserName><![CDATA[oGSJ8wwqo95eq5QEiW85oSSbmKPQ]]></FromUserName>
<CreateTime>1527075510</CreateTime>
<MsgType><![CDATA[event]]></MsgType>
<Event><![CDATA[subscribe]]></Event>
<EventKey><![CDATA[]]></EventKey>
</xml>

2018-05-23 19:38:39 params :
------------
String:
array (
  'rule' => -2,
  'module' => '',
  'message' => 
  array (
    'tousername' => 'gh_7281c5520903',
    'fromusername' => 'oGSJ8wwqo95eq5QEiW85oSSbmKPQ',
    'createtime' => '1527075510',
    'msgtype' => 'event',
    'event' => 'subscribe',
    'eventkey' => '',
    'from' => 'oGSJ8wwqo95eq5QEiW85oSSbmKPQ',
    'to' => 'gh_7281c5520903',
    'time' => '1527075510',
    'type' => 'text',
    'redirection' => true,
    'source' => 'subscribe',
  ),
)

2018-05-23 19:38:39 response :
------------

