2018-01-25 10:19:24 trace :
------------
String:
<xml><ToUserName><![CDATA[gh_b38195d9a8e5]]></ToUserName>
<FromUserName><![CDATA[oRRBhwKnQZavQkGEAoGOddJEOh5Y]]></FromUserName>
<CreateTime>1516846763</CreateTime>
<MsgType><![CDATA[event]]></MsgType>
<Event><![CDATA[VIEW]]></Event>
<EventKey><![CDATA[http://mp.0-22.net/app/index.php?i=4&c=entry&m=ewei_shopv2&do=mobile&r=order]]></EventKey>
<MenuId>463246482</MenuId>
</xml>

2018-01-25 10:19:25 params :
------------
String:
array (
  'rule' => -2,
  'module' => '',
  'message' => 
  array (
    'tousername' => 'gh_b38195d9a8e5',
    'fromusername' => 'oRRBhwKnQZavQkGEAoGOddJEOh5Y',
    'createtime' => '1516846763',
    'msgtype' => 'event',
    'event' => 'VIEW',
    'eventkey' => 'http://mp.0-22.net/app/index.php?i=4&c=entry&m=ewei_shopv2&do=mobile&r=order',
    'menuid' => '463246482',
    'from' => 'oRRBhwKnQZavQkGEAoGOddJEOh5Y',
    'to' => 'gh_b38195d9a8e5',
    'time' => '1516846763',
    'type' => 'text',
    'content' => 'http://mp.0-22.net/app/index.php?i=4&c=entry&m=ewei_shopv2&do=mobile&r=order',
    'redirection' => true,
    'source' => 'VIEW',
  ),
)

2018-01-25 10:19:25 response :
------------

2018-01-25 10:28:15 trace :
------------
String:
<xml><ToUserName><![CDATA[gh_b38195d9a8e5]]></ToUserName>
<FromUserName><![CDATA[oRRBhwKnQZavQkGEAoGOddJEOh5Y]]></FromUserName>
<CreateTime>1516847294</CreateTime>
<MsgType><![CDATA[event]]></MsgType>
<Event><![CDATA[VIEW]]></Event>
<EventKey><![CDATA[http://mp.0-22.net/app/index.php?i=4&c=entry&m=ewei_shopv2&do=mobile&r=order]]></EventKey>
<MenuId>463246482</MenuId>
</xml>

2018-01-25 10:28:15 params :
------------
String:
array (
  'rule' => -2,
  'module' => '',
  'message' => 
  array (
    'tousername' => 'gh_b38195d9a8e5',
    'fromusername' => 'oRRBhwKnQZavQkGEAoGOddJEOh5Y',
    'createtime' => '1516847294',
    'msgtype' => 'event',
    'event' => 'VIEW',
    'eventkey' => 'http://mp.0-22.net/app/index.php?i=4&c=entry&m=ewei_shopv2&do=mobile&r=order',
    'menuid' => '463246482',
    'from' => 'oRRBhwKnQZavQkGEAoGOddJEOh5Y',
    'to' => 'gh_b38195d9a8e5',
    'time' => '1516847294',
    'type' => 'text',
    'content' => 'http://mp.0-22.net/app/index.php?i=4&c=entry&m=ewei_shopv2&do=mobile&r=order',
    'redirection' => true,
    'source' => 'VIEW',
  ),
)

2018-01-25 10:28:15 response :
------------

2018-01-25 14:21:02 trace :
------------
String:
<xml><ToUserName><![CDATA[gh_b38195d9a8e5]]></ToUserName>
<FromUserName><![CDATA[oRRBhwFhP7rmCjoU22PdhRN94hkg]]></FromUserName>
<CreateTime>1516861261</CreateTime>
<MsgType><![CDATA[event]]></MsgType>
<Event><![CDATA[VIEW]]></Event>
<EventKey><![CDATA[http://mp.0-22.net/app/index.php?i=4&c=entry&m=ewei_shopv2&do=mobile&r=order]]></EventKey>
<MenuId>463246482</MenuId>
</xml>

2018-01-25 14:21:02 params :
------------
String:
array (
  'rule' => -2,
  'module' => '',
  'message' => 
  array (
    'tousername' => 'gh_b38195d9a8e5',
    'fromusername' => 'oRRBhwFhP7rmCjoU22PdhRN94hkg',
    'createtime' => '1516861261',
    'msgtype' => 'event',
    'event' => 'VIEW',
    'eventkey' => 'http://mp.0-22.net/app/index.php?i=4&c=entry&m=ewei_shopv2&do=mobile&r=order',
    'menuid' => '463246482',
    'from' => 'oRRBhwFhP7rmCjoU22PdhRN94hkg',
    'to' => 'gh_b38195d9a8e5',
    'time' => '1516861261',
    'type' => 'text',
    'content' => 'http://mp.0-22.net/app/index.php?i=4&c=entry&m=ewei_shopv2&do=mobile&r=order',
    'redirection' => true,
    'source' => 'VIEW',
  ),
)

2018-01-25 14:21:02 response :
------------

2018-01-25 14:21:26 trace :
------------
String:
<xml><ToUserName><![CDATA[gh_b38195d9a8e5]]></ToUserName>
<FromUserName><![CDATA[oRRBhwFhP7rmCjoU22PdhRN94hkg]]></FromUserName>
<CreateTime>1516861285</CreateTime>
<MsgType><![CDATA[event]]></MsgType>
<Event><![CDATA[VIEW]]></Event>
<EventKey><![CDATA[http://#]]></EventKey>
<MenuId>463246482</MenuId>
</xml>

2018-01-25 14:21:26 params :
------------
String:
array (
  'rule' => -2,
  'module' => '',
  'message' => 
  array (
    'tousername' => 'gh_b38195d9a8e5',
    'fromusername' => 'oRRBhwFhP7rmCjoU22PdhRN94hkg',
    'createtime' => '1516861285',
    'msgtype' => 'event',
    'event' => 'VIEW',
    'eventkey' => 'http://#',
    'menuid' => '463246482',
    'from' => 'oRRBhwFhP7rmCjoU22PdhRN94hkg',
    'to' => 'gh_b38195d9a8e5',
    'time' => '1516861285',
    'type' => 'text',
    'content' => 'http://#',
    'redirection' => true,
    'source' => 'VIEW',
  ),
)

2018-01-25 14:21:26 response :
------------

2018-01-25 14:21:57 trace :
------------
String:
<xml><ToUserName><![CDATA[gh_b38195d9a8e5]]></ToUserName>
<FromUserName><![CDATA[oRRBhwFhP7rmCjoU22PdhRN94hkg]]></FromUserName>
<CreateTime>1516861316</CreateTime>
<MsgType><![CDATA[event]]></MsgType>
<Event><![CDATA[VIEW]]></Event>
<EventKey><![CDATA[http://mp.0-22.net/app/index.php?i=4&c=entry&m=ewei_shopv2&do=mobile&r=order]]></EventKey>
<MenuId>463246482</MenuId>
</xml>

2018-01-25 14:21:57 params :
------------
String:
array (
  'rule' => -2,
  'module' => '',
  'message' => 
  array (
    'tousername' => 'gh_b38195d9a8e5',
    'fromusername' => 'oRRBhwFhP7rmCjoU22PdhRN94hkg',
    'createtime' => '1516861316',
    'msgtype' => 'event',
    'event' => 'VIEW',
    'eventkey' => 'http://mp.0-22.net/app/index.php?i=4&c=entry&m=ewei_shopv2&do=mobile&r=order',
    'menuid' => '463246482',
    'from' => 'oRRBhwFhP7rmCjoU22PdhRN94hkg',
    'to' => 'gh_b38195d9a8e5',
    'time' => '1516861316',
    'type' => 'text',
    'content' => 'http://mp.0-22.net/app/index.php?i=4&c=entry&m=ewei_shopv2&do=mobile&r=order',
    'redirection' => true,
    'source' => 'VIEW',
  ),
)

2018-01-25 14:21:57 response :
------------

2018-01-25 14:22:12 trace :
------------
String:
<xml><ToUserName><![CDATA[gh_b38195d9a8e5]]></ToUserName>
<FromUserName><![CDATA[oRRBhwFhP7rmCjoU22PdhRN94hkg]]></FromUserName>
<CreateTime>1516861331</CreateTime>
<MsgType><![CDATA[text]]></MsgType>
<Content><![CDATA[商城]]></Content>
<MsgId>6514869809675636432</MsgId>
</xml>

2018-01-25 14:22:12 params :
------------
String:
array (
  'message' => 
  array (
    'tousername' => 'gh_b38195d9a8e5',
    'fromusername' => 'oRRBhwFhP7rmCjoU22PdhRN94hkg',
    'createtime' => '1516861331',
    'msgtype' => 'text',
    'content' => '商城',
    'msgid' => '6514869809675636432',
    'from' => 'oRRBhwFhP7rmCjoU22PdhRN94hkg',
    'to' => 'gh_b38195d9a8e5',
    'time' => '1516861331',
    'type' => 'text',
    'event' => NULL,
    'redirection' => false,
    'source' => NULL,
  ),
  'module' => 'cover',
  'rule' => '121',
  'priority' => '0',
  'keyword' => 
  array (
    'id' => '35',
    'rid' => '121',
    'uniacid' => '4',
    'module' => 'cover',
    'content' => '商城',
    'type' => '1',
    'displayorder' => '0',
    'status' => '1',
    'reply_type' => 
    array (
    ),
  ),
  'reply_type' => 
  array (
  ),
)

2018-01-25 14:22:12 response :
------------
Array:
FromUserName : gh_b38195d9a8e5 ;
ToUserName : oRRBhwFhP7rmCjoU22PdhRN94hkg ;
MsgType : news ;
ArticleCount : 1 ;
Articles : Array ;

