2018-03-26 06:54:51 trace :
------------
String:
<xml><ToUserName><![CDATA[gh_7844c882daf6]]></ToUserName>
<FromUserName><![CDATA[o62GS1Xue8oN7MpGrAg02pJviAks]]></FromUserName>
<CreateTime>1522018490</CreateTime>
<MsgType><![CDATA[event]]></MsgType>
<Event><![CDATA[unsubscribe]]></Event>
<EventKey><![CDATA[]]></EventKey>
</xml>

2018-03-26 07:13:54 trace :
------------
String:
<xml><ToUserName><![CDATA[gh_7844c882daf6]]></ToUserName>
<FromUserName><![CDATA[o62GS1ZP6ncxue2XMkU7U_75MTo0]]></FromUserName>
<CreateTime>1522019633</CreateTime>
<MsgType><![CDATA[event]]></MsgType>
<Event><![CDATA[unsubscribe]]></Event>
<EventKey><![CDATA[]]></EventKey>
</xml>

2018-03-26 08:12:40 trace :
------------
String:
<xml><ToUserName><![CDATA[gh_7844c882daf6]]></ToUserName>
<FromUserName><![CDATA[o62GS1e_tuVl6EoFRTMFjK7dOZPA]]></FromUserName>
<CreateTime>1522023159</CreateTime>
<MsgType><![CDATA[event]]></MsgType>
<Event><![CDATA[unsubscribe]]></Event>
<EventKey><![CDATA[]]></EventKey>
</xml>

2018-03-26 13:18:41 trace :
------------
String:
<xml><ToUserName><![CDATA[gh_7844c882daf6]]></ToUserName>
<FromUserName><![CDATA[o62GS1dgDsPNsJgFBFBJsyD0yals]]></FromUserName>
<CreateTime>1522041520</CreateTime>
<MsgType><![CDATA[event]]></MsgType>
<Event><![CDATA[unsubscribe]]></Event>
<EventKey><![CDATA[]]></EventKey>
</xml>

2018-03-26 16:02:14 trace :
------------
String:
<xml><ToUserName><![CDATA[gh_7844c882daf6]]></ToUserName>
<FromUserName><![CDATA[o62GS1ZnJpvck3NaNrwfRHsCUzQE]]></FromUserName>
<CreateTime>1522051333</CreateTime>
<MsgType><![CDATA[event]]></MsgType>
<Event><![CDATA[unsubscribe]]></Event>
<EventKey><![CDATA[]]></EventKey>
</xml>

2018-03-26 16:38:46 trace :
------------
String:
<xml><ToUserName><![CDATA[gh_b38195d9a8e5]]></ToUserName>
<FromUserName><![CDATA[oRRBhwKnQZavQkGEAoGOddJEOh5Y]]></FromUserName>
<CreateTime>1522053525</CreateTime>
<MsgType><![CDATA[event]]></MsgType>
<Event><![CDATA[VIEW]]></Event>
<EventKey><![CDATA[http://mp.0-22.net/app/index.php?i=4&c=entry&eid=2370]]></EventKey>
<MenuId>464313590</MenuId>
</xml>

2018-03-26 16:38:46 params :
------------
String:
array (
  'rule' => -2,
  'module' => '',
  'message' => 
  array (
    'tousername' => 'gh_b38195d9a8e5',
    'fromusername' => 'oRRBhwKnQZavQkGEAoGOddJEOh5Y',
    'createtime' => '1522053525',
    'msgtype' => 'event',
    'event' => 'VIEW',
    'eventkey' => 'http://mp.0-22.net/app/index.php?i=4&c=entry&eid=2370',
    'menuid' => '464313590',
    'from' => 'oRRBhwKnQZavQkGEAoGOddJEOh5Y',
    'to' => 'gh_b38195d9a8e5',
    'time' => '1522053525',
    'type' => 'text',
    'content' => 'http://mp.0-22.net/app/index.php?i=4&c=entry&eid=2370',
    'redirection' => true,
    'source' => 'VIEW',
  ),
)

2018-03-26 16:38:46 response :
------------

2018-03-26 18:09:23 trace :
------------
String:
<xml><ToUserName><![CDATA[gh_7844c882daf6]]></ToUserName>
<FromUserName><![CDATA[o62GS1Ze3u0UH1d4jVXXAIfbwHT4]]></FromUserName>
<CreateTime>1522058962</CreateTime>
<MsgType><![CDATA[event]]></MsgType>
<Event><![CDATA[unsubscribe]]></Event>
<EventKey><![CDATA[]]></EventKey>
</xml>

