2018-01-28 14:02:44 trace :
------------
String:
<xml><ToUserName><![CDATA[gh_b38195d9a8e5]]></ToUserName>
<FromUserName><![CDATA[oRRBhwPvC1NRJEcR5JLslTkPJ02U]]></FromUserName>
<CreateTime>1517119363</CreateTime>
<MsgType><![CDATA[event]]></MsgType>
<Event><![CDATA[subscribe]]></Event>
<EventKey><![CDATA[]]></EventKey>
</xml>

2018-01-28 14:02:44 params :
------------
String:
array (
  'rule' => -2,
  'module' => '',
  'message' => 
  array (
    'tousername' => 'gh_b38195d9a8e5',
    'fromusername' => 'oRRBhwPvC1NRJEcR5JLslTkPJ02U',
    'createtime' => '1517119363',
    'msgtype' => 'event',
    'event' => 'subscribe',
    'eventkey' => '',
    'from' => 'oRRBhwPvC1NRJEcR5JLslTkPJ02U',
    'to' => 'gh_b38195d9a8e5',
    'time' => '1517119363',
    'type' => 'text',
    'redirection' => true,
    'source' => 'subscribe',
    'content' => '关注',
  ),
)

2018-01-28 14:02:44 response :
------------

2018-01-28 14:03:40 trace :
------------
String:
<xml><ToUserName><![CDATA[gh_b38195d9a8e5]]></ToUserName>
<FromUserName><![CDATA[oRRBhwPvC1NRJEcR5JLslTkPJ02U]]></FromUserName>
<CreateTime>1517119419</CreateTime>
<MsgType><![CDATA[event]]></MsgType>
<Event><![CDATA[VIEW]]></Event>
<EventKey><![CDATA[http://bwjlsv.agent.yqjuejin.com]]></EventKey>
<MenuId>463628911</MenuId>
</xml>

2018-01-28 14:03:41 params :
------------
String:
array (
  'rule' => -2,
  'module' => '',
  'message' => 
  array (
    'tousername' => 'gh_b38195d9a8e5',
    'fromusername' => 'oRRBhwPvC1NRJEcR5JLslTkPJ02U',
    'createtime' => '1517119419',
    'msgtype' => 'event',
    'event' => 'VIEW',
    'eventkey' => 'http://bwjlsv.agent.yqjuejin.com',
    'menuid' => '463628911',
    'from' => 'oRRBhwPvC1NRJEcR5JLslTkPJ02U',
    'to' => 'gh_b38195d9a8e5',
    'time' => '1517119419',
    'type' => 'text',
    'content' => 'http://bwjlsv.agent.yqjuejin.com',
    'redirection' => true,
    'source' => 'VIEW',
  ),
)

2018-01-28 14:03:41 response :
------------

2018-01-28 14:04:10 trace :
------------
String:
<xml><ToUserName><![CDATA[gh_b38195d9a8e5]]></ToUserName>
<FromUserName><![CDATA[oRRBhwPvC1NRJEcR5JLslTkPJ02U]]></FromUserName>
<CreateTime>1517119449</CreateTime>
<MsgType><![CDATA[event]]></MsgType>
<Event><![CDATA[VIEW]]></Event>
<EventKey><![CDATA[http://mp.0-22.net/app/index.php?i=4&c=entry&eid=2370]]></EventKey>
<MenuId>463628911</MenuId>
</xml>

2018-01-28 14:04:10 params :
------------
String:
array (
  'rule' => -2,
  'module' => '',
  'message' => 
  array (
    'tousername' => 'gh_b38195d9a8e5',
    'fromusername' => 'oRRBhwPvC1NRJEcR5JLslTkPJ02U',
    'createtime' => '1517119449',
    'msgtype' => 'event',
    'event' => 'VIEW',
    'eventkey' => 'http://mp.0-22.net/app/index.php?i=4&c=entry&eid=2370',
    'menuid' => '463628911',
    'from' => 'oRRBhwPvC1NRJEcR5JLslTkPJ02U',
    'to' => 'gh_b38195d9a8e5',
    'time' => '1517119449',
    'type' => 'text',
    'content' => 'http://mp.0-22.net/app/index.php?i=4&c=entry&eid=2370',
    'redirection' => true,
    'source' => 'VIEW',
  ),
)

2018-01-28 14:04:10 response :
------------

2018-01-28 15:26:35 trace :
------------
String:
<xml><ToUserName><![CDATA[gh_b38195d9a8e5]]></ToUserName>
<FromUserName><![CDATA[oRRBhwKnQZavQkGEAoGOddJEOh5Y]]></FromUserName>
<CreateTime>1517124393</CreateTime>
<MsgType><![CDATA[event]]></MsgType>
<Event><![CDATA[VIEW]]></Event>
<EventKey><![CDATA[http://bwjlsv.agent.yqjuejin.com]]></EventKey>
<MenuId>463628911</MenuId>
</xml>

2018-01-28 15:26:35 params :
------------
String:
array (
  'rule' => -2,
  'module' => '',
  'message' => 
  array (
    'tousername' => 'gh_b38195d9a8e5',
    'fromusername' => 'oRRBhwKnQZavQkGEAoGOddJEOh5Y',
    'createtime' => '1517124393',
    'msgtype' => 'event',
    'event' => 'VIEW',
    'eventkey' => 'http://bwjlsv.agent.yqjuejin.com',
    'menuid' => '463628911',
    'from' => 'oRRBhwKnQZavQkGEAoGOddJEOh5Y',
    'to' => 'gh_b38195d9a8e5',
    'time' => '1517124393',
    'type' => 'text',
    'content' => 'http://bwjlsv.agent.yqjuejin.com',
    'redirection' => true,
    'source' => 'VIEW',
  ),
)

2018-01-28 15:26:35 response :
------------

2018-01-28 15:26:37 trace :
------------
String:
<xml><ToUserName><![CDATA[gh_b38195d9a8e5]]></ToUserName>
<FromUserName><![CDATA[oRRBhwKnQZavQkGEAoGOddJEOh5Y]]></FromUserName>
<CreateTime>1517124396</CreateTime>
<MsgType><![CDATA[event]]></MsgType>
<Event><![CDATA[VIEW]]></Event>
<EventKey><![CDATA[http://mp.0-22.net/app/index.php?i=4&c=entry&eid=2370]]></EventKey>
<MenuId>463628911</MenuId>
</xml>

2018-01-28 15:26:37 params :
------------
String:
array (
  'rule' => -2,
  'module' => '',
  'message' => 
  array (
    'tousername' => 'gh_b38195d9a8e5',
    'fromusername' => 'oRRBhwKnQZavQkGEAoGOddJEOh5Y',
    'createtime' => '1517124396',
    'msgtype' => 'event',
    'event' => 'VIEW',
    'eventkey' => 'http://mp.0-22.net/app/index.php?i=4&c=entry&eid=2370',
    'menuid' => '463628911',
    'from' => 'oRRBhwKnQZavQkGEAoGOddJEOh5Y',
    'to' => 'gh_b38195d9a8e5',
    'time' => '1517124396',
    'type' => 'text',
    'content' => 'http://mp.0-22.net/app/index.php?i=4&c=entry&eid=2370',
    'redirection' => true,
    'source' => 'VIEW',
  ),
)

2018-01-28 15:26:37 response :
------------

2018-01-28 15:26:42 trace :
------------
String:
<xml><ToUserName><![CDATA[gh_b38195d9a8e5]]></ToUserName>
<FromUserName><![CDATA[oRRBhwKnQZavQkGEAoGOddJEOh5Y]]></FromUserName>
<CreateTime>1517124401</CreateTime>
<MsgType><![CDATA[event]]></MsgType>
<Event><![CDATA[VIEW]]></Event>
<EventKey><![CDATA[http://mp.0-22.net/app/index.php?i=4&c=entry&eid=2370]]></EventKey>
<MenuId>463628911</MenuId>
</xml>

2018-01-28 15:26:43 params :
------------
String:
array (
  'rule' => -2,
  'module' => '',
  'message' => 
  array (
    'tousername' => 'gh_b38195d9a8e5',
    'fromusername' => 'oRRBhwKnQZavQkGEAoGOddJEOh5Y',
    'createtime' => '1517124401',
    'msgtype' => 'event',
    'event' => 'VIEW',
    'eventkey' => 'http://mp.0-22.net/app/index.php?i=4&c=entry&eid=2370',
    'menuid' => '463628911',
    'from' => 'oRRBhwKnQZavQkGEAoGOddJEOh5Y',
    'to' => 'gh_b38195d9a8e5',
    'time' => '1517124401',
    'type' => 'text',
    'content' => 'http://mp.0-22.net/app/index.php?i=4&c=entry&eid=2370',
    'redirection' => true,
    'source' => 'VIEW',
  ),
)

2018-01-28 15:26:43 response :
------------

