2018-04-09 10:15:45 trace :
------------
String:
<xml><ToUserName><![CDATA[gh_7844c882daf6]]></ToUserName>
<FromUserName><![CDATA[o62GS1X8Jaxtt2oflee2NAqpB6L8]]></FromUserName>
<CreateTime>1523240134</CreateTime>
<MsgType><![CDATA[event]]></MsgType>
<Event><![CDATA[unsubscribe]]></Event>
<EventKey><![CDATA[]]></EventKey>
</xml>

2018-04-09 12:37:15 trace :
------------
String:
<xml><ToUserName><![CDATA[gh_b38195d9a8e5]]></ToUserName>
<FromUserName><![CDATA[oRRBhwKnQZavQkGEAoGOddJEOh5Y]]></FromUserName>
<CreateTime>1523248634</CreateTime>
<MsgType><![CDATA[event]]></MsgType>
<Event><![CDATA[VIEW]]></Event>
<EventKey><![CDATA[http://tb.0-22.net/index.php?r=index/r]]></EventKey>
<MenuId>464313590</MenuId>
</xml>

2018-04-09 12:37:16 params :
------------
String:
array (
  'rule' => -2,
  'module' => '',
  'message' => 
  array (
    'tousername' => 'gh_b38195d9a8e5',
    'fromusername' => 'oRRBhwKnQZavQkGEAoGOddJEOh5Y',
    'createtime' => '1523248634',
    'msgtype' => 'event',
    'event' => 'VIEW',
    'eventkey' => 'http://tb.0-22.net/index.php?r=index/r',
    'menuid' => '464313590',
    'from' => 'oRRBhwKnQZavQkGEAoGOddJEOh5Y',
    'to' => 'gh_b38195d9a8e5',
    'time' => '1523248634',
    'type' => 'text',
    'content' => 'http://tb.0-22.net/index.php?r=index/r',
    'redirection' => true,
    'source' => 'VIEW',
  ),
)

2018-04-09 12:37:16 response :
------------

2018-04-09 12:37:25 trace :
------------
String:
<xml><ToUserName><![CDATA[gh_b38195d9a8e5]]></ToUserName>
<FromUserName><![CDATA[oRRBhwKnQZavQkGEAoGOddJEOh5Y]]></FromUserName>
<CreateTime>1523248644</CreateTime>
<MsgType><![CDATA[event]]></MsgType>
<Event><![CDATA[VIEW]]></Event>
<EventKey><![CDATA[http://tb.0-22.net/index.php?r=index/9]]></EventKey>
<MenuId>464313590</MenuId>
</xml>

2018-04-09 12:37:25 params :
------------
String:
array (
  'rule' => -2,
  'module' => '',
  'message' => 
  array (
    'tousername' => 'gh_b38195d9a8e5',
    'fromusername' => 'oRRBhwKnQZavQkGEAoGOddJEOh5Y',
    'createtime' => '1523248644',
    'msgtype' => 'event',
    'event' => 'VIEW',
    'eventkey' => 'http://tb.0-22.net/index.php?r=index/9',
    'menuid' => '464313590',
    'from' => 'oRRBhwKnQZavQkGEAoGOddJEOh5Y',
    'to' => 'gh_b38195d9a8e5',
    'time' => '1523248644',
    'type' => 'text',
    'content' => 'http://tb.0-22.net/index.php?r=index/9',
    'redirection' => true,
    'source' => 'VIEW',
  ),
)

2018-04-09 12:37:25 response :
------------

2018-04-09 13:05:29 trace :
------------
String:
<xml><ToUserName><![CDATA[gh_7844c882daf6]]></ToUserName>
<FromUserName><![CDATA[o62GS1ZKeQxs8ZXWMxuQTjvLen6M]]></FromUserName>
<CreateTime>1523250328</CreateTime>
<MsgType><![CDATA[event]]></MsgType>
<Event><![CDATA[unsubscribe]]></Event>
<EventKey><![CDATA[]]></EventKey>
</xml>

2018-04-09 14:26:37 trace :
------------
String:
<xml><ToUserName><![CDATA[gh_7281c5520903]]></ToUserName>
<FromUserName><![CDATA[oGSJ8w_LDZ381WcJzRAQYuhLFAko]]></FromUserName>
<CreateTime>1523255196</CreateTime>
<MsgType><![CDATA[event]]></MsgType>
<Event><![CDATA[VIEW]]></Event>
<EventKey><![CDATA[https://mp.0-22.net/app/index.php?i=15&c=entry&m=ewei_shopv2&do=mobile&r=member]]></EventKey>
<MenuId>477704327</MenuId>
</xml>

2018-04-09 14:26:37 params :
------------
String:
array (
  'rule' => -2,
  'module' => '',
  'message' => 
  array (
    'tousername' => 'gh_7281c5520903',
    'fromusername' => 'oGSJ8w_LDZ381WcJzRAQYuhLFAko',
    'createtime' => '1523255196',
    'msgtype' => 'event',
    'event' => 'VIEW',
    'eventkey' => 'https://mp.0-22.net/app/index.php?i=15&c=entry&m=ewei_shopv2&do=mobile&r=member',
    'menuid' => '477704327',
    'from' => 'oGSJ8w_LDZ381WcJzRAQYuhLFAko',
    'to' => 'gh_7281c5520903',
    'time' => '1523255196',
    'type' => 'text',
    'content' => 'https://mp.0-22.net/app/index.php?i=15&c=entry&m=ewei_shopv2&do=mobile&r=member',
    'redirection' => true,
    'source' => 'VIEW',
  ),
)

2018-04-09 14:26:37 response :
------------

2018-04-09 14:28:28 trace :
------------
String:
<xml><ToUserName><![CDATA[gh_7281c5520903]]></ToUserName>
<FromUserName><![CDATA[oGSJ8w_LDZ381WcJzRAQYuhLFAko]]></FromUserName>
<CreateTime>1523255308</CreateTime>
<MsgType><![CDATA[event]]></MsgType>
<Event><![CDATA[VIEW]]></Event>
<EventKey><![CDATA[http://web.0-22.net/app/index.php?i=11&c=entry&eid=2526]]></EventKey>
<MenuId>477704327</MenuId>
</xml>

2018-04-09 14:28:29 params :
------------
String:
array (
  'rule' => -2,
  'module' => '',
  'message' => 
  array (
    'tousername' => 'gh_7281c5520903',
    'fromusername' => 'oGSJ8w_LDZ381WcJzRAQYuhLFAko',
    'createtime' => '1523255308',
    'msgtype' => 'event',
    'event' => 'VIEW',
    'eventkey' => 'http://web.0-22.net/app/index.php?i=11&c=entry&eid=2526',
    'menuid' => '477704327',
    'from' => 'oGSJ8w_LDZ381WcJzRAQYuhLFAko',
    'to' => 'gh_7281c5520903',
    'time' => '1523255308',
    'type' => 'text',
    'content' => 'http://web.0-22.net/app/index.php?i=11&c=entry&eid=2526',
    'redirection' => true,
    'source' => 'VIEW',
  ),
)

2018-04-09 14:28:29 response :
------------

2018-04-09 14:28:36 trace :
------------
String:
<xml><ToUserName><![CDATA[gh_7281c5520903]]></ToUserName>
<FromUserName><![CDATA[oGSJ8w_LDZ381WcJzRAQYuhLFAko]]></FromUserName>
<CreateTime>1523255315</CreateTime>
<MsgType><![CDATA[event]]></MsgType>
<Event><![CDATA[VIEW]]></Event>
<EventKey><![CDATA[https://mp.0-22.net/app/index.php?i=15&c=entry&m=ewei_shopv2&do=mobile&r=member]]></EventKey>
<MenuId>477704327</MenuId>
</xml>

2018-04-09 14:28:36 params :
------------
String:
array (
  'rule' => -2,
  'module' => '',
  'message' => 
  array (
    'tousername' => 'gh_7281c5520903',
    'fromusername' => 'oGSJ8w_LDZ381WcJzRAQYuhLFAko',
    'createtime' => '1523255315',
    'msgtype' => 'event',
    'event' => 'VIEW',
    'eventkey' => 'https://mp.0-22.net/app/index.php?i=15&c=entry&m=ewei_shopv2&do=mobile&r=member',
    'menuid' => '477704327',
    'from' => 'oGSJ8w_LDZ381WcJzRAQYuhLFAko',
    'to' => 'gh_7281c5520903',
    'time' => '1523255315',
    'type' => 'text',
    'content' => 'https://mp.0-22.net/app/index.php?i=15&c=entry&m=ewei_shopv2&do=mobile&r=member',
    'redirection' => true,
    'source' => 'VIEW',
  ),
)

2018-04-09 14:28:36 response :
------------

2018-04-09 14:48:31 trace :
------------
String:
<xml><ToUserName><![CDATA[gh_7281c5520903]]></ToUserName>
<FromUserName><![CDATA[oGSJ8w_LDZ381WcJzRAQYuhLFAko]]></FromUserName>
<CreateTime>1523256510</CreateTime>
<MsgType><![CDATA[text]]></MsgType>
<Content><![CDATA[后台]]></Content>
<MsgId>6542336894346801925</MsgId>
</xml>

2018-04-09 14:48:31 params :
------------
String:
array (
  'rule' => -2,
  'module' => '',
  'message' => 
  array (
    'tousername' => 'gh_7281c5520903',
    'fromusername' => 'oGSJ8w_LDZ381WcJzRAQYuhLFAko',
    'createtime' => '1523256510',
    'msgtype' => 'text',
    'content' => '后台',
    'msgid' => '6542336894346801925',
    'from' => 'oGSJ8w_LDZ381WcJzRAQYuhLFAko',
    'to' => 'gh_7281c5520903',
    'time' => '1523256510',
    'type' => 'text',
    'event' => NULL,
    'redirection' => false,
    'source' => NULL,
  ),
)

2018-04-09 14:48:31 response :
------------

2018-04-09 14:48:35 trace :
------------
String:
<xml><ToUserName><![CDATA[gh_7281c5520903]]></ToUserName>
<FromUserName><![CDATA[oGSJ8w_LDZ381WcJzRAQYuhLFAko]]></FromUserName>
<CreateTime>1523256514</CreateTime>
<MsgType><![CDATA[text]]></MsgType>
<Content><![CDATA[管理]]></Content>
<MsgId>6542336911526671110</MsgId>
</xml>

2018-04-09 14:48:35 params :
------------
String:
array (
  'message' => 
  array (
    'tousername' => 'gh_7281c5520903',
    'fromusername' => 'oGSJ8w_LDZ381WcJzRAQYuhLFAko',
    'createtime' => '1523256514',
    'msgtype' => 'text',
    'content' => '管理',
    'msgid' => '6542336911526671110',
    'from' => 'oGSJ8w_LDZ381WcJzRAQYuhLFAko',
    'to' => 'gh_7281c5520903',
    'time' => '1523256514',
    'type' => 'text',
    'event' => NULL,
    'redirection' => false,
    'source' => NULL,
  ),
  'module' => 'ewei_shopv2',
  'rule' => '185',
  'priority' => '0',
  'keyword' => 
  array (
    'id' => '120',
    'rid' => '185',
    'uniacid' => '15',
    'module' => 'ewei_shopv2',
    'content' => '管理',
    'type' => '1',
    'displayorder' => '0',
    'status' => '1',
    'reply_type' => 
    array (
    ),
  ),
  'reply_type' => 
  array (
  ),
)

2018-04-09 14:48:35 response :
------------
Array:
FromUserName : gh_7281c5520903 ;
ToUserName : oGSJ8w_LDZ381WcJzRAQYuhLFAko ;
MsgType : news ;
ArticleCount : 4 ;
Articles : Array ;

2018-04-09 14:49:18 trace :
------------
String:
<xml><ToUserName><![CDATA[gh_7281c5520903]]></ToUserName>
<FromUserName><![CDATA[oGSJ8w_LDZ381WcJzRAQYuhLFAko]]></FromUserName>
<CreateTime>1523256556</CreateTime>
<MsgType><![CDATA[text]]></MsgType>
<Content><![CDATA[管理]]></Content>
<MsgId>6542337091915297556</MsgId>
</xml>

2018-04-09 14:49:18 params :
------------
String:
array (
  'message' => 
  array (
    'tousername' => 'gh_7281c5520903',
    'fromusername' => 'oGSJ8w_LDZ381WcJzRAQYuhLFAko',
    'createtime' => '1523256556',
    'msgtype' => 'text',
    'content' => '管理',
    'msgid' => '6542337091915297556',
    'from' => 'oGSJ8w_LDZ381WcJzRAQYuhLFAko',
    'to' => 'gh_7281c5520903',
    'time' => '1523256556',
    'type' => 'text',
    'event' => NULL,
    'redirection' => false,
    'source' => NULL,
  ),
  'module' => 'ewei_shopv2',
  'rule' => '185',
  'priority' => '0',
  'keyword' => 
  array (
    'id' => '120',
    'rid' => '185',
    'uniacid' => '15',
    'module' => 'ewei_shopv2',
    'content' => '管理',
    'type' => '1',
    'displayorder' => '0',
    'status' => '1',
    'reply_type' => 
    array (
    ),
  ),
  'reply_type' => 
  array (
  ),
)

2018-04-09 14:49:18 response :
------------
Array:
FromUserName : gh_7281c5520903 ;
ToUserName : oGSJ8w_LDZ381WcJzRAQYuhLFAko ;
MsgType : news ;
ArticleCount : 4 ;
Articles : Array ;

2018-04-09 14:49:49 trace :
------------
String:
<xml><ToUserName><![CDATA[gh_7281c5520903]]></ToUserName>
<FromUserName><![CDATA[oGSJ8w_LDZ381WcJzRAQYuhLFAko]]></FromUserName>
<CreateTime>1523256588</CreateTime>
<MsgType><![CDATA[text]]></MsgType>
<Content><![CDATA[管理登录]]></Content>
<MsgId>6542337229354251041</MsgId>
</xml>

2018-04-09 14:49:49 params :
------------
String:
array (
  'rule' => -2,
  'module' => '',
  'message' => 
  array (
    'tousername' => 'gh_7281c5520903',
    'fromusername' => 'oGSJ8w_LDZ381WcJzRAQYuhLFAko',
    'createtime' => '1523256588',
    'msgtype' => 'text',
    'content' => '管理登录',
    'msgid' => '6542337229354251041',
    'from' => 'oGSJ8w_LDZ381WcJzRAQYuhLFAko',
    'to' => 'gh_7281c5520903',
    'time' => '1523256588',
    'type' => 'text',
    'event' => NULL,
    'redirection' => false,
    'source' => NULL,
  ),
)

2018-04-09 14:49:49 response :
------------

2018-04-09 14:50:06 trace :
------------
String:
<xml><ToUserName><![CDATA[gh_7281c5520903]]></ToUserName>
<FromUserName><![CDATA[oGSJ8w_LDZ381WcJzRAQYuhLFAko]]></FromUserName>
<CreateTime>1523256605</CreateTime>
<MsgType><![CDATA[text]]></MsgType>
<Content><![CDATA[管理登录]]></Content>
<MsgId>6542337302368695092</MsgId>
</xml>

2018-04-09 14:50:06 params :
------------
String:
array (
  'rule' => -2,
  'module' => '',
  'message' => 
  array (
    'tousername' => 'gh_7281c5520903',
    'fromusername' => 'oGSJ8w_LDZ381WcJzRAQYuhLFAko',
    'createtime' => '1523256605',
    'msgtype' => 'text',
    'content' => '管理登录',
    'msgid' => '6542337302368695092',
    'from' => 'oGSJ8w_LDZ381WcJzRAQYuhLFAko',
    'to' => 'gh_7281c5520903',
    'time' => '1523256605',
    'type' => 'text',
    'event' => NULL,
    'redirection' => false,
    'source' => NULL,
  ),
)

2018-04-09 14:50:06 response :
------------

2018-04-09 15:12:47 trace :
------------
String:
<xml><ToUserName><![CDATA[gh_b38195d9a8e5]]></ToUserName>
<FromUserName><![CDATA[oRRBhwKnQZavQkGEAoGOddJEOh5Y]]></FromUserName>
<CreateTime>1523257966</CreateTime>
<MsgType><![CDATA[event]]></MsgType>
<Event><![CDATA[VIEW]]></Event>
<EventKey><![CDATA[http://mp.0-22.net/app/index.php?i=4&c=entry&eid=2370]]></EventKey>
<MenuId>464313590</MenuId>
</xml>

2018-04-09 15:12:47 params :
------------
String:
array (
  'rule' => -2,
  'module' => '',
  'message' => 
  array (
    'tousername' => 'gh_b38195d9a8e5',
    'fromusername' => 'oRRBhwKnQZavQkGEAoGOddJEOh5Y',
    'createtime' => '1523257966',
    'msgtype' => 'event',
    'event' => 'VIEW',
    'eventkey' => 'http://mp.0-22.net/app/index.php?i=4&c=entry&eid=2370',
    'menuid' => '464313590',
    'from' => 'oRRBhwKnQZavQkGEAoGOddJEOh5Y',
    'to' => 'gh_b38195d9a8e5',
    'time' => '1523257966',
    'type' => 'text',
    'content' => 'http://mp.0-22.net/app/index.php?i=4&c=entry&eid=2370',
    'redirection' => true,
    'source' => 'VIEW',
  ),
)

2018-04-09 15:12:47 response :
------------

2018-04-09 15:14:38 trace :
------------
String:
<xml><ToUserName><![CDATA[gh_7281c5520903]]></ToUserName>
<FromUserName><![CDATA[oGSJ8w_LDZ381WcJzRAQYuhLFAko]]></FromUserName>
<CreateTime>1523258077</CreateTime>
<MsgType><![CDATA[event]]></MsgType>
<Event><![CDATA[VIEW]]></Event>
<EventKey><![CDATA[http://web.0-22.net/app/index.php?i=11&c=entry&eid=2526]]></EventKey>
<MenuId>477704327</MenuId>
</xml>

2018-04-09 15:14:38 params :
------------
String:
array (
  'rule' => -2,
  'module' => '',
  'message' => 
  array (
    'tousername' => 'gh_7281c5520903',
    'fromusername' => 'oGSJ8w_LDZ381WcJzRAQYuhLFAko',
    'createtime' => '1523258077',
    'msgtype' => 'event',
    'event' => 'VIEW',
    'eventkey' => 'http://web.0-22.net/app/index.php?i=11&c=entry&eid=2526',
    'menuid' => '477704327',
    'from' => 'oGSJ8w_LDZ381WcJzRAQYuhLFAko',
    'to' => 'gh_7281c5520903',
    'time' => '1523258077',
    'type' => 'text',
    'content' => 'http://web.0-22.net/app/index.php?i=11&c=entry&eid=2526',
    'redirection' => true,
    'source' => 'VIEW',
  ),
)

2018-04-09 15:14:38 response :
------------

2018-04-09 15:14:42 trace :
------------
String:
<xml><ToUserName><![CDATA[gh_7281c5520903]]></ToUserName>
<FromUserName><![CDATA[oGSJ8w_LDZ381WcJzRAQYuhLFAko]]></FromUserName>
<CreateTime>1523258081</CreateTime>
<MsgType><![CDATA[event]]></MsgType>
<Event><![CDATA[VIEW]]></Event>
<EventKey><![CDATA[http://web.0-22.net/app/index.php?i=11&c=entry&eid=2526]]></EventKey>
<MenuId>477704327</MenuId>
</xml>

2018-04-09 15:14:42 params :
------------
String:
array (
  'rule' => -2,
  'module' => '',
  'message' => 
  array (
    'tousername' => 'gh_7281c5520903',
    'fromusername' => 'oGSJ8w_LDZ381WcJzRAQYuhLFAko',
    'createtime' => '1523258081',
    'msgtype' => 'event',
    'event' => 'VIEW',
    'eventkey' => 'http://web.0-22.net/app/index.php?i=11&c=entry&eid=2526',
    'menuid' => '477704327',
    'from' => 'oGSJ8w_LDZ381WcJzRAQYuhLFAko',
    'to' => 'gh_7281c5520903',
    'time' => '1523258081',
    'type' => 'text',
    'content' => 'http://web.0-22.net/app/index.php?i=11&c=entry&eid=2526',
    'redirection' => true,
    'source' => 'VIEW',
  ),
)

2018-04-09 15:14:42 response :
------------

2018-04-09 15:14:48 trace :
------------
String:
<xml><ToUserName><![CDATA[gh_7281c5520903]]></ToUserName>
<FromUserName><![CDATA[oGSJ8w_LDZ381WcJzRAQYuhLFAko]]></FromUserName>
<CreateTime>1523258087</CreateTime>
<MsgType><![CDATA[event]]></MsgType>
<Event><![CDATA[VIEW]]></Event>
<EventKey><![CDATA[https://mp.0-22.net/app/index.php?i=15&c=entry&m=ewei_shopv2&do=mobile&r=member]]></EventKey>
<MenuId>477704327</MenuId>
</xml>

2018-04-09 15:14:48 params :
------------
String:
array (
  'rule' => -2,
  'module' => '',
  'message' => 
  array (
    'tousername' => 'gh_7281c5520903',
    'fromusername' => 'oGSJ8w_LDZ381WcJzRAQYuhLFAko',
    'createtime' => '1523258087',
    'msgtype' => 'event',
    'event' => 'VIEW',
    'eventkey' => 'https://mp.0-22.net/app/index.php?i=15&c=entry&m=ewei_shopv2&do=mobile&r=member',
    'menuid' => '477704327',
    'from' => 'oGSJ8w_LDZ381WcJzRAQYuhLFAko',
    'to' => 'gh_7281c5520903',
    'time' => '1523258087',
    'type' => 'text',
    'content' => 'https://mp.0-22.net/app/index.php?i=15&c=entry&m=ewei_shopv2&do=mobile&r=member',
    'redirection' => true,
    'source' => 'VIEW',
  ),
)

2018-04-09 15:14:48 response :
------------

2018-04-09 15:15:40 trace :
------------
String:
<xml><ToUserName><![CDATA[gh_7281c5520903]]></ToUserName>
<FromUserName><![CDATA[oGSJ8w_LDZ381WcJzRAQYuhLFAko]]></FromUserName>
<CreateTime>1523258138</CreateTime>
<MsgType><![CDATA[event]]></MsgType>
<Event><![CDATA[VIEW]]></Event>
<EventKey><![CDATA[http://web.0-22.net/app/index.php?i=11&c=entry&eid=2526]]></EventKey>
<MenuId>477704327</MenuId>
</xml>

2018-04-09 15:15:40 params :
------------
String:
array (
  'rule' => -2,
  'module' => '',
  'message' => 
  array (
    'tousername' => 'gh_7281c5520903',
    'fromusername' => 'oGSJ8w_LDZ381WcJzRAQYuhLFAko',
    'createtime' => '1523258138',
    'msgtype' => 'event',
    'event' => 'VIEW',
    'eventkey' => 'http://web.0-22.net/app/index.php?i=11&c=entry&eid=2526',
    'menuid' => '477704327',
    'from' => 'oGSJ8w_LDZ381WcJzRAQYuhLFAko',
    'to' => 'gh_7281c5520903',
    'time' => '1523258138',
    'type' => 'text',
    'content' => 'http://web.0-22.net/app/index.php?i=11&c=entry&eid=2526',
    'redirection' => true,
    'source' => 'VIEW',
  ),
)

2018-04-09 15:15:40 response :
------------

2018-04-09 15:15:44 trace :
------------
String:
<xml><ToUserName><![CDATA[gh_7281c5520903]]></ToUserName>
<FromUserName><![CDATA[oGSJ8w_LDZ381WcJzRAQYuhLFAko]]></FromUserName>
<CreateTime>1523258143</CreateTime>
<MsgType><![CDATA[event]]></MsgType>
<Event><![CDATA[VIEW]]></Event>
<EventKey><![CDATA[https://mp.0-22.net/app/index.php?i=15&c=entry&m=ewei_shopv2&do=mobile&r=member]]></EventKey>
<MenuId>477704327</MenuId>
</xml>

2018-04-09 15:15:44 params :
------------
String:
array (
  'rule' => -2,
  'module' => '',
  'message' => 
  array (
    'tousername' => 'gh_7281c5520903',
    'fromusername' => 'oGSJ8w_LDZ381WcJzRAQYuhLFAko',
    'createtime' => '1523258143',
    'msgtype' => 'event',
    'event' => 'VIEW',
    'eventkey' => 'https://mp.0-22.net/app/index.php?i=15&c=entry&m=ewei_shopv2&do=mobile&r=member',
    'menuid' => '477704327',
    'from' => 'oGSJ8w_LDZ381WcJzRAQYuhLFAko',
    'to' => 'gh_7281c5520903',
    'time' => '1523258143',
    'type' => 'text',
    'content' => 'https://mp.0-22.net/app/index.php?i=15&c=entry&m=ewei_shopv2&do=mobile&r=member',
    'redirection' => true,
    'source' => 'VIEW',
  ),
)

2018-04-09 15:15:44 response :
------------

2018-04-09 15:15:46 trace :
------------
String:
<xml><ToUserName><![CDATA[gh_7281c5520903]]></ToUserName>
<FromUserName><![CDATA[oGSJ8w_LDZ381WcJzRAQYuhLFAko]]></FromUserName>
<CreateTime>1523258145</CreateTime>
<MsgType><![CDATA[event]]></MsgType>
<Event><![CDATA[VIEW]]></Event>
<EventKey><![CDATA[http://web.0-22.net/app/index.php?i=11&c=entry&eid=2526]]></EventKey>
<MenuId>477704327</MenuId>
</xml>

2018-04-09 15:15:46 params :
------------
String:
array (
  'rule' => -2,
  'module' => '',
  'message' => 
  array (
    'tousername' => 'gh_7281c5520903',
    'fromusername' => 'oGSJ8w_LDZ381WcJzRAQYuhLFAko',
    'createtime' => '1523258145',
    'msgtype' => 'event',
    'event' => 'VIEW',
    'eventkey' => 'http://web.0-22.net/app/index.php?i=11&c=entry&eid=2526',
    'menuid' => '477704327',
    'from' => 'oGSJ8w_LDZ381WcJzRAQYuhLFAko',
    'to' => 'gh_7281c5520903',
    'time' => '1523258145',
    'type' => 'text',
    'content' => 'http://web.0-22.net/app/index.php?i=11&c=entry&eid=2526',
    'redirection' => true,
    'source' => 'VIEW',
  ),
)

2018-04-09 15:15:46 response :
------------

2018-04-09 15:15:58 trace :
------------
String:
<xml><ToUserName><![CDATA[gh_7281c5520903]]></ToUserName>
<FromUserName><![CDATA[oGSJ8w_LDZ381WcJzRAQYuhLFAko]]></FromUserName>
<CreateTime>1523258157</CreateTime>
<MsgType><![CDATA[event]]></MsgType>
<Event><![CDATA[VIEW]]></Event>
<EventKey><![CDATA[https://mp.0-22.net/app/index.php?i=15&c=entry&m=ewei_shopv2&do=mobile&r=member]]></EventKey>
<MenuId>477704327</MenuId>
</xml>

2018-04-09 15:15:58 params :
------------
String:
array (
  'rule' => -2,
  'module' => '',
  'message' => 
  array (
    'tousername' => 'gh_7281c5520903',
    'fromusername' => 'oGSJ8w_LDZ381WcJzRAQYuhLFAko',
    'createtime' => '1523258157',
    'msgtype' => 'event',
    'event' => 'VIEW',
    'eventkey' => 'https://mp.0-22.net/app/index.php?i=15&c=entry&m=ewei_shopv2&do=mobile&r=member',
    'menuid' => '477704327',
    'from' => 'oGSJ8w_LDZ381WcJzRAQYuhLFAko',
    'to' => 'gh_7281c5520903',
    'time' => '1523258157',
    'type' => 'text',
    'content' => 'https://mp.0-22.net/app/index.php?i=15&c=entry&m=ewei_shopv2&do=mobile&r=member',
    'redirection' => true,
    'source' => 'VIEW',
  ),
)

2018-04-09 15:15:58 response :
------------

2018-04-09 16:24:56 trace :
------------
String:
<xml><ToUserName><![CDATA[gh_7281c5520903]]></ToUserName>
<FromUserName><![CDATA[oGSJ8wyg00F3LGAyjH4s5tHgU-FQ]]></FromUserName>
<CreateTime>1523262295</CreateTime>
<MsgType><![CDATA[event]]></MsgType>
<Event><![CDATA[wx_verify_pay_succ]]></Event>
<OrderId><![CDATA[14086171227775331872]]></OrderId>
</xml>

2018-04-09 16:24:56 params :
------------
String:
array (
  'rule' => -2,
  'module' => '',
  'message' => 
  array (
    'tousername' => 'gh_7281c5520903',
    'fromusername' => 'oGSJ8wyg00F3LGAyjH4s5tHgU-FQ',
    'createtime' => '1523262295',
    'msgtype' => 'event',
    'event' => 'wx_verify_pay_succ',
    'orderid' => '14086171227775331872',
    'from' => 'oGSJ8wyg00F3LGAyjH4s5tHgU-FQ',
    'to' => 'gh_7281c5520903',
    'time' => '1523262295',
    'type' => 'event',
  ),
)

2018-04-09 16:24:56 response :
------------

2018-04-09 16:25:06 trace :
------------
String:
<xml><ToUserName><![CDATA[gh_7281c5520903]]></ToUserName>
<FromUserName><![CDATA[oGSJ8wyg00F3LGAyjH4s5tHgU-FQ]]></FromUserName>
<CreateTime>1523262305</CreateTime>
<MsgType><![CDATA[event]]></MsgType>
<Event><![CDATA[wx_verify_dispatch]]></Event>
<Provider><![CDATA[成都知道创宇信息技术有限公司]]></Provider>
<Contact><![CDATA[咨询电话：028-85182726，邮箱：wx@anquan.org，咨询时间：周一至周五（工作日）9：00-18：00。]]></Contact>
<DispatchTime>1523262305</DispatchTime>
</xml>

2018-04-09 16:25:07 params :
------------
String:
array (
  'rule' => -2,
  'module' => '',
  'message' => 
  array (
    'tousername' => 'gh_7281c5520903',
    'fromusername' => 'oGSJ8wyg00F3LGAyjH4s5tHgU-FQ',
    'createtime' => '1523262305',
    'msgtype' => 'event',
    'event' => 'wx_verify_dispatch',
    'provider' => '成都知道创宇信息技术有限公司',
    'contact' => '咨询电话：028-85182726，邮箱：wx@anquan.org，咨询时间：周一至周五（工作日）9：00-18：00。',
    'dispatchtime' => '1523262305',
    'from' => 'oGSJ8wyg00F3LGAyjH4s5tHgU-FQ',
    'to' => 'gh_7281c5520903',
    'time' => '1523262305',
    'type' => 'event',
  ),
)

2018-04-09 16:25:07 response :
------------

2018-04-09 16:25:08 trace :
------------
String:
<xml><ToUserName><![CDATA[gh_7281c5520903]]></ToUserName>
<FromUserName><![CDATA[oGSJ8wyg00F3LGAyjH4s5tHgU-FQ]]></FromUserName>
<CreateTime>1523262307</CreateTime>
<MsgType><![CDATA[event]]></MsgType>
<Event><![CDATA[wx_verify_dispatch]]></Event>
<Provider><![CDATA[成都知道创宇信息技术有限公司]]></Provider>
<Contact><![CDATA[咨询电话：028-85182726，邮箱：wx@anquan.org，咨询时间：周一至周五（工作日）9：00-18：00。]]></Contact>
<DispatchTime>1523262305</DispatchTime>
</xml>

2018-04-09 16:25:08 params :
------------
String:
array (
  'rule' => -2,
  'module' => '',
  'message' => 
  array (
    'tousername' => 'gh_7281c5520903',
    'fromusername' => 'oGSJ8wyg00F3LGAyjH4s5tHgU-FQ',
    'createtime' => '1523262307',
    'msgtype' => 'event',
    'event' => 'wx_verify_dispatch',
    'provider' => '成都知道创宇信息技术有限公司',
    'contact' => '咨询电话：028-85182726，邮箱：wx@anquan.org，咨询时间：周一至周五（工作日）9：00-18：00。',
    'dispatchtime' => '1523262305',
    'from' => 'oGSJ8wyg00F3LGAyjH4s5tHgU-FQ',
    'to' => 'gh_7281c5520903',
    'time' => '1523262307',
    'type' => 'event',
  ),
)

2018-04-09 16:25:08 response :
------------

2018-04-09 16:25:09 trace :
------------
String:
<xml><ToUserName><![CDATA[gh_7281c5520903]]></ToUserName>
<FromUserName><![CDATA[oGSJ8wyg00F3LGAyjH4s5tHgU-FQ]]></FromUserName>
<CreateTime>1523262308</CreateTime>
<MsgType><![CDATA[event]]></MsgType>
<Event><![CDATA[wx_verify_dispatch]]></Event>
<Provider><![CDATA[成都知道创宇信息技术有限公司]]></Provider>
<Contact><![CDATA[咨询电话：028-85182726，邮箱：wx@anquan.org，咨询时间：周一至周五（工作日）9：00-18：00。]]></Contact>
<DispatchTime>1523262305</DispatchTime>
</xml>

2018-04-09 16:25:09 params :
------------
String:
array (
  'rule' => -2,
  'module' => '',
  'message' => 
  array (
    'tousername' => 'gh_7281c5520903',
    'fromusername' => 'oGSJ8wyg00F3LGAyjH4s5tHgU-FQ',
    'createtime' => '1523262308',
    'msgtype' => 'event',
    'event' => 'wx_verify_dispatch',
    'provider' => '成都知道创宇信息技术有限公司',
    'contact' => '咨询电话：028-85182726，邮箱：wx@anquan.org，咨询时间：周一至周五（工作日）9：00-18：00。',
    'dispatchtime' => '1523262305',
    'from' => 'oGSJ8wyg00F3LGAyjH4s5tHgU-FQ',
    'to' => 'gh_7281c5520903',
    'time' => '1523262308',
    'type' => 'event',
  ),
)

2018-04-09 16:25:09 response :
------------

2018-04-09 16:55:15 trace :
------------
String:
<xml><ToUserName><![CDATA[gh_7281c5520903]]></ToUserName>
<FromUserName><![CDATA[oGSJ8w24g5URMTBEVoKvltBbhzSs]]></FromUserName>
<CreateTime>1523264114</CreateTime>
<MsgType><![CDATA[event]]></MsgType>
<Event><![CDATA[VIEW]]></Event>
<EventKey><![CDATA[https://mp.0-22.net/app/index.php?i=15&c=entry&m=ewei_shopv2&do=mobile&r=member]]></EventKey>
<MenuId>477705747</MenuId>
</xml>

2018-04-09 16:55:15 params :
------------
String:
array (
  'rule' => -2,
  'module' => '',
  'message' => 
  array (
    'tousername' => 'gh_7281c5520903',
    'fromusername' => 'oGSJ8w24g5URMTBEVoKvltBbhzSs',
    'createtime' => '1523264114',
    'msgtype' => 'event',
    'event' => 'VIEW',
    'eventkey' => 'https://mp.0-22.net/app/index.php?i=15&c=entry&m=ewei_shopv2&do=mobile&r=member',
    'menuid' => '477705747',
    'from' => 'oGSJ8w24g5URMTBEVoKvltBbhzSs',
    'to' => 'gh_7281c5520903',
    'time' => '1523264114',
    'type' => 'text',
    'content' => 'https://mp.0-22.net/app/index.php?i=15&c=entry&m=ewei_shopv2&do=mobile&r=member',
    'redirection' => true,
    'source' => 'VIEW',
  ),
)

2018-04-09 16:55:15 response :
------------

2018-04-09 16:56:00 trace :
------------
String:
<xml><ToUserName><![CDATA[gh_7281c5520903]]></ToUserName>
<FromUserName><![CDATA[oGSJ8w24g5URMTBEVoKvltBbhzSs]]></FromUserName>
<CreateTime>1523264159</CreateTime>
<MsgType><![CDATA[event]]></MsgType>
<Event><![CDATA[VIEW]]></Event>
<EventKey><![CDATA[http://mp.0-22.net/app/index.php?i=15&c=entry&eid=2370]]></EventKey>
<MenuId>477705747</MenuId>
</xml>

2018-04-09 16:56:00 params :
------------
String:
array (
  'rule' => -2,
  'module' => '',
  'message' => 
  array (
    'tousername' => 'gh_7281c5520903',
    'fromusername' => 'oGSJ8w24g5URMTBEVoKvltBbhzSs',
    'createtime' => '1523264159',
    'msgtype' => 'event',
    'event' => 'VIEW',
    'eventkey' => 'http://mp.0-22.net/app/index.php?i=15&c=entry&eid=2370',
    'menuid' => '477705747',
    'from' => 'oGSJ8w24g5URMTBEVoKvltBbhzSs',
    'to' => 'gh_7281c5520903',
    'time' => '1523264159',
    'type' => 'text',
    'content' => 'http://mp.0-22.net/app/index.php?i=15&c=entry&eid=2370',
    'redirection' => true,
    'source' => 'VIEW',
  ),
)

2018-04-09 16:56:00 response :
------------

2018-04-09 16:59:50 trace :
------------
String:
<xml><ToUserName><![CDATA[gh_7281c5520903]]></ToUserName>
<FromUserName><![CDATA[oGSJ8w24g5URMTBEVoKvltBbhzSs]]></FromUserName>
<CreateTime>1523264389</CreateTime>
<MsgType><![CDATA[event]]></MsgType>
<Event><![CDATA[VIEW]]></Event>
<EventKey><![CDATA[https://mp.0-22.net/app/index.php?i=15&c=entry&m=ewei_shopv2&do=mobile&r=member]]></EventKey>
<MenuId>477705747</MenuId>
</xml>

2018-04-09 16:59:50 params :
------------
String:
array (
  'rule' => -2,
  'module' => '',
  'message' => 
  array (
    'tousername' => 'gh_7281c5520903',
    'fromusername' => 'oGSJ8w24g5URMTBEVoKvltBbhzSs',
    'createtime' => '1523264389',
    'msgtype' => 'event',
    'event' => 'VIEW',
    'eventkey' => 'https://mp.0-22.net/app/index.php?i=15&c=entry&m=ewei_shopv2&do=mobile&r=member',
    'menuid' => '477705747',
    'from' => 'oGSJ8w24g5URMTBEVoKvltBbhzSs',
    'to' => 'gh_7281c5520903',
    'time' => '1523264389',
    'type' => 'text',
    'content' => 'https://mp.0-22.net/app/index.php?i=15&c=entry&m=ewei_shopv2&do=mobile&r=member',
    'redirection' => true,
    'source' => 'VIEW',
  ),
)

2018-04-09 16:59:50 response :
------------

2018-04-09 17:00:35 trace :
------------
String:
<xml><ToUserName><![CDATA[gh_7281c5520903]]></ToUserName>
<FromUserName><![CDATA[oGSJ8w24g5URMTBEVoKvltBbhzSs]]></FromUserName>
<CreateTime>1523264434</CreateTime>
<MsgType><![CDATA[event]]></MsgType>
<Event><![CDATA[VIEW]]></Event>
<EventKey><![CDATA[http://mp.0-22.net/app/index.php?i=15&c=entry&eid=2370]]></EventKey>
<MenuId>477705747</MenuId>
</xml>

2018-04-09 17:00:35 params :
------------
String:
array (
  'rule' => -2,
  'module' => '',
  'message' => 
  array (
    'tousername' => 'gh_7281c5520903',
    'fromusername' => 'oGSJ8w24g5URMTBEVoKvltBbhzSs',
    'createtime' => '1523264434',
    'msgtype' => 'event',
    'event' => 'VIEW',
    'eventkey' => 'http://mp.0-22.net/app/index.php?i=15&c=entry&eid=2370',
    'menuid' => '477705747',
    'from' => 'oGSJ8w24g5URMTBEVoKvltBbhzSs',
    'to' => 'gh_7281c5520903',
    'time' => '1523264434',
    'type' => 'text',
    'content' => 'http://mp.0-22.net/app/index.php?i=15&c=entry&eid=2370',
    'redirection' => true,
    'source' => 'VIEW',
  ),
)

2018-04-09 17:00:35 response :
------------

2018-04-09 17:02:38 trace :
------------
String:
<xml><ToUserName><![CDATA[gh_7281c5520903]]></ToUserName>
<FromUserName><![CDATA[oGSJ8w24g5URMTBEVoKvltBbhzSs]]></FromUserName>
<CreateTime>1523264557</CreateTime>
<MsgType><![CDATA[event]]></MsgType>
<Event><![CDATA[VIEW]]></Event>
<EventKey><![CDATA[http://mp.0-22.net/app/index.php?i=15&c=entry&eid=2370]]></EventKey>
<MenuId>477705747</MenuId>
</xml>

2018-04-09 17:02:38 params :
------------
String:
array (
  'rule' => -2,
  'module' => '',
  'message' => 
  array (
    'tousername' => 'gh_7281c5520903',
    'fromusername' => 'oGSJ8w24g5URMTBEVoKvltBbhzSs',
    'createtime' => '1523264557',
    'msgtype' => 'event',
    'event' => 'VIEW',
    'eventkey' => 'http://mp.0-22.net/app/index.php?i=15&c=entry&eid=2370',
    'menuid' => '477705747',
    'from' => 'oGSJ8w24g5URMTBEVoKvltBbhzSs',
    'to' => 'gh_7281c5520903',
    'time' => '1523264557',
    'type' => 'text',
    'content' => 'http://mp.0-22.net/app/index.php?i=15&c=entry&eid=2370',
    'redirection' => true,
    'source' => 'VIEW',
  ),
)

2018-04-09 17:02:38 response :
------------

2018-04-09 17:04:47 trace :
------------
String:
<xml><ToUserName><![CDATA[gh_7281c5520903]]></ToUserName>
<FromUserName><![CDATA[oGSJ8w24g5URMTBEVoKvltBbhzSs]]></FromUserName>
<CreateTime>1523264686</CreateTime>
<MsgType><![CDATA[event]]></MsgType>
<Event><![CDATA[VIEW]]></Event>
<EventKey><![CDATA[http://mp.0-22.net/app/index.php?i=15&c=entry&eid=2370]]></EventKey>
<MenuId>477705747</MenuId>
</xml>

2018-04-09 17:04:47 params :
------------
String:
array (
  'rule' => -2,
  'module' => '',
  'message' => 
  array (
    'tousername' => 'gh_7281c5520903',
    'fromusername' => 'oGSJ8w24g5URMTBEVoKvltBbhzSs',
    'createtime' => '1523264686',
    'msgtype' => 'event',
    'event' => 'VIEW',
    'eventkey' => 'http://mp.0-22.net/app/index.php?i=15&c=entry&eid=2370',
    'menuid' => '477705747',
    'from' => 'oGSJ8w24g5URMTBEVoKvltBbhzSs',
    'to' => 'gh_7281c5520903',
    'time' => '1523264686',
    'type' => 'text',
    'content' => 'http://mp.0-22.net/app/index.php?i=15&c=entry&eid=2370',
    'redirection' => true,
    'source' => 'VIEW',
  ),
)

2018-04-09 17:04:47 response :
------------

2018-04-09 17:04:50 trace :
------------
String:
<xml><ToUserName><![CDATA[gh_7281c5520903]]></ToUserName>
<FromUserName><![CDATA[oGSJ8w24g5URMTBEVoKvltBbhzSs]]></FromUserName>
<CreateTime>1523264689</CreateTime>
<MsgType><![CDATA[event]]></MsgType>
<Event><![CDATA[VIEW]]></Event>
<EventKey><![CDATA[http://mp.0-22.net/app/index.php?i=15&c=entry&eid=2370]]></EventKey>
<MenuId>477705747</MenuId>
</xml>

2018-04-09 17:04:50 params :
------------
String:
array (
  'rule' => -2,
  'module' => '',
  'message' => 
  array (
    'tousername' => 'gh_7281c5520903',
    'fromusername' => 'oGSJ8w24g5URMTBEVoKvltBbhzSs',
    'createtime' => '1523264689',
    'msgtype' => 'event',
    'event' => 'VIEW',
    'eventkey' => 'http://mp.0-22.net/app/index.php?i=15&c=entry&eid=2370',
    'menuid' => '477705747',
    'from' => 'oGSJ8w24g5URMTBEVoKvltBbhzSs',
    'to' => 'gh_7281c5520903',
    'time' => '1523264689',
    'type' => 'text',
    'content' => 'http://mp.0-22.net/app/index.php?i=15&c=entry&eid=2370',
    'redirection' => true,
    'source' => 'VIEW',
  ),
)

2018-04-09 17:04:50 response :
------------

2018-04-09 17:06:33 trace :
------------
String:
<xml><ToUserName><![CDATA[gh_7281c5520903]]></ToUserName>
<FromUserName><![CDATA[oGSJ8w24g5URMTBEVoKvltBbhzSs]]></FromUserName>
<CreateTime>1523264792</CreateTime>
<MsgType><![CDATA[event]]></MsgType>
<Event><![CDATA[VIEW]]></Event>
<EventKey><![CDATA[http://mp.0-22.net/app/index.php?i=15&c=entry&eid=2370]]></EventKey>
<MenuId>477705747</MenuId>
</xml>

2018-04-09 17:06:33 params :
------------
String:
array (
  'rule' => -2,
  'module' => '',
  'message' => 
  array (
    'tousername' => 'gh_7281c5520903',
    'fromusername' => 'oGSJ8w24g5URMTBEVoKvltBbhzSs',
    'createtime' => '1523264792',
    'msgtype' => 'event',
    'event' => 'VIEW',
    'eventkey' => 'http://mp.0-22.net/app/index.php?i=15&c=entry&eid=2370',
    'menuid' => '477705747',
    'from' => 'oGSJ8w24g5URMTBEVoKvltBbhzSs',
    'to' => 'gh_7281c5520903',
    'time' => '1523264792',
    'type' => 'text',
    'content' => 'http://mp.0-22.net/app/index.php?i=15&c=entry&eid=2370',
    'redirection' => true,
    'source' => 'VIEW',
  ),
)

2018-04-09 17:06:33 response :
------------

2018-04-09 17:06:36 trace :
------------
String:
<xml><ToUserName><![CDATA[gh_7281c5520903]]></ToUserName>
<FromUserName><![CDATA[oGSJ8w24g5URMTBEVoKvltBbhzSs]]></FromUserName>
<CreateTime>1523264795</CreateTime>
<MsgType><![CDATA[event]]></MsgType>
<Event><![CDATA[VIEW]]></Event>
<EventKey><![CDATA[http://mp.0-22.net/app/index.php?i=15&c=entry&eid=2370]]></EventKey>
<MenuId>477705747</MenuId>
</xml>

2018-04-09 17:06:36 params :
------------
String:
array (
  'rule' => -2,
  'module' => '',
  'message' => 
  array (
    'tousername' => 'gh_7281c5520903',
    'fromusername' => 'oGSJ8w24g5URMTBEVoKvltBbhzSs',
    'createtime' => '1523264795',
    'msgtype' => 'event',
    'event' => 'VIEW',
    'eventkey' => 'http://mp.0-22.net/app/index.php?i=15&c=entry&eid=2370',
    'menuid' => '477705747',
    'from' => 'oGSJ8w24g5URMTBEVoKvltBbhzSs',
    'to' => 'gh_7281c5520903',
    'time' => '1523264795',
    'type' => 'text',
    'content' => 'http://mp.0-22.net/app/index.php?i=15&c=entry&eid=2370',
    'redirection' => true,
    'source' => 'VIEW',
  ),
)

2018-04-09 17:06:36 response :
------------

2018-04-09 18:02:25 trace :
------------
String:
<xml><ToUserName><![CDATA[gh_7281c5520903]]></ToUserName>
<FromUserName><![CDATA[oGSJ8w24g5URMTBEVoKvltBbhzSs]]></FromUserName>
<CreateTime>1523268144</CreateTime>
<MsgType><![CDATA[event]]></MsgType>
<Event><![CDATA[VIEW]]></Event>
<EventKey><![CDATA[https://mp.0-22.net/app/index.php?i=15&c=entry&m=ewei_shopv2&do=mobile&r=member]]></EventKey>
<MenuId>477705747</MenuId>
</xml>

2018-04-09 18:02:25 params :
------------
String:
array (
  'rule' => -2,
  'module' => '',
  'message' => 
  array (
    'tousername' => 'gh_7281c5520903',
    'fromusername' => 'oGSJ8w24g5URMTBEVoKvltBbhzSs',
    'createtime' => '1523268144',
    'msgtype' => 'event',
    'event' => 'VIEW',
    'eventkey' => 'https://mp.0-22.net/app/index.php?i=15&c=entry&m=ewei_shopv2&do=mobile&r=member',
    'menuid' => '477705747',
    'from' => 'oGSJ8w24g5URMTBEVoKvltBbhzSs',
    'to' => 'gh_7281c5520903',
    'time' => '1523268144',
    'type' => 'text',
    'content' => 'https://mp.0-22.net/app/index.php?i=15&c=entry&m=ewei_shopv2&do=mobile&r=member',
    'redirection' => true,
    'source' => 'VIEW',
  ),
)

2018-04-09 18:02:25 response :
------------

2018-04-09 18:04:19 trace :
------------
String:
<xml><ToUserName><![CDATA[gh_7281c5520903]]></ToUserName>
<FromUserName><![CDATA[oGSJ8w24g5URMTBEVoKvltBbhzSs]]></FromUserName>
<CreateTime>1523268258</CreateTime>
<MsgType><![CDATA[event]]></MsgType>
<Event><![CDATA[VIEW]]></Event>
<EventKey><![CDATA[https://mp.0-22.net/app/index.php?i=15&c=entry&m=ewei_shopv2&do=mobile&r=member]]></EventKey>
<MenuId>477705747</MenuId>
</xml>

2018-04-09 18:04:19 params :
------------
String:
array (
  'rule' => -2,
  'module' => '',
  'message' => 
  array (
    'tousername' => 'gh_7281c5520903',
    'fromusername' => 'oGSJ8w24g5URMTBEVoKvltBbhzSs',
    'createtime' => '1523268258',
    'msgtype' => 'event',
    'event' => 'VIEW',
    'eventkey' => 'https://mp.0-22.net/app/index.php?i=15&c=entry&m=ewei_shopv2&do=mobile&r=member',
    'menuid' => '477705747',
    'from' => 'oGSJ8w24g5URMTBEVoKvltBbhzSs',
    'to' => 'gh_7281c5520903',
    'time' => '1523268258',
    'type' => 'text',
    'content' => 'https://mp.0-22.net/app/index.php?i=15&c=entry&m=ewei_shopv2&do=mobile&r=member',
    'redirection' => true,
    'source' => 'VIEW',
  ),
)

2018-04-09 18:04:19 response :
------------

2018-04-09 18:11:33 trace :
------------
String:
<xml><ToUserName><![CDATA[gh_7281c5520903]]></ToUserName>
<FromUserName><![CDATA[oGSJ8w3aQiouIE0YfCFtbi-17e68]]></FromUserName>
<CreateTime>1523268692</CreateTime>
<MsgType><![CDATA[event]]></MsgType>
<Event><![CDATA[subscribe]]></Event>
<EventKey><![CDATA[]]></EventKey>
</xml>

2018-04-09 18:11:33 params :
------------
String:
array (
  'rule' => -2,
  'module' => '',
  'message' => 
  array (
    'tousername' => 'gh_7281c5520903',
    'fromusername' => 'oGSJ8w3aQiouIE0YfCFtbi-17e68',
    'createtime' => '1523268692',
    'msgtype' => 'event',
    'event' => 'subscribe',
    'eventkey' => '',
    'from' => 'oGSJ8w3aQiouIE0YfCFtbi-17e68',
    'to' => 'gh_7281c5520903',
    'time' => '1523268692',
    'type' => 'text',
    'redirection' => true,
    'source' => 'subscribe',
  ),
)

2018-04-09 18:11:33 response :
------------

2018-04-09 18:11:36 trace :
------------
String:
<xml><ToUserName><![CDATA[gh_7281c5520903]]></ToUserName>
<FromUserName><![CDATA[oGSJ8w3aQiouIE0YfCFtbi-17e68]]></FromUserName>
<CreateTime>1523268695</CreateTime>
<MsgType><![CDATA[event]]></MsgType>
<Event><![CDATA[VIEW]]></Event>
<EventKey><![CDATA[https://mp.0-22.net/app/index.php?i=15&c=entry&m=ewei_shopv2&do=mobile&r=member]]></EventKey>
<MenuId>477705747</MenuId>
</xml>

2018-04-09 18:11:36 params :
------------
String:
array (
  'rule' => -2,
  'module' => '',
  'message' => 
  array (
    'tousername' => 'gh_7281c5520903',
    'fromusername' => 'oGSJ8w3aQiouIE0YfCFtbi-17e68',
    'createtime' => '1523268695',
    'msgtype' => 'event',
    'event' => 'VIEW',
    'eventkey' => 'https://mp.0-22.net/app/index.php?i=15&c=entry&m=ewei_shopv2&do=mobile&r=member',
    'menuid' => '477705747',
    'from' => 'oGSJ8w3aQiouIE0YfCFtbi-17e68',
    'to' => 'gh_7281c5520903',
    'time' => '1523268695',
    'type' => 'text',
    'content' => 'https://mp.0-22.net/app/index.php?i=15&c=entry&m=ewei_shopv2&do=mobile&r=member',
    'redirection' => true,
    'source' => 'VIEW',
  ),
)

2018-04-09 18:11:36 response :
------------

2018-04-09 18:36:02 trace :
------------
String:
<xml><ToUserName><![CDATA[gh_7281c5520903]]></ToUserName>
<FromUserName><![CDATA[oGSJ8w24g5URMTBEVoKvltBbhzSs]]></FromUserName>
<CreateTime>1523270161</CreateTime>
<MsgType><![CDATA[event]]></MsgType>
<Event><![CDATA[VIEW]]></Event>
<EventKey><![CDATA[http://mp.0-22.net/app/index.php?i=15&c=entry&eid=2370]]></EventKey>
<MenuId>477705747</MenuId>
</xml>

2018-04-09 18:36:02 params :
------------
String:
array (
  'rule' => -2,
  'module' => '',
  'message' => 
  array (
    'tousername' => 'gh_7281c5520903',
    'fromusername' => 'oGSJ8w24g5URMTBEVoKvltBbhzSs',
    'createtime' => '1523270161',
    'msgtype' => 'event',
    'event' => 'VIEW',
    'eventkey' => 'http://mp.0-22.net/app/index.php?i=15&c=entry&eid=2370',
    'menuid' => '477705747',
    'from' => 'oGSJ8w24g5URMTBEVoKvltBbhzSs',
    'to' => 'gh_7281c5520903',
    'time' => '1523270161',
    'type' => 'text',
    'content' => 'http://mp.0-22.net/app/index.php?i=15&c=entry&eid=2370',
    'redirection' => true,
    'source' => 'VIEW',
  ),
)

2018-04-09 18:36:02 response :
------------

2018-04-09 19:19:58 trace :
------------
String:
<xml><ToUserName><![CDATA[gh_7281c5520903]]></ToUserName>
<FromUserName><![CDATA[oGSJ8wyey6r5E5lw8H1vyeQRcDXA]]></FromUserName>
<CreateTime>1523272797</CreateTime>
<MsgType><![CDATA[event]]></MsgType>
<Event><![CDATA[subscribe]]></Event>
<EventKey><![CDATA[]]></EventKey>
</xml>

2018-04-09 19:19:58 params :
------------
String:
array (
  'rule' => -2,
  'module' => '',
  'message' => 
  array (
    'tousername' => 'gh_7281c5520903',
    'fromusername' => 'oGSJ8wyey6r5E5lw8H1vyeQRcDXA',
    'createtime' => '1523272797',
    'msgtype' => 'event',
    'event' => 'subscribe',
    'eventkey' => '',
    'from' => 'oGSJ8wyey6r5E5lw8H1vyeQRcDXA',
    'to' => 'gh_7281c5520903',
    'time' => '1523272797',
    'type' => 'text',
    'redirection' => true,
    'source' => 'subscribe',
  ),
)

2018-04-09 19:19:58 response :
------------

2018-04-09 20:38:18 trace :
------------
String:
<xml><ToUserName><![CDATA[gh_7281c5520903]]></ToUserName>
<FromUserName><![CDATA[oGSJ8w6J1aYrraa7fzgWFXzyG0HI]]></FromUserName>
<CreateTime>1523277497</CreateTime>
<MsgType><![CDATA[event]]></MsgType>
<Event><![CDATA[subscribe]]></Event>
<EventKey><![CDATA[]]></EventKey>
</xml>

2018-04-09 20:38:18 params :
------------
String:
array (
  'rule' => -2,
  'module' => '',
  'message' => 
  array (
    'tousername' => 'gh_7281c5520903',
    'fromusername' => 'oGSJ8w6J1aYrraa7fzgWFXzyG0HI',
    'createtime' => '1523277497',
    'msgtype' => 'event',
    'event' => 'subscribe',
    'eventkey' => '',
    'from' => 'oGSJ8w6J1aYrraa7fzgWFXzyG0HI',
    'to' => 'gh_7281c5520903',
    'time' => '1523277497',
    'type' => 'text',
    'redirection' => true,
    'source' => 'subscribe',
  ),
)

2018-04-09 20:38:18 response :
------------

2018-04-09 20:38:24 trace :
------------
String:
<xml><ToUserName><![CDATA[gh_7281c5520903]]></ToUserName>
<FromUserName><![CDATA[oGSJ8w6J1aYrraa7fzgWFXzyG0HI]]></FromUserName>
<CreateTime>1523277503</CreateTime>
<MsgType><![CDATA[event]]></MsgType>
<Event><![CDATA[VIEW]]></Event>
<EventKey><![CDATA[https://mp.0-22.net/app/index.php?i=15&c=entry&m=ewei_shopv2&do=mobile&r=member]]></EventKey>
<MenuId>477705747</MenuId>
</xml>

2018-04-09 20:38:24 params :
------------
String:
array (
  'rule' => -2,
  'module' => '',
  'message' => 
  array (
    'tousername' => 'gh_7281c5520903',
    'fromusername' => 'oGSJ8w6J1aYrraa7fzgWFXzyG0HI',
    'createtime' => '1523277503',
    'msgtype' => 'event',
    'event' => 'VIEW',
    'eventkey' => 'https://mp.0-22.net/app/index.php?i=15&c=entry&m=ewei_shopv2&do=mobile&r=member',
    'menuid' => '477705747',
    'from' => 'oGSJ8w6J1aYrraa7fzgWFXzyG0HI',
    'to' => 'gh_7281c5520903',
    'time' => '1523277503',
    'type' => 'text',
    'content' => 'https://mp.0-22.net/app/index.php?i=15&c=entry&m=ewei_shopv2&do=mobile&r=member',
    'redirection' => true,
    'source' => 'VIEW',
  ),
)

2018-04-09 20:38:24 response :
------------

2018-04-09 20:38:31 trace :
------------
String:
<xml><ToUserName><![CDATA[gh_7281c5520903]]></ToUserName>
<FromUserName><![CDATA[oGSJ8w6J1aYrraa7fzgWFXzyG0HI]]></FromUserName>
<CreateTime>1523277510</CreateTime>
<MsgType><![CDATA[event]]></MsgType>
<Event><![CDATA[VIEW]]></Event>
<EventKey><![CDATA[http://mp.0-22.net/app/index.php?i=15&c=entry&eid=2370]]></EventKey>
<MenuId>477705747</MenuId>
</xml>

2018-04-09 20:38:31 params :
------------
String:
array (
  'rule' => -2,
  'module' => '',
  'message' => 
  array (
    'tousername' => 'gh_7281c5520903',
    'fromusername' => 'oGSJ8w6J1aYrraa7fzgWFXzyG0HI',
    'createtime' => '1523277510',
    'msgtype' => 'event',
    'event' => 'VIEW',
    'eventkey' => 'http://mp.0-22.net/app/index.php?i=15&c=entry&eid=2370',
    'menuid' => '477705747',
    'from' => 'oGSJ8w6J1aYrraa7fzgWFXzyG0HI',
    'to' => 'gh_7281c5520903',
    'time' => '1523277510',
    'type' => 'text',
    'content' => 'http://mp.0-22.net/app/index.php?i=15&c=entry&eid=2370',
    'redirection' => true,
    'source' => 'VIEW',
  ),
)

2018-04-09 20:38:31 response :
------------

2018-04-09 21:48:39 trace :
------------
String:
<xml><ToUserName><![CDATA[gh_7844c882daf6]]></ToUserName>
<FromUserName><![CDATA[o62GS1dDg8gLPYePq9kDz7OmTBFc]]></FromUserName>
<CreateTime>1523281718</CreateTime>
<MsgType><![CDATA[event]]></MsgType>
<Event><![CDATA[unsubscribe]]></Event>
<EventKey><![CDATA[]]></EventKey>
</xml>

2018-04-09 22:09:30 trace :
------------
String:
<xml><ToUserName><![CDATA[gh_7281c5520903]]></ToUserName>
<FromUserName><![CDATA[oGSJ8w00Fw74SbB6R41RepzAKk4M]]></FromUserName>
<CreateTime>1523282963</CreateTime>
<MsgType><![CDATA[event]]></MsgType>
<Event><![CDATA[subscribe]]></Event>
<EventKey><![CDATA[]]></EventKey>
</xml>

2018-04-09 22:09:30 params :
------------
String:
array (
  'rule' => -2,
  'module' => '',
  'message' => 
  array (
    'tousername' => 'gh_7281c5520903',
    'fromusername' => 'oGSJ8w00Fw74SbB6R41RepzAKk4M',
    'createtime' => '1523282963',
    'msgtype' => 'event',
    'event' => 'subscribe',
    'eventkey' => '',
    'from' => 'oGSJ8w00Fw74SbB6R41RepzAKk4M',
    'to' => 'gh_7281c5520903',
    'time' => '1523282963',
    'type' => 'text',
    'redirection' => true,
    'source' => 'subscribe',
  ),
)

2018-04-09 22:09:30 response :
------------

2018-04-09 22:09:42 trace :
------------
String:
<xml><ToUserName><![CDATA[gh_7281c5520903]]></ToUserName>
<FromUserName><![CDATA[oGSJ8w00Fw74SbB6R41RepzAKk4M]]></FromUserName>
<CreateTime>1523282981</CreateTime>
<MsgType><![CDATA[event]]></MsgType>
<Event><![CDATA[VIEW]]></Event>
<EventKey><![CDATA[https://mp.0-22.net/app/index.php?i=15&c=entry&m=ewei_shopv2&do=mobile&r=member]]></EventKey>
<MenuId>477705747</MenuId>
</xml>

2018-04-09 22:09:42 params :
------------
String:
array (
  'rule' => -2,
  'module' => '',
  'message' => 
  array (
    'tousername' => 'gh_7281c5520903',
    'fromusername' => 'oGSJ8w00Fw74SbB6R41RepzAKk4M',
    'createtime' => '1523282981',
    'msgtype' => 'event',
    'event' => 'VIEW',
    'eventkey' => 'https://mp.0-22.net/app/index.php?i=15&c=entry&m=ewei_shopv2&do=mobile&r=member',
    'menuid' => '477705747',
    'from' => 'oGSJ8w00Fw74SbB6R41RepzAKk4M',
    'to' => 'gh_7281c5520903',
    'time' => '1523282981',
    'type' => 'text',
    'content' => 'https://mp.0-22.net/app/index.php?i=15&c=entry&m=ewei_shopv2&do=mobile&r=member',
    'redirection' => true,
    'source' => 'VIEW',
  ),
)

2018-04-09 22:09:42 response :
------------

2018-04-09 23:28:19 trace :
------------
String:
<xml><ToUserName><![CDATA[gh_7281c5520903]]></ToUserName>
<FromUserName><![CDATA[oGSJ8w3njfTBp7F-1Z4114ONIPh0]]></FromUserName>
<CreateTime>1523287698</CreateTime>
<MsgType><![CDATA[event]]></MsgType>
<Event><![CDATA[subscribe]]></Event>
<EventKey><![CDATA[]]></EventKey>
</xml>

2018-04-09 23:28:19 params :
------------
String:
array (
  'rule' => -2,
  'module' => '',
  'message' => 
  array (
    'tousername' => 'gh_7281c5520903',
    'fromusername' => 'oGSJ8w3njfTBp7F-1Z4114ONIPh0',
    'createtime' => '1523287698',
    'msgtype' => 'event',
    'event' => 'subscribe',
    'eventkey' => '',
    'from' => 'oGSJ8w3njfTBp7F-1Z4114ONIPh0',
    'to' => 'gh_7281c5520903',
    'time' => '1523287698',
    'type' => 'text',
    'redirection' => true,
    'source' => 'subscribe',
  ),
)

2018-04-09 23:28:19 response :
------------

2018-04-09 23:28:31 trace :
------------
String:
<xml><ToUserName><![CDATA[gh_7281c5520903]]></ToUserName>
<FromUserName><![CDATA[oGSJ8w3njfTBp7F-1Z4114ONIPh0]]></FromUserName>
<CreateTime>1523287710</CreateTime>
<MsgType><![CDATA[event]]></MsgType>
<Event><![CDATA[VIEW]]></Event>
<EventKey><![CDATA[https://mp.0-22.net/app/index.php?i=15&c=entry&m=ewei_shopv2&do=mobile&r=member]]></EventKey>
<MenuId>477705747</MenuId>
</xml>

2018-04-09 23:28:31 params :
------------
String:
array (
  'rule' => -2,
  'module' => '',
  'message' => 
  array (
    'tousername' => 'gh_7281c5520903',
    'fromusername' => 'oGSJ8w3njfTBp7F-1Z4114ONIPh0',
    'createtime' => '1523287710',
    'msgtype' => 'event',
    'event' => 'VIEW',
    'eventkey' => 'https://mp.0-22.net/app/index.php?i=15&c=entry&m=ewei_shopv2&do=mobile&r=member',
    'menuid' => '477705747',
    'from' => 'oGSJ8w3njfTBp7F-1Z4114ONIPh0',
    'to' => 'gh_7281c5520903',
    'time' => '1523287710',
    'type' => 'text',
    'content' => 'https://mp.0-22.net/app/index.php?i=15&c=entry&m=ewei_shopv2&do=mobile&r=member',
    'redirection' => true,
    'source' => 'VIEW',
  ),
)

2018-04-09 23:28:31 response :
------------

