2018-04-03 09:56:53 trace :
------------
String:
<xml><ToUserName><![CDATA[gh_7844c882daf6]]></ToUserName>
<FromUserName><![CDATA[o62GS1R5jcOay8DfejiowMw4JtYw]]></FromUserName>
<CreateTime>1522720612</CreateTime>
<MsgType><![CDATA[event]]></MsgType>
<Event><![CDATA[unsubscribe]]></Event>
<EventKey><![CDATA[]]></EventKey>
</xml>

2018-04-03 15:12:15 trace :
------------
String:
<xml><ToUserName><![CDATA[gh_7844c882daf6]]></ToUserName>
<FromUserName><![CDATA[o62GS1USx1p4FE8So4SZXOrfmzpo]]></FromUserName>
<CreateTime>1522739534</CreateTime>
<MsgType><![CDATA[event]]></MsgType>
<Event><![CDATA[subscribe]]></Event>
<EventKey><![CDATA[]]></EventKey>
<Ticket><![CDATA[gQFC7zwAAAAAAAAAAS5odHRwOi8vd2VpeGluLnFxLmNvbS9xLzAyWFM1anMwSHhlaWwxU0VaM05xOXAAAgRIKcNaAwRgVAAA]]></Ticket>
</xml>

2018-04-03 15:12:15 params :
------------
String:
array (
  'rule' => -2,
  'module' => '',
  'message' => 
  array (
    'tousername' => 'gh_7844c882daf6',
    'fromusername' => 'o62GS1USx1p4FE8So4SZXOrfmzpo',
    'createtime' => '1522739534',
    'msgtype' => 'event',
    'event' => 'subscribe',
    'eventkey' => '',
    'ticket' => 'gQFC7zwAAAAAAAAAAS5odHRwOi8vd2VpeGluLnFxLmNvbS9xLzAyWFM1anMwSHhlaWwxU0VaM05xOXAAAgRIKcNaAwRgVAAA',
    'from' => 'o62GS1USx1p4FE8So4SZXOrfmzpo',
    'to' => 'gh_7844c882daf6',
    'time' => '1522739534',
    'type' => 'text',
    'redirection' => true,
    'source' => 'subscribe',
  ),
)

2018-04-03 15:12:15 response :
------------

2018-04-03 15:12:15 Receiver:SUBSCRIBE :
------------
String:


2018-04-03 15:12:16 SQL Error :
------------
String:
SQL: <br/>INSERT INTO `ims_gs_pinshop_openid2` SET <hr/>Params: <br/>array (
)<hr/>SQL Error: <br/>You have an error in your SQL syntax; check the manual that corresponds to your MySQL server version for the right syntax to use near '' at line 1<hr/>Traces: <br/>file: /framework/class/db.class.php; line: 407; <br />file: /framework/class/db.class.php; line: 90; <br />file: /framework/class/db.class.php; line: 253; <br />file: /framework/function/pdo.func.php; line: 71; <br />file: /addons/gs_pinshop/receiver.php; line: 2; <br />file: /web/source/utility/subscribe.ctrl.php; line: 36; <br />file: /web/index.php; line: 268; <br />

2018-04-03 15:12:16 SQL Error :
------------
String:
SQL: <br/>SELECT eid FROM `ims_modules_bindings` where module='gs_pinshop' and entry='cover' ORDER BY eid desc<hr/>Params: <br/>array (
)<hr/>SQL Error: <br/>You have an error in your SQL syntax; check the manual that corresponds to your MySQL server version for the right syntax to use near '' at line 1<hr/>Traces: <br/>file: /framework/class/db.class.php; line: 407; <br />file: /framework/class/db.class.php; line: 73; <br />file: /framework/class/db.class.php; line: 136; <br />file: /framework/function/pdo.func.php; line: 40; <br />file: /addons/gs_pinshop/receiver.php; line: 2; <br />file: /web/source/utility/subscribe.ctrl.php; line: 36; <br />file: /web/index.php; line: 268; <br />

2018-04-03 15:12:16 SQL Error :
------------
String:
SQL: <br/>SELECT eid FROM `ims_modules_bindings` where module='gs_pinshop' and entry='cover' ORDER BY eid desc<hr/>Params: <br/>array (
)<hr/>SQL Error: <br/>You have an error in your SQL syntax; check the manual that corresponds to your MySQL server version for the right syntax to use near '' at line 1<hr/>Traces: <br/>file: /framework/class/db.class.php; line: 407; <br />file: /framework/class/db.class.php; line: 139; <br />file: /framework/function/pdo.func.php; line: 40; <br />file: /addons/gs_pinshop/receiver.php; line: 2; <br />file: /web/source/utility/subscribe.ctrl.php; line: 36; <br />file: /web/index.php; line: 268; <br />

2018-04-03 22:17:34 trace :
------------
String:
<xml><ToUserName><![CDATA[gh_7844c882daf6]]></ToUserName>
<FromUserName><![CDATA[o62GS1b384shFcJNM3YTVkzAA-js]]></FromUserName>
<CreateTime>1522765053</CreateTime>
<MsgType><![CDATA[event]]></MsgType>
<Event><![CDATA[unsubscribe]]></Event>
<EventKey><![CDATA[]]></EventKey>
</xml>

