2018-05-16 07:42:40 trace :
------------
String:
<xml><ToUserName><![CDATA[gh_7844c882daf6]]></ToUserName>
<FromUserName><![CDATA[o62GS1b5VkCobQjDetgWzKezSGxg]]></FromUserName>
<CreateTime>1526427759</CreateTime>
<MsgType><![CDATA[event]]></MsgType>
<Event><![CDATA[unsubscribe]]></Event>
<EventKey><![CDATA[]]></EventKey>
</xml>

2018-05-16 08:22:51 trace :
------------
String:
<xml><ToUserName><![CDATA[gh_7844c882daf6]]></ToUserName>
<FromUserName><![CDATA[o62GS1fAJfGIlUw5m9m8-fjqESCA]]></FromUserName>
<CreateTime>1526430170</CreateTime>
<MsgType><![CDATA[event]]></MsgType>
<Event><![CDATA[unsubscribe]]></Event>
<EventKey><![CDATA[]]></EventKey>
</xml>

2018-05-16 20:07:29 trace :
------------
String:
<xml><ToUserName><![CDATA[gh_b38195d9a8e5]]></ToUserName>
<FromUserName><![CDATA[oRRBhwKnQZavQkGEAoGOddJEOh5Y]]></FromUserName>
<CreateTime>1526472448</CreateTime>
<MsgType><![CDATA[event]]></MsgType>
<Event><![CDATA[VIEW]]></Event>
<EventKey><![CDATA[http://tb.0-22.net/index.php?r=index/9]]></EventKey>
<MenuId>464313590</MenuId>
</xml>

2018-05-16 20:07:29 params :
------------
String:
array (
  'rule' => -2,
  'module' => '',
  'message' => 
  array (
    'tousername' => 'gh_b38195d9a8e5',
    'fromusername' => 'oRRBhwKnQZavQkGEAoGOddJEOh5Y',
    'createtime' => '1526472448',
    'msgtype' => 'event',
    'event' => 'VIEW',
    'eventkey' => 'http://tb.0-22.net/index.php?r=index/9',
    'menuid' => '464313590',
    'from' => 'oRRBhwKnQZavQkGEAoGOddJEOh5Y',
    'to' => 'gh_b38195d9a8e5',
    'time' => '1526472448',
    'type' => 'text',
    'content' => 'http://tb.0-22.net/index.php?r=index/9',
    'redirection' => true,
    'source' => 'VIEW',
  ),
)

2018-05-16 20:07:29 response :
------------

