2018-01-24 10:06:53 trace :
------------
String:
<xml><ToUserName><![CDATA[gh_7844c882daf6]]></ToUserName>
<FromUserName><![CDATA[o62GS1eX4IiE1cFhoXKVijlaSccA]]></FromUserName>
<CreateTime>1516759611</CreateTime>
<MsgType><![CDATA[event]]></MsgType>
<Event><![CDATA[subscribe]]></Event>
<EventKey><![CDATA[]]></EventKey>
</xml>

2018-01-24 10:06:53 params :
------------
String:
array (
  'rule' => -2,
  'module' => '',
  'message' => 
  array (
    'tousername' => 'gh_7844c882daf6',
    'fromusername' => 'o62GS1eX4IiE1cFhoXKVijlaSccA',
    'createtime' => '1516759611',
    'msgtype' => 'event',
    'event' => 'subscribe',
    'eventkey' => '',
    'from' => 'o62GS1eX4IiE1cFhoXKVijlaSccA',
    'to' => 'gh_7844c882daf6',
    'time' => '1516759611',
    'type' => 'text',
    'redirection' => true,
    'source' => 'subscribe',
  ),
)

2018-01-24 10:06:53 response :
------------

2018-01-24 10:55:22 trace :
------------
String:
<xml><ToUserName><![CDATA[gh_7844c882daf6]]></ToUserName>
<FromUserName><![CDATA[o62GS1QkOOfdWQ7JBcO7yCR-_69M]]></FromUserName>
<CreateTime>1516762520</CreateTime>
<MsgType><![CDATA[event]]></MsgType>
<Event><![CDATA[MASSSENDJOBFINISH]]></Event>
<MsgID>1000000036</MsgID>
<Status><![CDATA[send success]]></Status>
<TotalCount>335</TotalCount>
<FilterCount>333</FilterCount>
<SentCount>333</SentCount>
<ErrorCount>0</ErrorCount>
<CopyrightCheckResult><Count>0</Count>
<ResultList></ResultList>
<CheckState>0</CheckState>
</CopyrightCheckResult>
</xml>

2018-01-24 10:55:22 params :
------------
String:
array (
  'rule' => -2,
  'module' => '',
  'message' => 
  array (
    'tousername' => 'gh_7844c882daf6',
    'fromusername' => 'o62GS1QkOOfdWQ7JBcO7yCR-_69M',
    'createtime' => '1516762520',
    'msgtype' => 'event',
    'event' => 'MASSSENDJOBFINISH',
    'msgid' => '1000000036',
    'status' => 'send success',
    'totalcount' => '335',
    'filtercount' => '333',
    'sentcount' => '333',
    'errorcount' => '0',
    'copyrightcheckresult' => 
    array (
      'count' => '0',
      'resultlist' => '',
      'checkstate' => '0',
    ),
    'from' => 'o62GS1QkOOfdWQ7JBcO7yCR-_69M',
    'to' => 'gh_7844c882daf6',
    'time' => '1516762520',
    'type' => 'event',
  ),
)

2018-01-24 10:55:22 response :
------------

