2018-03-02 10:37:49 trace :
------------
String:
<xml><ToUserName><![CDATA[gh_a68baea05e76]]></ToUserName>
<FromUserName><![CDATA[od3Vu0aJS5ANLfrDQAPYTdcxjpFo]]></FromUserName>
<CreateTime>1519958268</CreateTime>
<MsgType><![CDATA[text]]></MsgType>
<Content><![CDATA[内容]]></Content>
<MsgId>6528171052771971398</MsgId>
</xml>

2018-03-02 10:37:49 params :
------------
String:
array (
  'message' => 
  array (
    'tousername' => 'gh_a68baea05e76',
    'fromusername' => 'od3Vu0aJS5ANLfrDQAPYTdcxjpFo',
    'createtime' => '1519958268',
    'msgtype' => 'text',
    'content' => '内容',
    'msgid' => '6528171052771971398',
    'from' => 'od3Vu0aJS5ANLfrDQAPYTdcxjpFo',
    'to' => 'gh_a68baea05e76',
    'time' => '1519958268',
    'type' => 'text',
    'event' => NULL,
    'redirection' => false,
    'source' => NULL,
  ),
  'module' => 'cover',
  'rule' => '165',
  'priority' => '0',
  'keyword' => 
  array (
    'id' => '98',
    'rid' => '165',
    'uniacid' => '9',
    'module' => 'cover',
    'content' => '内容',
    'type' => '1',
    'displayorder' => '0',
    'status' => '1',
    'reply_type' => 
    array (
    ),
  ),
  'reply_type' => 
  array (
  ),
)

2018-03-02 10:37:49 response :
------------
Array:
FromUserName : gh_a68baea05e76 ;
ToUserName : od3Vu0aJS5ANLfrDQAPYTdcxjpFo ;
MsgType : news ;
ArticleCount : 1 ;
Articles : Array ;

2018-03-02 10:37:59 trace :
------------
String:
<xml><ToUserName><![CDATA[gh_a68baea05e76]]></ToUserName>
<FromUserName><![CDATA[od3Vu0aJS5ANLfrDQAPYTdcxjpFo]]></FromUserName>
<CreateTime>1519958277</CreateTime>
<MsgType><![CDATA[text]]></MsgType>
<Content><![CDATA[数钱]]></Content>
<MsgId>6528171091426677070</MsgId>
</xml>

2018-03-02 10:37:59 params :
------------
String:
array (
  'message' => 
  array (
    'tousername' => 'gh_a68baea05e76',
    'fromusername' => 'od3Vu0aJS5ANLfrDQAPYTdcxjpFo',
    'createtime' => '1519958277',
    'msgtype' => 'text',
    'content' => '数钱',
    'msgid' => '6528171091426677070',
    'from' => 'od3Vu0aJS5ANLfrDQAPYTdcxjpFo',
    'to' => 'gh_a68baea05e76',
    'time' => '1519958277',
    'type' => 'text',
    'event' => NULL,
    'redirection' => false,
    'source' => NULL,
  ),
  'module' => 'ewei_money',
  'rule' => '163',
  'priority' => '0',
  'keyword' => 
  array (
    'id' => '96',
    'rid' => '163',
    'uniacid' => '9',
    'module' => 'ewei_money',
    'content' => '数钱',
    'type' => '1',
    'displayorder' => '0',
    'status' => '1',
    'reply_type' => 
    array (
    ),
  ),
  'reply_type' => 
  array (
  ),
)

2018-03-02 10:37:59 response :
------------
Array:
FromUserName : gh_a68baea05e76 ;
ToUserName : od3Vu0aJS5ANLfrDQAPYTdcxjpFo ;
MsgType : news ;
ArticleCount : 1 ;
Articles : Array ;

2018-03-02 14:54:30 trace :
------------
String:
<xml><ToUserName><![CDATA[gh_b38195d9a8e5]]></ToUserName>
<FromUserName><![CDATA[oRRBhwKnQZavQkGEAoGOddJEOh5Y]]></FromUserName>
<CreateTime>1519973669</CreateTime>
<MsgType><![CDATA[event]]></MsgType>
<Event><![CDATA[VIEW]]></Event>
<EventKey><![CDATA[http://mp.0-22.net/app/index.php?i=4&c=entry&eid=2370]]></EventKey>
<MenuId>463725203</MenuId>
</xml>

2018-03-02 14:54:31 params :
------------
String:
array (
  'rule' => -2,
  'module' => '',
  'message' => 
  array (
    'tousername' => 'gh_b38195d9a8e5',
    'fromusername' => 'oRRBhwKnQZavQkGEAoGOddJEOh5Y',
    'createtime' => '1519973669',
    'msgtype' => 'event',
    'event' => 'VIEW',
    'eventkey' => 'http://mp.0-22.net/app/index.php?i=4&c=entry&eid=2370',
    'menuid' => '463725203',
    'from' => 'oRRBhwKnQZavQkGEAoGOddJEOh5Y',
    'to' => 'gh_b38195d9a8e5',
    'time' => '1519973669',
    'type' => 'text',
    'content' => 'http://mp.0-22.net/app/index.php?i=4&c=entry&eid=2370',
    'redirection' => true,
    'source' => 'VIEW',
  ),
)

2018-03-02 14:54:31 response :
------------

2018-03-02 16:41:50 trace :
------------
String:
<xml><ToUserName><![CDATA[gh_b38195d9a8e5]]></ToUserName>
<FromUserName><![CDATA[oRRBhwKnQZavQkGEAoGOddJEOh5Y]]></FromUserName>
<CreateTime>1519980109</CreateTime>
<MsgType><![CDATA[event]]></MsgType>
<Event><![CDATA[VIEW]]></Event>
<EventKey><![CDATA[http://mp.0-22.net/app/index.php?i=4&c=entry&eid=2370]]></EventKey>
<MenuId>463725203</MenuId>
</xml>

2018-03-02 16:41:50 params :
------------
String:
array (
  'rule' => -2,
  'module' => '',
  'message' => 
  array (
    'tousername' => 'gh_b38195d9a8e5',
    'fromusername' => 'oRRBhwKnQZavQkGEAoGOddJEOh5Y',
    'createtime' => '1519980109',
    'msgtype' => 'event',
    'event' => 'VIEW',
    'eventkey' => 'http://mp.0-22.net/app/index.php?i=4&c=entry&eid=2370',
    'menuid' => '463725203',
    'from' => 'oRRBhwKnQZavQkGEAoGOddJEOh5Y',
    'to' => 'gh_b38195d9a8e5',
    'time' => '1519980109',
    'type' => 'text',
    'content' => 'http://mp.0-22.net/app/index.php?i=4&c=entry&eid=2370',
    'redirection' => true,
    'source' => 'VIEW',
  ),
)

2018-03-02 16:41:50 response :
------------

2018-03-02 17:11:13 trace :
------------
String:
<xml><ToUserName><![CDATA[gh_a68baea05e76]]></ToUserName>
<FromUserName><![CDATA[od3Vu0T0_SETgYAbFDGyjVBBBAM0]]></FromUserName>
<CreateTime>1519981872</CreateTime>
<MsgType><![CDATA[event]]></MsgType>
<Event><![CDATA[subscribe]]></Event>
<EventKey><![CDATA[]]></EventKey>
</xml>

2018-03-02 17:11:13 params :
------------
String:
array (
  'rule' => -2,
  'module' => '',
  'message' => 
  array (
    'tousername' => 'gh_a68baea05e76',
    'fromusername' => 'od3Vu0T0_SETgYAbFDGyjVBBBAM0',
    'createtime' => '1519981872',
    'msgtype' => 'event',
    'event' => 'subscribe',
    'eventkey' => '',
    'from' => 'od3Vu0T0_SETgYAbFDGyjVBBBAM0',
    'to' => 'gh_a68baea05e76',
    'time' => '1519981872',
    'type' => 'text',
    'redirection' => true,
    'source' => 'subscribe',
  ),
)

2018-03-02 17:11:13 response :
------------

2018-03-02 17:12:17 trace :
------------
String:
<xml><ToUserName><![CDATA[gh_a68baea05e76]]></ToUserName>
<FromUserName><![CDATA[od3Vu0RW62guTIKD8AAz2cigp4WQ]]></FromUserName>
<CreateTime>1519981936</CreateTime>
<MsgType><![CDATA[event]]></MsgType>
<Event><![CDATA[subscribe]]></Event>
<EventKey><![CDATA[]]></EventKey>
</xml>

2018-03-02 17:12:17 params :
------------
String:
array (
  'rule' => -2,
  'module' => '',
  'message' => 
  array (
    'tousername' => 'gh_a68baea05e76',
    'fromusername' => 'od3Vu0RW62guTIKD8AAz2cigp4WQ',
    'createtime' => '1519981936',
    'msgtype' => 'event',
    'event' => 'subscribe',
    'eventkey' => '',
    'from' => 'od3Vu0RW62guTIKD8AAz2cigp4WQ',
    'to' => 'gh_a68baea05e76',
    'time' => '1519981936',
    'type' => 'text',
    'redirection' => true,
    'source' => 'subscribe',
  ),
)

2018-03-02 17:12:17 response :
------------

2018-03-02 17:14:50 trace :
------------
String:
<xml><ToUserName><![CDATA[gh_a68baea05e76]]></ToUserName>
<FromUserName><![CDATA[od3Vu0ZR2COKStMkrzgL3acsQvJ4]]></FromUserName>
<CreateTime>1519982089</CreateTime>
<MsgType><![CDATA[event]]></MsgType>
<Event><![CDATA[subscribe]]></Event>
<EventKey><![CDATA[]]></EventKey>
</xml>

2018-03-02 17:14:50 params :
------------
String:
array (
  'rule' => -2,
  'module' => '',
  'message' => 
  array (
    'tousername' => 'gh_a68baea05e76',
    'fromusername' => 'od3Vu0ZR2COKStMkrzgL3acsQvJ4',
    'createtime' => '1519982089',
    'msgtype' => 'event',
    'event' => 'subscribe',
    'eventkey' => '',
    'from' => 'od3Vu0ZR2COKStMkrzgL3acsQvJ4',
    'to' => 'gh_a68baea05e76',
    'time' => '1519982089',
    'type' => 'text',
    'redirection' => true,
    'source' => 'subscribe',
  ),
)

2018-03-02 17:14:50 response :
------------

