2018-05-21 09:09:07 trace :
------------
String:
<xml><ToUserName><![CDATA[gh_b38195d9a8e5]]></ToUserName>
<FromUserName><![CDATA[oRRBhwJdsC5O_ARwUXjoAEgoOuYs]]></FromUserName>
<CreateTime>1526864946</CreateTime>
<MsgType><![CDATA[event]]></MsgType>
<Event><![CDATA[VIEW]]></Event>
<EventKey><![CDATA[http://tb.0-22.net/index.php?r=index/9]]></EventKey>
<MenuId>464313590</MenuId>
</xml>

2018-05-21 09:09:08 params :
------------
String:
array (
  'rule' => -2,
  'module' => '',
  'message' => 
  array (
    'tousername' => 'gh_b38195d9a8e5',
    'fromusername' => 'oRRBhwJdsC5O_ARwUXjoAEgoOuYs',
    'createtime' => '1526864946',
    'msgtype' => 'event',
    'event' => 'VIEW',
    'eventkey' => 'http://tb.0-22.net/index.php?r=index/9',
    'menuid' => '464313590',
    'from' => 'oRRBhwJdsC5O_ARwUXjoAEgoOuYs',
    'to' => 'gh_b38195d9a8e5',
    'time' => '1526864946',
    'type' => 'text',
    'content' => 'http://tb.0-22.net/index.php?r=index/9',
    'redirection' => true,
    'source' => 'VIEW',
  ),
)

2018-05-21 09:09:08 response :
------------

2018-05-21 09:09:15 trace :
------------
String:
<xml><ToUserName><![CDATA[gh_b38195d9a8e5]]></ToUserName>
<FromUserName><![CDATA[oRRBhwJdsC5O_ARwUXjoAEgoOuYs]]></FromUserName>
<CreateTime>1526864954</CreateTime>
<MsgType><![CDATA[event]]></MsgType>
<Event><![CDATA[VIEW]]></Event>
<EventKey><![CDATA[http://mp.0-22.net/app/index.php?i=4&c=entry&eid=2370]]></EventKey>
<MenuId>464313590</MenuId>
</xml>

2018-05-21 09:09:15 params :
------------
String:
array (
  'rule' => -2,
  'module' => '',
  'message' => 
  array (
    'tousername' => 'gh_b38195d9a8e5',
    'fromusername' => 'oRRBhwJdsC5O_ARwUXjoAEgoOuYs',
    'createtime' => '1526864954',
    'msgtype' => 'event',
    'event' => 'VIEW',
    'eventkey' => 'http://mp.0-22.net/app/index.php?i=4&c=entry&eid=2370',
    'menuid' => '464313590',
    'from' => 'oRRBhwJdsC5O_ARwUXjoAEgoOuYs',
    'to' => 'gh_b38195d9a8e5',
    'time' => '1526864954',
    'type' => 'text',
    'content' => 'http://mp.0-22.net/app/index.php?i=4&c=entry&eid=2370',
    'redirection' => true,
    'source' => 'VIEW',
  ),
)

2018-05-21 09:09:15 response :
------------

2018-05-21 09:09:39 trace :
------------
String:
<xml><ToUserName><![CDATA[gh_b38195d9a8e5]]></ToUserName>
<FromUserName><![CDATA[oRRBhwJdsC5O_ARwUXjoAEgoOuYs]]></FromUserName>
<CreateTime>1526864978</CreateTime>
<MsgType><![CDATA[event]]></MsgType>
<Event><![CDATA[VIEW]]></Event>
<EventKey><![CDATA[http://tb.0-22.net/index.php?r=index/9]]></EventKey>
<MenuId>464313590</MenuId>
</xml>

2018-05-21 09:09:40 params :
------------
String:
array (
  'rule' => -2,
  'module' => '',
  'message' => 
  array (
    'tousername' => 'gh_b38195d9a8e5',
    'fromusername' => 'oRRBhwJdsC5O_ARwUXjoAEgoOuYs',
    'createtime' => '1526864978',
    'msgtype' => 'event',
    'event' => 'VIEW',
    'eventkey' => 'http://tb.0-22.net/index.php?r=index/9',
    'menuid' => '464313590',
    'from' => 'oRRBhwJdsC5O_ARwUXjoAEgoOuYs',
    'to' => 'gh_b38195d9a8e5',
    'time' => '1526864978',
    'type' => 'text',
    'content' => 'http://tb.0-22.net/index.php?r=index/9',
    'redirection' => true,
    'source' => 'VIEW',
  ),
)

2018-05-21 09:09:40 response :
------------

2018-05-21 09:10:23 trace :
------------
String:
<xml><ToUserName><![CDATA[gh_b38195d9a8e5]]></ToUserName>
<FromUserName><![CDATA[oRRBhwBpnDMC_qzdPX2jVhxvJswo]]></FromUserName>
<CreateTime>1526865022</CreateTime>
<MsgType><![CDATA[event]]></MsgType>
<Event><![CDATA[subscribe]]></Event>
<EventKey><![CDATA[]]></EventKey>
</xml>

2018-05-21 09:10:23 params :
------------
String:
array (
  'rule' => -2,
  'module' => '',
  'message' => 
  array (
    'tousername' => 'gh_b38195d9a8e5',
    'fromusername' => 'oRRBhwBpnDMC_qzdPX2jVhxvJswo',
    'createtime' => '1526865022',
    'msgtype' => 'event',
    'event' => 'subscribe',
    'eventkey' => '',
    'from' => 'oRRBhwBpnDMC_qzdPX2jVhxvJswo',
    'to' => 'gh_b38195d9a8e5',
    'time' => '1526865022',
    'type' => 'text',
    'redirection' => true,
    'source' => 'subscribe',
    'content' => '关注',
  ),
)

2018-05-21 09:10:23 response :
------------

2018-05-21 09:10:27 trace :
------------
String:
<xml><ToUserName><![CDATA[gh_b38195d9a8e5]]></ToUserName>
<FromUserName><![CDATA[oRRBhwBpnDMC_qzdPX2jVhxvJswo]]></FromUserName>
<CreateTime>1526865026</CreateTime>
<MsgType><![CDATA[event]]></MsgType>
<Event><![CDATA[VIEW]]></Event>
<EventKey><![CDATA[http://tb.0-22.net/index.php?r=index/9]]></EventKey>
<MenuId>464313590</MenuId>
</xml>

2018-05-21 09:10:27 params :
------------
String:
array (
  'rule' => -2,
  'module' => '',
  'message' => 
  array (
    'tousername' => 'gh_b38195d9a8e5',
    'fromusername' => 'oRRBhwBpnDMC_qzdPX2jVhxvJswo',
    'createtime' => '1526865026',
    'msgtype' => 'event',
    'event' => 'VIEW',
    'eventkey' => 'http://tb.0-22.net/index.php?r=index/9',
    'menuid' => '464313590',
    'from' => 'oRRBhwBpnDMC_qzdPX2jVhxvJswo',
    'to' => 'gh_b38195d9a8e5',
    'time' => '1526865026',
    'type' => 'text',
    'content' => 'http://tb.0-22.net/index.php?r=index/9',
    'redirection' => true,
    'source' => 'VIEW',
  ),
)

2018-05-21 09:10:27 response :
------------

2018-05-21 09:10:38 trace :
------------
String:
<xml><ToUserName><![CDATA[gh_b38195d9a8e5]]></ToUserName>
<FromUserName><![CDATA[oRRBhwJdsC5O_ARwUXjoAEgoOuYs]]></FromUserName>
<CreateTime>1526865037</CreateTime>
<MsgType><![CDATA[event]]></MsgType>
<Event><![CDATA[VIEW]]></Event>
<EventKey><![CDATA[http://tb.0-22.net/index.php?r=p/wap]]></EventKey>
<MenuId>464313590</MenuId>
</xml>

2018-05-21 09:10:38 params :
------------
String:
array (
  'rule' => -2,
  'module' => '',
  'message' => 
  array (
    'tousername' => 'gh_b38195d9a8e5',
    'fromusername' => 'oRRBhwJdsC5O_ARwUXjoAEgoOuYs',
    'createtime' => '1526865037',
    'msgtype' => 'event',
    'event' => 'VIEW',
    'eventkey' => 'http://tb.0-22.net/index.php?r=p/wap',
    'menuid' => '464313590',
    'from' => 'oRRBhwJdsC5O_ARwUXjoAEgoOuYs',
    'to' => 'gh_b38195d9a8e5',
    'time' => '1526865037',
    'type' => 'text',
    'content' => 'http://tb.0-22.net/index.php?r=p/wap',
    'redirection' => true,
    'source' => 'VIEW',
  ),
)

2018-05-21 09:10:38 response :
------------

2018-05-21 09:12:08 trace :
------------
String:
<xml><ToUserName><![CDATA[gh_b38195d9a8e5]]></ToUserName>
<FromUserName><![CDATA[oRRBhwBpnDMC_qzdPX2jVhxvJswo]]></FromUserName>
<CreateTime>1526865127</CreateTime>
<MsgType><![CDATA[event]]></MsgType>
<Event><![CDATA[VIEW]]></Event>
<EventKey><![CDATA[http://mp.0-22.net/app/index.php?i=4&c=entry&eid=2370]]></EventKey>
<MenuId>464313590</MenuId>
</xml>

2018-05-21 09:12:08 params :
------------
String:
array (
  'rule' => -2,
  'module' => '',
  'message' => 
  array (
    'tousername' => 'gh_b38195d9a8e5',
    'fromusername' => 'oRRBhwBpnDMC_qzdPX2jVhxvJswo',
    'createtime' => '1526865127',
    'msgtype' => 'event',
    'event' => 'VIEW',
    'eventkey' => 'http://mp.0-22.net/app/index.php?i=4&c=entry&eid=2370',
    'menuid' => '464313590',
    'from' => 'oRRBhwBpnDMC_qzdPX2jVhxvJswo',
    'to' => 'gh_b38195d9a8e5',
    'time' => '1526865127',
    'type' => 'text',
    'content' => 'http://mp.0-22.net/app/index.php?i=4&c=entry&eid=2370',
    'redirection' => true,
    'source' => 'VIEW',
  ),
)

2018-05-21 09:12:08 response :
------------

2018-05-21 09:12:31 trace :
------------
String:
<xml><ToUserName><![CDATA[gh_b38195d9a8e5]]></ToUserName>
<FromUserName><![CDATA[oRRBhwBpnDMC_qzdPX2jVhxvJswo]]></FromUserName>
<CreateTime>1526865150</CreateTime>
<MsgType><![CDATA[event]]></MsgType>
<Event><![CDATA[VIEW]]></Event>
<EventKey><![CDATA[http://tb.0-22.net/index.php?r=p/wap]]></EventKey>
<MenuId>464313590</MenuId>
</xml>

2018-05-21 09:12:32 params :
------------
String:
array (
  'rule' => -2,
  'module' => '',
  'message' => 
  array (
    'tousername' => 'gh_b38195d9a8e5',
    'fromusername' => 'oRRBhwBpnDMC_qzdPX2jVhxvJswo',
    'createtime' => '1526865150',
    'msgtype' => 'event',
    'event' => 'VIEW',
    'eventkey' => 'http://tb.0-22.net/index.php?r=p/wap',
    'menuid' => '464313590',
    'from' => 'oRRBhwBpnDMC_qzdPX2jVhxvJswo',
    'to' => 'gh_b38195d9a8e5',
    'time' => '1526865150',
    'type' => 'text',
    'content' => 'http://tb.0-22.net/index.php?r=p/wap',
    'redirection' => true,
    'source' => 'VIEW',
  ),
)

2018-05-21 09:12:32 response :
------------

2018-05-21 15:06:53 trace :
------------
String:
<xml><ToUserName><![CDATA[gh_b38195d9a8e5]]></ToUserName>
<FromUserName><![CDATA[oRRBhwKnQZavQkGEAoGOddJEOh5Y]]></FromUserName>
<CreateTime>1526886412</CreateTime>
<MsgType><![CDATA[event]]></MsgType>
<Event><![CDATA[VIEW]]></Event>
<EventKey><![CDATA[http://mp.0-22.net/app/index.php?i=4&c=entry&eid=2370]]></EventKey>
<MenuId>464313590</MenuId>
</xml>

2018-05-21 15:06:53 params :
------------
String:
array (
  'rule' => -2,
  'module' => '',
  'message' => 
  array (
    'tousername' => 'gh_b38195d9a8e5',
    'fromusername' => 'oRRBhwKnQZavQkGEAoGOddJEOh5Y',
    'createtime' => '1526886412',
    'msgtype' => 'event',
    'event' => 'VIEW',
    'eventkey' => 'http://mp.0-22.net/app/index.php?i=4&c=entry&eid=2370',
    'menuid' => '464313590',
    'from' => 'oRRBhwKnQZavQkGEAoGOddJEOh5Y',
    'to' => 'gh_b38195d9a8e5',
    'time' => '1526886412',
    'type' => 'text',
    'content' => 'http://mp.0-22.net/app/index.php?i=4&c=entry&eid=2370',
    'redirection' => true,
    'source' => 'VIEW',
  ),
)

2018-05-21 15:06:53 response :
------------

2018-05-21 17:21:26 trace :
------------
String:
<xml><ToUserName><![CDATA[gh_b38195d9a8e5]]></ToUserName>
<FromUserName><![CDATA[oRRBhwKnQZavQkGEAoGOddJEOh5Y]]></FromUserName>
<CreateTime>1526894485</CreateTime>
<MsgType><![CDATA[event]]></MsgType>
<Event><![CDATA[SCAN]]></Event>
<EventKey><![CDATA[63960]]></EventKey>
<Ticket><![CDATA[gQEg8TwAAAAAAAAAAS5odHRwOi8vd2VpeGluLnFxLmNvbS9xLzAyS3JDcDRYNWdkeDAxMDAwMHcwMzcAAgR3jwJbAwQAAAAA]]></Ticket>
</xml>

2018-05-21 17:21:26 params :
------------
String:
array (
  'rule' => -2,
  'module' => '',
  'message' => 
  array (
    'tousername' => 'gh_b38195d9a8e5',
    'fromusername' => 'oRRBhwKnQZavQkGEAoGOddJEOh5Y',
    'createtime' => '1526894485',
    'msgtype' => 'event',
    'event' => 'SCAN',
    'eventkey' => '63960',
    'ticket' => 'gQEg8TwAAAAAAAAAAS5odHRwOi8vd2VpeGluLnFxLmNvbS9xLzAyS3JDcDRYNWdkeDAxMDAwMHcwMzcAAgR3jwJbAwQAAAAA',
    'from' => 'oRRBhwKnQZavQkGEAoGOddJEOh5Y',
    'to' => 'gh_b38195d9a8e5',
    'time' => '1526894485',
    'type' => 'text',
    'scene' => '63960',
    'redirection' => true,
    'source' => 'qr',
  ),
)

2018-05-21 17:21:26 response :
------------

