2018-04-17 10:22:05 trace :
------------
String:
<xml><ToUserName><![CDATA[gh_7281c5520903]]></ToUserName>
<FromUserName><![CDATA[oGSJ8w00Fw74SbB6R41RepzAKk4M]]></FromUserName>
<CreateTime>1523931724</CreateTime>
<MsgType><![CDATA[event]]></MsgType>
<Event><![CDATA[VIEW]]></Event>
<EventKey><![CDATA[https://mp.0-22.net/app/index.php?i=15&c=entry&m=ewei_shopv2&do=mobile&r=member]]></EventKey>
<MenuId>477705747</MenuId>
</xml>

2018-04-17 10:22:05 params :
------------
String:
array (
  'rule' => -2,
  'module' => '',
  'message' => 
  array (
    'tousername' => 'gh_7281c5520903',
    'fromusername' => 'oGSJ8w00Fw74SbB6R41RepzAKk4M',
    'createtime' => '1523931724',
    'msgtype' => 'event',
    'event' => 'VIEW',
    'eventkey' => 'https://mp.0-22.net/app/index.php?i=15&c=entry&m=ewei_shopv2&do=mobile&r=member',
    'menuid' => '477705747',
    'from' => 'oGSJ8w00Fw74SbB6R41RepzAKk4M',
    'to' => 'gh_7281c5520903',
    'time' => '1523931724',
    'type' => 'text',
    'content' => 'https://mp.0-22.net/app/index.php?i=15&c=entry&m=ewei_shopv2&do=mobile&r=member',
    'redirection' => true,
    'source' => 'VIEW',
  ),
)

2018-04-17 10:22:05 response :
------------

2018-04-17 15:19:02 trace :
------------
String:
<xml><ToUserName><![CDATA[gh_b38195d9a8e5]]></ToUserName>
<FromUserName><![CDATA[oRRBhwKnQZavQkGEAoGOddJEOh5Y]]></FromUserName>
<CreateTime>1523949541</CreateTime>
<MsgType><![CDATA[event]]></MsgType>
<Event><![CDATA[VIEW]]></Event>
<EventKey><![CDATA[http://mp.0-22.net/app/index.php?i=4&c=entry&eid=2370]]></EventKey>
<MenuId>464313590</MenuId>
</xml>

2018-04-17 15:19:02 params :
------------
String:
array (
  'rule' => -2,
  'module' => '',
  'message' => 
  array (
    'tousername' => 'gh_b38195d9a8e5',
    'fromusername' => 'oRRBhwKnQZavQkGEAoGOddJEOh5Y',
    'createtime' => '1523949541',
    'msgtype' => 'event',
    'event' => 'VIEW',
    'eventkey' => 'http://mp.0-22.net/app/index.php?i=4&c=entry&eid=2370',
    'menuid' => '464313590',
    'from' => 'oRRBhwKnQZavQkGEAoGOddJEOh5Y',
    'to' => 'gh_b38195d9a8e5',
    'time' => '1523949541',
    'type' => 'text',
    'content' => 'http://mp.0-22.net/app/index.php?i=4&c=entry&eid=2370',
    'redirection' => true,
    'source' => 'VIEW',
  ),
)

2018-04-17 15:19:02 response :
------------

2018-04-17 16:55:19 trace :
------------
Array:
errno : -1 ;
message : 微信公众平台返回接口错误. 
错误代码为: 40002 
,错误描述为: xml解析失败 ;

2018-04-17 16:55:31 trace :
------------
Array:
errno : -1 ;
message : 微信公众平台返回接口错误. 
错误代码为: 40002 
,错误描述为: xml解析失败 ;

2018-04-17 16:55:32 trace :
------------
Array:
errno : -1 ;
message : 微信公众平台返回接口错误. 
错误代码为: 40002 
,错误描述为: xml解析失败 ;

2018-04-17 16:55:32 trace :
------------
Array:
errno : -1 ;
message : 微信公众平台返回接口错误. 
错误代码为: 40002 
,错误描述为: xml解析失败 ;

2018-04-17 16:55:34 trace :
------------
Array:
errno : -1 ;
message : 微信公众平台返回接口错误. 
错误代码为: 40002 
,错误描述为: xml解析失败 ;

2018-04-17 16:55:35 trace :
------------
Array:
errno : -1 ;
message : 微信公众平台返回接口错误. 
错误代码为: 40002 
,错误描述为: xml解析失败 ;

2018-04-17 16:55:37 trace :
------------
Array:
errno : -1 ;
message : 微信公众平台返回接口错误. 
错误代码为: 40002 
,错误描述为: xml解析失败 ;

2018-04-17 16:56:30 trace :
------------
Array:
errno : -1 ;
message : 微信公众平台返回接口错误. 
错误代码为: 40002 
,错误描述为: xml解析失败 ;

2018-04-17 16:56:32 trace :
------------
Array:
errno : -1 ;
message : 微信公众平台返回接口错误. 
错误代码为: 40002 
,错误描述为: xml解析失败 ;

2018-04-17 16:56:33 trace :
------------
Array:
errno : -1 ;
message : 微信公众平台返回接口错误. 
错误代码为: 40002 
,错误描述为: xml解析失败 ;

2018-04-17 16:56:34 trace :
------------
Array:
errno : -1 ;
message : 微信公众平台返回接口错误. 
错误代码为: 40002 
,错误描述为: xml解析失败 ;

2018-04-17 16:56:36 trace :
------------
Array:
errno : -1 ;
message : 微信公众平台返回接口错误. 
错误代码为: 40002 
,错误描述为: xml解析失败 ;

2018-04-17 16:56:37 trace :
------------
Array:
errno : -1 ;
message : 微信公众平台返回接口错误. 
错误代码为: 40002 
,错误描述为: xml解析失败 ;

2018-04-17 22:56:11 trace :
------------
String:
<xml><ToUserName><![CDATA[gh_7844c882daf6]]></ToUserName>
<FromUserName><![CDATA[o62GS1b91YS1tn2YWJTeWDKJIQDM]]></FromUserName>
<CreateTime>1523976970</CreateTime>
<MsgType><![CDATA[event]]></MsgType>
<Event><![CDATA[unsubscribe]]></Event>
<EventKey><![CDATA[]]></EventKey>
</xml>

