2018-02-02 10:31:17 trace :
------------
String:
<xml><ToUserName><![CDATA[gh_7844c882daf6]]></ToUserName>
<FromUserName><![CDATA[o62GS1Wac12A7qRmQx2MeqnbNdao]]></FromUserName>
<CreateTime>1517538676</CreateTime>
<MsgType><![CDATA[event]]></MsgType>
<Event><![CDATA[subscribe]]></Event>
<EventKey><![CDATA[]]></EventKey>
</xml>

2018-02-02 10:31:17 params :
------------
String:
array (
  'rule' => -2,
  'module' => '',
  'message' => 
  array (
    'tousername' => 'gh_7844c882daf6',
    'fromusername' => 'o62GS1Wac12A7qRmQx2MeqnbNdao',
    'createtime' => '1517538676',
    'msgtype' => 'event',
    'event' => 'subscribe',
    'eventkey' => '',
    'from' => 'o62GS1Wac12A7qRmQx2MeqnbNdao',
    'to' => 'gh_7844c882daf6',
    'time' => '1517538676',
    'type' => 'text',
    'redirection' => true,
    'source' => 'subscribe',
  ),
)

2018-02-02 10:31:17 response :
------------

2018-02-02 11:13:15 trace :
------------
String:
<xml><ToUserName><![CDATA[gh_7844c882daf6]]></ToUserName>
<FromUserName><![CDATA[o62GS1ZI0WDjDbar3MdcXK7q3wXI]]></FromUserName>
<CreateTime>1517541194</CreateTime>
<MsgType><![CDATA[event]]></MsgType>
<Event><![CDATA[unsubscribe]]></Event>
<EventKey><![CDATA[]]></EventKey>
</xml>

2018-02-02 11:22:33 trace :
------------
String:
<xml><ToUserName><![CDATA[gh_b38195d9a8e5]]></ToUserName>
<FromUserName><![CDATA[oRRBhwKnQZavQkGEAoGOddJEOh5Y]]></FromUserName>
<CreateTime>1517541752</CreateTime>
<MsgType><![CDATA[event]]></MsgType>
<Event><![CDATA[VIEW]]></Event>
<EventKey><![CDATA[http://bwjlsv.agent.yqjuejin.com]]></EventKey>
<MenuId>463628911</MenuId>
</xml>

2018-02-02 11:22:33 params :
------------
String:
array (
  'rule' => -2,
  'module' => '',
  'message' => 
  array (
    'tousername' => 'gh_b38195d9a8e5',
    'fromusername' => 'oRRBhwKnQZavQkGEAoGOddJEOh5Y',
    'createtime' => '1517541752',
    'msgtype' => 'event',
    'event' => 'VIEW',
    'eventkey' => 'http://bwjlsv.agent.yqjuejin.com',
    'menuid' => '463628911',
    'from' => 'oRRBhwKnQZavQkGEAoGOddJEOh5Y',
    'to' => 'gh_b38195d9a8e5',
    'time' => '1517541752',
    'type' => 'text',
    'content' => 'http://bwjlsv.agent.yqjuejin.com',
    'redirection' => true,
    'source' => 'VIEW',
  ),
)

2018-02-02 11:22:33 response :
------------

2018-02-02 11:23:06 trace :
------------
String:
<xml><ToUserName><![CDATA[gh_b38195d9a8e5]]></ToUserName>
<FromUserName><![CDATA[oRRBhwKnQZavQkGEAoGOddJEOh5Y]]></FromUserName>
<CreateTime>1517541785</CreateTime>
<MsgType><![CDATA[event]]></MsgType>
<Event><![CDATA[VIEW]]></Event>
<EventKey><![CDATA[http://bwjlsv.agent.yqjuejin.com]]></EventKey>
<MenuId>463628911</MenuId>
</xml>

2018-02-02 11:23:06 params :
------------
String:
array (
  'rule' => -2,
  'module' => '',
  'message' => 
  array (
    'tousername' => 'gh_b38195d9a8e5',
    'fromusername' => 'oRRBhwKnQZavQkGEAoGOddJEOh5Y',
    'createtime' => '1517541785',
    'msgtype' => 'event',
    'event' => 'VIEW',
    'eventkey' => 'http://bwjlsv.agent.yqjuejin.com',
    'menuid' => '463628911',
    'from' => 'oRRBhwKnQZavQkGEAoGOddJEOh5Y',
    'to' => 'gh_b38195d9a8e5',
    'time' => '1517541785',
    'type' => 'text',
    'content' => 'http://bwjlsv.agent.yqjuejin.com',
    'redirection' => true,
    'source' => 'VIEW',
  ),
)

2018-02-02 11:23:06 response :
------------

2018-02-02 11:23:09 trace :
------------
String:
<xml><ToUserName><![CDATA[gh_b38195d9a8e5]]></ToUserName>
<FromUserName><![CDATA[oRRBhwKnQZavQkGEAoGOddJEOh5Y]]></FromUserName>
<CreateTime>1517541788</CreateTime>
<MsgType><![CDATA[event]]></MsgType>
<Event><![CDATA[VIEW]]></Event>
<EventKey><![CDATA[http://bwjlsv.agent.yqjuejin.com]]></EventKey>
<MenuId>463628911</MenuId>
</xml>

2018-02-02 11:23:09 params :
------------
String:
array (
  'rule' => -2,
  'module' => '',
  'message' => 
  array (
    'tousername' => 'gh_b38195d9a8e5',
    'fromusername' => 'oRRBhwKnQZavQkGEAoGOddJEOh5Y',
    'createtime' => '1517541788',
    'msgtype' => 'event',
    'event' => 'VIEW',
    'eventkey' => 'http://bwjlsv.agent.yqjuejin.com',
    'menuid' => '463628911',
    'from' => 'oRRBhwKnQZavQkGEAoGOddJEOh5Y',
    'to' => 'gh_b38195d9a8e5',
    'time' => '1517541788',
    'type' => 'text',
    'content' => 'http://bwjlsv.agent.yqjuejin.com',
    'redirection' => true,
    'source' => 'VIEW',
  ),
)

2018-02-02 11:23:09 response :
------------

2018-02-02 11:23:22 trace :
------------
String:
<xml><ToUserName><![CDATA[gh_b38195d9a8e5]]></ToUserName>
<FromUserName><![CDATA[oRRBhwKnQZavQkGEAoGOddJEOh5Y]]></FromUserName>
<CreateTime>1517541801</CreateTime>
<MsgType><![CDATA[event]]></MsgType>
<Event><![CDATA[unsubscribe]]></Event>
<EventKey><![CDATA[]]></EventKey>
</xml>

2018-02-02 11:23:41 trace :
------------
String:
<xml><ToUserName><![CDATA[gh_b38195d9a8e5]]></ToUserName>
<FromUserName><![CDATA[oRRBhwKnQZavQkGEAoGOddJEOh5Y]]></FromUserName>
<CreateTime>1517541820</CreateTime>
<MsgType><![CDATA[event]]></MsgType>
<Event><![CDATA[subscribe]]></Event>
<EventKey><![CDATA[]]></EventKey>
</xml>

2018-02-02 11:23:41 params :
------------
String:
array (
  'rule' => -2,
  'module' => '',
  'message' => 
  array (
    'tousername' => 'gh_b38195d9a8e5',
    'fromusername' => 'oRRBhwKnQZavQkGEAoGOddJEOh5Y',
    'createtime' => '1517541820',
    'msgtype' => 'event',
    'event' => 'subscribe',
    'eventkey' => '',
    'from' => 'oRRBhwKnQZavQkGEAoGOddJEOh5Y',
    'to' => 'gh_b38195d9a8e5',
    'time' => '1517541820',
    'type' => 'text',
    'redirection' => true,
    'source' => 'subscribe',
    'content' => '关注',
  ),
)

2018-02-02 11:23:41 response :
------------

2018-02-02 11:23:43 trace :
------------
String:
<xml><ToUserName><![CDATA[gh_b38195d9a8e5]]></ToUserName>
<FromUserName><![CDATA[oRRBhwKnQZavQkGEAoGOddJEOh5Y]]></FromUserName>
<CreateTime>1517541822</CreateTime>
<MsgType><![CDATA[event]]></MsgType>
<Event><![CDATA[VIEW]]></Event>
<EventKey><![CDATA[http://tb.918dc.net]]></EventKey>
<MenuId>463725203</MenuId>
</xml>

2018-02-02 11:23:43 params :
------------
String:
array (
  'rule' => -2,
  'module' => '',
  'message' => 
  array (
    'tousername' => 'gh_b38195d9a8e5',
    'fromusername' => 'oRRBhwKnQZavQkGEAoGOddJEOh5Y',
    'createtime' => '1517541822',
    'msgtype' => 'event',
    'event' => 'VIEW',
    'eventkey' => 'http://tb.918dc.net',
    'menuid' => '463725203',
    'from' => 'oRRBhwKnQZavQkGEAoGOddJEOh5Y',
    'to' => 'gh_b38195d9a8e5',
    'time' => '1517541822',
    'type' => 'text',
    'content' => 'http://tb.918dc.net',
    'redirection' => true,
    'source' => 'VIEW',
  ),
)

2018-02-02 11:23:43 response :
------------

2018-02-02 11:35:29 trace :
------------
String:
<xml><ToUserName><![CDATA[gh_b38195d9a8e5]]></ToUserName>
<FromUserName><![CDATA[oRRBhwKnQZavQkGEAoGOddJEOh5Y]]></FromUserName>
<CreateTime>1517542528</CreateTime>
<MsgType><![CDATA[event]]></MsgType>
<Event><![CDATA[VIEW]]></Event>
<EventKey><![CDATA[http://tb.918dc.net]]></EventKey>
<MenuId>463725203</MenuId>
</xml>

2018-02-02 11:35:29 params :
------------
String:
array (
  'rule' => -2,
  'module' => '',
  'message' => 
  array (
    'tousername' => 'gh_b38195d9a8e5',
    'fromusername' => 'oRRBhwKnQZavQkGEAoGOddJEOh5Y',
    'createtime' => '1517542528',
    'msgtype' => 'event',
    'event' => 'VIEW',
    'eventkey' => 'http://tb.918dc.net',
    'menuid' => '463725203',
    'from' => 'oRRBhwKnQZavQkGEAoGOddJEOh5Y',
    'to' => 'gh_b38195d9a8e5',
    'time' => '1517542528',
    'type' => 'text',
    'content' => 'http://tb.918dc.net',
    'redirection' => true,
    'source' => 'VIEW',
  ),
)

2018-02-02 11:35:29 response :
------------

2018-02-02 11:35:35 trace :
------------
String:
<xml><ToUserName><![CDATA[gh_b38195d9a8e5]]></ToUserName>
<FromUserName><![CDATA[oRRBhwKnQZavQkGEAoGOddJEOh5Y]]></FromUserName>
<CreateTime>1517542534</CreateTime>
<MsgType><![CDATA[event]]></MsgType>
<Event><![CDATA[VIEW]]></Event>
<EventKey><![CDATA[http://mp.0-22.net/app/index.php?i=4&c=entry&eid=2370]]></EventKey>
<MenuId>463725203</MenuId>
</xml>

2018-02-02 11:35:35 params :
------------
String:
array (
  'rule' => -2,
  'module' => '',
  'message' => 
  array (
    'tousername' => 'gh_b38195d9a8e5',
    'fromusername' => 'oRRBhwKnQZavQkGEAoGOddJEOh5Y',
    'createtime' => '1517542534',
    'msgtype' => 'event',
    'event' => 'VIEW',
    'eventkey' => 'http://mp.0-22.net/app/index.php?i=4&c=entry&eid=2370',
    'menuid' => '463725203',
    'from' => 'oRRBhwKnQZavQkGEAoGOddJEOh5Y',
    'to' => 'gh_b38195d9a8e5',
    'time' => '1517542534',
    'type' => 'text',
    'content' => 'http://mp.0-22.net/app/index.php?i=4&c=entry&eid=2370',
    'redirection' => true,
    'source' => 'VIEW',
  ),
)

2018-02-02 11:35:35 response :
------------

2018-02-02 11:40:42 trace :
------------
String:
<xml><ToUserName><![CDATA[gh_b38195d9a8e5]]></ToUserName>
<FromUserName><![CDATA[oRRBhwKnQZavQkGEAoGOddJEOh5Y]]></FromUserName>
<CreateTime>1517542841</CreateTime>
<MsgType><![CDATA[event]]></MsgType>
<Event><![CDATA[VIEW]]></Event>
<EventKey><![CDATA[http://mp.0-22.net/app/index.php?i=4&c=entry&eid=2370]]></EventKey>
<MenuId>463725203</MenuId>
</xml>

2018-02-02 11:40:42 params :
------------
String:
array (
  'rule' => -2,
  'module' => '',
  'message' => 
  array (
    'tousername' => 'gh_b38195d9a8e5',
    'fromusername' => 'oRRBhwKnQZavQkGEAoGOddJEOh5Y',
    'createtime' => '1517542841',
    'msgtype' => 'event',
    'event' => 'VIEW',
    'eventkey' => 'http://mp.0-22.net/app/index.php?i=4&c=entry&eid=2370',
    'menuid' => '463725203',
    'from' => 'oRRBhwKnQZavQkGEAoGOddJEOh5Y',
    'to' => 'gh_b38195d9a8e5',
    'time' => '1517542841',
    'type' => 'text',
    'content' => 'http://mp.0-22.net/app/index.php?i=4&c=entry&eid=2370',
    'redirection' => true,
    'source' => 'VIEW',
  ),
)

2018-02-02 11:40:42 response :
------------

2018-02-02 11:41:34 trace :
------------
String:
<xml><ToUserName><![CDATA[gh_b38195d9a8e5]]></ToUserName>
<FromUserName><![CDATA[oRRBhwKnQZavQkGEAoGOddJEOh5Y]]></FromUserName>
<CreateTime>1517542893</CreateTime>
<MsgType><![CDATA[event]]></MsgType>
<Event><![CDATA[VIEW]]></Event>
<EventKey><![CDATA[http://mp.0-22.net/app/index.php?i=4&c=entry&eid=2370]]></EventKey>
<MenuId>463725203</MenuId>
</xml>

2018-02-02 11:41:34 params :
------------
String:
array (
  'rule' => -2,
  'module' => '',
  'message' => 
  array (
    'tousername' => 'gh_b38195d9a8e5',
    'fromusername' => 'oRRBhwKnQZavQkGEAoGOddJEOh5Y',
    'createtime' => '1517542893',
    'msgtype' => 'event',
    'event' => 'VIEW',
    'eventkey' => 'http://mp.0-22.net/app/index.php?i=4&c=entry&eid=2370',
    'menuid' => '463725203',
    'from' => 'oRRBhwKnQZavQkGEAoGOddJEOh5Y',
    'to' => 'gh_b38195d9a8e5',
    'time' => '1517542893',
    'type' => 'text',
    'content' => 'http://mp.0-22.net/app/index.php?i=4&c=entry&eid=2370',
    'redirection' => true,
    'source' => 'VIEW',
  ),
)

2018-02-02 11:41:34 response :
------------

2018-02-02 14:18:57 trace :
------------
String:
<xml><ToUserName><![CDATA[gh_b38195d9a8e5]]></ToUserName>
<FromUserName><![CDATA[oRRBhwKnQZavQkGEAoGOddJEOh5Y]]></FromUserName>
<CreateTime>1517552336</CreateTime>
<MsgType><![CDATA[event]]></MsgType>
<Event><![CDATA[VIEW]]></Event>
<EventKey><![CDATA[http://mp.0-22.net/app/index.php?i=4&c=entry&eid=2370]]></EventKey>
<MenuId>463725203</MenuId>
</xml>

2018-02-02 14:18:57 params :
------------
String:
array (
  'rule' => -2,
  'module' => '',
  'message' => 
  array (
    'tousername' => 'gh_b38195d9a8e5',
    'fromusername' => 'oRRBhwKnQZavQkGEAoGOddJEOh5Y',
    'createtime' => '1517552336',
    'msgtype' => 'event',
    'event' => 'VIEW',
    'eventkey' => 'http://mp.0-22.net/app/index.php?i=4&c=entry&eid=2370',
    'menuid' => '463725203',
    'from' => 'oRRBhwKnQZavQkGEAoGOddJEOh5Y',
    'to' => 'gh_b38195d9a8e5',
    'time' => '1517552336',
    'type' => 'text',
    'content' => 'http://mp.0-22.net/app/index.php?i=4&c=entry&eid=2370',
    'redirection' => true,
    'source' => 'VIEW',
  ),
)

2018-02-02 14:18:57 response :
------------

2018-02-02 15:21:54 trace :
------------
String:
<xml><ToUserName><![CDATA[gh_b38195d9a8e5]]></ToUserName>
<FromUserName><![CDATA[oRRBhwKnQZavQkGEAoGOddJEOh5Y]]></FromUserName>
<CreateTime>1517556113</CreateTime>
<MsgType><![CDATA[event]]></MsgType>
<Event><![CDATA[VIEW]]></Event>
<EventKey><![CDATA[http://mp.0-22.net/app/index.php?i=4&c=entry&eid=2370]]></EventKey>
<MenuId>463725203</MenuId>
</xml>

2018-02-02 15:21:54 params :
------------
String:
array (
  'rule' => -2,
  'module' => '',
  'message' => 
  array (
    'tousername' => 'gh_b38195d9a8e5',
    'fromusername' => 'oRRBhwKnQZavQkGEAoGOddJEOh5Y',
    'createtime' => '1517556113',
    'msgtype' => 'event',
    'event' => 'VIEW',
    'eventkey' => 'http://mp.0-22.net/app/index.php?i=4&c=entry&eid=2370',
    'menuid' => '463725203',
    'from' => 'oRRBhwKnQZavQkGEAoGOddJEOh5Y',
    'to' => 'gh_b38195d9a8e5',
    'time' => '1517556113',
    'type' => 'text',
    'content' => 'http://mp.0-22.net/app/index.php?i=4&c=entry&eid=2370',
    'redirection' => true,
    'source' => 'VIEW',
  ),
)

2018-02-02 15:21:54 response :
------------

2018-02-02 15:38:13 trace :
------------
String:
<xml><ToUserName><![CDATA[gh_b38195d9a8e5]]></ToUserName>
<FromUserName><![CDATA[oRRBhwKnQZavQkGEAoGOddJEOh5Y]]></FromUserName>
<CreateTime>1517557092</CreateTime>
<MsgType><![CDATA[event]]></MsgType>
<Event><![CDATA[VIEW]]></Event>
<EventKey><![CDATA[http://mp.0-22.net/app/index.php?i=4&c=entry&eid=2370]]></EventKey>
<MenuId>463725203</MenuId>
</xml>

2018-02-02 15:38:13 params :
------------
String:
array (
  'rule' => -2,
  'module' => '',
  'message' => 
  array (
    'tousername' => 'gh_b38195d9a8e5',
    'fromusername' => 'oRRBhwKnQZavQkGEAoGOddJEOh5Y',
    'createtime' => '1517557092',
    'msgtype' => 'event',
    'event' => 'VIEW',
    'eventkey' => 'http://mp.0-22.net/app/index.php?i=4&c=entry&eid=2370',
    'menuid' => '463725203',
    'from' => 'oRRBhwKnQZavQkGEAoGOddJEOh5Y',
    'to' => 'gh_b38195d9a8e5',
    'time' => '1517557092',
    'type' => 'text',
    'content' => 'http://mp.0-22.net/app/index.php?i=4&c=entry&eid=2370',
    'redirection' => true,
    'source' => 'VIEW',
  ),
)

2018-02-02 15:38:13 response :
------------

2018-02-02 16:33:45 trace :
------------
String:
<xml><ToUserName><![CDATA[gh_7844c882daf6]]></ToUserName>
<FromUserName><![CDATA[o62GS1QkOOfdWQ7JBcO7yCR-_69M]]></FromUserName>
<CreateTime>1517560424</CreateTime>
<MsgType><![CDATA[event]]></MsgType>
<Event><![CDATA[MASSSENDJOBFINISH]]></Event>
<MsgID>1000000037</MsgID>
<Status><![CDATA[send success]]></Status>
<TotalCount>336</TotalCount>
<FilterCount>334</FilterCount>
<SentCount>334</SentCount>
<ErrorCount>0</ErrorCount>
<CopyrightCheckResult><Count>0</Count>
<ResultList></ResultList>
<CheckState>0</CheckState>
</CopyrightCheckResult>
</xml>

2018-02-02 16:33:45 params :
------------
String:
array (
  'rule' => -2,
  'module' => '',
  'message' => 
  array (
    'tousername' => 'gh_7844c882daf6',
    'fromusername' => 'o62GS1QkOOfdWQ7JBcO7yCR-_69M',
    'createtime' => '1517560424',
    'msgtype' => 'event',
    'event' => 'MASSSENDJOBFINISH',
    'msgid' => '1000000037',
    'status' => 'send success',
    'totalcount' => '336',
    'filtercount' => '334',
    'sentcount' => '334',
    'errorcount' => '0',
    'copyrightcheckresult' => 
    array (
      'count' => '0',
      'resultlist' => '',
      'checkstate' => '0',
    ),
    'from' => 'o62GS1QkOOfdWQ7JBcO7yCR-_69M',
    'to' => 'gh_7844c882daf6',
    'time' => '1517560424',
    'type' => 'event',
  ),
)

2018-02-02 16:33:45 response :
------------

2018-02-02 17:03:29 trace :
------------
String:
<xml><ToUserName><![CDATA[gh_b38195d9a8e5]]></ToUserName>
<FromUserName><![CDATA[oRRBhwKnQZavQkGEAoGOddJEOh5Y]]></FromUserName>
<CreateTime>1517562208</CreateTime>
<MsgType><![CDATA[event]]></MsgType>
<Event><![CDATA[VIEW]]></Event>
<EventKey><![CDATA[http://mp.0-22.net/app/index.php?i=4&c=entry&eid=2370]]></EventKey>
<MenuId>463725203</MenuId>
</xml>

2018-02-02 17:03:30 params :
------------
String:
array (
  'rule' => -2,
  'module' => '',
  'message' => 
  array (
    'tousername' => 'gh_b38195d9a8e5',
    'fromusername' => 'oRRBhwKnQZavQkGEAoGOddJEOh5Y',
    'createtime' => '1517562208',
    'msgtype' => 'event',
    'event' => 'VIEW',
    'eventkey' => 'http://mp.0-22.net/app/index.php?i=4&c=entry&eid=2370',
    'menuid' => '463725203',
    'from' => 'oRRBhwKnQZavQkGEAoGOddJEOh5Y',
    'to' => 'gh_b38195d9a8e5',
    'time' => '1517562208',
    'type' => 'text',
    'content' => 'http://mp.0-22.net/app/index.php?i=4&c=entry&eid=2370',
    'redirection' => true,
    'source' => 'VIEW',
  ),
)

2018-02-02 17:03:30 response :
------------

2018-02-02 19:01:07 trace :
------------
Array:
errno : -1 ;
message : 微信公众平台返回接口错误. 
错误代码为: 40002 
,错误描述为: xml解析失败 ;

2018-02-02 19:01:11 trace :
------------
Array:
errno : -1 ;
message : 微信公众平台返回接口错误. 
错误代码为: 40002 
,错误描述为: xml解析失败 ;

2018-02-02 19:01:14 trace :
------------
Array:
errno : -1 ;
message : 微信公众平台返回接口错误. 
错误代码为: 40002 
,错误描述为: xml解析失败 ;

2018-02-02 19:01:15 trace :
------------
Array:
errno : -1 ;
message : 微信公众平台返回接口错误. 
错误代码为: 40002 
,错误描述为: xml解析失败 ;

2018-02-02 19:01:19 trace :
------------
Array:
errno : -1 ;
message : 微信公众平台返回接口错误. 
错误代码为: 40002 
,错误描述为: xml解析失败 ;

