2018-03-20 05:49:49 trace :
------------
String:
<xml><ToUserName><![CDATA[gh_7844c882daf6]]></ToUserName>
<FromUserName><![CDATA[o62GS1RnguK48_H1OeiwNK6_pV-s]]></FromUserName>
<CreateTime>1521496188</CreateTime>
<MsgType><![CDATA[event]]></MsgType>
<Event><![CDATA[unsubscribe]]></Event>
<EventKey><![CDATA[]]></EventKey>
</xml>

2018-03-20 06:59:42 trace :
------------
String:
<xml><ToUserName><![CDATA[gh_7844c882daf6]]></ToUserName>
<FromUserName><![CDATA[o62GS1SnoFFOcj8GkBq_BUst75fg]]></FromUserName>
<CreateTime>1521500381</CreateTime>
<MsgType><![CDATA[event]]></MsgType>
<Event><![CDATA[unsubscribe]]></Event>
<EventKey><![CDATA[]]></EventKey>
</xml>

2018-03-20 10:43:22 trace :
------------
String:
<xml><ToUserName><![CDATA[gh_b38195d9a8e5]]></ToUserName>
<FromUserName><![CDATA[oRRBhwKnQZavQkGEAoGOddJEOh5Y]]></FromUserName>
<CreateTime>1521513801</CreateTime>
<MsgType><![CDATA[event]]></MsgType>
<Event><![CDATA[VIEW]]></Event>
<EventKey><![CDATA[http://mp.0-22.net/app/index.php?i=4&c=entry&eid=2370]]></EventKey>
<MenuId>464282401</MenuId>
</xml>

2018-03-20 10:43:22 params :
------------
String:
array (
  'rule' => -2,
  'module' => '',
  'message' => 
  array (
    'tousername' => 'gh_b38195d9a8e5',
    'fromusername' => 'oRRBhwKnQZavQkGEAoGOddJEOh5Y',
    'createtime' => '1521513801',
    'msgtype' => 'event',
    'event' => 'VIEW',
    'eventkey' => 'http://mp.0-22.net/app/index.php?i=4&c=entry&eid=2370',
    'menuid' => '464282401',
    'from' => 'oRRBhwKnQZavQkGEAoGOddJEOh5Y',
    'to' => 'gh_b38195d9a8e5',
    'time' => '1521513801',
    'type' => 'text',
    'content' => 'http://mp.0-22.net/app/index.php?i=4&c=entry&eid=2370',
    'redirection' => true,
    'source' => 'VIEW',
  ),
)

2018-03-20 10:43:22 response :
------------

2018-03-20 10:43:47 trace :
------------
String:
<xml><ToUserName><![CDATA[gh_b38195d9a8e5]]></ToUserName>
<FromUserName><![CDATA[oRRBhwKnQZavQkGEAoGOddJEOh5Y]]></FromUserName>
<CreateTime>1521513826</CreateTime>
<MsgType><![CDATA[event]]></MsgType>
<Event><![CDATA[VIEW]]></Event>
<EventKey><![CDATA[http://quan.0-22.net]]></EventKey>
<MenuId>464282401</MenuId>
</xml>

2018-03-20 10:43:47 params :
------------
String:
array (
  'rule' => -2,
  'module' => '',
  'message' => 
  array (
    'tousername' => 'gh_b38195d9a8e5',
    'fromusername' => 'oRRBhwKnQZavQkGEAoGOddJEOh5Y',
    'createtime' => '1521513826',
    'msgtype' => 'event',
    'event' => 'VIEW',
    'eventkey' => 'http://quan.0-22.net',
    'menuid' => '464282401',
    'from' => 'oRRBhwKnQZavQkGEAoGOddJEOh5Y',
    'to' => 'gh_b38195d9a8e5',
    'time' => '1521513826',
    'type' => 'text',
    'content' => 'http://quan.0-22.net',
    'redirection' => true,
    'source' => 'VIEW',
  ),
)

2018-03-20 10:43:47 response :
------------

2018-03-20 10:45:20 trace :
------------
String:
<xml><ToUserName><![CDATA[gh_b38195d9a8e5]]></ToUserName>
<FromUserName><![CDATA[oRRBhwKnQZavQkGEAoGOddJEOh5Y]]></FromUserName>
<CreateTime>1521513919</CreateTime>
<MsgType><![CDATA[event]]></MsgType>
<Event><![CDATA[VIEW]]></Event>
<EventKey><![CDATA[http://quan.0-22.net]]></EventKey>
<MenuId>464282401</MenuId>
</xml>

2018-03-20 10:45:20 params :
------------
String:
array (
  'rule' => -2,
  'module' => '',
  'message' => 
  array (
    'tousername' => 'gh_b38195d9a8e5',
    'fromusername' => 'oRRBhwKnQZavQkGEAoGOddJEOh5Y',
    'createtime' => '1521513919',
    'msgtype' => 'event',
    'event' => 'VIEW',
    'eventkey' => 'http://quan.0-22.net',
    'menuid' => '464282401',
    'from' => 'oRRBhwKnQZavQkGEAoGOddJEOh5Y',
    'to' => 'gh_b38195d9a8e5',
    'time' => '1521513919',
    'type' => 'text',
    'content' => 'http://quan.0-22.net',
    'redirection' => true,
    'source' => 'VIEW',
  ),
)

2018-03-20 10:45:20 response :
------------

2018-03-20 16:51:34 trace :
------------
String:
<xml><ToUserName><![CDATA[gh_7844c882daf6]]></ToUserName>
<FromUserName><![CDATA[o62GS1S6EFrPtln4qCbRz802uGHY]]></FromUserName>
<CreateTime>1521535893</CreateTime>
<MsgType><![CDATA[event]]></MsgType>
<Event><![CDATA[unsubscribe]]></Event>
<EventKey><![CDATA[]]></EventKey>
</xml>

2018-03-20 17:27:29 trace :
------------
String:
<xml><ToUserName><![CDATA[gh_7844c882daf6]]></ToUserName>
<FromUserName><![CDATA[o62GS1XV4HUUykImKco_6oFpbVLw]]></FromUserName>
<CreateTime>1521538047</CreateTime>
<MsgType><![CDATA[event]]></MsgType>
<Event><![CDATA[unsubscribe]]></Event>
<EventKey><![CDATA[]]></EventKey>
</xml>

2018-03-20 18:05:49 trace :
------------
String:
<xml><ToUserName><![CDATA[gh_7844c882daf6]]></ToUserName>
<FromUserName><![CDATA[o62GS1aZnRYjKpb8EzWx4vpuDjUs]]></FromUserName>
<CreateTime>1521540348</CreateTime>
<MsgType><![CDATA[event]]></MsgType>
<Event><![CDATA[unsubscribe]]></Event>
<EventKey><![CDATA[]]></EventKey>
</xml>

2018-03-20 19:27:20 trace :
------------
String:
<xml><ToUserName><![CDATA[gh_7844c882daf6]]></ToUserName>
<FromUserName><![CDATA[o62GS1ZQbR7FyjYEgQ2U1lr0Qsjg]]></FromUserName>
<CreateTime>1521545239</CreateTime>
<MsgType><![CDATA[event]]></MsgType>
<Event><![CDATA[unsubscribe]]></Event>
<EventKey><![CDATA[]]></EventKey>
</xml>

2018-03-20 21:34:32 trace :
------------
String:
<xml><ToUserName><![CDATA[gh_7844c882daf6]]></ToUserName>
<FromUserName><![CDATA[o62GS1UPAVwFNqpkTSipPzwTsYc0]]></FromUserName>
<CreateTime>1521552871</CreateTime>
<MsgType><![CDATA[event]]></MsgType>
<Event><![CDATA[subscribe]]></Event>
<EventKey><![CDATA[]]></EventKey>
</xml>

2018-03-20 21:34:32 params :
------------
String:
array (
  'rule' => -2,
  'module' => '',
  'message' => 
  array (
    'tousername' => 'gh_7844c882daf6',
    'fromusername' => 'o62GS1UPAVwFNqpkTSipPzwTsYc0',
    'createtime' => '1521552871',
    'msgtype' => 'event',
    'event' => 'subscribe',
    'eventkey' => '',
    'from' => 'o62GS1UPAVwFNqpkTSipPzwTsYc0',
    'to' => 'gh_7844c882daf6',
    'time' => '1521552871',
    'type' => 'text',
    'redirection' => true,
    'source' => 'subscribe',
  ),
)

2018-03-20 21:34:32 response :
------------

2018-03-20 21:34:33 SQL Error :
------------
String:
SQL: <br/>INSERT INTO `ims_gs_pinshop_openid2` SET <hr/>Params: <br/>array (
)<hr/>SQL Error: <br/>You have an error in your SQL syntax; check the manual that corresponds to your MySQL server version for the right syntax to use near '' at line 1<hr/>Traces: <br/>file: /framework/class/db.class.php; line: 407; <br />file: /framework/class/db.class.php; line: 90; <br />file: /framework/class/db.class.php; line: 253; <br />file: /framework/function/pdo.func.php; line: 71; <br />file: /addons/gs_pinshop/receiver.php; line: 2; <br />file: /web/source/utility/subscribe.ctrl.php; line: 36; <br />file: /web/index.php; line: 268; <br />

2018-03-20 21:34:33 SQL Error :
------------
String:
SQL: <br/>SELECT eid FROM `ims_modules_bindings` where module='gs_pinshop' and entry='cover' ORDER BY eid desc<hr/>Params: <br/>array (
)<hr/>SQL Error: <br/>You have an error in your SQL syntax; check the manual that corresponds to your MySQL server version for the right syntax to use near '' at line 1<hr/>Traces: <br/>file: /framework/class/db.class.php; line: 407; <br />file: /framework/class/db.class.php; line: 73; <br />file: /framework/class/db.class.php; line: 136; <br />file: /framework/function/pdo.func.php; line: 40; <br />file: /addons/gs_pinshop/receiver.php; line: 2; <br />file: /web/source/utility/subscribe.ctrl.php; line: 36; <br />file: /web/index.php; line: 268; <br />

2018-03-20 21:34:33 SQL Error :
------------
String:
SQL: <br/>SELECT eid FROM `ims_modules_bindings` where module='gs_pinshop' and entry='cover' ORDER BY eid desc<hr/>Params: <br/>array (
)<hr/>SQL Error: <br/>You have an error in your SQL syntax; check the manual that corresponds to your MySQL server version for the right syntax to use near '' at line 1<hr/>Traces: <br/>file: /framework/class/db.class.php; line: 407; <br />file: /framework/class/db.class.php; line: 139; <br />file: /framework/function/pdo.func.php; line: 40; <br />file: /addons/gs_pinshop/receiver.php; line: 2; <br />file: /web/source/utility/subscribe.ctrl.php; line: 36; <br />file: /web/index.php; line: 268; <br />

2018-03-20 21:43:49 trace :
------------
String:
<xml><ToUserName><![CDATA[gh_b38195d9a8e5]]></ToUserName>
<FromUserName><![CDATA[oRRBhwKnQZavQkGEAoGOddJEOh5Y]]></FromUserName>
<CreateTime>1521553427</CreateTime>
<MsgType><![CDATA[event]]></MsgType>
<Event><![CDATA[VIEW]]></Event>
<EventKey><![CDATA[http://mp.0-22.net/app/index.php?i=4&c=entry&eid=2370]]></EventKey>
<MenuId>464282401</MenuId>
</xml>

2018-03-20 21:43:49 params :
------------
String:
array (
  'rule' => -2,
  'module' => '',
  'message' => 
  array (
    'tousername' => 'gh_b38195d9a8e5',
    'fromusername' => 'oRRBhwKnQZavQkGEAoGOddJEOh5Y',
    'createtime' => '1521553427',
    'msgtype' => 'event',
    'event' => 'VIEW',
    'eventkey' => 'http://mp.0-22.net/app/index.php?i=4&c=entry&eid=2370',
    'menuid' => '464282401',
    'from' => 'oRRBhwKnQZavQkGEAoGOddJEOh5Y',
    'to' => 'gh_b38195d9a8e5',
    'time' => '1521553427',
    'type' => 'text',
    'content' => 'http://mp.0-22.net/app/index.php?i=4&c=entry&eid=2370',
    'redirection' => true,
    'source' => 'VIEW',
  ),
)

2018-03-20 21:43:49 response :
------------

2018-03-20 21:43:54 trace :
------------
String:
<xml><ToUserName><![CDATA[gh_b38195d9a8e5]]></ToUserName>
<FromUserName><![CDATA[oRRBhwKnQZavQkGEAoGOddJEOh5Y]]></FromUserName>
<CreateTime>1521553432</CreateTime>
<MsgType><![CDATA[event]]></MsgType>
<Event><![CDATA[VIEW]]></Event>
<EventKey><![CDATA[http://quan.0-22.net]]></EventKey>
<MenuId>464282401</MenuId>
</xml>

2018-03-20 21:43:54 params :
------------
String:
array (
  'rule' => -2,
  'module' => '',
  'message' => 
  array (
    'tousername' => 'gh_b38195d9a8e5',
    'fromusername' => 'oRRBhwKnQZavQkGEAoGOddJEOh5Y',
    'createtime' => '1521553432',
    'msgtype' => 'event',
    'event' => 'VIEW',
    'eventkey' => 'http://quan.0-22.net',
    'menuid' => '464282401',
    'from' => 'oRRBhwKnQZavQkGEAoGOddJEOh5Y',
    'to' => 'gh_b38195d9a8e5',
    'time' => '1521553432',
    'type' => 'text',
    'content' => 'http://quan.0-22.net',
    'redirection' => true,
    'source' => 'VIEW',
  ),
)

2018-03-20 21:43:54 response :
------------

2018-03-20 21:50:39 trace :
------------
String:
<xml><ToUserName><![CDATA[gh_b38195d9a8e5]]></ToUserName>
<FromUserName><![CDATA[oRRBhwKnQZavQkGEAoGOddJEOh5Y]]></FromUserName>
<CreateTime>1521553837</CreateTime>
<MsgType><![CDATA[event]]></MsgType>
<Event><![CDATA[VIEW]]></Event>
<EventKey><![CDATA[http://quan.0-22.net]]></EventKey>
<MenuId>464282401</MenuId>
</xml>

2018-03-20 21:50:39 params :
------------
String:
array (
  'rule' => -2,
  'module' => '',
  'message' => 
  array (
    'tousername' => 'gh_b38195d9a8e5',
    'fromusername' => 'oRRBhwKnQZavQkGEAoGOddJEOh5Y',
    'createtime' => '1521553837',
    'msgtype' => 'event',
    'event' => 'VIEW',
    'eventkey' => 'http://quan.0-22.net',
    'menuid' => '464282401',
    'from' => 'oRRBhwKnQZavQkGEAoGOddJEOh5Y',
    'to' => 'gh_b38195d9a8e5',
    'time' => '1521553837',
    'type' => 'text',
    'content' => 'http://quan.0-22.net',
    'redirection' => true,
    'source' => 'VIEW',
  ),
)

2018-03-20 21:50:39 response :
------------

2018-03-20 21:54:11 trace :
------------
String:
<xml><ToUserName><![CDATA[gh_7844c882daf6]]></ToUserName>
<FromUserName><![CDATA[o62GS1Q7kTpyYEIz_49UFbB0fhbg]]></FromUserName>
<CreateTime>1521554050</CreateTime>
<MsgType><![CDATA[event]]></MsgType>
<Event><![CDATA[unsubscribe]]></Event>
<EventKey><![CDATA[]]></EventKey>
</xml>

