2018-03-12 08:35:49 trace :
------------
String:
<xml><ToUserName><![CDATA[gh_b38195d9a8e5]]></ToUserName>
<FromUserName><![CDATA[oRRBhwKnQZavQkGEAoGOddJEOh5Y]]></FromUserName>
<CreateTime>1520814948</CreateTime>
<MsgType><![CDATA[event]]></MsgType>
<Event><![CDATA[VIEW]]></Event>
<EventKey><![CDATA[http://mp.0-22.net/app/index.php?i=4&c=entry&eid=2370]]></EventKey>
<MenuId>463725203</MenuId>
</xml>

2018-03-12 08:35:49 params :
------------
String:
array (
  'rule' => -2,
  'module' => '',
  'message' => 
  array (
    'tousername' => 'gh_b38195d9a8e5',
    'fromusername' => 'oRRBhwKnQZavQkGEAoGOddJEOh5Y',
    'createtime' => '1520814948',
    'msgtype' => 'event',
    'event' => 'VIEW',
    'eventkey' => 'http://mp.0-22.net/app/index.php?i=4&c=entry&eid=2370',
    'menuid' => '463725203',
    'from' => 'oRRBhwKnQZavQkGEAoGOddJEOh5Y',
    'to' => 'gh_b38195d9a8e5',
    'time' => '1520814948',
    'type' => 'text',
    'content' => 'http://mp.0-22.net/app/index.php?i=4&c=entry&eid=2370',
    'redirection' => true,
    'source' => 'VIEW',
  ),
)

2018-03-12 08:35:49 response :
------------

2018-03-12 08:46:30 trace :
------------
String:
<xml><ToUserName><![CDATA[gh_b38195d9a8e5]]></ToUserName>
<FromUserName><![CDATA[oRRBhwKnQZavQkGEAoGOddJEOh5Y]]></FromUserName>
<CreateTime>1520815589</CreateTime>
<MsgType><![CDATA[event]]></MsgType>
<Event><![CDATA[VIEW]]></Event>
<EventKey><![CDATA[http://mp.0-22.net/app/index.php?i=4&c=entry&eid=2370]]></EventKey>
<MenuId>463725203</MenuId>
</xml>

2018-03-12 08:46:30 params :
------------
String:
array (
  'rule' => -2,
  'module' => '',
  'message' => 
  array (
    'tousername' => 'gh_b38195d9a8e5',
    'fromusername' => 'oRRBhwKnQZavQkGEAoGOddJEOh5Y',
    'createtime' => '1520815589',
    'msgtype' => 'event',
    'event' => 'VIEW',
    'eventkey' => 'http://mp.0-22.net/app/index.php?i=4&c=entry&eid=2370',
    'menuid' => '463725203',
    'from' => 'oRRBhwKnQZavQkGEAoGOddJEOh5Y',
    'to' => 'gh_b38195d9a8e5',
    'time' => '1520815589',
    'type' => 'text',
    'content' => 'http://mp.0-22.net/app/index.php?i=4&c=entry&eid=2370',
    'redirection' => true,
    'source' => 'VIEW',
  ),
)

2018-03-12 08:46:30 response :
------------

2018-03-12 08:51:16 trace :
------------
String:
<xml><ToUserName><![CDATA[gh_b38195d9a8e5]]></ToUserName>
<FromUserName><![CDATA[oRRBhwKnQZavQkGEAoGOddJEOh5Y]]></FromUserName>
<CreateTime>1520815875</CreateTime>
<MsgType><![CDATA[text]]></MsgType>
<Content><![CDATA[御康元儒商会馆]]></Content>
<MsgId>6531854446826835001</MsgId>
</xml>

2018-03-12 08:51:16 params :
------------
String:
array (
  'rule' => -2,
  'module' => '',
  'message' => 
  array (
    'tousername' => 'gh_b38195d9a8e5',
    'fromusername' => 'oRRBhwKnQZavQkGEAoGOddJEOh5Y',
    'createtime' => '1520815875',
    'msgtype' => 'text',
    'content' => '御康元儒商会馆',
    'msgid' => '6531854446826835001',
    'from' => 'oRRBhwKnQZavQkGEAoGOddJEOh5Y',
    'to' => 'gh_b38195d9a8e5',
    'time' => '1520815875',
    'type' => 'text',
    'event' => NULL,
    'redirection' => false,
    'source' => NULL,
  ),
)

2018-03-12 08:51:16 response :
------------

2018-03-12 08:52:48 trace :
------------
String:
<xml><ToUserName><![CDATA[gh_7844c882daf6]]></ToUserName>
<FromUserName><![CDATA[o62GS1VxD2NcDb30Qo44i0xQ_DXI]]></FromUserName>
<CreateTime>1520815967</CreateTime>
<MsgType><![CDATA[event]]></MsgType>
<Event><![CDATA[subscribe]]></Event>
<EventKey><![CDATA[]]></EventKey>
</xml>

2018-03-12 08:52:48 params :
------------
String:
array (
  'rule' => -2,
  'module' => '',
  'message' => 
  array (
    'tousername' => 'gh_7844c882daf6',
    'fromusername' => 'o62GS1VxD2NcDb30Qo44i0xQ_DXI',
    'createtime' => '1520815967',
    'msgtype' => 'event',
    'event' => 'subscribe',
    'eventkey' => '',
    'from' => 'o62GS1VxD2NcDb30Qo44i0xQ_DXI',
    'to' => 'gh_7844c882daf6',
    'time' => '1520815967',
    'type' => 'text',
    'redirection' => true,
    'source' => 'subscribe',
  ),
)

2018-03-12 08:52:48 response :
------------

2018-03-12 08:54:04 trace :
------------
String:
<xml><ToUserName><![CDATA[gh_b38195d9a8e5]]></ToUserName>
<FromUserName><![CDATA[oRRBhwKnQZavQkGEAoGOddJEOh5Y]]></FromUserName>
<CreateTime>1520816042</CreateTime>
<MsgType><![CDATA[text]]></MsgType>
<Content><![CDATA[商户]]></Content>
<MsgId>6531855164086373448</MsgId>
</xml>

2018-03-12 08:54:04 params :
------------
String:
array (
  'message' => 
  array (
    'tousername' => 'gh_b38195d9a8e5',
    'fromusername' => 'oRRBhwKnQZavQkGEAoGOddJEOh5Y',
    'createtime' => '1520816042',
    'msgtype' => 'text',
    'content' => '商户',
    'msgid' => '6531855164086373448',
    'from' => 'oRRBhwKnQZavQkGEAoGOddJEOh5Y',
    'to' => 'gh_b38195d9a8e5',
    'time' => '1520816042',
    'type' => 'text',
    'event' => NULL,
    'redirection' => false,
    'source' => NULL,
  ),
  'module' => 'cover',
  'rule' => '176',
  'priority' => '0',
  'keyword' => 
  array (
    'id' => '111',
    'rid' => '176',
    'uniacid' => '4',
    'module' => 'cover',
    'content' => '商户',
    'type' => '1',
    'displayorder' => '0',
    'status' => '1',
    'reply_type' => 
    array (
    ),
  ),
  'reply_type' => 
  array (
  ),
)

2018-03-12 08:54:04 response :
------------
Array:
FromUserName : gh_b38195d9a8e5 ;
ToUserName : oRRBhwKnQZavQkGEAoGOddJEOh5Y ;
MsgType : news ;
ArticleCount : 1 ;
Articles : Array ;

2018-03-12 08:55:27 trace :
------------
String:
<xml><ToUserName><![CDATA[gh_b38195d9a8e5]]></ToUserName>
<FromUserName><![CDATA[oRRBhwKnQZavQkGEAoGOddJEOh5Y]]></FromUserName>
<CreateTime>1520816126</CreateTime>
<MsgType><![CDATA[text]]></MsgType>
<Content><![CDATA[本地商户]]></Content>
<MsgId>6531855524863626325</MsgId>
</xml>

2018-03-12 08:55:27 params :
------------
String:
array (
  'message' => 
  array (
    'tousername' => 'gh_b38195d9a8e5',
    'fromusername' => 'oRRBhwKnQZavQkGEAoGOddJEOh5Y',
    'createtime' => '1520816126',
    'msgtype' => 'text',
    'content' => '本地商户',
    'msgid' => '6531855524863626325',
    'from' => 'oRRBhwKnQZavQkGEAoGOddJEOh5Y',
    'to' => 'gh_b38195d9a8e5',
    'time' => '1520816126',
    'type' => 'text',
    'event' => NULL,
    'redirection' => false,
    'source' => NULL,
  ),
  'module' => 'cover',
  'rule' => '177',
  'priority' => '0',
  'keyword' => 
  array (
    'id' => '112',
    'rid' => '177',
    'uniacid' => '4',
    'module' => 'cover',
    'content' => '本地商户',
    'type' => '1',
    'displayorder' => '0',
    'status' => '1',
    'reply_type' => 
    array (
    ),
  ),
  'reply_type' => 
  array (
  ),
)

2018-03-12 08:55:27 response :
------------
Array:
FromUserName : gh_b38195d9a8e5 ;
ToUserName : oRRBhwKnQZavQkGEAoGOddJEOh5Y ;
MsgType : news ;
ArticleCount : 1 ;
Articles : Array ;

2018-03-12 09:13:39 trace :
------------
String:
<xml><ToUserName><![CDATA[gh_b38195d9a8e5]]></ToUserName>
<FromUserName><![CDATA[oRRBhwKnQZavQkGEAoGOddJEOh5Y]]></FromUserName>
<CreateTime>1520817218</CreateTime>
<MsgType><![CDATA[event]]></MsgType>
<Event><![CDATA[VIEW]]></Event>
<EventKey><![CDATA[http://mp.0-22.net/app/index.php?i=4&c=entry&eid=2370]]></EventKey>
<MenuId>463725203</MenuId>
</xml>

2018-03-12 09:13:39 params :
------------
String:
array (
  'rule' => -2,
  'module' => '',
  'message' => 
  array (
    'tousername' => 'gh_b38195d9a8e5',
    'fromusername' => 'oRRBhwKnQZavQkGEAoGOddJEOh5Y',
    'createtime' => '1520817218',
    'msgtype' => 'event',
    'event' => 'VIEW',
    'eventkey' => 'http://mp.0-22.net/app/index.php?i=4&c=entry&eid=2370',
    'menuid' => '463725203',
    'from' => 'oRRBhwKnQZavQkGEAoGOddJEOh5Y',
    'to' => 'gh_b38195d9a8e5',
    'time' => '1520817218',
    'type' => 'text',
    'content' => 'http://mp.0-22.net/app/index.php?i=4&c=entry&eid=2370',
    'redirection' => true,
    'source' => 'VIEW',
  ),
)

2018-03-12 09:13:39 response :
------------

2018-03-12 09:27:09 trace :
------------
String:
<xml><ToUserName><![CDATA[gh_b38195d9a8e5]]></ToUserName>
<FromUserName><![CDATA[oRRBhwKnQZavQkGEAoGOddJEOh5Y]]></FromUserName>
<CreateTime>1520818028</CreateTime>
<MsgType><![CDATA[event]]></MsgType>
<Event><![CDATA[VIEW]]></Event>
<EventKey><![CDATA[http://mp.0-22.net/app/index.php?i=4&c=entry&eid=2370]]></EventKey>
<MenuId>463725203</MenuId>
</xml>

2018-03-12 09:27:09 params :
------------
String:
array (
  'rule' => -2,
  'module' => '',
  'message' => 
  array (
    'tousername' => 'gh_b38195d9a8e5',
    'fromusername' => 'oRRBhwKnQZavQkGEAoGOddJEOh5Y',
    'createtime' => '1520818028',
    'msgtype' => 'event',
    'event' => 'VIEW',
    'eventkey' => 'http://mp.0-22.net/app/index.php?i=4&c=entry&eid=2370',
    'menuid' => '463725203',
    'from' => 'oRRBhwKnQZavQkGEAoGOddJEOh5Y',
    'to' => 'gh_b38195d9a8e5',
    'time' => '1520818028',
    'type' => 'text',
    'content' => 'http://mp.0-22.net/app/index.php?i=4&c=entry&eid=2370',
    'redirection' => true,
    'source' => 'VIEW',
  ),
)

2018-03-12 09:27:09 response :
------------

2018-03-12 09:29:44 trace :
------------
String:
<xml><ToUserName><![CDATA[gh_b38195d9a8e5]]></ToUserName>
<FromUserName><![CDATA[oRRBhwKnQZavQkGEAoGOddJEOh5Y]]></FromUserName>
<CreateTime>1520818183</CreateTime>
<MsgType><![CDATA[event]]></MsgType>
<Event><![CDATA[VIEW]]></Event>
<EventKey><![CDATA[http://mp.0-22.net/app/index.php?i=4&c=entry&eid=2370]]></EventKey>
<MenuId>463725203</MenuId>
</xml>

2018-03-12 09:29:45 params :
------------
String:
array (
  'rule' => -2,
  'module' => '',
  'message' => 
  array (
    'tousername' => 'gh_b38195d9a8e5',
    'fromusername' => 'oRRBhwKnQZavQkGEAoGOddJEOh5Y',
    'createtime' => '1520818183',
    'msgtype' => 'event',
    'event' => 'VIEW',
    'eventkey' => 'http://mp.0-22.net/app/index.php?i=4&c=entry&eid=2370',
    'menuid' => '463725203',
    'from' => 'oRRBhwKnQZavQkGEAoGOddJEOh5Y',
    'to' => 'gh_b38195d9a8e5',
    'time' => '1520818183',
    'type' => 'text',
    'content' => 'http://mp.0-22.net/app/index.php?i=4&c=entry&eid=2370',
    'redirection' => true,
    'source' => 'VIEW',
  ),
)

2018-03-12 09:29:45 response :
------------

2018-03-12 09:55:44 trace :
------------
String:
<xml><ToUserName><![CDATA[gh_b38195d9a8e5]]></ToUserName>
<FromUserName><![CDATA[oRRBhwKnQZavQkGEAoGOddJEOh5Y]]></FromUserName>
<CreateTime>1520819743</CreateTime>
<MsgType><![CDATA[event]]></MsgType>
<Event><![CDATA[VIEW]]></Event>
<EventKey><![CDATA[http://mp.0-22.net/app/index.php?i=4&c=entry&eid=2370]]></EventKey>
<MenuId>463725203</MenuId>
</xml>

2018-03-12 09:55:44 params :
------------
String:
array (
  'rule' => -2,
  'module' => '',
  'message' => 
  array (
    'tousername' => 'gh_b38195d9a8e5',
    'fromusername' => 'oRRBhwKnQZavQkGEAoGOddJEOh5Y',
    'createtime' => '1520819743',
    'msgtype' => 'event',
    'event' => 'VIEW',
    'eventkey' => 'http://mp.0-22.net/app/index.php?i=4&c=entry&eid=2370',
    'menuid' => '463725203',
    'from' => 'oRRBhwKnQZavQkGEAoGOddJEOh5Y',
    'to' => 'gh_b38195d9a8e5',
    'time' => '1520819743',
    'type' => 'text',
    'content' => 'http://mp.0-22.net/app/index.php?i=4&c=entry&eid=2370',
    'redirection' => true,
    'source' => 'VIEW',
  ),
)

2018-03-12 09:55:44 response :
------------

2018-03-12 10:15:21 trace :
------------
String:
<xml><ToUserName><![CDATA[gh_b38195d9a8e5]]></ToUserName>
<FromUserName><![CDATA[oRRBhwKnQZavQkGEAoGOddJEOh5Y]]></FromUserName>
<CreateTime>1520820920</CreateTime>
<MsgType><![CDATA[event]]></MsgType>
<Event><![CDATA[VIEW]]></Event>
<EventKey><![CDATA[http://mp.0-22.net/app/index.php?i=4&c=entry&eid=2370]]></EventKey>
<MenuId>463725203</MenuId>
</xml>

2018-03-12 10:15:21 params :
------------
String:
array (
  'rule' => -2,
  'module' => '',
  'message' => 
  array (
    'tousername' => 'gh_b38195d9a8e5',
    'fromusername' => 'oRRBhwKnQZavQkGEAoGOddJEOh5Y',
    'createtime' => '1520820920',
    'msgtype' => 'event',
    'event' => 'VIEW',
    'eventkey' => 'http://mp.0-22.net/app/index.php?i=4&c=entry&eid=2370',
    'menuid' => '463725203',
    'from' => 'oRRBhwKnQZavQkGEAoGOddJEOh5Y',
    'to' => 'gh_b38195d9a8e5',
    'time' => '1520820920',
    'type' => 'text',
    'content' => 'http://mp.0-22.net/app/index.php?i=4&c=entry&eid=2370',
    'redirection' => true,
    'source' => 'VIEW',
  ),
)

2018-03-12 10:15:21 response :
------------

2018-03-12 10:24:12 trace :
------------
String:
<xml><ToUserName><![CDATA[gh_b38195d9a8e5]]></ToUserName>
<FromUserName><![CDATA[oRRBhwKnQZavQkGEAoGOddJEOh5Y]]></FromUserName>
<CreateTime>1520821451</CreateTime>
<MsgType><![CDATA[event]]></MsgType>
<Event><![CDATA[VIEW]]></Event>
<EventKey><![CDATA[http://mp.0-22.net/app/index.php?i=4&c=entry&eid=2370]]></EventKey>
<MenuId>463725203</MenuId>
</xml>

2018-03-12 10:24:12 params :
------------
String:
array (
  'rule' => -2,
  'module' => '',
  'message' => 
  array (
    'tousername' => 'gh_b38195d9a8e5',
    'fromusername' => 'oRRBhwKnQZavQkGEAoGOddJEOh5Y',
    'createtime' => '1520821451',
    'msgtype' => 'event',
    'event' => 'VIEW',
    'eventkey' => 'http://mp.0-22.net/app/index.php?i=4&c=entry&eid=2370',
    'menuid' => '463725203',
    'from' => 'oRRBhwKnQZavQkGEAoGOddJEOh5Y',
    'to' => 'gh_b38195d9a8e5',
    'time' => '1520821451',
    'type' => 'text',
    'content' => 'http://mp.0-22.net/app/index.php?i=4&c=entry&eid=2370',
    'redirection' => true,
    'source' => 'VIEW',
  ),
)

2018-03-12 10:24:12 response :
------------

2018-03-12 11:43:48 trace :
------------
String:
<xml><ToUserName><![CDATA[gh_b38195d9a8e5]]></ToUserName>
<FromUserName><![CDATA[oRRBhwKnQZavQkGEAoGOddJEOh5Y]]></FromUserName>
<CreateTime>1520826227</CreateTime>
<MsgType><![CDATA[text]]></MsgType>
<Content><![CDATA[管理]]></Content>
<MsgId>6531898908328284925</MsgId>
</xml>

2018-03-12 11:43:48 params :
------------
String:
array (
  'message' => 
  array (
    'tousername' => 'gh_b38195d9a8e5',
    'fromusername' => 'oRRBhwKnQZavQkGEAoGOddJEOh5Y',
    'createtime' => '1520826227',
    'msgtype' => 'text',
    'content' => '管理',
    'msgid' => '6531898908328284925',
    'from' => 'oRRBhwKnQZavQkGEAoGOddJEOh5Y',
    'to' => 'gh_b38195d9a8e5',
    'time' => '1520826227',
    'type' => 'text',
    'event' => NULL,
    'redirection' => false,
    'source' => NULL,
  ),
  'module' => 'ewei_shopv2',
  'rule' => '110',
  'priority' => '0',
  'keyword' => 
  array (
    'id' => '24',
    'rid' => '110',
    'uniacid' => '4',
    'module' => 'ewei_shopv2',
    'content' => '管理',
    'type' => '1',
    'displayorder' => '0',
    'status' => '1',
    'reply_type' => 
    array (
    ),
  ),
  'reply_type' => 
  array (
  ),
)

2018-03-12 11:43:48 response :
------------
Array:
FromUserName : gh_b38195d9a8e5 ;
ToUserName : oRRBhwKnQZavQkGEAoGOddJEOh5Y ;
MsgType : news ;
ArticleCount : 4 ;
Articles : Array ;

2018-03-12 15:29:24 trace :
------------
String:
<xml><ToUserName><![CDATA[gh_b38195d9a8e5]]></ToUserName>
<FromUserName><![CDATA[oRRBhwKnQZavQkGEAoGOddJEOh5Y]]></FromUserName>
<CreateTime>1520839763</CreateTime>
<MsgType><![CDATA[text]]></MsgType>
<Content><![CDATA[文章]]></Content>
<MsgId>6531957045005605747</MsgId>
</xml>

2018-03-12 15:29:24 params :
------------
String:
array (
  'message' => 
  array (
    'tousername' => 'gh_b38195d9a8e5',
    'fromusername' => 'oRRBhwKnQZavQkGEAoGOddJEOh5Y',
    'createtime' => '1520839763',
    'msgtype' => 'text',
    'content' => '文章',
    'msgid' => '6531957045005605747',
    'from' => 'oRRBhwKnQZavQkGEAoGOddJEOh5Y',
    'to' => 'gh_b38195d9a8e5',
    'time' => '1520839763',
    'type' => 'text',
    'event' => NULL,
    'redirection' => false,
    'source' => NULL,
  ),
  'module' => 'cover',
  'rule' => '180',
  'priority' => '0',
  'keyword' => 
  array (
    'id' => '115',
    'rid' => '180',
    'uniacid' => '4',
    'module' => 'cover',
    'content' => '文章',
    'type' => '1',
    'displayorder' => '0',
    'status' => '1',
    'reply_type' => 
    array (
    ),
  ),
  'reply_type' => 
  array (
  ),
)

2018-03-12 15:29:24 response :
------------
Array:
FromUserName : gh_b38195d9a8e5 ;
ToUserName : oRRBhwKnQZavQkGEAoGOddJEOh5Y ;
MsgType : news ;
ArticleCount : 1 ;
Articles : Array ;

2018-03-12 16:22:53 trace :
------------
String:
<xml><ToUserName><![CDATA[gh_b38195d9a8e5]]></ToUserName>
<FromUserName><![CDATA[oRRBhwKnQZavQkGEAoGOddJEOh5Y]]></FromUserName>
<CreateTime>1520842972</CreateTime>
<MsgType><![CDATA[text]]></MsgType>
<Content><![CDATA[企业简介]]></Content>
<MsgId>6531970827555659301</MsgId>
</xml>

2018-03-12 16:22:53 params :
------------
String:
array (
  'message' => 
  array (
    'tousername' => 'gh_b38195d9a8e5',
    'fromusername' => 'oRRBhwKnQZavQkGEAoGOddJEOh5Y',
    'createtime' => '1520842972',
    'msgtype' => 'text',
    'content' => '企业简介',
    'msgid' => '6531970827555659301',
    'from' => 'oRRBhwKnQZavQkGEAoGOddJEOh5Y',
    'to' => 'gh_b38195d9a8e5',
    'time' => '1520842972',
    'type' => 'text',
    'event' => NULL,
    'redirection' => false,
    'source' => NULL,
  ),
  'module' => 'ewei_shopv2',
  'rule' => '127',
  'priority' => '0',
  'keyword' => 
  array (
    'id' => '41',
    'rid' => '127',
    'uniacid' => '4',
    'module' => 'ewei_shopv2',
    'content' => '企业简介',
    'type' => '1',
    'displayorder' => '0',
    'status' => '1',
    'reply_type' => 
    array (
    ),
  ),
  'reply_type' => 
  array (
  ),
)

2018-03-12 16:22:53 response :
------------
Array:
FromUserName : gh_b38195d9a8e5 ;
ToUserName : oRRBhwKnQZavQkGEAoGOddJEOh5Y ;
MsgType : news ;
ArticleCount : 1 ;
Articles : Array ;

2018-03-12 17:53:07 trace :
------------
String:
<xml><ToUserName><![CDATA[gh_b38195d9a8e5]]></ToUserName>
<FromUserName><![CDATA[oRRBhwKnQZavQkGEAoGOddJEOh5Y]]></FromUserName>
<CreateTime>1520848386</CreateTime>
<MsgType><![CDATA[text]]></MsgType>
<Content><![CDATA[小店]]></Content>
<MsgId>6531994080508600985</MsgId>
</xml>

2018-03-12 22:27:01 trace :
------------
String:
<xml><ToUserName><![CDATA[gh_b38195d9a8e5]]></ToUserName>
<FromUserName><![CDATA[oRRBhwKnQZavQkGEAoGOddJEOh5Y]]></FromUserName>
<CreateTime>1520864820</CreateTime>
<MsgType><![CDATA[event]]></MsgType>
<Event><![CDATA[VIEW]]></Event>
<EventKey><![CDATA[http://mp.0-22.net/app/index.php?i=4&c=entry&eid=2370]]></EventKey>
<MenuId>463725203</MenuId>
</xml>

2018-03-12 22:27:01 params :
------------
String:
array (
  'rule' => -2,
  'module' => '',
  'message' => 
  array (
    'tousername' => 'gh_b38195d9a8e5',
    'fromusername' => 'oRRBhwKnQZavQkGEAoGOddJEOh5Y',
    'createtime' => '1520864820',
    'msgtype' => 'event',
    'event' => 'VIEW',
    'eventkey' => 'http://mp.0-22.net/app/index.php?i=4&c=entry&eid=2370',
    'menuid' => '463725203',
    'from' => 'oRRBhwKnQZavQkGEAoGOddJEOh5Y',
    'to' => 'gh_b38195d9a8e5',
    'time' => '1520864820',
    'type' => 'text',
    'content' => 'http://mp.0-22.net/app/index.php?i=4&c=entry&eid=2370',
    'redirection' => true,
    'source' => 'VIEW',
  ),
)

2018-03-12 22:27:01 response :
------------

2018-03-12 22:28:22 trace :
------------
String:
<xml><ToUserName><![CDATA[gh_b38195d9a8e5]]></ToUserName>
<FromUserName><![CDATA[oRRBhwKnQZavQkGEAoGOddJEOh5Y]]></FromUserName>
<CreateTime>1520864901</CreateTime>
<MsgType><![CDATA[event]]></MsgType>
<Event><![CDATA[VIEW]]></Event>
<EventKey><![CDATA[http://mp.0-22.net/app/index.php?i=4&c=entry&eid=2370]]></EventKey>
<MenuId>463725203</MenuId>
</xml>

2018-03-12 22:28:22 params :
------------
String:
array (
  'rule' => -2,
  'module' => '',
  'message' => 
  array (
    'tousername' => 'gh_b38195d9a8e5',
    'fromusername' => 'oRRBhwKnQZavQkGEAoGOddJEOh5Y',
    'createtime' => '1520864901',
    'msgtype' => 'event',
    'event' => 'VIEW',
    'eventkey' => 'http://mp.0-22.net/app/index.php?i=4&c=entry&eid=2370',
    'menuid' => '463725203',
    'from' => 'oRRBhwKnQZavQkGEAoGOddJEOh5Y',
    'to' => 'gh_b38195d9a8e5',
    'time' => '1520864901',
    'type' => 'text',
    'content' => 'http://mp.0-22.net/app/index.php?i=4&c=entry&eid=2370',
    'redirection' => true,
    'source' => 'VIEW',
  ),
)

2018-03-12 22:28:22 response :
------------

